

Starting up. 10:51.29
---------------------
[10:51:32]MISC: Failed to connect to database in load_admins(). Reverting to legacy system.
[10:51:32]MISC: Database connection failed. Reverting to the legacy ban system.
[10:51:34]DEBUG: Rebuilding Master Controller
[10:53:47]DEBUG: The server has called a gamemode vote


Starting up. 11:00.29
---------------------
[11:00:31]ADMIN: Loading jobban_rank
[11:00:31]ADMIN: jobban_keylist was empty
[11:00:31]ADMIN: Loading Banlist
[11:00:33]DEBUG: Rebuilding Master Controller
[11:00:45]ACCESS: Login: Cassy_jenelle/(Cassy_jenelle) from 127.0.0.1-1964287214 || BYOND v506
[11:02:16]VOTE: Gamemode vote started by the server.
[11:02:16]DEBUG: The server has called a gamemode vote
[11:03:17]VOTE: <b>Vote Result: Inconclusive - No Votes!</b>
[11:04:46]ACCESS: Logout: *no key*/(Cassy_jenelle)
[11:04:46]ACCESS: Login: Cassy_jenelle/(Camile Crafter) from 127.0.0.1-1964287214 || BYOND v506
[11:04:50]EMOTE: crab/ : <B>The crab</B> clicks.
[11:04:52]DEBUG: Next event of severity Mundane in 13.082 minutes.
[11:04:52]DEBUG: Next event of severity Moderate in 48.65 minutes.
[11:04:52]DEBUG: Next event of severity Major in 90.8017 minutes.
[11:04:54]EMOTE: Experiment 68a/ : <B>Experiment 68a</B> clacks.
[11:05:23]ADMIN: Cassy_jenelle/(Camile Crafter) attempted to edit the admin permissions without sufficient rights.
[11:05:49]EMOTE: Ian/ : <B>Ian</B> shivers.
[11:05:51]ACCESS: Logout: Cassy_jenelle/(Camile Crafter)


Starting up. 11:06.30
---------------------
[11:06:32]ADMIN: Loading jobban_rank
[11:06:32]ADMIN: jobban_keylist was empty
[11:06:32]ADMIN: Loading Banlist
[11:06:34]DEBUG: Rebuilding Master Controller
[11:07:13]ACCESS: Login: Cassy_jenelle/(Cassy_jenelle) from 127.0.0.1-1964287214 || BYOND v506
[11:07:47]ADMIN: Cassy_jenelle has started the game.
[11:07:48]ACCESS: Logout: *no key*/(Cassy_jenelle)
[11:07:48]ACCESS: Login: Cassy_jenelle/(Camile Crafter) from 127.0.0.1-1964287214 || BYOND v506
[11:07:53]DEBUG: Next event of severity Mundane in 16.032 minutes.
[11:07:53]DEBUG: Next event of severity Moderate in 37.86 minutes.
[11:07:53]DEBUG: Next event of severity Major in 82.8633 minutes.
[11:08:03]EMOTE: Ian/ : <B>Ian</B> chases their tail
[11:08:15]EMOTE: Ian/ : <B>Ian</B> dances around
[11:08:18]ADMIN: Cassy_jenelle/(Camile Crafter) teleported Cassy_jenelle/(Camile Crafter) to the Centcom Living Quarters
[11:08:39]EMOTE: Runtime/ : <B>Runtime</B> mews.
[11:08:49]EMOTE: Experiment 97d/ : <B>Experiment 97d</B> brays.
[11:08:57]EMOTE: crab/ : <B>The crab</B> clicks.
[11:09:09]EMOTE: Experiment 68a/ : <B>Experiment 68a</B> clicks.
[11:09:32]SAY: Experiment 97d/ : Eh?
[11:09:49]ACCESS: Logout: *no key*/(Camile Crafter)
[11:09:49]ACCESS: Login: Cassy_jenelle/(Camile Crafter) from 127.0.0.1-1964287214 || BYOND v506
[11:10:01]ADMIN: Cassy_jenelle/(Camile Crafter) teleported @Cassy_jenelle/(Camile Crafter)
[11:10:04]ACCESS: Logout: *no key*/(Camile Crafter)
[11:10:04]ACCESS: Login: Cassy_jenelle/(Camile Crafter) from 127.0.0.1-1964287214 || BYOND v506
[11:10:22]EMOTE: mouse (854)/ : <B>The mouse (854)</B> squeeks.
[11:10:34]EMOTE: Experiment 68a/ : <B>Experiment 68a</B> clacks.
[11:11:29]EMOTE: crab/ : <B>The crab</B> clacks.
[11:11:33]EMOTE: Ian/ : <B>Ian</B> woofs.
[11:12:05]EMOTE: Ian/ : <B>Ian</B> chases their tail
[11:12:05]EMOTE: Coffee/ : <B>Coffee</B> clicks.
[11:12:07]EMOTE: Experiment 68a/ : <B>Experiment 68a</B> clacks.
[11:12:07]EMOTE: Coffee/ : <B>Coffee</B> clacks.
[11:12:44]EMOTE: Runtime/ : <B>Runtime</B> mews.
[11:13:14]EMOTE: Experiment 97d/ : <B>Experiment 97d</B> stamps a foot.
[11:13:46]SAY: mouse (798)/ : Squeek!
[11:13:48]SAY: grey baby slime (462)/ : Blorble...
[11:13:50]EMOTE: mouse (798)/ : <B>The mouse (798)</B> shakes.
[11:13:50]SAY: Tom (448)/ : Squeek?
[11:14:06]EMOTE: Tom (448)/ : <B>Tom (448)</B> shakes.
[11:14:32]ACCESS: Logout: *no key*/(Camile Crafter)
[11:14:32]ACCESS: Login: Cassy_jenelle/(Camile Crafter) from 127.0.0.1-1964287214 || BYOND v506
[11:14:47]ADMIN: Cassy_jenelle/(Camile Crafter) teleported @Cassy_jenelle/(Camile Crafter)
[11:14:49]EMOTE: mouse (911)/ : <B>The mouse (911)</B> scritches at something.
[11:14:50]ACCESS: Logout: *no key*/(Camile Crafter)
[11:14:50]ACCESS: Login: Cassy_jenelle/(Camile Crafter) from 127.0.0.1-1964287214 || BYOND v506
[11:14:51]EMOTE: Ian/ : <B>Ian</B> dances around
[11:15:30]EMOTE: mouse (798)/ : <B>The mouse (798)</B> shakes.
[11:17:08]EMOTE: Experiment 68a/ : <B>Experiment 68a</B> clicks.
[11:17:14]EMOTE: Ian/ : <B>Ian</B> barks.
[11:18:02]EMOTE: Runtime/ : <B>Runtime</B> shakes their head.
[11:18:10]EMOTE: Experiment 68a/ : <B>Experiment 68a</B> clacks.
[11:18:14]SAY: mouse (798)/ : Squeek!
[11:20:24]SAY: grey baby slime (598)/ : Blorble...
[11:20:30]EMOTE: Ian/ : <B>Ian</B> shakes its head.
[11:20:40]EMOTE: Ian/ : <B>Ian</B> dances around
[11:21:23]EMOTE: Ian/ : <B>Ian</B> chases their tail
[11:21:27]EMOTE: mouse (66)/ : <B>The mouse (66)</B> runs in a circle.
[11:23:27]EMOTE: Experiment 97d/ : <B>Experiment 97d</B> stamps a foot.
[11:24:17]SAY: grey baby slime (598)/ : Rawr...
[11:24:56]DEBUG: Next event of severity Mundane in 17.798 minutes.
[11:24:56]DEBUG: Starting event 'Trivial News' of severity Mundane.
[11:25:18]DEBUG: Event 'Trivial News' has completed at 12:16.
[11:25:22]EMOTE: Ian/ : <B>Ian</B> chases their tail
[11:27:24]EMOTE: crab/ : <B>The crab</B> clacks.
[11:27:36]SAY: Experiment 97d/ : Eh?
[11:27:46]EMOTE: Ian/ : <B>Ian</B> chases their tail
[11:28:19]ATTACK: Cassy_jenelle/(Camile Crafter) attacked Cassy_jenelle/(Camile Crafter) with bottle of hair dye (INTENT: HELP) (DAMTYE: BRUTE)
[11:28:51]ACCESS: Logout: *no key*/(Camile Crafter)
[11:28:51]ACCESS: Login: Cassy_jenelle/(Camile Crafter) from 127.0.0.1-1964287214 || BYOND v506
[11:29:08]EMOTE: Coffee/ : <B>Coffee</B> clicks.
[11:29:10]ADMIN: Cassy_jenelle/(Camile Crafter) teleported @Cassy_jenelle/(Camile Crafter)
[11:29:13]ACCESS: Logout: *no key*/(Camile Crafter)
[11:29:13]ACCESS: Login: Cassy_jenelle/(Camile Crafter) from 127.0.0.1-1964287214 || BYOND v506
[11:29:51]ACCESS: Logout: *no key*/(Camile Crafter)
[11:29:51]ACCESS: Login: Cassy_jenelle/(Camile Crafter) from 127.0.0.1-1964287214 || BYOND v506
[11:30:06]ADMIN: Cassy_jenelle/(Camile Crafter) teleported @Cassy_jenelle/(Camile Crafter)
[11:30:08]ACCESS: Logout: *no key*/(Camile Crafter)
[11:30:08]ACCESS: Login: Cassy_jenelle/(Camile Crafter) from 127.0.0.1-1964287214 || BYOND v506
[11:30:17]SAY: Runtime/ : Purr!
[11:30:31]EMOTE: Coffee/ : <B>Coffee</B> clacks.
[11:31:01]EMOTE: Ian/ : <B>Ian</B> dances around
[11:31:02]SAY: grey baby slime (598)/ : Blop...
[11:32:14]EMOTE: Ian/ : <B>Ian</B> dances around
[11:32:16]EMOTE: Experiment 68a/ : <B>Experiment 68a</B> clacks.
[11:32:52]ADMIN: Cassy_jenelle/(Camile Crafter) spawned /obj/item/clothing/under/rank/nursesuit/fluff/sasha at (160,48,2)
[11:32:58]ADMIN: Cassy_jenelle/(Camile Crafter) deleted RN Uniform at (160,48,2)
[11:33:05]EMOTE: crab/ : <B>The crab</B> clacks.
[11:33:47]EMOTE: Experiment 97d/ : <B>Experiment 97d</B> glares around.
[11:34:58]EMOTE: Experiment 68a/ : <B>Experiment 68a</B> clicks.
[11:35:11]ATTACK: Cassy_jenelle/(Camile Crafter) attacked Cassy_jenelle/(Camile Crafter) with purple comb (INTENT: HELP) (DAMTYE: BRUTE)
[11:35:32]ADMIN: Cassy_jenelle/(Camile Crafter) modified Camile Crafter's gender to male
[11:35:44]ADMIN: Cassy_jenelle/(Camile Crafter) modified Camile Crafter's gender to female
[11:36:00]ADMIN: Cassy_jenelle/(Camile Crafter) spawned /mob/living/carbon/human/dummy at (156,65,2)
[11:36:07]ADMIN: Cassy_jenelle/(Camile Crafter) deleted Test Dummy at (156,65,2)
[11:36:17]ADMIN: Cassy_jenelle/(Camile Crafter) spawned /mob/living/carbon/human/machine at (156,65,2)
[11:36:33]ADMIN: Cassy_jenelle/(Camile Crafter) deleted the unknown at (156,65,2)
[11:36:36]SAY: grey baby slime (598)/ : Blorble...
[11:36:54]ACCESS: Logout: *no key*/(Camile Crafter)
[11:36:54]ACCESS: Login: Cassy_jenelle/(Camile Crafter) from 127.0.0.1-1964287214 || BYOND v506
[11:37:25]ADMIN: Cassy_jenelle/(Camile Crafter) teleported @Cassy_jenelle/(Camile Crafter)
[11:37:27]ACCESS: Logout: *no key*/(Camile Crafter)
[11:37:27]ACCESS: Login: Cassy_jenelle/(Camile Crafter) from 127.0.0.1-1964287214 || BYOND v506
[11:37:35]ATTACK: Cassy_jenelle/(Camile Crafter) attacked Cassy_jenelle/(Camile Crafter) with whip (INTENT: HELP) (DAMTYE: BRUTE)
[11:37:36]ATTACK: Cassy_jenelle/(Camile Crafter) attacked Cassy_jenelle/(Camile Crafter) with whip (INTENT: HELP) (DAMTYE: BRUTE)
[11:37:36]ATTACK: Cassy_jenelle/(Camile Crafter) attacked Cassy_jenelle/(Camile Crafter) with whip (INTENT: HELP) (DAMTYE: BRUTE)
[11:37:41]EMOTE: Ian/ : <B>Ian</B> dances around
[11:38:01]EMOTE: Coffee/ : <B>Coffee</B> clicks.
[11:38:11]ADMIN: Cassy_jenelle/(Camile Crafter) modified Door's dir to 7
[11:39:12]EMOTE: Coffee/ : <B>Coffee</B> clicks.
[11:40:40]EMOTE: Ian/ : <B>Ian</B> chases their tail
[11:40:42]EMOTE: Ian/ : <B>Ian</B> woofs.
[11:40:47]EMOTE: Coffee/ : <B>Coffee</B> clacks.
[11:41:33]ACCESS: Logout: *no key*/(Camile Crafter)
[11:41:33]ACCESS: Login: Cassy_jenelle/(Camile Crafter) from 127.0.0.1-1964287214 || BYOND v506
[11:41:45]ADMIN: Cassy_jenelle/(Camile Crafter) teleported @Cassy_jenelle/(Camile Crafter)
[11:41:48]ACCESS: Logout: *no key*/(Camile Crafter)
[11:41:48]ACCESS: Login: Cassy_jenelle/(Camile Crafter) from 127.0.0.1-1964287214 || BYOND v506
[11:43:43]ADMIN: Cassy_jenelle/(Camile Crafter) spawned /obj/item/clothing/under/assistantformal at (248,64,2)
[11:43:51]DEBUG: Next event of severity Mundane in 12.374 minutes.
[11:43:51]DEBUG: Starting event 'Vermin Infestation' of severity Mundane.
[11:44:04]EMOTE: mouse (590)/ : <B>The mouse (590)</B> squeeks.
[11:44:15]DEBUG: Event 'Vermin Infestation' has completed at 12:34.
[11:44:51]EMOTE: Experiment 68a/ : <B>Experiment 68a</B> clacks.
[11:44:59]SAY: mouse (462)/ : SQUEEK!
[11:45:29]EMOTE: crab/ : <B>The crab</B> clacks.
[11:45:42]EMOTE: mouse (590)/ : <B>The mouse (590)</B> shakes.
[11:46:18]SAY: Runtime/ : Meow!
[11:46:24]EMOTE: mouse (668)/ : <B>The mouse (668)</B> squeeks.
[11:46:36]EMOTE: mouse (668)/ : <B>The mouse (668)</B> shakes.
[11:46:44]EMOTE: Experiment 97d/ : <B>Experiment 97d</B> stamps a foot.
[11:47:07]SAY: mouse (462)/ : Squeek?
[11:47:12]ADMIN: Cassy_jenelle/(Camile Crafter) spawned /obj/item/clothing/under/rank/bartender/fluff/classy at (247,63,2)
[11:47:15]EMOTE: Ian/ : <B>Ian</B> chases their tail
[11:47:21]EMOTE: Ian/ : <B>Ian</B> chases their tail
[11:47:31]ADMIN: Cassy_jenelle/(Camile Crafter) deleted the classy bartender uniform at (247,63,2)
[11:48:11]DEBUG: Next event of severity Moderate in 38.88 minutes.
[11:48:11]DEBUG: Starting event 'Carp School' of severity Moderate.
[11:48:12]EMOTE: Ian/ : <B>Ian</B> dances around
[11:48:21]EMOTE: space carp/ : <B>The space carp</B> nashes at the mouse (911)
[11:48:23]EMOTE: space carp/ : <B>The space carp</B> nashes at the mouse (911)
[11:48:31]SAY: grey baby slime (462)/ : Lonely...
[11:48:33]EMOTE: mouse (582)/ : <B>The mouse (582)</B> scritches at something.
[11:48:35]EMOTE: space carp/ : <B>The space carp</B> nashes at the mouse (911)
[11:48:39]EMOTE: Ian/ : <B>Ian</B> dances around
[11:48:41]EMOTE: space carp/ : <B>The space carp</B> nashes at the mouse (911)
[11:48:47]EMOTE: space carp/ : <B>The space carp</B> nashes at the mouse (911)
[11:48:59]EMOTE: Experiment 68a/ : <B>Experiment 68a</B> clacks.
[11:49:12]EMOTE: space carp/ : <B>The space carp</B> nashes at the mouse (911)
[11:49:14]EMOTE: Experiment 97d/ : <B>Experiment 97d</B> glares around.
[11:49:22]EMOTE: crab/ : <B>The crab</B> clicks.
[11:49:55]EMOTE: space carp/ : <B>The space carp</B> nashes at the mouse (911)
[11:50:01]EMOTE: space carp/ : <B>The space carp</B> nashes at the mouse (911)
[11:50:11]ADMIN: Cassy_jenelle/(Camile Crafter) spawned /obj/item/clothing/under/suit_jacket/tan at (247,64,2)
[11:50:39]EMOTE: space carp/ : <B>The space carp</B> nashes at the mouse (911)
[11:50:47]EMOTE: mouse (582)/ : <B>The mouse (582)</B> squeeks.
[11:50:53]EMOTE: mouse (668)/ : <B>The mouse (668)</B> runs in a circle.
[11:51:07]EMOTE: space carp/ : <B>The space carp</B> nashes at the mouse (911)
[11:51:22]SAY: Experiment 97d/ : EHEHEHEHEH
[11:51:44]EMOTE: space carp/ : <B>The space carp</B> nashes at the mouse (911)
[11:51:54]ADMIN: Cassy_jenelle/(Camile Crafter) spawned /obj/item/clothing/suit/security/navyhos at (247,63,2)
[11:52:03]ADMIN: Cassy_jenelle/(Camile Crafter) deleted the head of security's jacket at (0,0,0)
[11:52:08]ADMIN: Cassy_jenelle/(Camile Crafter) spawned /obj/item/clothing/under/suit_jacket/navy at (248,63,2)
[11:52:22]EMOTE: Experiment 68a/ : <B>Experiment 68a</B> clacks.
[11:52:38]EMOTE: Runtime/ : <B>Runtime</B> shakes their head.
[11:52:50]EMOTE: crab/ : <B>The crab</B> clicks.
[11:53:30]SAY: Runtime/ : Purr!
[11:53:42]EMOTE: Ian/ : <B>Ian</B> pants.
[11:53:59]EMOTE: space carp/ : <B>The space carp</B> nashes at the mouse (911)
[11:54:19]EMOTE: space carp/ : <B>The space carp</B> nashes at the mouse (911)
[11:54:23]SAY: Runtime/ : Esp!
[11:54:33]SAY: Ian/ : Bark!
[11:55:09]EMOTE: space carp/ : <B>The space carp</B> nashes at the mouse (911)
[11:55:09]EMOTE: space carp/ : <B>The space carp</B> nashes at the mouse (911)
[11:55:09]EMOTE: space carp/ : <B>The space carp</B> nashes at the mouse (911)
[11:55:29]ADMIN: Cassy_jenelle/(Camile Crafter) spawned /obj/item/clothing/under/tactical at (248,63,2)
[11:55:55]ADMIN: Cassy_jenelle/(Camile Crafter) spawned /obj/item/clothing/under/waiter at (249,64,2)
[11:56:02]EMOTE: Experiment 97d/ : <B>Experiment 97d</B> brays.
[11:56:06]ADMIN: Cassy_jenelle/(Camile Crafter) spawned /obj/effect/landmark/costume/waiter at (249,65,2)
[11:56:44]EMOTE: Ian/ : <B>Ian</B> pants.
[11:57:17]DEBUG: Next event of severity Mundane in 16.72 minutes.
[11:57:17]DEBUG: Starting event 'Lost Carp' of severity Mundane.
[11:57:26]SAY: Runtime/ : HSSSSS
[11:57:54]SAY: grey baby slime (598)/ : Blop...
[11:58:03]EMOTE: space carp/ : <B>The space carp</B> nashes at the mouse (944)
[11:58:11]EMOTE: space carp/ : <B>The space carp</B> nashes at the mouse (944)
[11:58:13]SAY: grey baby slime (462)/ : Hungry...
[11:58:45]EMOTE: space carp/ : <B>The space carp</B> nashes at the mouse (944)
[11:58:57]SAY: grey baby slime (598)/ : Blorble...
[11:59:01]EMOTE: Ian/ : <B>Ian</B> chases their tail
[11:59:07]EMOTE: Ian/ : <B>Ian</B> chases their tail
[11:59:24]EMOTE: mouse (582)/ : <B>The mouse (582)</B> squeaks.
[11:59:28]SAY: Experiment 97d/ : EHEHEHEHEH
[11:59:34]EMOTE: Ian/ : <B>Ian</B> dances around
[11:59:51]EMOTE: Coffee/ : <B>Coffee</B> clacks.
[11:59:59]EMOTE: Coffee/ : <B>Coffee</B> clicks.
[12:01:17]EMOTE: Ian/ : <B>Ian</B> woofs.
[12:01:29]SAY: Experiment 97d/ : EHEHEHEHEH
[12:01:55]EMOTE: mouse (582)/ : <B>The mouse (582)</B> squeeks.
[12:01:59]EMOTE: space carp/ : <B>The space carp</B> nashes at the mouse (944)
[12:02:29]EMOTE: Runtime/ : <B>Runtime</B> mews.
[12:02:35]EMOTE: space carp/ : <B>The space carp</B> nashes at the mouse (944)
[12:03:01]SAY: grey baby slime (462)/ : Where is the food?
[12:03:03]SAY: Runtime/ : Meow!
[12:03:03]EMOTE: Coffee/ : <B>Coffee</B> clicks.
[12:04:00]EMOTE: Coffee/ : <B>Coffee</B> clacks.
[12:05:05]EMOTE: Coffee/ : <B>Coffee</B> clacks.
[12:05:07]SAY: grey baby slime (598)/ : Blop...
[12:06:14]EMOTE: Experiment 97d/ : <B>Experiment 97d</B> brays.
[12:07:11]ADMIN: Cassy_jenelle/(Camile Crafter) spawned /obj/item/weapon/flame/lighter/zippo/fluff/executivekill_1 at (246,65,2)
[12:07:34]ADMIN: Cassy_jenelle/(Camile Crafter) spawned /obj/item/clothing/suit/stripper/stripper_pink at (246,65,2)
[12:07:39]ADMIN: Cassy_jenelle/(Camile Crafter) deleted the pink skimpy dress at (246,65,2)
[12:07:39]EMOTE: crab/ : <B>The crab</B> clicks.
[12:07:49]ADMIN: Cassy_jenelle/(Camile Crafter) spawned /obj/item/clothing/under/suit_jacket/really_black at (246,64,2)
[12:08:25]SAY: grey baby slime (462)/ : Lonely...
[12:09:20]EMOTE: Ian/ : <B>Ian</B> chases their tail
[12:09:26]SAY: grey baby slime (462)/ : Where is the food?
[12:09:36]EMOTE: crab/ : <B>The crab</B> clacks.
[12:09:47]ADMIN: Cassy_jenelle/(Camile Crafter) spawned /obj/item/clothing/under/rank/miner at (245,64,2)
[12:09:54]ADMIN: Cassy_jenelle/(Camile Crafter) deleted the shaft miner's jumpsuit at (245,64,2)
[12:10:34]EMOTE: crab/ : <B>The crab</B> clacks.
[12:10:38]EMOTE: crab/ : <B>The crab</B> clacks.
[12:10:46]SAY: Ian/ : Bark!
[12:10:55]EMOTE: Ian/ : <B>Ian</B> chases their tail
[12:12:11]ADMIN: Cassy_jenelle/(Camile Crafter) spawned /obj/item/clothing/under/wedding/bride_white at (245,64,2)
[12:12:52]DEBUG: Event 'Carp School' has completed at 13:00.
[12:13:02]EMOTE: crab/ : <B>The crab</B> clicks.
[12:13:08]SAY: Runtime/ : Purr!
[12:13:12]SAY: grey baby slime (598)/ : Rawr...
[12:13:33]EMOTE: Experiment 68a/ : <B>Experiment 68a</B> clicks.
[12:15:06]EMOTE: Experiment 97d/ : <B>Experiment 97d</B> shakes its head.
[12:15:10]SAY: grey baby slime (462)/ : Hungry...
[12:15:29]DEBUG: Next event of severity Mundane in 12.758 minutes.
[12:15:29]DEBUG: Starting event 'Trivial News' of severity Mundane.
[12:15:51]DEBUG: Event 'Trivial News' has completed at 13:03.
[12:16:02]EMOTE: Coffee/ : <B>Coffee</B> clicks.
[12:16:06]EMOTE: crab/ : <B>The crab</B> clicks.
[12:16:32]SAY: Experiment 97d/ : Eh?
[12:16:40]EMOTE: Ian/ : <B>Ian</B> yaps.
[12:18:01]SAY: grey baby slime (598)/ : Blorble...
[12:18:48]EMOTE: Coffee/ : <B>Coffee</B> clicks.
[12:18:52]SAY: Runtime/ : Esp!
[12:19:14]EMOTE: Experiment 97d/ : <B>Experiment 97d</B> stamps a foot.
[12:19:34]SAY: grey baby slime (462)/ : Blorble...
[12:19:42]EMOTE: Runtime/ : <B>Runtime</B> meows.
[12:19:44]EMOTE: Experiment 68a/ : <B>Experiment 68a</B> clacks.
[12:20:10]EMOTE: Ian/ : <B>Ian</B> chases their tail
[12:20:10]EMOTE: Coffee/ : <B>Coffee</B> clacks.
[12:20:30]EMOTE: Ian/ : <B>Ian</B> woofs.
[12:20:54]EMOTE: Ian/ : <B>Ian</B> chases their tail
[12:21:21]EMOTE: Ian/ : <B>Ian</B> chases their tail
[12:22:22]DEBUG: Event 'Lost Carp' has completed at 13:09.
[12:22:50]EMOTE: crab/ : <B>The crab</B> clacks.
[12:23:32]SAY: Runtime/ : Esp!
[12:24:27]EMOTE: Ian/ : <B>Ian</B> barks.
[12:24:43]SAY: grey baby slime (462)/ : Blorble...
[12:24:49]SAY: Runtime/ : Esp!
[12:25:11]ADMIN: Cassy_jenelle/(Camile Crafter) spawned /obj/item/device/radio/beacon at (242,64,2)
[12:25:24]ADMIN: Cassy_jenelle/(Camile Crafter) teleported Cassy_jenelle/(Camile Crafter) to the Teleporter
[12:25:27]EMOTE: Experiment 97d/ : <B>Experiment 97d</B> brays.
[12:25:31]ADMIN: Cassy_jenelle/(Camile Crafter) jumped to 121,116,1 in the Teleporter
[12:25:48]ADMIN: Cassy_jenelle/(Camile Crafter) made all areas powered
[12:25:48]ADMIN: Cassy_jenelle/(Camile Crafter) used secret power
[12:27:22]EMOTE: Coffee/ : <B>Coffee</B> clicks.
[12:27:52]ADMIN: Cassy_jenelle/(Camile Crafter) jumped to Cassy_jenelle/(Camile Crafter)
[12:27:56]EMOTE: Coffee/ : <B>Coffee</B> clicks.
[12:27:59]ADMIN: Cassy_jenelle/(Camile Crafter) teleported Cassy_jenelle/(Camile Crafter) to the Centcom Living Quarters
[12:28:02]SAY: grey baby slime (598)/ : Lonely...
[12:28:07]ACCESS: Logout: *no key*/(Camile Crafter)
[12:28:07]ACCESS: Login: Cassy_jenelle/(Camile Crafter) from 127.0.0.1-1964287214 || BYOND v506
[12:28:34]ADMIN: Cassy_jenelle/(Camile Crafter) teleported @Cassy_jenelle/(Camile Crafter)
[12:28:37]ACCESS: Logout: *no key*/(Camile Crafter)
[12:28:37]ACCESS: Login: Cassy_jenelle/(Camile Crafter) from 127.0.0.1-1964287214 || BYOND v506
[12:28:57]ADMIN: Cassy_jenelle/(Camile Crafter) modified tracking beacon's frequency to 1459
[12:29:16]DEBUG: Next event of severity Mundane in 16.762 minutes.
[12:29:16]DEBUG: Starting event 'Trivial News' of severity Mundane.
[12:29:38]DEBUG: Event 'Trivial News' has completed at 13:16.
[12:29:41]ADMIN: Cassy_jenelle/(Camile Crafter) teleported Cassy_jenelle/(Camile Crafter) to the Teleporter
[12:30:04]SAY: Ian/ : Woof!
[12:30:15]ADMIN: Cassy_jenelle/(Camile Crafter) teleported Cassy_jenelle/(Camile Crafter) to the Centcom Living Quarters
[12:30:16]EMOTE: Ian/ : <B>Ian</B> dances around
[12:30:22]DEBUG: Next event of severity Moderate in 40.63 minutes.
[12:30:22]DEBUG: Starting event 'Nothing' of severity Moderate.
[12:30:24]DEBUG: Event 'Nothing' has completed at 13:17.
[12:30:24]EMOTE: Experiment 68a/ : <B>Experiment 68a</B> clacks.
[12:30:40]EMOTE: crab/ : <B>The crab</B> clicks.
[12:30:44]ADMIN: Cassy_jenelle/(Camile Crafter) spawned /obj/machinery/computer/teleporter at (228,65,2)
[12:31:06]SAY: grey baby slime (598)/ : Lonely...
[12:31:12]ADMIN: Cassy_jenelle/(Camile Crafter) spawned /obj/machinery/teleport/station at (229,65,2)
[12:31:24]ADMIN: Cassy_jenelle/(Camile Crafter) spawned /obj/machinery/teleport/hub at (230,65,2)
[12:32:35]EMOTE: Coffee/ : <B>Coffee</B> clacks.
[12:33:19]ADMIN: Cassy_jenelle/(Camile Crafter) deleted Teleporter Control Console at (228,65,2)
[12:33:23]ADMIN: Cassy_jenelle/(Camile Crafter) deleted the station at (229,65,2)
[12:33:27]ADMIN: Cassy_jenelle/(Camile Crafter) deleted the teleporter hub at (230,65,2)
[12:33:38]SAY: grey baby slime (598)/ : I want to eat...
[12:34:04]ADMIN: Cassy_jenelle/(Camile Crafter) spawned /obj/effect/energy_net/teleport at (229,65,2)
[12:35:25]EMOTE: Ian/ : <B>Ian</B> chases their tail
[12:35:43]SAY: Experiment 97d/ : EHEHEHEHEH
[12:35:47]EMOTE: Ian/ : <B>Ian</B> dances around
[12:35:52]ADMIN: Cassy_jenelle/(Camile Crafter) spawned /obj/multiz/stairs at (229,65,2)
[12:35:55]EMOTE: Coffee/ : <B>Coffee</B> clacks.
[12:36:00]ADMIN: Cassy_jenelle/(Camile Crafter) deleted Stairs at (229,65,2)
[12:36:43]EMOTE: Ian/ : <B>Ian</B> chases their tail
[12:36:52]DEBUG: Next event of severity Major in 77.644 minutes.
[12:36:52]DEBUG: Starting event 'Nothing' of severity Major.
[12:36:54]DEBUG: Event 'Nothing' has completed at 13:23.
[12:38:40]EMOTE: Ian/ : <B>Ian</B> dances around
[12:38:54]ADMIN: Cassy_jenelle/(Camile Crafter) spawned /obj/item/clothing/under/overalls at (247,63,2)
[12:39:01]SAY: grey baby slime (462)/ : Where is the food?
[12:39:12]ADMIN: Cassy_jenelle/(Camile Crafter) modified laborer's overalls's color to #0000ff
[12:39:30]ADMIN: Cassy_jenelle/(Camile Crafter) modified laborer's overalls's color to #000000
[12:39:41]ADMIN: Cassy_jenelle/(Camile Crafter) modified laborer's overalls's color to 
[12:39:49]ADMIN: Cassy_jenelle/(Camile Crafter) modified laborer's overalls's l_color to blue
[12:39:57]ADMIN: Cassy_jenelle/(Camile Crafter) modified laborer's overalls's l_color to null
[12:40:11]EMOTE: Experiment 68a/ : <B>Experiment 68a</B> clicks.
[12:41:42]EMOTE: crab/ : <B>The crab</B> clacks.
[12:41:44]EMOTE: Experiment 68a/ : <B>Experiment 68a</B> clicks.
[12:42:35]SAY: Runtime/ : Purr!
[12:42:49]EMOTE: Ian/ : <B>Ian</B> pants.
[12:43:09]EMOTE: Experiment 97d/ : <B>Experiment 97d</B> glares around.
[12:43:13]EMOTE: crab/ : <B>The crab</B> clicks.
[12:43:24]EMOTE: Ian/ : <B>Ian</B> pants.
[12:44:58]SAY: grey baby slime (462)/ : I want to eat...
[12:46:13]SAY: grey baby slime (462)/ : Rawr...
[12:46:33]EMOTE: Ian/ : <B>Ian</B> yaps.
[12:47:06]DEBUG: Next event of severity Mundane in 12.532 minutes.
[12:47:06]DEBUG: Starting event 'Economic News' of severity Mundane.
[12:47:24]SAY: grey baby slime (462)/ : Where is the food?
[12:47:32]SAY: grey baby slime (598)/ : Hungry...
[12:47:36]EMOTE: Experiment 68a/ : <B>Experiment 68a</B> clicks.
[12:50:29]SAY: Runtime/ : Purr!
[12:51:21]ADMIN: Cassy_jenelle/(Camile Crafter) spawned /obj/multiz/stairs at (247,63,2)
[12:51:32]ADMIN: Cassy_jenelle/(Camile Crafter) spawned /obj/multiz/stairs/north_up at (247,66,2)
[12:52:40]EMOTE: Experiment 68a/ : <B>Experiment 68a</B> clicks.
[12:53:07]ADMIN: Cassy_jenelle/(Camile Crafter) spawned /obj/machinery/embedded_controller/radio at (245,69,2)
[12:54:42]EMOTE: Ian/ : <B>Ian</B> chases their tail
[12:55:02]SAY: grey baby slime (598)/ : Where is the food?
[12:55:37]EMOTE: Ian/ : <B>Ian</B> pants.
[12:56:14]DEBUG: Event 'Economic News' has completed at 13:41.
[12:56:35]EMOTE: Ian/ : <B>Ian</B> chases their tail
[12:56:46]SAY: grey baby slime (598)/ : Where is the food?
[12:57:26]EMOTE: Coffee/ : <B>Coffee</B> clacks.
[12:58:14]ADMIN: Cassy_jenelle/(Camile Crafter) spawned /obj/item/clothing/head/orangebandana at (245,68,2)
[12:58:57]EMOTE: crab/ : <B>The crab</B> clicks.
[12:59:16]EMOTE: Experiment 97d/ : <B>Experiment 97d</B> stamps a foot.
[12:59:44]EMOTE: Experiment 68a/ : <B>Experiment 68a</B> clicks.
[12:59:52]EMOTE: crab/ : <B>The crab</B> clacks.
[12:59:57]ADMIN: Cassy_jenelle/(Camile Crafter) spawned /obj/item/clothing/suit/hoodie at (244,68,2)
[13:00:10]EMOTE: Ian/ : <B>Ian</B> chases their tail
[13:00:21]DEBUG: Next event of severity Mundane in 16.974 minutes.
[13:00:21]DEBUG: Starting event 'Mundane News' of severity Mundane.
[13:00:43]DEBUG: Event 'Mundane News' has completed at 13:45.
[13:00:59]EMOTE: Ian/ : <B>Ian</B> dances around
[13:01:19]SAY: Runtime/ : Esp!
[13:01:19]EMOTE: Coffee/ : <B>Coffee</B> clicks.
[13:01:25]SAY: grey baby slime (462)/ : Rawr...
[13:02:12]EMOTE: Experiment 68a/ : <B>Experiment 68a</B> clacks.
[13:02:31]EMOTE: Experiment 68a/ : <B>Experiment 68a</B> clicks.
[13:03:29]EMOTE: Coffee/ : <B>Coffee</B> clacks.
[13:05:10]EMOTE: Runtime/ : <B>Runtime</B> meows.
[13:05:30]SAY: grey baby slime (598)/ : Rawr...
[13:05:36]EMOTE: Runtime/ : <B>Runtime</B> shakes their head.
[13:05:58]SAY: grey baby slime (598)/ : Must... eat...
[13:06:27]SAY: grey baby slime (462)/ : Very... hungry...
[13:07:32]EMOTE: Experiment 97d/ : <B>Experiment 97d</B> stamps a foot.
[13:07:50]EMOTE: Experiment 68a/ : <B>Experiment 68a</B> clacks.
[13:08:39]SAY: Experiment 97d/ : Eh?
[13:08:55]EMOTE: Experiment 68a/ : <B>Experiment 68a</B> clacks.
[13:08:57]EMOTE: Experiment 97d/ : <B>Experiment 97d</B> glares around.
[13:09:03]SAY: Runtime/ : Meow!
[13:12:32]SAY: grey baby slime (462)/ : Blorble...
[13:13:23]DEBUG: Next event of severity Moderate in 38.656 minutes.
[13:13:23]DEBUG: Starting event 'Communication Blackout' of severity Moderate.
[13:13:25]DEBUG: Event 'Communication Blackout' has completed at 13:57.
[13:14:32]EMOTE: Ian/ : <B>Ian</B> yaps.
[13:14:46]EMOTE: Ian/ : <B>Ian</B> chases their tail
[13:16:24]SAY: Experiment 97d/ : Eh?
[13:16:42]SAY: Runtime/ : Esp!
[13:17:12]EMOTE: Ian/ : <B>Ian</B> pants.
[13:17:49]ACCESS: Logout: *no key*/(Camile Crafter)
[13:17:49]ACCESS: Login: Cassy_jenelle/(Camile Crafter) from 127.0.0.1-1964287214 || BYOND v506
[13:18:04]ADMIN: Cassy_jenelle/(Camile Crafter) teleported @Cassy_jenelle/(Camile Crafter)
[13:18:06]ACCESS: Logout: *no key*/(Camile Crafter)
[13:18:06]ACCESS: Login: Cassy_jenelle/(Camile Crafter) from 127.0.0.1-1964287214 || BYOND v506
[13:18:15]DEBUG: Next event of severity Mundane in 17.872 minutes.
[13:18:15]DEBUG: Starting event 'Trivial News' of severity Mundane.
[13:18:36]DEBUG: Event 'Trivial News' has completed at 14:02.
[13:19:14]SAY: grey baby slime (598)/ : Need... food...
[13:19:26]SAY: Runtime/ : Purr!
[13:19:34]EMOTE: Coffee/ : <B>Coffee</B> clicks.
[13:21:09]SAY: Ian/ : AUUUUUU
[13:22:10]EMOTE: Ian/ : <B>Ian</B> chases their tail
[13:22:36]EMOTE: Experiment 68a/ : <B>Experiment 68a</B> clacks.
[13:23:00]SAY: grey baby slime (462)/ : Blorble...
[13:23:17]SAY: grey baby slime (598)/ : Rawr...
[13:23:45]EMOTE: Coffee/ : <B>Coffee</B> clicks.
[13:24:16]EMOTE: Ian/ : <B>Ian</B> dances around
[13:24:28]EMOTE: Ian/ : <B>Ian</B> barks.
[13:25:01]EMOTE: Ian/ : <B>Ian</B> dances around
[13:25:17]EMOTE: Ian/ : <B>Ian</B> chases their tail
[13:26:20]EMOTE: Ian/ : <B>Ian</B> chases their tail
[13:26:22]EMOTE: Experiment 68a/ : <B>Experiment 68a</B> clacks.
[13:26:42]SAY: Runtime/ : HSSSSS
[13:27:43]EMOTE: crab/ : <B>The crab</B> clicks.
[13:28:56]EMOTE: crab/ : <B>The crab</B> clicks.
[13:29:02]EMOTE: Runtime/ : <B>Runtime</B> shakes their head.
[13:29:19]EMOTE: Ian/ : <B>Ian</B> pants.
[13:29:29]SAY: grey baby slime (462)/ : Blop...
[13:29:29]EMOTE: Runtime/ : <B>Runtime</B> mews.
[13:30:14]EMOTE: Runtime/ : <B>Runtime</B> shakes their head.
[13:30:32]EMOTE: Coffee/ : <B>Coffee</B> clacks.
[13:30:51]EMOTE: Ian/ : <B>Ian</B> chases their tail
[13:31:09]EMOTE: Experiment 68a/ : <B>Experiment 68a</B> clacks.
[13:31:23]EMOTE: Experiment 68a/ : <B>Experiment 68a</B> clicks.
[13:31:39]EMOTE: Ian/ : <B>Ian</B> dances around
[13:32:02]SAY: grey baby slime (598)/ : Blop...
[13:32:04]SAY: grey baby slime (598)/ : Rawr...
[13:32:40]EMOTE: Runtime/ : <B>Runtime</B> shivers.
[13:33:59]EMOTE: Experiment 68a/ : <B>Experiment 68a</B> clicks.
[13:34:14]SAY: grey baby slime (462)/ : So... hungry...
[13:34:44]SAY: grey baby slime (462)/ : Need... food...
[13:35:51]EMOTE: Ian/ : <B>Ian</B> chases their tail
[13:36:35]SAY: grey baby slime (462)/ : Blop...
[13:36:39]EMOTE: Experiment 68a/ : <B>Experiment 68a</B> clicks.
[13:36:51]SAY: grey baby slime (598)/ : So... hungry...
[13:37:03]DEBUG: Next event of severity Mundane in 15.656 minutes.
[13:37:03]DEBUG: Starting event 'Economic News' of severity Mundane.
[13:37:11]SAY: Runtime/ : Purr!
[13:37:21]EMOTE: Experiment 68a/ : <B>Experiment 68a</B> clicks.
[13:38:06]EMOTE: Experiment 68a/ : <B>Experiment 68a</B> clacks.
[13:39:25]EMOTE: Experiment 68a/ : <B>Experiment 68a</B> clacks.
[13:40:54]EMOTE: crab/ : <B>The crab</B> clacks.
[13:42:31]DEBUG: Event 'Economic News' has completed at 14:25.
[13:43:10]EMOTE: Ian/ : <B>Ian</B> chases their tail
[13:46:33]EMOTE: Runtime/ : <B>Runtime</B> mews.
[13:46:47]EMOTE: Coffee/ : <B>Coffee</B> clacks.
[13:47:07]EMOTE: Ian/ : <B>Ian</B> shivers.
[13:47:07]SAY: Experiment 97d/ : EHEHEHEHEH
[13:48:49]SAY: Experiment 97d/ : Eh?
[13:51:28]EMOTE: Experiment 68a/ : <B>Experiment 68a</B> clicks.
[13:51:42]SAY: Experiment 97d/ : Eh?
[13:52:12]EMOTE: Experiment 68a/ : <B>Experiment 68a</B> clacks.
[13:52:30]SAY: Ian/ : YAP
[13:53:37]DEBUG: Next event of severity Mundane in 15.32 minutes.
[13:53:37]DEBUG: Starting event 'Money Hacker' of severity Mundane.
[13:54:03]EMOTE: Experiment 97d/ : <B>Experiment 97d</B> brays.
[13:54:08]DEBUG: Next event of severity Moderate in 36.68 minutes.
[13:54:08]DEBUG: Starting event 'Nothing' of severity Moderate.
[13:54:10]DEBUG: Event 'Nothing' has completed at 14:36.
[13:54:21]EMOTE: Coffee/ : <B>Coffee</B> clacks.
[13:55:58]EMOTE: Ian/ : <B>Ian</B> chases their tail
[13:56:56]EMOTE: Ian/ : <B>Ian</B> chases their tail
[13:57:41]EMOTE: crab/ : <B>The crab</B> clacks.
[13:57:45]EMOTE: Ian/ : <B>Ian</B> woofs.
[13:58:09]EMOTE: Coffee/ : <B>Coffee</B> clacks.
[13:58:52]DEBUG: Next event of severity Major in 60.788 minutes.
[13:58:52]DEBUG: Starting event 'Nothing' of severity Major.
[13:58:54]DEBUG: Event 'Nothing' has completed at 14:40.
[13:59:22]EMOTE: Ian/ : <B>Ian</B> dances around
[14:00:43]EMOTE: Ian/ : <B>Ian</B> chases their tail
[14:00:53]EMOTE: Runtime/ : <B>Runtime</B> shivers.
[14:02:00]EMOTE: Ian/ : <B>Ian</B> dances around
[14:02:33]EMOTE: Ian/ : <B>Ian</B> dances around
[14:04:13]DEBUG: Event 'Money Hacker' has completed at 14:45.
[14:04:45]EMOTE: crab/ : <B>The crab</B> clacks.
[14:04:59]EMOTE: Ian/ : <B>Ian</B> shivers.
[14:05:09]EMOTE: Experiment 68a/ : <B>Experiment 68a</B> clacks.
[14:06:14]SAY: Runtime/ : Meow!
[14:08:13]EMOTE: Coffee/ : <B>Coffee</B> clicks.
[14:08:48]SAY: Runtime/ : Purr!
[14:09:22]EMOTE: Ian/ : <B>Ian</B> dances around
[14:09:32]EMOTE: Ian/ : <B>Ian</B> chases their tail
[14:09:45]EMOTE: Experiment 68a/ : <B>Experiment 68a</B> clicks.
[14:09:47]DEBUG: Next event of severity Mundane in 15.394 minutes.
[14:09:47]DEBUG: Starting event 'Trivial News' of severity Mundane.
[14:10:08]DEBUG: Event 'Trivial News' has completed at 14:51.
[14:10:29]EMOTE: Ian/ : <B>Ian</B> chases their tail
[14:11:06]EMOTE: crab/ : <B>The crab</B> clacks.
[14:11:18]EMOTE: Experiment 68a/ : <B>Experiment 68a</B> clicks.
[14:11:24]EMOTE: Ian/ : <B>Ian</B> yaps.
[14:13:20]EMOTE: Runtime/ : <B>Runtime</B> meows.
[14:15:12]EMOTE: Ian/ : <B>Ian</B> dances around
[14:15:36]EMOTE: Coffee/ : <B>Coffee</B> clicks.
[14:17:52]VOTE: Crew_transfer vote started by the server.
[14:17:52]DEBUG: The server has called a crew transfer vote
[14:17:53]EMOTE: Coffee/ : <B>Coffee</B> clicks.
[14:18:29]EMOTE: Ian/ : <B>Ian</B> dances around
[14:18:56]VOTE: <b>Vote Result: Inconclusive - No Votes!</b>
[14:20:31]EMOTE: Coffee/ : <B>Coffee</B> clacks.
[14:23:24]EMOTE: Ian/ : <B>Ian</B> dances around
[14:23:44]EMOTE: crab/ : <B>The crab</B> clicks.
[14:25:53]DEBUG: Next event of severity Mundane in 15.846 minutes.
[14:25:53]DEBUG: Starting event 'Trivial News' of severity Mundane.
[14:26:15]DEBUG: Event 'Trivial News' has completed at 15:07.
[14:26:49]EMOTE: Ian/ : <B>Ian</B> pants.
[14:27:34]EMOTE: Experiment 97d/ : <B>Experiment 97d</B> glares around.
[14:28:12]EMOTE: Ian/ : <B>Ian</B> chases their tail
[14:28:14]EMOTE: Coffee/ : <B>Coffee</B> clacks.
[14:29:49]EMOTE: Ian/ : <B>Ian</B> dances around
[14:32:09]EMOTE: Ian/ : <B>Ian</B> pants.
[14:32:23]EMOTE: crab/ : <B>The crab</B> clicks.
[14:32:40]DEBUG: Next event of severity Moderate in 37.51 minutes.
[14:32:40]DEBUG: Starting event 'Nothing' of severity Moderate.
[14:32:42]DEBUG: Event 'Nothing' has completed at 15:13.
[14:32:47]EMOTE: Ian/ : <B>Ian</B> shakes its head.
[14:34:19]SAY: Ian/ : AUUUUUU
[14:34:31]EMOTE: Ian/ : <B>Ian</B> chases their tail
[14:34:55]EMOTE: Ian/ : <B>Ian</B> chases their tail
[14:34:59]EMOTE: crab/ : <B>The crab</B> clicks.
[14:35:42]EMOTE: Coffee/ : <B>Coffee</B> clacks.
[14:35:48]EMOTE: Coffee/ : <B>Coffee</B> clicks.
[14:36:27]EMOTE: crab/ : <B>The crab</B> clicks.
[14:36:53]EMOTE: Coffee/ : <B>Coffee</B> clacks.
[14:39:11]EMOTE: Ian/ : <B>Ian</B> yaps.
[14:40:20]EMOTE: Experiment 97d/ : <B>Experiment 97d</B> shakes its head.
[14:42:32]DEBUG: Next event of severity Mundane in 17.054 minutes.
[14:42:32]DEBUG: Starting event 'Economic News' of severity Mundane.
[14:42:57]EMOTE: Coffee/ : <B>Coffee</B> clicks.
[14:44:34]EMOTE: Experiment 68a/ : <B>Experiment 68a</B> clacks.
[14:46:30]EMOTE: Experiment 68a/ : <B>Experiment 68a</B> clacks.
[14:47:34]EMOTE: Experiment 68a/ : <B>Experiment 68a</B> clicks.
[14:49:04]DEBUG: Event 'Economic News' has completed at 15:28.
[14:49:26]EMOTE: Coffee/ : <B>Coffee</B> clacks.
[14:49:38]EMOTE: crab/ : <B>The crab</B> clacks.
[14:49:46]SAY: Runtime/ : Esp!
[14:49:52]EMOTE: Experiment 97d/ : <B>Experiment 97d</B> brays.
[14:50:59]EMOTE: Ian/ : <B>Ian</B> dances around
[14:52:16]EMOTE: Ian/ : <B>Ian</B> shakes its head.
[14:53:15]EMOTE: Runtime/ : <B>Runtime</B> shakes their head.
[14:53:23]EMOTE: crab/ : <B>The crab</B> clicks.
[14:53:28]ACCESS: Logout: Cassy_jenelle/(Camile Crafter)


Starting up. 14:54.44
---------------------
[14:54:49]ADMIN: Loading jobban_rank
[14:54:49]ADMIN: jobban_keylist was empty
[14:54:49]ADMIN: Loading Banlist
[14:54:51]DEBUG: Rebuilding Master Controller
[14:55:11]ACCESS: Login: Cassy_jenelle/(Cassy_jenelle) from 127.0.0.1-1964287214 || BYOND v506
[14:56:07]ADMIN: Cassy_jenelle has started the game.
[14:56:08]ACCESS: Logout: *no key*/(Cassy_jenelle)
[14:56:08]ACCESS: Login: Cassy_jenelle/(Camile Crafter) from 127.0.0.1-1964287214 || BYOND v506
[14:56:12]EMOTE: Parrot/ : <B>The Parrot</B> turns and flies towards the deck of cards
[14:56:13]DEBUG: Next event of severity Mundane in 15.892 minutes.
[14:56:13]DEBUG: Next event of severity Moderate in 45.316 minutes.
[14:56:13]DEBUG: Next event of severity Major in 96.9283 minutes.
[14:56:24]SAY: Tom (898)/ : SQUEEK!
[14:56:27]ADMIN: Cassy_jenelle/(Camile Crafter) jumped to the Centcom Living Quarters
[14:56:33]EMOTE: Experiment 68a/ : <B>Experiment 68a</B> clacks.
[14:56:37]ADMIN: Cassy_jenelle/(Camile Crafter) : Boo
[14:56:39]SAY: mouse (182)/ : SQUEEK!
[14:56:39]ACCESS: Logout: *no key*/(Camile Crafter)
[14:56:39]ACCESS: Login: Cassy_jenelle/(Camile Crafter) from 127.0.0.1-1964287214 || BYOND v506
[14:56:51]SAY: duckling/ : Cherp?
[14:56:57]SAY: mouse (818)/ : SQUEEK!
[14:57:14]ADMIN: Cassy_jenelle/(Camile Crafter) teleported @Cassy_jenelle/(Camile Crafter)
[14:57:15]EMOTE: duckling/ : <B>The duckling</B> flaps its tiny wings.
[14:57:17]ACCESS: Logout: *no key*/(Camile Crafter)
[14:57:17]ACCESS: Login: Cassy_jenelle/(Camile Crafter) from 127.0.0.1-1964287214 || BYOND v506
[14:57:36]EMOTE: mouse (377)/ : <B>The mouse (377)</B> squiks.
[14:57:58]SAY: duckling/ : Cherp.
[14:58:20]ADMIN: Cassy_jenelle/(Camile Crafter) jumped to 156,80,2 in the Centcom Living Quarters
[14:58:54]SAY: chicken/ : BWAAAAARK BWAK BWAK BWAK!
[14:58:56]EMOTE: Experiment 68a/ : <B>Experiment 68a</B> clicks.
[14:59:04]EMOTE: mouse (673)/ : <B>The mouse (673)</B> squeaks.
[14:59:12]EMOTE: crab/ : <B>The crab</B> clacks.
[14:59:16]EMOTE: chicken/ : <B>The chicken</B> pecks at the ground.
[14:59:29]EMOTE: Parrot/ : <B>The Parrot</B> squawks.
[14:59:31]EMOTE: Ian/ : <B>Ian</B> dances around
[15:00:07]EMOTE: chicken/ : <B>The chicken</B> clucks.
[15:00:13]SAY: chicken/ : Cluck!
[15:00:35]EMOTE: mouse (182)/ : <B>The mouse (182)</B> scritches at something.
[15:00:37]EMOTE: chicken/ : <B>The chicken</B> flaps its wings viciously.
[15:00:40]ADMIN: Cassy_jenelle/(Camile Crafter) jumped to 157,73,2 in the Centcom Living Quarters
[15:00:41]EMOTE: mouse (594)/ : <B>The mouse (594)</B> scritches at something.
[15:00:57]EMOTE: Experiment 68a/ : <B>Experiment 68a</B> clicks.
[15:01:58]EMOTE: Ian/ : <B>Ian</B> dances around
[15:02:06]EMOTE: mouse (673)/ : <B>The mouse (673)</B> squeaks.
[15:02:26]SAY: chicken/ : Cluck!
[15:02:39]ADMIN: Cassy_jenelle/(Camile Crafter) jumped to 158,78,2 in the Centcom Living Quarters
[15:02:52]SAY: chicken/ : Bwaak bwak.
[15:03:39]EMOTE: chicken/ : <B>The chicken</B> clucks.
[15:03:41]EMOTE: chicken/ : <B>The chicken</B> flaps its wings viciously.
[15:03:41]EMOTE: chicken/ : <B>The chicken</B> clucks.
[15:03:43]ADMIN: Cassy_jenelle/(Camile Crafter) deleted Stairs at (157,70,2)
[15:03:50]ADMIN: Cassy_jenelle/(Camile Crafter) deleted Stairs at (156,70,2)
[15:03:51]EMOTE: Camile Crafter/Cassy_jenelle : <B>Camile Crafter</B> gasps!
[15:03:59]EMOTE: chicken/ : <B>The chicken</B> flaps its wings viciously.
[15:04:09]ADMIN: Cassy_jenelle/(Camile Crafter) spawned /obj/item/stack/tile at (157,70,2)
[15:04:22]ADMIN: Cassy_jenelle/(Camile Crafter) spawned /obj/item/stack/tile at (157,73,2)
[15:04:33]EMOTE: mouse (818)/ : <B>The mouse (818)</B> runs in a circle.
[15:04:40]ADMIN: Cassy_jenelle/(Camile Crafter) spawned /turf/unsimulated/floor at (157,70,2)
[15:04:47]EMOTE: chicken/ : <B>The chicken</B> flaps its wings viciously.
[15:04:47]ADMIN: Cassy_jenelle/(Camile Crafter) spawned /turf/unsimulated/floor at (156,70,2)
[15:05:00]SAY: mouse (818)/ : Squeek?
[15:05:00]ADMIN: Cassy_jenelle/(Camile Crafter) spawned /obj/multiz/stairs/north_up at (156,70,2)
[15:05:11]ADMIN: Cassy_jenelle/(Camile Crafter) spawned /obj/multiz/stairs/north_up at (157,70,2)
[15:05:56]SAY: grey baby slime (834)/ : Rawr...
[15:06:53]EMOTE: Experiment 68a/ : <B>Experiment 68a</B> clicks.
[15:06:59]SAY: chicken/ : Cluck!
[15:07:01]SAY: Parrot/ : Hello!
[15:07:01]SAY: chicken/ : Cluck!
[15:07:03]SAY: chicken/ : Cluck!
[15:07:15]SAY: chicken/ : BWAAAAARK BWAK BWAK BWAK!
[15:08:01]EMOTE: Ian/ : <B>Ian</B> chases their tail
[15:08:48]SAY: Runtime/ : Meow!
[15:09:16]EMOTE: Experiment 68a/ : <B>Experiment 68a</B> clacks.
[15:09:20]EMOTE: chicken/ : <B>The chicken</B> pecks at the ground.
[15:09:56]ACCESS: Logout: *no key*/(Camile Crafter)
[15:09:56]ACCESS: Login: Cassy_jenelle/(Camile Crafter) from 127.0.0.1-1964287214 || BYOND v506
[15:10:12]ADMIN: Cassy_jenelle/(Camile Crafter) teleported @Cassy_jenelle/(Camile Crafter)
[15:10:15]ACCESS: Logout: *no key*/(Camile Crafter)
[15:10:15]ACCESS: Login: Cassy_jenelle/(Camile Crafter) from 127.0.0.1-1964287214 || BYOND v506
[15:10:35]EMOTE: chicken/ : <B>The chicken</B> clucks.
[15:10:55]SAY: chicken/ : Bwaak bwak.
[15:11:05]EMOTE: Experiment 68a/ : <B>Experiment 68a</B> clacks.
[15:11:42]ADMIN: Cassy_jenelle/(Camile Crafter) deleted the reinforced window at (145,35,2)
[15:12:16]SAY: chicken/ : BWAAAAARK BWAK BWAK BWAK!
[15:12:20]EMOTE: mouse (594)/ : <B>The mouse (594)</B> squeaks.
[15:12:58]SAY: Parrot/ : BAWWWWK george mellons griffing me
[15:13:19]DEBUG: Next event of severity Mundane in 14.318 minutes.
[15:13:19]DEBUG: Starting event 'Economic News' of severity Mundane.
[15:13:48]SAY: chicken/ : BWAAAAARK BWAK BWAK BWAK!
[15:13:50]SAY: Experiment 97d/ : Eh?
[15:13:53]SAY: Parrot/ : Hello!
[15:13:58]SAY: Runtime/ : Esp!
[15:14:35]SAY: kitten/ : Esp!
[15:14:53]EMOTE: chicken/ : <B>The chicken</B> clucks.
[15:15:07]EMOTE: crab/ : <B>The crab</B> clacks.
[15:15:13]SAY: chicken/ : Cluck!
[15:15:15]EMOTE: mouse (818)/ : <B>The mouse (818)</B> runs in a circle.
[15:15:19]EMOTE: chicken/ : <B>The chicken</B> flaps its wings viciously.
[15:15:33]SAY: chicken/ : Cluck!
[15:16:02]EMOTE: kitten/ : <B>The kitten</B> shivers.
[15:16:12]EMOTE: chicken/ : <B>The chicken</B> clucks.
[15:16:16]EMOTE: Coffee/ : <B>Coffee</B> clicks.
[15:17:00]EMOTE: Coffee/ : <B>Coffee</B> clicks.
[15:17:24]EMOTE: Ian/ : <B>Ian</B> chases their tail
[15:17:39]DEBUG: Event 'Economic News' has completed at 12:20.
[15:17:39]SAY: chicken/ : Bwaak bwak.
[15:17:47]EMOTE: Ian/ : <B>Ian</B> barks.
[15:18:41]EMOTE: chicken/ : <B>The chicken</B> pecks at the ground.
[15:18:45]SAY: chicken/ : Bwaak bwak.
[15:18:45]ACCESS: Logout: *no key*/(Camile Crafter)
[15:18:45]ACCESS: Login: Cassy_jenelle/(Camile Crafter) from 127.0.0.1-1964287214 || BYOND v506
[15:18:51]EMOTE: Experiment 68a/ : <B>Experiment 68a</B> clacks.
[15:19:17]ADMIN: Cassy_jenelle/(Camile Crafter) teleported @Cassy_jenelle/(Camile Crafter)
[15:19:20]ACCESS: Logout: *no key*/(Camile Crafter)
[15:19:20]ACCESS: Login: Cassy_jenelle/(Camile Crafter) from 127.0.0.1-1964287214 || BYOND v506
[15:19:22]SAY: kitten/ : Purr!
[15:19:27]ATTACK: Camile Crafter (cassyjenelle) used the black dildo to attack Camile Crafter (cassyjenelle) (<A HREF='?_src_=holder;adminplayerobservecoodjump=1;X=187;Y=87;Z=2'>JMP</a>)
[15:19:27]ATTACK: Cassy_jenelle/(Camile Crafter) attacked Cassy_jenelle/(Camile Crafter) with black dildo (INTENT: HELP) (DAMTYE: BRUTE)
[15:19:32]ATTACK: Camile Crafter (cassyjenelle) used the black dildo to attack Camile Crafter (cassyjenelle) (<A HREF='?_src_=holder;adminplayerobservecoodjump=1;X=187;Y=87;Z=2'>JMP</a>)
[15:19:32]ATTACK: Cassy_jenelle/(Camile Crafter) attacked Cassy_jenelle/(Camile Crafter) with black dildo (INTENT: HELP) (DAMTYE: BRUTE)
[15:19:44]SAY: chicken/ : Cluck!
[15:20:30]ADMIN: Cassy_jenelle/(Camile Crafter) deleted Chemist labcoat at (0,0,0)
[15:20:54]ATTACK: Camile Crafter (cassyjenelle) used the black dildo to attack Camile Crafter (cassyjenelle) (<A HREF='?_src_=holder;adminplayerobservecoodjump=1;X=187;Y=87;Z=2'>JMP</a>)
[15:20:54]ATTACK: Cassy_jenelle/(Camile Crafter) attacked Cassy_jenelle/(Camile Crafter) with black dildo (INTENT: HELP) (DAMTYE: BRUTE)
[15:22:06]SAY: kitten/ : HSSSSS
[15:22:24]EMOTE: Runtime/ : <B>Runtime</B> shivers.
[15:22:34]EMOTE: Ian/ : <B>Ian</B> dances around
[15:22:36]SAY: grey baby slime (834)/ : Lonely...
[15:22:50]EMOTE: Parrot/ : <B>The Parrot</B> flutters its wings.
[15:23:45]EMOTE: Ian/ : <B>Ian</B> dances around
[15:23:55]EMOTE: Ian/ : <B>Ian</B> dances around
[15:24:03]SAY: grey baby slime (996)/ : Lonely...
[15:24:03]EMOTE: Ian/ : <B>Ian</B> woofs.
[15:24:49]EMOTE: Experiment 97d/ : <B>Experiment 97d</B> brays.
[15:25:04]SAY: chicken/ : Bwaak bwak.
[15:25:18]SAY: chicken/ : Bwaak bwak.
[15:25:36]EMOTE: Ian/ : <B>Ian</B> chases their tail
[15:26:24]SAY: kitten/ : Meow!
[15:26:24]SAY: chicken/ : BWAAAAARK BWAK BWAK BWAK!
[15:26:32]EMOTE: chicken/ : <B>The chicken</B> clucks.
[15:27:55]SAY: kitten/ : Esp!
[15:27:59]SAY: Ian/ : Bark!
[15:28:18]SAY: chicken/ : Cluck!
[15:28:20]EMOTE: chicken/ : <B>The chicken</B> clucks.
[15:28:42]DEBUG: Next event of severity Mundane in 15.472 minutes.
[15:28:42]DEBUG: Starting event 'Vermin Infestation' of severity Mundane.
[15:29:05]DEBUG: Event 'Vermin Infestation' has completed at 12:31.
[15:29:12]SAY: chicken/ : Bwaak bwak.
[15:29:18]EMOTE: chicken/ : <B>The chicken</B> flaps its wings viciously.
[15:29:40]EMOTE: Ian/ : <B>Ian</B> chases their tail
[15:29:40]EMOTE: Experiment 68a/ : <B>Experiment 68a</B> clacks.
[15:29:54]EMOTE: Ian/ : <B>Ian</B> chases their tail
[15:30:27]EMOTE: Experiment 97d/ : <B>Experiment 97d</B> shakes its head.
[15:30:39]EMOTE: Experiment 68a/ : <B>Experiment 68a</B> clacks.
[15:30:47]EMOTE: Coffee/ : <B>Coffee</B> clacks.
[15:30:47]EMOTE: crab/ : <B>The crab</B> clicks.
[15:31:07]EMOTE: Experiment 68a/ : <B>Experiment 68a</B> clicks.
[15:31:29]EMOTE: chicken/ : <B>The chicken</B> flaps its wings viciously.
[15:31:35]EMOTE: Parrot/ : <B>The Parrot</B> flutters its wings.
[15:31:37]EMOTE: Coffee/ : <B>Coffee</B> clicks.
[15:32:34]EMOTE: Coffee/ : <B>Coffee</B> clicks.
[15:33:08]EMOTE: Runtime/ : <B>Runtime</B> mews.
[15:34:16]EMOTE: chicken/ : <B>The chicken</B> pecks at the ground.
[15:34:20]SAY: chicken/ : Cluck!
[15:34:55]EMOTE: chicken/ : <B>The chicken</B> pecks at the ground.
[15:35:01]SAY: Parrot/ : Cracker?
[15:35:21]SAY: chicken/ : BWAAAAARK BWAK BWAK BWAK!
[15:35:29]EMOTE: Runtime/ : <B>Runtime</B> shivers.
[15:35:33]SAY: chicken/ : BWAAAAARK BWAK BWAK BWAK!
[15:36:44]SAY: Experiment 97d/ : Eh?
[15:36:56]EMOTE: chicken/ : <B>The chicken</B> flaps its wings viciously.
[15:37:02]SAY: grey baby slime (996)/ : Blop...
[15:37:22]EMOTE: Ian/ : <B>Ian</B> dances around
[15:37:28]SAY: chicken/ : Bwaak bwak.
[15:37:40]SAY: Runtime/ : Esp!
[15:37:42]SAY: kitten/ : HSSSSS
[15:38:05]EMOTE: kitten/ : <B>The kitten</B> shakes their head.
[15:38:43]EMOTE: Experiment 97d/ : <B>Experiment 97d</B> glares around.
[15:38:51]SAY: chicken/ : BWAAAAARK BWAK BWAK BWAK!
[15:39:25]EMOTE: chicken/ : <B>The chicken</B> flaps its wings viciously.
[15:39:44]EMOTE: chicken/ : <B>The chicken</B> pecks at the ground.
[15:39:58]EMOTE: Ian/ : <B>Ian</B> chases their tail
[15:40:06]SAY: Parrot/ : Cracker?
[15:40:10]SAY: grey baby slime (834)/ : Hungry...
[15:40:10]EMOTE: chicken/ : <B>The chicken</B> flaps its wings viciously.
[15:40:42]EMOTE: Ian/ : <B>Ian</B> chases their tail
[15:41:22]SAY: kitten/ : Meow!
[15:41:26]SAY: Runtime/ : Meow!
[15:41:34]SAY: chicken/ : Cluck!
[15:42:43]SAY: chicken/ : BWAAAAARK BWAK BWAK BWAK!
[15:42:51]SAY: chicken/ : Bwaak bwak.
[15:43:03]EMOTE: Experiment 97d/ : <B>Experiment 97d</B> brays.
[15:43:47]SAY: Parrot/ : Hello!
[15:43:57]SAY: kitten/ : Esp!
[15:44:10]SAY: chicken/ : BWAAAAARK BWAK BWAK BWAK!
[15:44:20]SAY: Runtime/ : HSSSSS
[15:44:44]EMOTE: Ian/ : <B>Ian</B> chases their tail
[15:44:47]DEBUG: Next event of severity Moderate in 50.676 minutes.
[15:44:47]DEBUG: Starting event 'Nothing' of severity Moderate.
[15:44:49]DEBUG: Event 'Nothing' has completed at 12:45.
[15:45:06]EMOTE: Ian/ : <B>Ian</B> dances around
[15:45:13]DEBUG: Next event of severity Mundane in 17.748 minutes.
[15:45:13]DEBUG: Starting event 'Trivial News' of severity Mundane.
[15:45:18]SAY: chicken/ : Cluck!
[15:45:35]DEBUG: Event 'Trivial News' has completed at 12:46.
[15:45:51]EMOTE: chicken/ : <B>The chicken</B> pecks at the ground.
[15:46:51]EMOTE: chicken/ : <B>The chicken</B> pecks at the ground.
[15:47:37]EMOTE: Ian/ : <B>Ian</B> chases their tail
[15:47:51]EMOTE: Experiment 68a/ : <B>Experiment 68a</B> clacks.
[15:47:55]SAY: Experiment 97d/ : Eh?
[15:48:03]SAY: chicken/ : BWAAAAARK BWAK BWAK BWAK!
[15:48:07]EMOTE: Experiment 68a/ : <B>Experiment 68a</B> clacks.
[15:48:11]SAY: chicken/ : Bwaak bwak.
[15:48:19]EMOTE: Parrot/ : <B>The Parrot</B> squawks.
[15:48:44]SAY: grey baby slime (834)/ : Hungry...
[15:49:12]EMOTE: Ian/ : <B>Ian</B> shivers.
[15:49:22]EMOTE: Experiment 68a/ : <B>Experiment 68a</B> clacks.
[15:49:23]EMOTE: chicken/ : <B>The chicken</B> pecks at the ground.
[15:49:53]EMOTE: Experiment 68a/ : <B>Experiment 68a</B> clicks.
[15:50:01]EMOTE: crab/ : <B>The crab</B> clicks.
[15:50:42]EMOTE: Runtime/ : <B>Runtime</B> shivers.
[15:51:26]SAY: chicken/ : BWAAAAARK BWAK BWAK BWAK!
[15:52:29]EMOTE: chicken/ : <B>The chicken</B> flaps its wings viciously.
[15:52:41]SAY: grey baby slime (996)/ : Blop...
[15:53:06]EMOTE: chicken/ : <B>The chicken</B> flaps its wings viciously.
[15:53:08]SAY: chicken/ : Bwaak bwak.
[15:53:26]SAY: chicken/ : BWAAAAARK BWAK BWAK BWAK!
[15:53:28]EMOTE: chicken/ : <B>The chicken</B> flaps its wings viciously.
[15:53:40]EMOTE: Coffee/ : <B>Coffee</B> clacks.
[15:54:37]SAY: chicken/ : Cluck!
[15:54:55]SAY: kitten/ : Purr!
[15:54:59]SAY: chicken/ : Bwaak bwak.
[15:55:14]EMOTE: chicken/ : <B>The chicken</B> clucks.
[15:55:44]EMOTE: Ian/ : <B>Ian</B> dances around
[15:56:18]EMOTE: crab/ : <B>The crab</B> clacks.
[15:56:42]EMOTE: kitten/ : <B>The kitten</B> shivers.
[15:56:50]SAY: chicken/ : Bwaak bwak.
[15:58:08]EMOTE: Coffee/ : <B>Coffee</B> clicks.
[15:58:29]EMOTE: chicken/ : <B>The chicken</B> flaps its wings viciously.
[15:59:19]EMOTE: chicken/ : <B>The chicken</B> pecks at the ground.
[15:59:30]EMOTE: Parrot/ : <B>The Parrot</B> squawks.
[15:59:50]EMOTE: Coffee/ : <B>Coffee</B> clacks.
[16:00:12]SAY: grey baby slime (996)/ : Where is the food?
[16:00:43]SAY: chicken/ : Cluck!
[16:00:47]SAY: Runtime/ : Meow!
[16:00:51]EMOTE: crab/ : <B>The crab</B> clacks.
[16:00:57]EMOTE: Ian/ : <B>Ian</B> dances around
[16:00:59]EMOTE: Experiment 68a/ : <B>Experiment 68a</B> clicks.
[16:01:19]SAY: grey baby slime (834)/ : Lonely...
[16:01:38]SAY: chicken/ : BWAAAAARK BWAK BWAK BWAK!
[16:01:58]EMOTE: Ian/ : <B>Ian</B> dances around
[16:02:16]EMOTE: Ian/ : <B>Ian</B> dances around
[16:02:38]EMOTE: Ian/ : <B>Ian</B> dances around
[16:02:50]EMOTE: Experiment 68a/ : <B>Experiment 68a</B> clacks.
[16:03:03]EMOTE: chicken/ : <B>The chicken</B> flaps its wings viciously.
[16:03:15]EMOTE: Ian/ : <B>Ian</B> chases their tail
[16:03:21]EMOTE: Ian/ : <B>Ian</B> chases their tail
[16:03:21]SAY: chicken/ : BWAAAAARK BWAK BWAK BWAK!
[16:04:04]DEBUG: Next event of severity Mundane in 12.586 minutes.
[16:04:04]DEBUG: Starting event 'Economic News' of severity Mundane.
[16:04:11]EMOTE: Ian/ : <B>Ian</B> woofs.
[16:04:12]SAY: chicken/ : BWAAAAARK BWAK BWAK BWAK!
[16:04:30]EMOTE: Ian/ : <B>Ian</B> pants.
[16:04:32]EMOTE: Experiment 68a/ : <B>Experiment 68a</B> clicks.
[16:04:50]SAY: chicken/ : BWAAAAARK BWAK BWAK BWAK!
[16:05:46]SAY: chicken/ : Bwaak bwak.
[16:05:52]EMOTE: Ian/ : <B>Ian</B> barks.
[16:06:19]DEBUG: Event 'Economic News' has completed at 13:06.
[16:06:27]SAY: Runtime/ : Meow!
[16:06:47]EMOTE: Ian/ : <B>Ian</B> dances around
[16:06:57]SAY: grey baby slime (996)/ : Blop...
[16:07:29]EMOTE: chicken/ : <B>The chicken</B> pecks at the ground.
[16:07:57]EMOTE: Experiment 97d/ : <B>Experiment 97d</B> stamps a foot.
[16:08:01]EMOTE: Ian/ : <B>Ian</B> barks.
[16:08:05]EMOTE: Experiment 68a/ : <B>Experiment 68a</B> clacks.
[16:08:16]SAY: chicken/ : BWAAAAARK BWAK BWAK BWAK!
[16:08:32]EMOTE: Ian/ : <B>Ian</B> chases their tail
[16:08:44]EMOTE: Ian/ : <B>Ian</B> pants.
[16:09:00]EMOTE: Ian/ : <B>Ian</B> dances around
[16:09:50]EMOTE: Ian/ : <B>Ian</B> barks.
[16:10:21]SAY: chicken/ : BWAAAAARK BWAK BWAK BWAK!
[16:10:31]SAY: Runtime/ : HSSSSS
[16:10:37]EMOTE: chicken/ : <B>The chicken</B> flaps its wings viciously.
[16:10:58]EMOTE: crab/ : <B>The crab</B> clicks.
[16:11:20]EMOTE: Ian/ : <B>Ian</B> barks.
[16:12:10]SAY: chicken/ : BWAAAAARK BWAK BWAK BWAK!
[16:12:17]SAY: chicken/ : BWAAAAARK BWAK BWAK BWAK!
[16:12:21]EMOTE: chicken/ : <B>The chicken</B> pecks at the ground.
[16:12:25]SAY: chicken/ : BWAAAAARK BWAK BWAK BWAK!
[16:13:26]EMOTE: Parrot/ : <B>The Parrot</B> bawks.
[16:14:19]EMOTE: Coffee/ : <B>Coffee</B> clicks.
[16:14:45]SAY: chicken/ : Bwaak bwak.
[16:15:03]EMOTE: chicken/ : <B>The chicken</B> pecks at the ground.
[16:15:21]SAY: grey baby slime (996)/ : I want to eat...
[16:15:36]SAY: Runtime/ : HSSSSS
[16:16:32]EMOTE: Experiment 68a/ : <B>Experiment 68a</B> clicks.
[16:16:45]SAY: Runtime/ : Meow!
[16:16:49]EMOTE: Ian/ : <B>Ian</B> dances around
[16:17:01]SAY: Experiment 97d/ : EHEHEHEHEH
[16:17:21]SAY: Runtime/ : Esp!
[16:17:22]DEBUG: Next event of severity Mundane in 17.512 minutes.
[16:17:22]DEBUG: Starting event 'Mundane News' of severity Mundane.
[16:17:44]DEBUG: Event 'Mundane News' has completed at 13:16.
[16:18:48]EMOTE: Ian/ : <B>Ian</B> chases their tail
[16:19:09]EMOTE: chicken/ : <B>The chicken</B> pecks at the ground.
[16:19:23]EMOTE: Experiment 97d/ : <B>Experiment 97d</B> brays.
[16:19:29]SAY: chicken/ : Cluck!
[16:20:39]EMOTE: chicken/ : <B>The chicken</B> clucks.
[16:21:42]SAY: chicken/ : BWAAAAARK BWAK BWAK BWAK!
[16:22:10]EMOTE: crab/ : <B>The crab</B> clacks.
[16:22:41]EMOTE: crab/ : <B>The crab</B> clicks.
[16:23:08]EMOTE: Experiment 68a/ : <B>Experiment 68a</B> clacks.
[16:23:18]EMOTE: Ian/ : <B>Ian</B> dances around
[16:23:36]EMOTE: crab/ : <B>The crab</B> clacks.
[16:23:44]EMOTE: Coffee/ : <B>Coffee</B> clacks.
[16:23:56]EMOTE: Ian/ : <B>Ian</B> dances around
[16:24:12]SAY: chicken/ : Bwaak bwak.
[16:24:31]SAY: chicken/ : Bwaak bwak.
[16:24:59]EMOTE: chicken/ : <B>The chicken</B> pecks at the ground.
[16:25:20]SAY: grey baby slime (996)/ : I want to eat...
[16:25:20]EMOTE: chicken/ : <B>The chicken</B> clucks.
[16:25:34]EMOTE: Ian/ : <B>Ian</B> shakes its head.
[16:25:36]SAY: grey baby slime (834)/ : Lonely...
[16:25:40]EMOTE: Runtime/ : <B>Runtime</B> shakes their head.
[16:26:00]SAY: Ian/ : AUUUUUU
[16:26:19]SAY: chicken/ : BWAAAAARK BWAK BWAK BWAK!
[16:27:03]EMOTE: Ian/ : <B>Ian</B> shakes its head.
[16:27:42]EMOTE: Experiment 68a/ : <B>Experiment 68a</B> clicks.
[16:27:56]EMOTE: chicken/ : <B>The chicken</B> flaps its wings viciously.
[16:28:04]EMOTE: Runtime/ : <B>Runtime</B> mews.
[16:28:21]EMOTE: Ian/ : <B>Ian</B> woofs.
[16:28:39]EMOTE: Coffee/ : <B>Coffee</B> clacks.
[16:28:41]SAY: chicken/ : BWAAAAARK BWAK BWAK BWAK!
[16:28:49]EMOTE: crab/ : <B>The crab</B> clicks.
[16:28:56]SAY: kitten/ : Purr!
[16:29:00]EMOTE: chicken/ : <B>The chicken</B> pecks at the ground.
[16:29:18]SAY: chicken/ : Cluck!
[16:29:24]EMOTE: crab/ : <B>The crab</B> clacks.
[16:29:52]EMOTE: chicken/ : <B>The chicken</B> pecks at the ground.
[16:30:15]SAY: chicken/ : Cluck!
[16:30:19]EMOTE: Ian/ : <B>Ian</B> dances around
[16:30:51]EMOTE: Ian/ : <B>Ian</B> dances around
[16:32:15]EMOTE: chicken/ : <B>The chicken</B> clucks.
[16:32:21]EMOTE: Coffee/ : <B>Coffee</B> clacks.
[16:33:42]EMOTE: chicken/ : <B>The chicken</B> flaps its wings viciously.
[16:33:52]EMOTE: Ian/ : <B>Ian</B> chases their tail
[16:34:19]SAY: chicken/ : Bwaak bwak.
[16:34:47]EMOTE: Runtime/ : <B>Runtime</B> shivers.
[16:34:47]EMOTE: chicken/ : <B>The chicken</B> clucks.
[16:34:49]SAY: Experiment 97d/ : EHEHEHEHEH
[16:35:38]EMOTE: Ian/ : <B>Ian</B> chases their tail
[16:35:44]EMOTE: Ian/ : <B>Ian</B> dances around
[16:35:48]EMOTE: crab/ : <B>The crab</B> clicks.
[16:35:49]DEBUG: Next event of severity Mundane in 12.412 minutes.
[16:35:49]DEBUG: Starting event 'Trivial News' of severity Mundane.
[16:36:01]EMOTE: chicken/ : <B>The chicken</B> pecks at the ground.
[16:36:11]DEBUG: Event 'Trivial News' has completed at 13:34.
[16:36:11]EMOTE: chicken/ : <B>The chicken</B> clucks.
[16:37:18]SAY: chicken/ : BWAAAAARK BWAK BWAK BWAK!
[16:37:44]EMOTE: chicken/ : <B>The chicken</B> flaps its wings viciously.
[16:38:21]DEBUG: Next event of severity Moderate in 37.296 minutes.
[16:38:21]DEBUG: Starting event 'Nothing' of severity Moderate.
[16:38:23]DEBUG: Event 'Nothing' has completed at 13:36.
[16:39:10]EMOTE: Coffee/ : <B>Coffee</B> clacks.
[16:39:12]SAY: grey baby slime (834)/ : Hungry...
[16:39:18]DEBUG: Next event of severity Major in 79.342 minutes.
[16:39:18]DEBUG: Starting event 'Nothing' of severity Major.
[16:39:20]DEBUG: Event 'Nothing' has completed at 13:37.
[16:39:24]SAY: kitten/ : HSSSSS
[16:39:28]SAY: grey baby slime (834)/ : Rawr...
[16:39:38]SAY: chicken/ : BWAAAAARK BWAK BWAK BWAK!
[16:39:42]EMOTE: Ian/ : <B>Ian</B> barks.
[16:40:23]SAY: chicken/ : Bwaak bwak.
[16:41:44]EMOTE: kitten/ : <B>The kitten</B> shakes their head.
[16:41:44]SAY: chicken/ : Bwaak bwak.
[16:41:54]EMOTE: Ian/ : <B>Ian</B> dances around
[16:42:49]EMOTE: chicken/ : <B>The chicken</B> pecks at the ground.
[16:44:10]SAY: chicken/ : BWAAAAARK BWAK BWAK BWAK!
[16:45:21]EMOTE: Experiment 68a/ : <B>Experiment 68a</B> clicks.
[16:45:45]SAY: chicken/ : Cluck!
[16:47:14]SAY: chicken/ : BWAAAAARK BWAK BWAK BWAK!
[16:47:50]EMOTE: Ian/ : <B>Ian</B> chases their tail
[16:48:02]SAY: kitten/ : Purr!
[16:48:10]SAY: chicken/ : Bwaak bwak.
[16:48:19]EMOTE: Ian/ : <B>Ian</B> dances around
[16:48:52]DEBUG: Next event of severity Mundane in 13.082 minutes.
[16:48:52]DEBUG: Starting event 'Trivial News' of severity Mundane.
[16:49:14]DEBUG: Event 'Trivial News' has completed at 13:46.
[16:49:42]EMOTE: Coffee/ : <B>Coffee</B> clicks.
[16:49:58]SAY: Parrot/ : Cracker?
[16:50:09]EMOTE: chicken/ : <B>The chicken</B> flaps its wings viciously.
[16:50:27]SAY: chicken/ : Bwaak bwak.
[16:50:31]SAY: chicken/ : Bwaak bwak.
[16:50:43]SAY: chicken/ : BWAAAAARK BWAK BWAK BWAK!
[16:50:51]EMOTE: Parrot/ : <B>The Parrot</B> bawks.
[16:51:01]EMOTE: kitten/ : <B>The kitten</B> mews.
[16:51:22]ACCESS: Login: Mirkoloio/(Mirkoloio) from 46.114.144.251-3042442290 || BYOND v506
[16:51:40]EMOTE: Runtime/ : <B>Runtime</B> meows.
[16:51:50]SAY: chicken/ : BWAAAAARK BWAK BWAK BWAK!
[16:51:59]OOC: Mirkoloio/Mirkoloio : heeeyooo Cassy
[16:52:25]SAY: chicken/ : Bwaak bwak.
[16:54:04]SAY: grey baby slime (996)/ : Where is the food?
[16:54:31]SAY: Experiment 97d/ : EHEHEHEHEH
[16:54:43]EMOTE: Experiment 97d/ : <B>Experiment 97d</B> shakes its head.
[16:54:57]SAY: grey baby slime (834)/ : Blorble...
[16:55:20]EMOTE: chicken/ : <B>The chicken</B> flaps its wings viciously.
[16:55:42]SAY: grey baby slime (996)/ : Blop...
[16:55:56]EMOTE: chicken/ : <B>The chicken</B> pecks at the ground.
[16:56:19]EMOTE: chicken/ : <B>The chicken</B> pecks at the ground.
[16:56:21]SAY: Ian/ : AUUUUUU
[16:56:25]SAY: grey baby slime (996)/ : So... hungry...
[16:56:25]SAY: chicken/ : BWAAAAARK BWAK BWAK BWAK!
[16:57:28]EMOTE: Experiment 68a/ : <B>Experiment 68a</B> clicks.
[16:57:30]SAY: chicken/ : Cluck!
[16:57:38]SAY: chicken/ : Bwaak bwak.
[16:57:54]EMOTE: Experiment 68a/ : <B>Experiment 68a</B> clacks.
[16:59:06]EMOTE: chicken/ : <B>The chicken</B> clucks.
[16:59:20]EMOTE: Coffee/ : <B>Coffee</B> clicks.
[16:59:22]EMOTE: Experiment 68a/ : <B>Experiment 68a</B> clacks.
[16:59:22]EMOTE: chicken/ : <B>The chicken</B> clucks.
[16:59:28]ACCESS: Logout: *no key*/(Mirkoloio)
[16:59:28]ACCESS: Login: Mirkoloio/(Jamison Stamos) from 46.114.144.251-3042442290 || BYOND v506
[16:59:48]EMOTE: kitten/ : <B>The kitten</B> shivers.
[16:59:54]SAY: grey baby slime (996)/ : Need... food...
[16:59:56]EMOTE: Ian/ : <B>Ian</B> chases their tail
[17:00:04]EMOTE: Experiment 68a/ : <B>Experiment 68a</B> clacks.
[17:00:24]SAY: chicken/ : Cluck!
[17:00:47]SAY: grey baby slime (996)/ : Blop...
[17:00:48]ATTACK: Mirkoloio/(Jamison Stamos) attacked Mirkoloio/(Jamison Stamos) with cheap lighter (INTENT: HELP) (DAMTYE: BRUTE)
[17:00:49]EMOTE: Parrot/ : <B>The Parrot</B> flutters its wings.
[17:01:05]EMOTE: Ian/ : <B>Ian</B> dances around
[17:01:17]ATTACK: Mirkoloio/(Jamison Stamos) attacked Mirkoloio/(Jamison Stamos) with tape roll (INTENT: HELP) (DAMTYE: BRUTE)
[17:02:38]DEBUG: Next event of severity Mundane in 14.566 minutes.
[17:02:38]DEBUG: Starting event 'Trivial News' of severity Mundane.
[17:03:00]DEBUG: Event 'Trivial News' has completed at 14:00.
[17:03:26]EMOTE: crab/ : <B>The crab</B> clacks.
[17:04:00]SAY: chicken/ : Cluck!
[17:04:19]SAY: Runtime/ : HSSSSS
[17:04:55]EMOTE: Runtime/ : <B>Runtime</B> shakes their head.
[17:04:55]EMOTE: kitten/ : <B>The kitten</B> shivers.
[17:05:13]SAY: chicken/ : BWAAAAARK BWAK BWAK BWAK!
[17:05:24]EMOTE: crab/ : <B>The crab</B> clacks.
[17:05:30]EMOTE: chicken/ : <B>The chicken</B> clucks.
[17:05:52]EMOTE: Experiment 68a/ : <B>Experiment 68a</B> clacks.
[17:05:54]SAY: Runtime/ : Purr!
[17:06:04]SAY: Experiment 97d/ : Eh?
[17:06:25]SAY: kitten/ : Purr!
[17:06:33]SAY: grey baby slime (834)/ : So... hungry...
[17:07:10]SAY: chicken/ : Cluck!
[17:07:34]SAY: chicken/ : Bwaak bwak.
[17:07:56]EMOTE: Experiment 97d/ : <B>Experiment 97d</B> brays.
[17:08:31]EMOTE: chicken/ : <B>The chicken</B> clucks.
[17:08:49]EMOTE: crab/ : <B>The crab</B> clacks.
[17:09:07]EMOTE: Experiment 68a/ : <B>Experiment 68a</B> clacks.
[17:09:10]EMOTE: Ian/ : <B>Ian</B> pants.
[17:09:42]SAY: grey baby slime (996)/ : Rawr...
[17:09:42]EMOTE: chicken/ : <B>The chicken</B> clucks.
[17:09:48]SAY: chicken/ : Bwaak bwak.
[17:10:17]SAY: grey baby slime (996)/ : So... hungry...
[17:10:33]SAY: grey baby slime (834)/ : Lonely...
[17:11:09]EMOTE: chicken/ : <B>The chicken</B> pecks at the ground.
[17:11:24]EMOTE: chicken/ : <B>The chicken</B> flaps its wings viciously.
[17:11:51]SAY: Ian/ : YAP
[17:12:11]EMOTE: chicken/ : <B>The chicken</B> flaps its wings viciously.
[17:12:21]EMOTE: Ian/ : <B>Ian</B> shivers.
[17:12:29]EMOTE: chicken/ : <B>The chicken</B> pecks at the ground.
[17:12:41]SAY: chicken/ : Cluck!
[17:12:51]EMOTE: Parrot/ : <B>The Parrot</B> bawks.
[17:13:00]ATTACK: Mirkoloio/(Jamison Stamos) has punched Mirkoloio/(Jamison Stamos)
[17:13:01]ATTACK: Mirkoloio/(Jamison Stamos) has punched Mirkoloio/(Jamison Stamos)
[17:13:03]ATTACK: Mirkoloio/(Jamison Stamos) has punched Mirkoloio/(Jamison Stamos)
[17:13:10]EMOTE: Coffee/ : <B>Coffee</B> clacks.
[17:13:14]ADMIN: HELP: Mirkoloio/(Jamison Stamos): Hey, Cassy. U there? - heard by 0 non-AFK admins.
[17:14:09]EMOTE: chicken/ : <B>The chicken</B> clucks.
[17:14:15]EMOTE: chicken/ : <B>The chicken</B> clucks.
[17:14:25]SAY: Parrot/ : Hello!
[17:14:37]SAY: chicken/ : BWAAAAARK BWAK BWAK BWAK!
[17:14:57]EMOTE: Coffee/ : <B>Coffee</B> clicks.
[17:15:26]EMOTE: chicken/ : <B>The chicken</B> flaps its wings viciously.
[17:15:48]EMOTE: Experiment 68a/ : <B>Experiment 68a</B> clacks.
[17:15:56]EMOTE: chicken/ : <B>The chicken</B> clucks.
[17:16:31]EMOTE: Ian/ : <B>Ian</B> dances around
[17:16:35]SAY: kitten/ : Esp!
[17:16:45]SAY: chicken/ : Cluck!
[17:16:57]SAY: kitten/ : Esp!
[17:17:30]DEBUG: Next event of severity Moderate in 46.202 minutes.
[17:17:30]DEBUG: Starting event 'Electrical Storm' of severity Moderate.
[17:17:32]DEBUG: Event 'Electrical Storm' has completed at 14:13.
[17:17:56]DEBUG: Next event of severity Mundane in 13.908 minutes.
[17:17:56]DEBUG: Starting event 'Brand Intelligence' of severity Mundane.
[17:18:00]EMOTE: Experiment 97d/ : <B>Experiment 97d</B> glares around.
[17:18:08]EMOTE: Runtime/ : <B>Runtime</B> shakes their head.
[17:18:14]EMOTE: chicken/ : <B>The chicken</B> clucks.
[17:18:22]EMOTE: chicken/ : <B>The chicken</B> clucks.
[17:18:48]SAY: grey baby slime (834)/ : Very... hungry...
[17:19:41]EMOTE: Coffee/ : <B>Coffee</B> clicks.
[17:20:03]EMOTE: Experiment 97d/ : <B>Experiment 97d</B> glares around.
[17:20:14]EMOTE: Parrot/ : <B>The Parrot</B> flutters its wings.
[17:20:46]EMOTE: crab/ : <B>The crab</B> clacks.
[17:20:54]SAY: Ian/ : AUUUUUU
[17:21:00]SAY: chicken/ : Bwaak bwak.
[17:21:08]SAY: grey baby slime (996)/ : Lonely...
[17:21:29]SAY: kitten/ : Purr!
[17:21:33]SAY: grey baby slime (996)/ : Lonely...
[17:21:57]EMOTE: Runtime/ : <B>Runtime</B> shivers.
[17:21:59]EMOTE: Coffee/ : <B>Coffee</B> clacks.
[17:22:05]EMOTE: Ian/ : <B>Ian</B> chases their tail
[17:22:07]EMOTE: Ian/ : <B>Ian</B> yaps.
[17:22:09]EMOTE: Ian/ : <B>Ian</B> dances around
[17:22:11]SAY: chicken/ : BWAAAAARK BWAK BWAK BWAK!
[17:23:06]SAY: chicken/ : Cluck!
[17:23:16]EMOTE: Ian/ : <B>Ian</B> dances around
[17:23:25]SAY: chicken/ : Bwaak bwak.
[17:23:33]SAY: kitten/ : HSSSSS
[17:23:35]EMOTE: chicken/ : <B>The chicken</B> pecks at the ground.
[17:23:47]EMOTE: Ian/ : <B>Ian</B> dances around
[17:25:45]SAY: chicken/ : Cluck!
[17:25:47]EMOTE: kitten/ : <B>The kitten</B> mews.
[17:25:51]EMOTE: chicken/ : <B>The chicken</B> clucks.
[17:26:08]SAY: Parrot/ : Hello!
[17:26:34]EMOTE: Ian/ : <B>Ian</B> chases their tail
[17:26:34]SAY: chicken/ : Bwaak bwak.
[17:27:35]SAY: grey baby slime (996)/ : Rawr...
[17:27:59]SAY: kitten/ : Purr!
[17:28:05]SAY: chicken/ : Cluck!
[17:28:20]EMOTE: Experiment 68a/ : <B>Experiment 68a</B> clicks.
[17:28:28]EMOTE: kitten/ : <B>The kitten</B> meows.
[17:28:32]EMOTE: Coffee/ : <B>Coffee</B> clicks.
[17:28:54]SAY: grey baby slime (834)/ : Blop...
[17:29:04]EMOTE: chicken/ : <B>The chicken</B> clucks.
[17:29:12]SAY: chicken/ : BWAAAAARK BWAK BWAK BWAK!
[17:29:21]SAY: chicken/ : Cluck!
[17:29:39]SAY: chicken/ : Bwaak bwak.
[17:29:55]EMOTE: Runtime/ : <B>Runtime</B> shivers.
[17:30:25]EMOTE: crab/ : <B>The crab</B> clacks.
[17:30:37]SAY: Ian/ : AUUUUUU
[17:30:37]EMOTE: Ian/ : <B>Ian</B> chases their tail
[17:30:45]SAY: Parrot/ : Hello!
[17:31:02]EMOTE: Experiment 68a/ : <B>Experiment 68a</B> clacks.
[17:31:08]EMOTE: chicken/ : <B>The chicken</B> pecks at the ground.
[17:31:16]EMOTE: Experiment 68a/ : <B>Experiment 68a</B> clicks.
[17:31:32]EMOTE: Runtime/ : <B>Runtime</B> meows.
[17:32:08]SAY: kitten/ : Esp!
[17:32:13]SAY: grey baby slime (834)/ : Must... eat...
[17:32:23]SAY: chicken/ : Bwaak bwak.
[17:32:25]EMOTE: chicken/ : <B>The chicken</B> flaps its wings viciously.
[17:32:32]DEBUG: Next event of severity Mundane in 12.456 minutes.
[17:32:32]DEBUG: Starting event 'Nothing' of severity Mundane.
[17:32:34]DEBUG: Event 'Nothing' has completed at 14:28.
[17:33:10]EMOTE: chicken/ : <B>The chicken</B> clucks.
[17:33:22]EMOTE: Experiment 68a/ : <B>Experiment 68a</B> clacks.
[17:33:44]EMOTE: Runtime/ : <B>Runtime</B> shakes their head.
[17:34:11]SAY: grey baby slime (834)/ : Blop...
[17:34:17]EMOTE: chicken/ : <B>The chicken</B> clucks.
[17:34:37]SAY: chicken/ : Cluck!
[17:35:20]EMOTE: Experiment 68a/ : <B>Experiment 68a</B> clacks.
[17:35:22]SAY: Ian/ : Bark!
[17:35:32]SAY: chicken/ : BWAAAAARK BWAK BWAK BWAK!
[17:36:20]SAY: chicken/ : BWAAAAARK BWAK BWAK BWAK!
[17:37:05]SAY: chicken/ : Bwaak bwak.
[17:38:26]ACCESS: Logout: Mirkoloio/(Jamison Stamos)
[17:38:53]EMOTE: Jamison Stamos/Mirkoloio : <B>Jamison Stamos</B> snores.
[17:39:54]EMOTE: Experiment 68a/ : <B>Experiment 68a</B> clacks.
[17:40:04]SAY: chicken/ : Cluck!
[17:40:22]EMOTE: Experiment 97d/ : <B>Experiment 97d</B> shakes its head.
[17:40:43]SAY: chicken/ : BWAAAAARK BWAK BWAK BWAK!
[17:40:48]EMOTE: Jamison Stamos/Mirkoloio : <B>Jamison Stamos</B> snores.
[17:41:01]SAY: chicken/ : BWAAAAARK BWAK BWAK BWAK!
[17:41:27]EMOTE: chicken/ : <B>The chicken</B> flaps its wings viciously.
[17:41:27]SAY: chicken/ : BWAAAAARK BWAK BWAK BWAK!
[17:41:39]EMOTE: chicken/ : <B>The chicken</B> flaps its wings viciously.
[17:41:47]EMOTE: Parrot/ : <B>The Parrot</B> flutters its wings.
[17:41:53]EMOTE: Jamison Stamos/Mirkoloio : <B>Jamison Stamos</B> snores.
[17:41:59]EMOTE: Experiment 97d/ : <B>Experiment 97d</B> brays.
[17:42:12]EMOTE: kitten/ : <B>The kitten</B> mews.
[17:42:14]SAY: kitten/ : HSSSSS
[17:42:26]SAY: Parrot/ : Cracker?
[17:42:58]EMOTE: chicken/ : <B>The chicken</B> flaps its wings viciously.
[17:43:04]EMOTE: Ian/ : <B>Ian</B> chases their tail
[17:43:04]EMOTE: Jamison Stamos/Mirkoloio : <B>Jamison Stamos</B> snores.
[17:43:22]EMOTE: Jamison Stamos/Mirkoloio : <B>Jamison Stamos</B> snores.
[17:43:32]SAY: chicken/ : Bwaak bwak.
[17:43:34]EMOTE: Coffee/ : <B>Coffee</B> clacks.
[17:43:36]EMOTE: Experiment 68a/ : <B>Experiment 68a</B> clacks.
[17:43:36]SAY: chicken/ : Cluck!
[17:43:38]EMOTE: crab/ : <B>The crab</B> clicks.
[17:44:03]EMOTE: Ian/ : <B>Ian</B> dances around
[17:44:13]EMOTE: crab/ : <B>The crab</B> clacks.
[17:44:35]EMOTE: crab/ : <B>The crab</B> clacks.
[17:45:06]SAY: chicken/ : Cluck!
[17:45:26]EMOTE: Ian/ : <B>Ian</B> chases their tail
[17:45:30]SAY: chicken/ : Cluck!
[17:45:37]DEBUG: Next event of severity Mundane in 15.478 minutes.
[17:45:37]DEBUG: Starting event 'Economic News' of severity Mundane.
[17:45:40]SAY: kitten/ : Esp!
[17:45:46]EMOTE: Jamison Stamos/Mirkoloio : <B>Jamison Stamos</B> snores.
[17:46:05]SAY: chicken/ : Cluck!
[17:46:31]EMOTE: chicken/ : <B>The chicken</B> pecks at the ground.
[17:46:39]SAY: kitten/ : HSSSSS
[17:46:45]EMOTE: chicken/ : <B>The chicken</B> flaps its wings viciously.
[17:46:45]EMOTE: Jamison Stamos/Mirkoloio : <B>Jamison Stamos</B> snores.
[17:46:55]EMOTE: chicken/ : <B>The chicken</B> clucks.
[17:47:08]EMOTE: Experiment 68a/ : <B>Experiment 68a</B> clicks.
[17:47:41]DEBUG: Event 'Economic News' has completed at 14:42.
[17:48:41]SAY: chicken/ : Bwaak bwak.
[17:48:49]EMOTE: Jamison Stamos/Mirkoloio : <B>Jamison Stamos</B> snores.
[17:49:30]EMOTE: chicken/ : <B>The chicken</B> flaps its wings viciously.
[17:49:34]SAY: kitten/ : Esp!
[17:49:36]SAY: Parrot/ : Cracker?
[17:49:52]EMOTE: Ian/ : <B>Ian</B> chases their tail
[17:50:12]EMOTE: Ian/ : <B>Ian</B> dances around
[17:50:41]EMOTE: chicken/ : <B>The chicken</B> pecks at the ground.
[17:50:41]SAY: chicken/ : BWAAAAARK BWAK BWAK BWAK!
[17:50:48]DEBUG: Event 'Brand Intelligence' has completed at 14:45.
[17:50:53]SAY: chicken/ : Bwaak bwak.
[17:52:00]EMOTE: Ian/ : <B>Ian</B> chases their tail
[17:52:29]SAY: Parrot/ : Hello!
[17:53:20]EMOTE: Runtime/ : <B>Runtime</B> meows.
[17:53:30]EMOTE: chicken/ : <B>The chicken</B> pecks at the ground.
[17:53:32]EMOTE: Jamison Stamos/Mirkoloio : <B>Jamison Stamos</B> snores.
[17:53:36]EMOTE: Runtime/ : <B>Runtime</B> shivers.
[17:54:25]EMOTE: chicken/ : <B>The chicken</B> pecks at the ground.
[17:54:39]EMOTE: crab/ : <B>The crab</B> clacks.
[17:54:57]EMOTE: Jamison Stamos/Mirkoloio : <B>Jamison Stamos</B> snores.
[17:55:09]SAY: kitten/ : HSSSSS
[17:55:26]EMOTE: Experiment 97d/ : <B>Experiment 97d</B> shakes its head.
[17:55:32]EMOTE: Jamison Stamos/Mirkoloio : <B>Jamison Stamos</B> snores.
[17:56:16]EMOTE: chicken/ : <B>The chicken</B> clucks.
[17:56:51]EMOTE: crab/ : <B>The crab</B> clacks.
[17:56:57]EMOTE: Jamison Stamos/Mirkoloio : <B>Jamison Stamos</B> snores.
[17:57:09]SAY: chicken/ : Cluck!
[17:57:31]EMOTE: chicken/ : <B>The chicken</B> clucks.
[17:57:43]SAY: chicken/ : Bwaak bwak.
[17:58:00]EMOTE: Ian/ : <B>Ian</B> chases their tail
[17:58:04]SAY: chicken/ : Cluck!
[17:58:10]EMOTE: chicken/ : <B>The chicken</B> clucks.
[17:58:24]EMOTE: kitten/ : <B>The kitten</B> mews.
[17:58:28]SAY: Parrot/ : Hello!
[17:58:42]EMOTE: Ian/ : <B>Ian</B> dances around
[17:58:53]EMOTE: Experiment 68a/ : <B>Experiment 68a</B> clicks.
[17:59:09]EMOTE: Experiment 68a/ : <B>Experiment 68a</B> clacks.
[17:59:15]EMOTE: Experiment 68a/ : <B>Experiment 68a</B> clacks.
[17:59:17]EMOTE: Jamison Stamos/Mirkoloio : <B>Jamison Stamos</B> snores.
[17:59:33]EMOTE: chicken/ : <B>The chicken</B> flaps its wings viciously.
[17:59:44]SAY: chicken/ : Bwaak bwak.
[17:59:56]SAY: chicken/ : Cluck!
[18:00:16]SAY: chicken/ : Bwaak bwak.
[18:00:22]EMOTE: Jamison Stamos/Mirkoloio : <B>Jamison Stamos</B> snores.
[18:01:49]DEBUG: Next event of severity Mundane in 12.048 minutes.
[18:01:49]DEBUG: Starting event 'Trivial News' of severity Mundane.
[18:02:11]DEBUG: Event 'Trivial News' has completed at 14:56.
[18:02:31]DEBUG: Next event of severity Major in 74.822 minutes.
[18:02:31]DEBUG: Starting event 'Nothing' of severity Major.
[18:02:33]DEBUG: Event 'Nothing' has completed at 14:56.
[18:02:35]EMOTE: Ian/ : <B>Ian</B> barks.
[18:03:15]SAY: kitten/ : Meow!
[18:03:18]ACCESS: Logout: Cassy_jenelle/(Camile Crafter)
