

Starting up. 17:22.52
---------------------
[17:22:55]ADMIN: Loading jobban_rank
[17:22:55]ADMIN: jobban_keylist was empty
[17:22:55]ADMIN: Loading Banlist
[17:22:57]DEBUG: Rebuilding Master Controller
[17:23:53]ACCESS: Login: Cassy_jenelle/(Cassy_jenelle) from 127.0.0.1-1964287214 || BYOND v506
[17:25:05]ADMIN: Cassy_jenelle has started the game.
[17:25:05]ACCESS: Logout: *no key*/(Cassy_jenelle)
[17:25:05]ACCESS: Login: Cassy_jenelle/(Camile Crafter) from 127.0.0.1-1964287214 || BYOND v506
[17:25:10]DEBUG: Next event of severity Mundane in 12.58 minutes.
[17:25:10]DEBUG: Next event of severity Moderate in 47.464 minutes.
[17:25:10]DEBUG: Next event of severity Major in 99.6867 minutes.
[17:25:36]ACCESS: Logout: Cassy_jenelle/(Camile Crafter)


Starting up. 18:39.49
---------------------
[18:39:53]ADMIN: Loading jobban_rank
[18:39:53]ADMIN: jobban_keylist was empty
[18:39:53]ADMIN: Loading Banlist
[18:39:55]DEBUG: Rebuilding Master Controller
[18:40:16]ACCESS: Login: Cassy_jenelle/(Cassy_jenelle) from 127.0.0.1-1964287214 || BYOND v506
[18:40:48]ADMIN: Cassy_jenelle has started the game.
[18:40:49]ACCESS: Logout: *no key*/(Cassy_jenelle)
[18:40:49]ACCESS: Login: Cassy_jenelle/(Camile Crafter) from 127.0.0.1-1964287214 || BYOND v506
[18:40:54]DEBUG: Next event of severity Mundane in 14.038 minutes.
[18:40:54]DEBUG: Next event of severity Moderate in 49.93 minutes.
[18:40:54]DEBUG: Next event of severity Major in 83.8433 minutes.
[18:40:57]EMOTE: Parrot/ : <B>The Parrot</B> turns and flies towards the deck of cards
[18:41:00]ACCESS: Logout: Cassy_jenelle/(Camile Crafter)


Starting up. 18:47.04
---------------------
[18:47:11]ADMIN: Loading jobban_rank
[18:47:11]ADMIN: jobban_keylist was empty
[18:47:11]ADMIN: Loading Banlist
[18:47:12]DEBUG: Rebuilding Master Controller
[18:47:43]ACCESS: Login: Cassy_jenelle/(Cassy_jenelle) from 127.0.0.1-1964287214 || BYOND v506


Starting up. 19:03.13
---------------------
[19:03:22]ADMIN: Loading jobban_rank
[19:03:22]ADMIN: jobban_keylist was empty
[19:03:22]ADMIN: Loading Banlist
[19:03:26]DEBUG: Rebuilding Master Controller


Starting up. 19:15.57
---------------------
[19:16:02]ADMIN: Loading jobban_rank
[19:16:02]ADMIN: jobban_keylist was empty
[19:16:02]ADMIN: Loading Banlist
[19:16:04]DEBUG: Rebuilding Master Controller


Starting up. 19:34.54
---------------------
[19:34:57]ADMIN: Loading jobban_rank
[19:34:57]ADMIN: jobban_keylist was empty
[19:34:57]ADMIN: Loading Banlist
[19:34:59]DEBUG: Rebuilding Master Controller


Starting up. 19:44.32
---------------------
[19:44:34]ADMIN: Loading jobban_rank
[19:44:34]ADMIN: jobban_keylist was empty
[19:44:34]ADMIN: Loading Banlist
[19:44:36]DEBUG: Rebuilding Master Controller
[19:45:30]ACCESS: Login: Cassy_jenelle/(Cassy_jenelle) from 127.0.0.1-1964287214 || BYOND v506
[19:46:11]ADMIN: Cassy_jenelle has started the game.
[19:46:12]ACCESS: Logout: *no key*/(Cassy_jenelle)
[19:46:12]ACCESS: Login: Cassy_jenelle/(Camile Crafter) from 127.0.0.1-1964287214 || BYOND v506
[19:46:17]DEBUG: Next event of severity Mundane in 12.126 minutes.
[19:46:17]DEBUG: Next event of severity Moderate in 52.552 minutes.
[19:46:17]DEBUG: Next event of severity Major in 83.8683 minutes.
[19:46:19]EMOTE: Parrot/ : <B>The Parrot</B> turns and flies towards the deck of cards
[19:46:25]ACCESS: Logout: *no key*/(Camile Crafter)
[19:46:25]ACCESS: Login: Cassy_jenelle/(Camile Crafter) from 127.0.0.1-1964287214 || BYOND v506
[19:46:48]EMOTE: Ian/ : <B>Ian</B> dances around
[19:46:48]EMOTE: Experiment 68a/ : <B>Experiment 68a</B> clacks.
[19:46:48]ADMIN: Cassy_jenelle/(Camile Crafter) spawned /obj/machinery/vending/suits at (253,106,2)
[19:46:49]ACCESS: Logout: *no key*/(Camile Crafter)
[19:46:49]ACCESS: Login: Cassy_jenelle/(Camile Crafter) from 127.0.0.1-1964287214 || BYOND v506
[19:46:50]SAY: mouse (630)/ : Squeek!
[19:47:04]ACCESS: Logout: *no key*/(Camile Crafter)
[19:47:04]ACCESS: Login: Cassy_jenelle/(Camile Crafter) from 127.0.0.1-1964287214 || BYOND v506
[19:47:15]ADMIN: Cassy_jenelle/(Camile Crafter) spawned /area/centcom/living at (250,105,2)
[19:47:18]EMOTE: Coffee/ : <B>Coffee</B> clicks.
[19:47:21]ADMIN: Cassy_jenelle/(Camile Crafter) spawned /area/centcom/living at (253,105,2)
[19:47:22]ADMIN: Cassy_jenelle/(Camile Crafter) spawned /area/centcom/living at (253,103,2)
[19:47:24]ADMIN: Cassy_jenelle/(Camile Crafter) spawned /area/centcom/living at (253,106,2)
[19:47:26]ADMIN: Cassy_jenelle/(Camile Crafter) spawned /area/centcom/living at (253,104,2)
[19:47:31]ACCESS: Logout: *no key*/(Camile Crafter)
[19:47:31]ACCESS: Login: Cassy_jenelle/(Camile Crafter) from 127.0.0.1-1964287214 || BYOND v506
[19:47:43]ADMIN: Cassy_jenelle/(Camile Crafter) spawned /obj/structure/signpost at (253,104,2)
[19:47:46]EMOTE: mouse (630)/ : <B>The mouse (630)</B> runs in a circle.
[19:47:48]SAY: kitten/ : Purr!
[19:47:58]EMOTE: mouse (667)/ : <B>The mouse (667)</B> squiks.
[19:48:13]ADMIN: Cassy_jenelle/(Camile Crafter) spawned /turf/simulated/floor at (253,103,2)
[19:48:16]SAY: kitten/ : Purr!
[19:48:20]SAY: mouse (405)/ : Squeek?
[19:48:22]SAY: Ian/ : Woof!
[19:48:30]ADMIN: Cassy_jenelle/(Camile Crafter) modified floor's icon_state to pavement
[19:48:44]EMOTE: Ian/ : <B>Ian</B> dances around
[19:49:28]EMOTE: mouse (884)/ : <B>The mouse (884)</B> runs in a circle.
[19:49:28]EMOTE: Runtime/ : <B>Runtime</B> shivers.
[19:49:58]ACCESS: Logout: Cassy_jenelle/(Camile Crafter)


Starting up. 19:54.51
---------------------
[19:54:53]ADMIN: Loading jobban_rank
[19:54:53]ADMIN: jobban_keylist was empty
[19:54:53]ADMIN: Loading Banlist
[19:54:55]DEBUG: Rebuilding Master Controller


Starting up. 20:58.21
---------------------
[20:58:26]ADMIN: Loading jobban_rank
[20:58:26]ADMIN: jobban_keylist was empty
[20:58:26]ADMIN: Loading Banlist
[20:58:29]DEBUG: Rebuilding Master Controller
