

Starting up. 11:43.33
---------------------
[11:43:37]ADMIN: Loading jobban_rank
[11:43:37]ADMIN: jobban_keylist was empty
[11:43:37]ADMIN: Loading Banlist
[11:43:41]DEBUG: Rebuilding Master Controller
[11:45:16]ACCESS: Login: Cassy_jenelle/(Cassy_jenelle) from 127.0.0.1-1964287214 || BYOND v506
[11:46:12]ADMIN: Cassy_jenelle has started the game.
[11:46:13]ACCESS: Logout: *no key*/(Cassy_jenelle)
[11:46:13]ACCESS: Login: Cassy_jenelle/(Camile Crafter) from 127.0.0.1-1964287214 || BYOND v506
[11:46:20]DEBUG: Next event of severity Mundane in 17.802 minutes.
[11:46:20]DEBUG: Next event of severity Moderate in 45.424 minutes.
[11:46:20]DEBUG: Next event of severity Major in 86.7833 minutes.
[11:46:24]ACCESS: Logout: *no key*/(Camile Crafter)
[11:46:24]ACCESS: Login: Cassy_jenelle/(Camile Crafter) from 127.0.0.1-1964287214 || BYOND v506
[11:46:29]EMOTE: Parrot/ : <B>The Parrot</B> turns and flies towards the deck of cards
[11:46:35]SAY: Ian/ : AUUUUUU
[11:46:42]ADMIN: Cassy_jenelle/(Camile Crafter) teleported @Cassy_jenelle/(Camile Crafter)
[11:46:43]EMOTE: Experiment 68a/ : <B>Experiment 68a</B> clicks.
[11:46:44]ACCESS: Logout: *no key*/(Camile Crafter)
[11:46:44]ACCESS: Login: Cassy_jenelle/(Camile Crafter) from 127.0.0.1-1964287214 || BYOND v506
[11:46:49]EMOTE: mouse (82)/ : <B>The mouse (82)</B> scritches at something.
[11:47:00]EMOTE: cat/ : <B>The cat</B> mews.
[11:47:38]EMOTE: mouse (945)/ : <B>The mouse (945)</B> shakes.
[11:47:44]EMOTE: crab/ : <B>The crab</B> clicks.
[11:47:54]EMOTE: cat/ : <B>The cat</B> shivers.
[11:48:02]EMOTE: mouse (199)/ : <B>The mouse (199)</B> shakes.
[11:48:10]SAY: mouse (199)/ : SQUEEK!
[11:48:30]SAY: cat/ : Esp!
[11:48:34]SAY: mouse (432)/ : SQUEEK!
[11:48:51]EMOTE: mouse (82)/ : <B>The mouse (82)</B> squiks.
[11:48:51]SAY: mouse (945)/ : SQUEEK!
[11:48:55]SAY: kitten/ : Esp!
[11:49:39]SAY: mouse (365)/ : Squeek!
[11:50:20]SAY: Runtime/ : Purr!
[11:50:44]EMOTE: mouse (855)/ : <B>The mouse (855)</B> squiks.
[11:50:58]EMOTE: Ian/ : <B>Ian</B> chases their tail
[11:51:08]SAY: grey baby slime (735)/ : Lonely...
[11:51:21]EMOTE: Ian/ : <B>Ian</B> chases their tail
[11:51:21]EMOTE: crab/ : <B>The crab</B> clicks.
[11:52:01]EMOTE: Ian/ : <B>Ian</B> dances around
[11:52:05]ACCESS: Logout: Cassy_jenelle/(Camile Crafter)


Starting up. 11:57.55
---------------------
[11:57:58]ADMIN: Loading jobban_rank
[11:57:58]ADMIN: jobban_keylist was empty
[11:57:58]ADMIN: Loading Banlist
[11:58:00]DEBUG: Rebuilding Master Controller
[11:59:09]ACCESS: Login: Cassy_jenelle/(Cassy_jenelle) from 127.0.0.1-1964287214 || BYOND v506
[12:00:07]ADMIN: Cassy_jenelle has started the game.
[12:00:08]ACCESS: Logout: *no key*/(Cassy_jenelle)
[12:00:08]ACCESS: Login: Cassy_jenelle/(Camile Crafter) from 127.0.0.1-1964287214 || BYOND v506
[12:00:12]EMOTE: Parrot/ : <B>The Parrot</B> turns and flies towards the deck of cards
[12:00:14]DEBUG: Next event of severity Mundane in 13.104 minutes.
[12:00:14]DEBUG: Next event of severity Moderate in 47.202 minutes.
[12:00:14]DEBUG: Next event of severity Major in 93.75 minutes.
[12:00:17]EMOTE: mouse (581)/ : <B>The mouse (581)</B> shakes.
[12:00:54]ACCESS: Logout: Cassy_jenelle/(Camile Crafter)


Starting up. 12:14.09
---------------------
[12:14:12]ADMIN: Loading jobban_rank
[12:14:12]ADMIN: jobban_keylist was empty
[12:14:12]ADMIN: Loading Banlist
[12:14:13]DEBUG: Rebuilding Master Controller
[12:15:12]ACCESS: Login: Cassy_jenelle/(Cassy_jenelle) from 127.0.0.1-1964287214 || BYOND v506
[12:16:28]VOTE: Gamemode vote started by the server.
[12:16:28]DEBUG: The server has called a gamemode vote
[12:16:48]ADMIN: Cassy_jenelle has started the game.
[12:16:49]ACCESS: Logout: *no key*/(Cassy_jenelle)
[12:16:49]ACCESS: Login: Cassy_jenelle/(Camile Crafter) from 127.0.0.1-1964287214 || BYOND v506
[12:16:54]DEBUG: Next event of severity Mundane in 12.84 minutes.
[12:16:54]DEBUG: Next event of severity Moderate in 45.308 minutes.
[12:16:54]DEBUG: Next event of severity Major in 90.4 minutes.
[12:16:59]ACCESS: Logout: *no key*/(Camile Crafter)
[12:16:59]ACCESS: Login: Cassy_jenelle/(Camile Crafter) from 127.0.0.1-1964287214 || BYOND v506
[12:17:06]ACCESS: Logout: *no key*/(Camile Crafter)
[12:17:06]ACCESS: Login: Cassy_jenelle/(Camile Crafter) from 127.0.0.1-1964287214 || BYOND v506
[12:17:13]SAY: Experiment 97d/ : EHEHEHEHEH
[12:17:15]EMOTE: Parrot/ : <B>The Parrot</B> turns and flies towards the deck of cards
[12:17:29]EMOTE: Ian/ : <B>Ian</B> dances around
[12:17:46]ACCESS: Logout: Cassy_jenelle/(Camile Crafter)


Starting up. 12:21.30
---------------------
[12:21:32]ADMIN: Loading jobban_rank
[12:21:32]ADMIN: jobban_keylist was empty
[12:21:32]ADMIN: Loading Banlist
[12:21:34]DEBUG: Rebuilding Master Controller
[12:22:37]ACCESS: Login: Cassy_jenelle/(Cassy_jenelle) from 127.0.0.1-1964287214 || BYOND v506
[12:23:53]VOTE: Gamemode vote started by the server.
[12:23:53]DEBUG: The server has called a gamemode vote
[12:24:00]ACCESS: Logout: Cassy_jenelle/(Cassy_jenelle)


Starting up. 12:28.53
---------------------
[12:28:57]ADMIN: Loading jobban_rank
[12:28:57]ADMIN: jobban_keylist was empty
[12:28:57]ADMIN: Loading Banlist
[12:29:00]DEBUG: Rebuilding Master Controller
[12:31:54]ACCESS: Login: Cassy_jenelle/(Cassy_jenelle) from 127.0.0.1-1964287214 || BYOND v506
[12:32:35]ADMIN: Cassy_jenelle has started the game.
[12:32:35]ACCESS: Logout: *no key*/(Cassy_jenelle)
[12:32:35]ACCESS: Login: Cassy_jenelle/(Camile Crafter) from 127.0.0.1-1964287214 || BYOND v506
[12:32:43]DEBUG: Next event of severity Mundane in 14.332 minutes.
[12:32:43]DEBUG: Next event of severity Moderate in 43.508 minutes.
[12:32:43]DEBUG: Next event of severity Major in 84.7517 minutes.
[12:32:52]EMOTE: Parrot/ : <B>The Parrot</B> turns and flies towards the deck of cards
[12:32:56]EMOTE: mouse (290)/ : <B>The mouse (290)</B> runs in a circle.
[12:32:59]ACCESS: Logout: Cassy_jenelle/(Camile Crafter)


Starting up. 15:31.31
---------------------
[15:31:36]ADMIN: Loading jobban_rank
[15:31:36]ADMIN: jobban_keylist was empty
[15:31:36]ADMIN: Loading Banlist
[15:31:38]DEBUG: Rebuilding Master Controller


Starting up. 15:34.36
---------------------
[15:34:41]ADMIN: Loading jobban_rank
[15:34:41]ADMIN: jobban_keylist was empty
[15:34:41]ADMIN: Loading Banlist
[15:34:43]DEBUG: Rebuilding Master Controller
[15:35:48]ACCESS: Login: Cassy_jenelle/(Cassy_jenelle) from 127.0.0.1-1964287214 || BYOND v506
[15:36:52]VOTE: Gamemode vote started by the server.
[15:36:52]DEBUG: The server has called a gamemode vote
[15:36:59]ADMIN: Cassy_jenelle has started the game.
[15:37:00]ACCESS: Logout: *no key*/(Cassy_jenelle)
[15:37:00]ACCESS: Login: Cassy_jenelle/(Camile Crafter) from 127.0.0.1-1964287214 || BYOND v506
[15:37:06]DEBUG: Next event of severity Mundane in 13.136 minutes.
[15:37:06]DEBUG: Next event of severity Moderate in 39.99 minutes.
[15:37:06]DEBUG: Next event of severity Major in 98.75 minutes.
[15:37:07]EMOTE: Camile Crafter/Cassy_jenelle : <B>Camile Crafter</B> gasps!
[15:37:11]ACCESS: Logout: Cassy_jenelle/(Camile Crafter)


Starting up. 16:12.59
---------------------
[16:13:04]ADMIN: Loading jobban_rank
[16:13:04]ADMIN: jobban_keylist was empty
[16:13:04]ADMIN: Loading Banlist
[16:13:06]DEBUG: Rebuilding Master Controller
[16:26:19]ACCESS: Login: Cassy_jenelle/(Cassy_jenelle) from 127.0.0.1-1964287214 || BYOND v506
[16:26:56]ADMIN: Cassy_jenelle has started the game.
[16:26:57]ACCESS: Logout: *no key*/(Cassy_jenelle)
[16:26:57]ACCESS: Login: Cassy_jenelle/(Camile Crafter) from 127.0.0.1-1964287214 || BYOND v506
[16:27:04]DEBUG: Next event of severity Mundane in 14.152 minutes.
[16:27:04]DEBUG: Next event of severity Moderate in 38.714 minutes.
[16:27:04]DEBUG: Next event of severity Major in 96.5633 minutes.
[16:27:07]ACCESS: Logout: *no key*/(Camile Crafter)
[16:27:07]ACCESS: Login: Cassy_jenelle/(Camile Crafter) from 127.0.0.1-1964287214 || BYOND v506
[16:27:09]EMOTE: Camile Crafter/@Cassy_jenelle : <B>Camile Crafter</B> gasps!
[16:27:11]EMOTE: Camile Crafter/@Cassy_jenelle : <B>Camile Crafter</B> gasps!
[16:27:15]ADMIN: Cassy_jenelle/(Camile Crafter) teleported @Cassy_jenelle/(Camile Crafter)
[16:27:20]ACCESS: Logout: *no key*/(Camile Crafter)
[16:27:20]ACCESS: Login: Cassy_jenelle/(Camile Crafter) from 127.0.0.1-1964287214 || BYOND v506
[16:27:25]SAY: mouse (829)/ : SQUEEK!
[16:27:31]SAY: grey baby slime (376)/ : Blop...
[16:27:37]EMOTE: Parrot/ : <B>The Parrot</B> turns and flies towards the deck of cards
[16:27:44]ACCESS: Logout: Cassy_jenelle/(Camile Crafter)


Starting up. 16:38.10
---------------------
[16:38:14]ADMIN: Loading jobban_rank
[16:38:14]ADMIN: jobban_keylist was empty
[16:38:14]ADMIN: Loading Banlist
[16:38:15]DEBUG: Rebuilding Master Controller
[16:41:28]ACCESS: Login: Cassy_jenelle/(Cassy_jenelle) from 127.0.0.1-1964287214 || BYOND v506
[16:42:03]ACCESS: Logout: *no key*/(Cassy_jenelle)
[16:42:03]ACCESS: Login: Cassy_jenelle/(Camile Crafter) from 127.0.0.1-1964287214 || BYOND v506
[16:42:47]VOTE: Gamemode vote started by the server.
[16:42:47]DEBUG: The server has called a gamemode vote
[16:43:01]ADMIN: Cassy_jenelle/(Camile Crafter) spawned /mob/living/carbon/human/dummy at (13,137,7)
[16:43:26]ADMIN: Cassy_jenelle/(Camile Crafter) assumed direct control of the unknown.
[16:43:26]ACCESS: Logout: *no key*/(Camile Crafter)
[16:43:26]ACCESS: Login: cassyjenelle/(Test Dummy) from 127.0.0.1-1964287214 || BYOND v506
[16:43:40]ACCESS: Logout: *no key*/(Test Dummy)
[16:43:40]ACCESS: Login: cassyjenelle/(Test Dummy) from 127.0.0.1-1964287214 || BYOND v506
[16:43:47]ADMIN: cassyjenelle/(Test Dummy) spawned /area/centcom/living at (13,139,7)
[16:43:51]DEBUG: The server has called a gamemode vote
[16:43:51]VOTE: <b>Vote Result: Inconclusive - No Votes!</b>
[16:43:53]ADMIN: cassyjenelle/(Test Dummy) spawned /area/centcom/living at (13,138,7)
[16:43:57]ACCESS: Logout: *no key*/(Test Dummy)
[16:43:57]ACCESS: Login: cassyjenelle/(Test Dummy) from 127.0.0.1-1964287214 || BYOND v506
[16:44:10]ACCESS: Logout: cassyjenelle/(Test Dummy)


Starting up. 16:57.06
---------------------
[16:57:09]ADMIN: Loading jobban_rank
[16:57:09]ADMIN: jobban_keylist was empty
[16:57:09]ADMIN: Loading Banlist
[16:57:11]DEBUG: Rebuilding Master Controller
[16:58:27]ACCESS: Login: Cassy_jenelle/(Cassy_jenelle) from 127.0.0.1-1964287214 || BYOND v506
[16:59:06]ACCESS: Logout: *no key*/(Cassy_jenelle)
[16:59:06]ACCESS: Login: Cassy_jenelle/(Camile Crafter) from 127.0.0.1-1964287214 || BYOND v506
[16:59:14]ADMIN: Cassy_jenelle/(Camile Crafter) spawned /mob/living/carbon/human/dummy at (9,139,7)
[16:59:35]ADMIN: Cassy_jenelle/(Camile Crafter) assumed direct control of the unknown.
[16:59:35]ACCESS: Logout: *no key*/(Camile Crafter)
[16:59:35]ACCESS: Login: cassyjenelle/(Test Dummy) from 127.0.0.1-1964287214 || BYOND v506
[16:59:45]VOTE: Gamemode vote started by the server.
[16:59:45]DEBUG: The server has called a gamemode vote
[16:59:55]ADMIN: cassyjenelle/(Test Dummy) spawned /obj/machinery/light/small at (12,135,7)
[17:00:00]ADMIN: cassyjenelle/(Test Dummy) deleted the light fixture at (12,135,7)
[17:00:03]ACCESS: Logout: *no key*/(Test Dummy)
[17:00:03]ACCESS: Login: cassyjenelle/(Test Dummy) from 127.0.0.1-1964287214 || BYOND v506
[17:00:16]ADMIN: cassyjenelle/(Test Dummy) teleported cassyjenelle/(Test Dummy)
[17:00:19]ACCESS: Logout: *no key*/(Test Dummy)
[17:00:19]ACCESS: Login: cassyjenelle/(Test Dummy) from 127.0.0.1-1964287214 || BYOND v506
[17:00:25]ACCESS: Logout: *no key*/(Test Dummy)
[17:00:25]ACCESS: Login: cassyjenelle/(Test Dummy) from 127.0.0.1-1964287214 || BYOND v506
[17:00:32]ADMIN: cassyjenelle/(Test Dummy) teleported cassyjenelle/(Test Dummy)
[17:00:40]ADMIN: cassyjenelle/(Test Dummy) teleported @Cassy_jenelle/(Test Dummy)
[17:00:42]ACCESS: Logout: *no key*/(Test Dummy)
[17:00:42]ACCESS: Login: cassyjenelle/(Test Dummy) from 127.0.0.1-1964287214 || BYOND v506
[17:00:45]DEBUG: The server has called a gamemode vote
[17:00:45]VOTE: <b>Vote Result: Inconclusive - No Votes!</b>
[17:01:12]ADMIN: cassyjenelle/(Test Dummy) deleted the wall at (20,109,7)
[17:01:15]ADMIN: cassyjenelle/(Test Dummy) deleted the wall at (21,109,7)
[17:01:35]ADMIN: cassyjenelle/(Test Dummy) spawned /turf/unsimulated/floor at (20,109,7)
[17:01:37]ADMIN: cassyjenelle/(Test Dummy) spawned /turf/unsimulated/floor at (21,109,7)
[17:01:49]ADMIN: cassyjenelle/(Test Dummy) spawned /turf/unsimulated/wall at (20,109,7)
[17:01:56]ADMIN: cassyjenelle/(Test Dummy) spawned /turf/unsimulated/wall at (21,109,7)
[17:02:01]ADMIN: cassyjenelle/(Test Dummy) deleted the wall at (20,109,7)
[17:02:04]ADMIN: cassyjenelle/(Test Dummy) deleted the wall at (21,109,7)
[17:02:10]DEBUG: Next event of severity Mundane in 17.562 minutes.
[17:02:10]DEBUG: Next event of severity Moderate in 42.588 minutes.
[17:02:10]DEBUG: Next event of severity Major in 96.265 minutes.
[17:02:22]EMOTE: Parrot/ : <B>The Parrot</B> turns and flies towards the deck of cards
[17:02:36]ADMIN: cassyjenelle/(Test Dummy) spawned /turf/simulated/wall at (250,84,2)
[17:02:43]ADMIN: cassyjenelle/(Test Dummy) spawned /turf/simulated/wall at (249,84,2)
[17:02:50]EMOTE: crab/ : <B>The crab</B> clacks.
[17:02:57]ADMIN: Cassy_jenelle/(Test Dummy) modified wall's color to #ff0000
[17:03:08]ADMIN: Cassy_jenelle/(Test Dummy) modified wall's color to #ff0000
[17:03:22]ACCESS: Logout: cassyjenelle/(Test Dummy)


Starting up. 19:35.22
---------------------
[19:35:27]ADMIN: Loading jobban_rank
[19:35:27]ADMIN: jobban_keylist was empty
[19:35:27]ADMIN: Loading Banlist
[19:35:28]DEBUG: Rebuilding Master Controller
[19:37:18]ACCESS: Login: Cassy_jenelle/(Cassy_jenelle) from 127.0.0.1-1964287214 || BYOND v506
[19:37:46]ACCESS: Logout: *no key*/(Cassy_jenelle)
[19:37:46]ACCESS: Login: Cassy_jenelle/(Camile Crafter) from 127.0.0.1-1964287214 || BYOND v506
[19:37:58]ADMIN: Cassy_jenelle/(Camile Crafter) spawned /mob/living/carbon/human/skrell at (14,99,7)
[19:38:15]ADMIN: Cassy_jenelle/(Camile Crafter) assumed direct control of the unknown.
[19:38:15]ACCESS: Logout: *no key*/(Camile Crafter)
[19:38:15]ACCESS: Login: cassyjenelle/(unknown) from 127.0.0.1-1964287214 || BYOND v506
[19:38:36]VOTE: Gamemode vote started by the server.
[19:38:36]DEBUG: The server has called a gamemode vote
[19:39:37]DEBUG: The server has called a gamemode vote
[19:39:37]VOTE: <b>Vote Result: Inconclusive - No Votes!</b>
[19:40:03]ADMIN: cassyjenelle/(unknown) changed the equipment of cassyjenelle/(unknown) to tournament gangster.
[19:41:01]DEBUG: Next event of severity Mundane in 14.018 minutes.
[19:41:01]DEBUG: Next event of severity Moderate in 39.98 minutes.
[19:41:01]DEBUG: Next event of severity Major in 90.3333 minutes.
[19:41:02]SAY: Tom (162)/ : Squeek?
[19:41:14]EMOTE: Parrot/ : <B>The Parrot</B> turns and flies towards the deck of cards
[19:41:20]SAY: mouse (839)/ : SQUEEK!
[19:41:32]SAY: Parrot/ : Hello!
[19:41:50]EMOTE: crab/ : <B>The crab</B> clacks.
[19:42:07]ACCESS: Logout: cassyjenelle/(unknown)


Starting up. 21:40.37
---------------------
[21:40:41]ADMIN: Loading jobban_rank
[21:40:41]ADMIN: jobban_keylist was empty
[21:40:41]ADMIN: Loading Banlist
[21:40:43]DEBUG: Rebuilding Master Controller


Starting up. 21:56.14
---------------------
[21:56:19]ADMIN: Loading jobban_rank
[21:56:19]ADMIN: jobban_keylist was empty
[21:56:19]ADMIN: Loading Banlist
[21:56:21]DEBUG: Rebuilding Master Controller


Starting up. 22:06.15
---------------------
[22:06:18]ADMIN: Loading jobban_rank
[22:06:18]ADMIN: jobban_keylist was empty
[22:06:18]ADMIN: Loading Banlist
[22:06:20]DEBUG: Rebuilding Master Controller
[22:07:58]ACCESS: Login: Cassy_jenelle/(Cassy_jenelle) from 127.0.0.1-1964287214 || BYOND v506
[22:08:21]ADMIN: Cassy_jenelle has started the game.
[22:08:21]ACCESS: Logout: *no key*/(Cassy_jenelle)
[22:08:21]ACCESS: Login: Cassy_jenelle/(Camile Crafter) from 127.0.0.1-1964287214 || BYOND v506
[22:08:28]DEBUG: Next event of severity Mundane in 14.676 minutes.
[22:08:28]DEBUG: Next event of severity Moderate in 44.802 minutes.
[22:08:28]DEBUG: Next event of severity Major in 96.9133 minutes.
[22:08:35]EMOTE: mouse (39)/ : <B>The mouse (39)</B> squeaks.
[22:08:35]ACCESS: Logout: *no key*/(Camile Crafter)
[22:08:35]ACCESS: Login: Cassy_jenelle/(Camile Crafter) from 127.0.0.1-1964287214 || BYOND v506
[22:08:36]EMOTE: Parrot/ : <B>The Parrot</B> turns and flies towards the deck of cards
[22:08:45]ADMIN: Cassy_jenelle/(Camile Crafter) teleported @Cassy_jenelle/(Camile Crafter)
[22:08:48]ACCESS: Logout: *no key*/(Camile Crafter)
[22:08:48]ACCESS: Login: Cassy_jenelle/(Camile Crafter) from 127.0.0.1-1964287214 || BYOND v506
[22:08:51]SAY: kitten/ : Purr!
[22:08:59]EMOTE: kitten/ : <B>The kitten</B> shakes their head.
[22:08:59]SAY: kitten/ : HSSSSS
[22:09:13]SAY: kitten/ : HSSSSS
[22:09:17]EMOTE: Experiment 97d/ : <B>Experiment 97d</B> shakes its head.
[22:09:28]EMOTE: Experiment 68a/ : <B>Experiment 68a</B> clacks.
[22:09:42]EMOTE: Ian/ : <B>Ian</B> shakes its head.
[22:10:05]SAY: Runtime/ : Meow!
[22:10:15]EMOTE: Coffee/ : <B>Coffee</B> clicks.
[22:10:35]SAY: Parrot/ : Hi
[22:10:39]EMOTE: crab/ : <B>The crab</B> clacks.
[22:10:45]EMOTE: cat/ : <B>The cat</B> shivers.
[22:11:50]SAY: Runtime/ : Meow!
[22:12:15]EMOTE: Ian/ : <B>Ian</B> dances around
[22:13:17]EMOTE: Coffee/ : <B>Coffee</B> clacks.
[22:13:19]EMOTE: Ian/ : <B>Ian</B> chases their tail
[22:13:21]SAY: grey baby slime (907)/ : Lonely...
[22:13:27]EMOTE: cat/ : <B>The cat</B> meows.
[22:13:32]EMOTE: cat/ : <B>The cat</B> mews.
[22:13:36]EMOTE: kitten/ : <B>The kitten</B> mews.
[22:14:06]EMOTE: crab/ : <B>The crab</B> clicks.
[22:14:24]EMOTE: Tom (681)/ : <B>Tom (681)</B> squeaks.
[22:16:32]EMOTE: kitten/ : <B>The kitten</B> mews.
[22:16:52]SAY: cat/ : Purr!
[22:17:00]SAY: Tom (681)/ : SQUEEK!
[22:17:16]EMOTE: kitten/ : <B>The kitten</B> meows.
[22:18:15]SAY: Tom (681)/ : Squeek?
[22:18:31]SAY: Ian/ : YAP
[22:18:55]EMOTE: Coffee/ : <B>Coffee</B> clicks.
[22:18:56]ACCESS: Logout: *no key*/(Camile Crafter)
[22:18:56]ACCESS: Login: Cassy_jenelle/(Camile Crafter) from 127.0.0.1-1964287214 || BYOND v506
[22:19:10]ADMIN: Cassy_jenelle/(Camile Crafter) teleported @Cassy_jenelle/(Camile Crafter)
[22:19:12]ACCESS: Logout: *no key*/(Camile Crafter)
[22:19:12]ACCESS: Login: Cassy_jenelle/(Camile Crafter) from 127.0.0.1-1964287214 || BYOND v506
[22:19:30]SAY: Experiment 97d/ : EHEHEHEHEH
[22:19:51]ACCESS: Logout: *no key*/(Camile Crafter)
[22:19:51]ACCESS: Login: Cassy_jenelle/(Camile Crafter) from 127.0.0.1-1964287214 || BYOND v506
[22:20:03]ACCESS: Logout: *no key*/(Camile Crafter)
[22:20:03]ACCESS: Login: Cassy_jenelle/(Camile Crafter) from 127.0.0.1-1964287214 || BYOND v506
[22:21:14]ACCESS: Logout: *no key*/(Camile Crafter)
[22:21:14]ACCESS: Login: Cassy_jenelle/(Camile Crafter) from 127.0.0.1-1964287214 || BYOND v506
[22:21:18]SAY: Ian/ : YAP
[22:21:26]ADMIN: Cassy_jenelle/(Camile Crafter) teleported @Cassy_jenelle/(Camile Crafter)
[22:21:28]EMOTE: kitten/ : <B>The kitten</B> shakes their head.
[22:21:28]ACCESS: Logout: *no key*/(Camile Crafter)
[22:21:28]ACCESS: Login: Cassy_jenelle/(Camile Crafter) from 127.0.0.1-1964287214 || BYOND v506
[22:22:00]SAY: kitten/ : HSSSSS
[22:22:08]EMOTE: Ian/ : <B>Ian</B> chases their tail
[22:22:40]EMOTE: cat/ : <B>The cat</B> shivers.
[22:23:00]SAY: kitten/ : HSSSSS
[22:23:26]SAY: Ian/ : Bark!
[22:23:50]EMOTE: kitten/ : <B>The kitten</B> meows.
[22:24:08]EMOTE: Ian/ : <B>Ian</B> dances around
[22:24:16]EMOTE: Coffee/ : <B>Coffee</B> clacks.
[22:24:22]EMOTE: Ian/ : <B>Ian</B> pants.
[22:24:47]DEBUG: Next event of severity Mundane in 14.07 minutes.
[22:24:47]DEBUG: Starting event 'Trivial News' of severity Mundane.
[22:25:09]DEBUG: Event 'Trivial News' has completed at 12:15.
[22:25:16]EMOTE: cat/ : <B>The cat</B> mews.
[22:25:26]SAY: Parrot/ : Hi
[22:25:54]SAY: grey baby slime (12)/ : Rawr...
[22:26:28]EMOTE: kitten/ : <B>The kitten</B> meows.
[22:26:34]EMOTE: crab/ : <B>The crab</B> clacks.
[22:26:38]EMOTE: crab/ : <B>The crab</B> clacks.
[22:27:04]SAY: kitten/ : HSSSSS
[22:27:28]EMOTE: Coffee/ : <B>Coffee</B> clicks.
[22:28:02]ACCESS: Logout: Cassy_jenelle/(Camile Crafter)


Starting up. 22:49.46
---------------------
[22:49:50]ADMIN: Loading jobban_rank
[22:49:50]ADMIN: jobban_keylist was empty
[22:49:50]ADMIN: Loading Banlist
[22:49:51]DEBUG: Rebuilding Master Controller
[22:52:54]ACCESS: Login: Cassy_jenelle/(Cassy_jenelle) from 127.0.0.1-1964287214 || BYOND v506
[22:53:14]ADMIN: Cassy_jenelle has started the game.
[22:53:15]ACCESS: Logout: *no key*/(Cassy_jenelle)
[22:53:15]ACCESS: Login: Cassy_jenelle/(Camile Crafter) from 127.0.0.1-1964287214 || BYOND v506
[22:53:20]DEBUG: Next event of severity Mundane in 14.646 minutes.
[22:53:20]DEBUG: Next event of severity Moderate in 49.126 minutes.
[22:53:20]DEBUG: Next event of severity Major in 93.5317 minutes.
[22:53:24]ACCESS: Logout: *no key*/(Camile Crafter)
[22:53:24]ACCESS: Login: Cassy_jenelle/(Camile Crafter) from 127.0.0.1-1964287214 || BYOND v506
[22:53:29]EMOTE: Parrot/ : <B>The Parrot</B> turns and flies towards the deck of cards
[22:53:33]ADMIN: Cassy_jenelle/(Camile Crafter) teleported @Cassy_jenelle/(Camile Crafter)
[22:53:36]ACCESS: Logout: *no key*/(Camile Crafter)
[22:53:36]ACCESS: Login: Cassy_jenelle/(Camile Crafter) from 127.0.0.1-1964287214 || BYOND v506
[22:53:55]SAY: Ian/ : Woof!
[22:54:01]EMOTE: mouse (326)/ : <B>The mouse (326)</B> squeeks.
[22:54:05]SAY: mouse (557)/ : Squeek?
[22:54:11]SAY: kitten/ : Purr!
[22:54:23]ACCESS: Logout: *no key*/(Camile Crafter)
[22:54:23]ACCESS: Login: Cassy_jenelle/(Camile Crafter) from 127.0.0.1-1964287214 || BYOND v506
[22:54:53]EMOTE: crab/ : <B>The crab</B> clicks.
[22:54:57]EMOTE: cat/ : <B>The cat</B> mews.
[22:55:05]EMOTE: Coffee/ : <B>Coffee</B> clicks.
[22:55:25]SAY: Ian/ : AUUUUUU
[22:55:29]EMOTE: Experiment 97d/ : <B>Experiment 97d</B> glares around.
[22:55:31]SAY: Runtime/ : HSSSSS
[22:56:05]ACCESS: Logout: Cassy_jenelle/(Camile Crafter)


Starting up. 23:29.13
---------------------
[23:29:17]ADMIN: Loading jobban_rank
[23:29:17]ADMIN: jobban_keylist was empty
[23:29:17]ADMIN: Loading Banlist
[23:29:18]DEBUG: Rebuilding Master Controller
[23:31:05]ACCESS: Login: Cassy_jenelle/(Cassy_jenelle) from 127.0.0.1-1964287214 || BYOND v506
[23:31:26]ADMIN: Cassy_jenelle has started the game.
[23:31:27]ACCESS: Logout: *no key*/(Cassy_jenelle)
[23:31:27]ACCESS: Login: Cassy_jenelle/(Camile Crafter) from 127.0.0.1-1964287214 || BYOND v506
[23:31:31]EMOTE: Parrot/ : <B>The Parrot</B> turns and flies towards the deck of cards
[23:31:33]DEBUG: Next event of severity Mundane in 15.422 minutes.
[23:31:33]DEBUG: Next event of severity Moderate in 49.884 minutes.
[23:31:33]DEBUG: Next event of severity Major in 91.5533 minutes.
[23:31:37]ACCESS: Logout: *no key*/(Camile Crafter)
[23:31:37]ACCESS: Login: Cassy_jenelle/(Camile Crafter) from 127.0.0.1-1964287214 || BYOND v506
[23:31:40]EMOTE: mouse (907)/ : <B>The mouse (907)</B> squeeks.
[23:31:40]EMOTE: mouse (878)/ : <B>The mouse (878)</B> shakes.
[23:31:48]ADMIN: Cassy_jenelle/(Camile Crafter) teleported @Cassy_jenelle/(Camile Crafter)
[23:31:50]EMOTE: Ian/ : <B>Ian</B> chases their tail
[23:31:52]ACCESS: Logout: *no key*/(Camile Crafter)
[23:31:52]ACCESS: Login: Cassy_jenelle/(Camile Crafter) from 127.0.0.1-1964287214 || BYOND v506
[23:31:56]SAY: mouse (411)/ : Squeek?
[23:31:56]SAY: mouse (129)/ : Squeek!
[23:31:56]ACCESS: Logout: *no key*/(Camile Crafter)
[23:31:56]ACCESS: Login: Cassy_jenelle/(Camile Crafter) from 127.0.0.1-1964287214 || BYOND v506
[23:32:12]SAY: mouse (770)/ : Squeek!
[23:32:14]ADMIN: Cassy_jenelle/(Camile Crafter) spawned /obj/machinery/light_switch at (19,120,7)
[23:32:16]ACCESS: Logout: *no key*/(Camile Crafter)
[23:32:16]ACCESS: Login: Cassy_jenelle/(Camile Crafter) from 127.0.0.1-1964287214 || BYOND v506
[23:32:48]EMOTE: kitten/ : <B>The kitten</B> mews.
[23:32:52]SAY: kitten/ : HSSSSS
[23:33:08]EMOTE: cat/ : <B>The cat</B> meows.
[23:33:20]EMOTE: crab/ : <B>The crab</B> clacks.
[23:33:38]EMOTE: mouse (770)/ : <B>The mouse (770)</B> scritches at something.
[23:33:38]EMOTE: Experiment 68a/ : <B>Experiment 68a</B> clacks.
[23:33:44]EMOTE: cat/ : <B>The cat</B> shivers.
[23:34:04]EMOTE: Ian/ : <B>Ian</B> chases their tail
[23:34:06]EMOTE: Ian/ : <B>Ian</B> yaps.
[23:34:18]SAY: kitten/ : Purr!
[23:35:22]EMOTE: mouse (350)/ : <B>The mouse (350)</B> squeeks.
[23:35:26]EMOTE: kitten/ : <B>The kitten</B> shivers.
[23:35:31]EMOTE: Tom (363)/ : <B>Tom (363)</B> squiks.
[23:36:05]EMOTE: mouse (350)/ : <B>The mouse (350)</B> runs in a circle.
[23:37:11]EMOTE: Ian/ : <B>Ian</B> pants.
[23:37:17]SAY: Ian/ : Woof!
[23:37:19]EMOTE: kitten/ : <B>The kitten</B> shivers.
[23:37:35]EMOTE: mouse (770)/ : <B>The mouse (770)</B> runs in a circle.
[23:37:39]EMOTE: Experiment 97d/ : <B>Experiment 97d</B> brays.
[23:38:01]EMOTE: mouse (411)/ : <B>The mouse (411)</B> scritches at something.
[23:38:57]EMOTE: mouse (770)/ : <B>The mouse (770)</B> runs in a circle.
[23:39:03]EMOTE: Ian/ : <B>Ian</B> chases their tail
[23:39:05]ACCESS: Logout: Cassy_jenelle/(Camile Crafter)


Starting up. 23:45.19
---------------------
[23:45:23]ADMIN: Loading jobban_rank
[23:45:23]ADMIN: jobban_keylist was empty
[23:45:23]ADMIN: Loading Banlist
[23:45:25]DEBUG: Rebuilding Master Controller
[23:47:04]ACCESS: Login: Cassy_jenelle/(Cassy_jenelle) from 127.0.0.1-1964287214 || BYOND v506
[23:47:19]ADMIN: Cassy_jenelle has started the game.
[23:47:19]ACCESS: Logout: *no key*/(Cassy_jenelle)
[23:47:19]ACCESS: Login: Cassy_jenelle/(Camile Crafter) from 127.0.0.1-1964287214 || BYOND v506
[23:47:25]DEBUG: Next event of severity Mundane in 17.316 minutes.
[23:47:25]DEBUG: Next event of severity Moderate in 38.24 minutes.
[23:47:25]DEBUG: Next event of severity Major in 92.1683 minutes.
[23:47:28]ACCESS: Logout: *no key*/(Camile Crafter)
[23:47:28]ACCESS: Login: Cassy_jenelle/(Camile Crafter) from 127.0.0.1-1964287214 || BYOND v506
[23:47:34]EMOTE: crab/ : <B>The crab</B> clacks.
[23:47:36]ADMIN: Cassy_jenelle/(Camile Crafter) teleported @Cassy_jenelle/(Camile Crafter)
[23:47:38]ACCESS: Logout: *no key*/(Camile Crafter)
[23:47:38]ACCESS: Login: Cassy_jenelle/(Camile Crafter) from 127.0.0.1-1964287214 || BYOND v506
[23:47:44]SAY: grey baby slime (627)/ : Rawr...
[23:47:47]ACCESS: Logout: *no key*/(Camile Crafter)
[23:47:47]ACCESS: Login: Cassy_jenelle/(Camile Crafter) from 127.0.0.1-1964287214 || BYOND v506
[23:47:48]EMOTE: Tom (717)/ : <B>Tom (717)</B> squiks.
[23:47:54]EMOTE: Ian/ : <B>Ian</B> chases their tail
[23:47:56]EMOTE: mouse (382)/ : <B>The mouse (382)</B> shakes.
[23:48:00]ADMIN: Cassy_jenelle/(Camile Crafter) teleported @Cassy_jenelle/(Camile Crafter)
[23:48:00]EMOTE: Parrot/ : <B>The Parrot</B> turns and flies towards the deck of cards
[23:48:02]ACCESS: Logout: *no key*/(Camile Crafter)
[23:48:02]ACCESS: Login: Cassy_jenelle/(Camile Crafter) from 127.0.0.1-1964287214 || BYOND v506
[23:48:08]EMOTE: Ian/ : <B>Ian</B> yaps.
[23:48:16]ADMIN: Cassy_jenelle/(Camile Crafter) spawned /obj/item/device/radio/intercom at (21,115,7)
[23:48:20]SAY: Experiment 97d/ : EHEHEHEHEH
[23:48:20]ADMIN: Cassy_jenelle/(Camile Crafter) deleted the station intercom at (21,115,7)
[23:48:36]SAY: kitten/ : Meow!
[23:48:37]ADMIN: Cassy_jenelle/(Camile Crafter) spawned /obj/machinery/embedded_controller/radio at (21,116,7)
[23:48:50]EMOTE: mouse (297)/ : <B>The mouse (297)</B> runs in a circle.
[23:48:50]ADMIN: Cassy_jenelle/(Camile Crafter) deleted Embedded Controller at (21,116,7)
[23:48:53]ACCESS: Logout: Cassy_jenelle/(Camile Crafter)
[23:50:14]ACCESS: Login: Cassy_jenelle/(Camile Crafter) from 127.0.0.1-1964287214 || BYOND v506
[23:50:59]SAY: kitten/ : HSSSSS
[23:51:48]ADMIN: Cassy_jenelle/(Camile Crafter) modified Hover Pod's move_speed to 20
[23:51:56]ADMIN: Cassy_jenelle/(Camile Crafter) modified Hover Pod's move_speed to 30
[23:52:03]SAY: mouse (297)/ : Squeek?
[23:52:04]ADMIN: Cassy_jenelle/(Camile Crafter) modified Hover Pod's move_speed to 10.9
[23:52:08]ADMIN: Cassy_jenelle/(Camile Crafter) modified Hover Pod's move_speed to 1
[23:52:16]ADMIN: Cassy_jenelle/(Camile Crafter) modified Hover Pod's airflow_speed to 20
[23:52:21]EMOTE: Experiment 68a/ : <B>Experiment 68a</B> clicks.
[23:52:25]ADMIN: Cassy_jenelle/(Camile Crafter) modified Hover Pod's pixel_step_size to 20
[23:52:25]EMOTE: mouse (597)/ : <B>The mouse (597)</B> shakes.
[23:52:27]SAY: cat/ : Meow!
[23:52:31]ADMIN: Cassy_jenelle/(Camile Crafter) modified Hover Pod's pixel_step_size to 40
[23:52:35]ADMIN: Cassy_jenelle/(Camile Crafter) modified Hover Pod's pixel_step_size to 0
[23:52:40]ADMIN: Cassy_jenelle/(Camile Crafter) modified Hover Pod's step_in to 20
[23:52:45]EMOTE: Experiment 68a/ : <B>Experiment 68a</B> clacks.
[23:52:46]ADMIN: Cassy_jenelle/(Camile Crafter) modified Hover Pod's step_in to 0
[23:53:01]ADMIN: Cassy_jenelle/(Camile Crafter) modified Hover Pod's step_size to 42
[23:53:09]EMOTE: kitten/ : <B>The kitten</B> mews.
[23:53:18]ADMIN: Cassy_jenelle/(Camile Crafter) spawned /mob/living/carbon/human/dummy at (0,0,0)
[23:53:30]ADMIN: Cassy_jenelle/(Camile Crafter) spawned /mob/living/carbon/human/dummy at (19,103,7)
[23:53:43]SAY: grey baby slime (693)/ : Lonely...
[23:53:53]ADMIN: Cassy_jenelle/(Camile Crafter) modified Hover Pod's layer to 8
[23:53:59]ADMIN: Cassy_jenelle/(Camile Crafter) modified Hover Pod's layer to 80
[23:54:08]ADMIN: Cassy_jenelle/(Camile Crafter) modified Hover Pod's layer to 40
[23:54:15]SAY: kitten/ : Purr!
[23:54:39]EMOTE: cat/ : <B>The cat</B> shivers.
[23:55:37]ADMIN: Cassy_jenelle/(Camile Crafter) modified Camile Crafter's step_size to 32
[23:55:40]EMOTE: Ian/ : <B>Ian</B> chases their tail
[23:55:40]EMOTE: cat/ : <B>The cat</B> shakes their head.
[23:55:48]SAY: Parrot/ : Hello!
[23:55:48]ADMIN: Cassy_jenelle/(Camile Crafter) modified Camile Crafter's pixel_step_size to 0
[23:55:53]ADMIN: Cassy_jenelle/(Camile Crafter) modified Camile Crafter's step_size to 32
[23:55:58]EMOTE: cat/ : <B>The cat</B> meows.
[23:56:04]ADMIN: Cassy_jenelle/(Camile Crafter) modified Camile Crafter's pixel_step_size to 42
[23:56:10]EMOTE: kitten/ : <B>The kitten</B> mews.
[23:56:12]EMOTE: kitten/ : <B>The kitten</B> shakes their head.
[23:56:20]EMOTE: Tom (717)/ : <B>Tom (717)</B> shakes.
[23:56:20]ADMIN: Cassy_jenelle/(Camile Crafter) modified Camile Crafter's move_speed to 30
[23:56:26]SAY: grey baby slime (693)/ : Rawr...
[23:56:36]ACCESS: Logout: *no key*/(Camile Crafter)
[23:56:36]ACCESS: Login: Cassy_jenelle/(Camile Crafter) from 127.0.0.1-1964287214 || BYOND v506
[23:56:39]ADMIN: Cassy_jenelle/(Camile Crafter) allowed Cassy_jenelle/(Camile Crafter) to bypass the 30 minute respawn limit
[23:56:47]GAME: Camile Crafter/Cassy_jenelle used abandon mob.
[23:56:47]ACCESS: Logout: *no key*/(Camile Crafter)
[23:56:47]ACCESS: Login: Cassy_jenelle/(new player) from 127.0.0.1-1964287214 || BYOND v506
[23:56:51]ACCESS: Logout: *no key*/(new player)
[23:56:51]ACCESS: Login: Cassy_jenelle/(Camile Crafter) from 127.0.0.1-1964287214 || BYOND v506
[23:57:00]EMOTE: Tom (717)/ : <B>Tom (717)</B> squiks.
[23:57:20]EMOTE: cat/ : <B>The cat</B> meows.
[23:57:31]ACCESS: Logout: *no key*/(Camile Crafter)
[23:57:31]ACCESS: Login: Cassy_jenelle/(Camile Crafter) from 127.0.0.1-1964287214 || BYOND v506
[23:57:34]ADMIN: Cassy_jenelle/(Camile Crafter) allowed Cassy_jenelle/(Camile Crafter) to bypass the 30 minute respawn limit
[23:57:38]GAME: Camile Crafter/Cassy_jenelle used abandon mob.
[23:57:38]ACCESS: Logout: *no key*/(Camile Crafter)
[23:57:38]ACCESS: Login: Cassy_jenelle/(new player) from 127.0.0.1-1964287214 || BYOND v506
[23:57:42]ACCESS: Logout: *no key*/(new player)
[23:57:42]ACCESS: Login: Cassy_jenelle/(Camile Crafter) from 127.0.0.1-1964287214 || BYOND v506
[23:57:53]ACCESS: Logout: *no key*/(Camile Crafter)
[23:57:53]ACCESS: Login: Cassy_jenelle/(Camile Crafter) from 127.0.0.1-1964287214 || BYOND v506
[23:57:57]ADMIN: Cassy_jenelle/(Camile Crafter) allowed Cassy_jenelle/(Camile Crafter) to bypass the 30 minute respawn limit
[23:58:03]GAME: Camile Crafter/Cassy_jenelle used abandon mob.
[23:58:03]ACCESS: Logout: *no key*/(Camile Crafter)
[23:58:03]ACCESS: Login: Cassy_jenelle/(new player) from 127.0.0.1-1964287214 || BYOND v506
[23:58:17]ACCESS: Logout: *no key*/(new player)
[23:58:17]ACCESS: Login: Cassy_jenelle/(Camile Crafter) from 127.0.0.1-1964287214 || BYOND v506
[23:58:48]ADMIN: Cassy_jenelle/(Camile Crafter) toggled debugging on.
[23:58:50]ADMIN: Cassy_jenelle/(Camile Crafter) toggled debugging off.
[23:58:56]ACCESS: Logout: *no key*/(Camile Crafter)
[23:58:56]ACCESS: Login: Cassy_jenelle/(Camile Crafter) from 127.0.0.1-1964287214 || BYOND v506
[23:59:15]EMOTE: mouse (965)/ : <B>The mouse (965)</B> squeeks.
[23:59:19]SAY: kitten/ : Meow!
[23:59:47]SAY: Parrot/ : Hello!
[00:00:33]SAY: kitten/ : Purr!
[00:00:37]EMOTE: Experiment 68a/ : <B>Experiment 68a</B> clacks.
[00:01:27]ADMIN: Cassy_jenelle/(Camile Crafter) spawned /area/centcom/disco at (163,87,2)
[00:01:34]ADMIN: Cassy_jenelle/(Camile Crafter) spawned /area/centcom/disco at (163,86,2)
[00:01:37]EMOTE: cat/ : <B>The cat</B> mews.
[00:01:41]ADMIN: Cassy_jenelle/(Camile Crafter) spawned /mob/living/carbon/human/skrell at (163,86,2)
[00:01:52]ADMIN: Cassy_jenelle/(Camile Crafter) assumed direct control of the unknown.
[00:01:52]ACCESS: Logout: *no key*/(Camile Crafter)
[00:01:52]ACCESS: Login: cassyjenelle/(unknown) from 127.0.0.1-1964287214 || BYOND v506
[00:02:14]SAY: cat/ : Purr!
[00:02:39]EMOTE: Ian/ : <B>Ian</B> dances around
[00:03:05]SAY: cat/ : Purr!
[00:03:25]SAY: Parrot/ : Cracker?
[00:04:21]EMOTE: cat/ : <B>The cat</B> mews.
[00:04:27]EMOTE: crab/ : <B>The crab</B> clicks.
[00:04:37]EMOTE: cat/ : <B>The cat</B> shivers.
[00:05:07]EMOTE: crab/ : <B>The crab</B> clacks.
[00:05:34]EMOTE: mouse (965)/ : <B>The mouse (965)</B> scritches at something.
[00:06:09]EMOTE: Experiment 68a/ : <B>Experiment 68a</B> clacks.
[00:06:15]EMOTE: Ian/ : <B>Ian</B> dances around
[00:06:17]EMOTE: Ian/ : <B>Ian</B> dances around
[00:06:46]SAY: grey baby slime (693)/ : Rawr...
[00:06:46]EMOTE: Ian/ : <B>Ian</B> dances around
[00:06:52]SAY: grey baby slime (627)/ : Lonely...
[00:07:50]SAY: Experiment 97d/ : EHEHEHEHEH
[00:08:06]DEBUG: Next event of severity Mundane in 16.948 minutes.
[00:08:06]DEBUG: Starting event 'Economic News' of severity Mundane.
[00:08:20]EMOTE: Experiment 97d/ : <B>Experiment 97d</B> brays.
[00:09:08]EMOTE: cat/ : <B>The cat</B> mews.
[00:09:12]EMOTE: Experiment 97d/ : <B>Experiment 97d</B> glares around.
[00:10:00]SAY: Ian/ : Bark!
[00:10:49]EMOTE: Ian/ : <B>Ian</B> dances around
[00:11:01]EMOTE: Ian/ : <B>Ian</B> dances around
[00:11:03]SAY: Runtime/ : HSSSSS
[00:11:31]SAY: cat/ : Purr!
[00:11:35]SAY: cat/ : Meow!
[00:11:55]EMOTE: mouse (965)/ : <B>The mouse (965)</B> shakes.
[00:13:12]SAY: mouse (965)/ : SQUEEK!
[00:14:10]EMOTE: kitten/ : <B>The kitten</B> shivers.
[00:15:02]EMOTE: Ian/ : <B>Ian</B> dances around
[00:15:04]EMOTE: Parrot/ : <B>The Parrot</B> squawks.
[00:15:10]EMOTE: Experiment 68a/ : <B>Experiment 68a</B> clacks.
[00:15:18]EMOTE: kitten/ : <B>The kitten</B> mews.
[00:15:29]SAY: kitten/ : Meow!
[00:15:40]SAY: cat/ : Esp!
[00:16:41]DEBUG: Event 'Economic News' has completed at 12:25.
[00:16:48]EMOTE: mouse (965)/ : <B>The mouse (965)</B> runs in a circle.
[00:17:38]EMOTE: Ian/ : <B>Ian</B> shivers.
[00:18:09]EMOTE: Experiment 68a/ : <B>Experiment 68a</B> clicks.
[00:19:12]EMOTE: cat/ : <B>The cat</B> mews.
[00:19:38]EMOTE: Experiment 97d/ : <B>Experiment 97d</B> glares around.
[00:19:42]EMOTE: Ian/ : <B>Ian</B> chases their tail
[00:20:02]SAY: Parrot/ : Hi
[00:20:16]EMOTE: crab/ : <B>The crab</B> clicks.
[00:21:03]EMOTE: Ian/ : <B>Ian</B> dances around
[00:21:25]SAY: cat/ : HSSSSS
[00:21:35]SAY: Runtime/ : Esp!
[00:21:37]SAY: grey baby slime (693)/ : Blorble...
[00:21:41]EMOTE: Ian/ : <B>Ian</B> dances around
[00:22:08]ACCESS: Logout: cassyjenelle/(unknown)
