

Starting up. 17:39.06
---------------------
[17:39:58]ADMIN: Loading jobban_rank
[17:39:58]ADMIN: jobban_keylist was empty
[17:39:58]ADMIN: Loading Banlist
[17:40:01]DEBUG: Rebuilding Master Controller


Starting up. 17:57.18
---------------------
[17:58:03]ADMIN: Loading jobban_rank
[17:58:03]ADMIN: jobban_keylist was empty
[17:58:03]ADMIN: Loading Banlist
[17:58:04]DEBUG: Rebuilding Master Controller


Starting up. 18:02.09
---------------------
[18:02:52]ADMIN: Loading jobban_rank
[18:02:52]ADMIN: jobban_keylist was empty
[18:02:52]ADMIN: Loading Banlist
[18:02:53]DEBUG: Rebuilding Master Controller


Starting up. 18:18.11
---------------------
[18:18:53]ADMIN: Loading jobban_rank
[18:18:53]ADMIN: jobban_keylist was empty
[18:18:53]ADMIN: Loading Banlist
[18:18:55]DEBUG: Rebuilding Master Controller
[18:20:33]ACCESS: Login: Cassy_jenelle/(Cassy_jenelle) from 127.0.0.1-1964287214 || BYOND v506
[18:21:43]VOTE: Gamemode vote started by the server.
[18:21:43]DEBUG: The server has called a gamemode vote
[18:22:06]ADMIN: Cassy_jenelle has started the game.
[18:22:07]ACCESS: Logout: *no key*/(Cassy_jenelle)
[18:22:07]ACCESS: Login: Cassy_jenelle/(Camile Crafter) from 127.0.0.1-1964287214 || BYOND v506
[18:22:13]DEBUG: Next event of severity Mundane in 17.344 minutes.
[18:22:13]DEBUG: Next event of severity Moderate in 39.474 minutes.
[18:22:13]DEBUG: Next event of severity Major in 95.74 minutes.
[18:22:14]EMOTE: Parrot/ : <B>The Parrot</B> turns and flies towards the deck of cards
[18:22:28]EMOTE: Ian/ : <B>Ian</B> dances around
[18:22:35]ACCESS: Logout: *no key*/(Camile Crafter)
[18:22:35]ACCESS: Login: Cassy_jenelle/(Camile Crafter) from 127.0.0.1-1964287214 || BYOND v506
[18:22:42]EMOTE: cat/ : <B>The cat</B> shivers.
[18:22:50]EMOTE: Ian/ : <B>Ian</B> dances around
[18:22:50]EMOTE: mouse (577)/ : <B>The mouse (577)</B> runs in a circle.
[18:22:54]ADMIN: Cassy_jenelle/(Camile Crafter) teleported @Cassy_jenelle/(Camile Crafter)
[18:22:57]ACCESS: Logout: *no key*/(Camile Crafter)
[18:22:57]ACCESS: Login: Cassy_jenelle/(Camile Crafter) from 127.0.0.1-1964287214 || BYOND v506
[18:23:08]ADMIN: Cassy_jenelle/(Camile Crafter) jumped to 230,128,7 in the Residential Area
[18:23:19]EMOTE: cat/ : <B>The cat</B> mews.
[18:23:22]ADMIN: Cassy_jenelle/(Camile Crafter) jumped to 230,128,7 in the Residential Area
[18:23:45]EMOTE: Tom (849)/ : <B>Tom (849)</B> scritches at something.
[18:23:54]ACCESS: Logout: *no key*/(Camile Crafter)
[18:23:54]ACCESS: Login: Cassy_jenelle/(Camile Crafter) from 127.0.0.1-1964287214 || BYOND v506
[18:24:17]ADMIN: Cassy_jenelle/(Camile Crafter) teleported @Cassy_jenelle/(Camile Crafter)
[18:24:20]ACCESS: Logout: *no key*/(Camile Crafter)
[18:24:20]ACCESS: Login: Cassy_jenelle/(Camile Crafter) from 127.0.0.1-1964287214 || BYOND v506
[18:24:30]ACCESS: Logout: *no key*/(Camile Crafter)
[18:24:30]ACCESS: Login: Cassy_jenelle/(Camile Crafter) from 127.0.0.1-1964287214 || BYOND v506
[18:24:37]ADMIN: Cassy_jenelle/(Camile Crafter) teleported @Cassy_jenelle/(Camile Crafter)
[18:24:39]SAY: mouse (263)/ : Squeek?
[18:24:39]ACCESS: Logout: *no key*/(Camile Crafter)
[18:24:39]ACCESS: Login: Cassy_jenelle/(Camile Crafter) from 127.0.0.1-1964287214 || BYOND v506
[18:25:15]SAY: mouse (84)/ : Squeek?
[18:25:18]ACCESS: Logout: *no key*/(Camile Crafter)
[18:25:18]ACCESS: Login: Cassy_jenelle/(Camile Crafter) from 127.0.0.1-1964287214 || BYOND v506
[18:25:36]ADMIN: Cassy_jenelle/(Camile Crafter) teleported @Cassy_jenelle/(Camile Crafter)
[18:25:38]ACCESS: Logout: *no key*/(Camile Crafter)
[18:25:38]ACCESS: Login: Cassy_jenelle/(Camile Crafter) from 127.0.0.1-1964287214 || BYOND v506
[18:25:39]SAY: grey baby slime (500)/ : Blorble...
[18:25:41]EMOTE: mouse (379)/ : <B>The mouse (379)</B> shakes.
[18:26:03]EMOTE: kitten/ : <B>The kitten</B> mews.
[18:27:11]SAY: Parrot/ : Cracker?
[18:27:13]SAY: kitten/ : Purr!
[18:27:29]EMOTE: Ian/ : <B>Ian</B> chases their tail
[18:27:37]EMOTE: cat/ : <B>The cat</B> meows.
[18:27:49]EMOTE: mouse (84)/ : <B>The mouse (84)</B> scritches at something.
[18:28:11]EMOTE: kitten/ : <B>The kitten</B> shakes their head.
[18:29:00]SAY: kitten/ : Esp!
[18:29:04]EMOTE: Ian/ : <B>Ian</B> yaps.
[18:30:17]ACCESS: Logout: *no key*/(Camile Crafter)
[18:30:17]ACCESS: Login: Cassy_jenelle/(Camile Crafter) from 127.0.0.1-1964287214 || BYOND v506
[18:30:32]ADMIN: Cassy_jenelle/(Camile Crafter) teleported @Cassy_jenelle/(Camile Crafter)
[18:30:34]ACCESS: Logout: *no key*/(Camile Crafter)
[18:30:34]ACCESS: Login: Cassy_jenelle/(Camile Crafter) from 127.0.0.1-1964287214 || BYOND v506
[18:30:52]EMOTE: mouse (806)/ : <B>The mouse (806)</B> scritches at something.
[18:30:56]SAY: Ian/ : Woof!
[18:31:16]SAY: Experiment 97d/ : Eh?
[18:31:22]EMOTE: cat/ : <B>The cat</B> mews.
[18:31:50]SAY: kitten/ : Esp!
[18:32:29]ACCESS: Logout: *no key*/(Camile Crafter)
[18:32:29]ACCESS: Login: Cassy_jenelle/(Camile Crafter) from 127.0.0.1-1964287214 || BYOND v506
[18:32:34]SAY: cat/ : Meow!
[18:33:02]ADMIN: Cassy_jenelle/(Camile Crafter) teleported @Cassy_jenelle/(Camile Crafter)
[18:33:02]EMOTE: Ian/ : <B>Ian</B> chases their tail
[18:33:05]ACCESS: Logout: *no key*/(Camile Crafter)
[18:33:05]ACCESS: Login: Cassy_jenelle/(Camile Crafter) from 127.0.0.1-1964287214 || BYOND v506
[18:33:52]SAY: grey baby slime (500)/ : Blorble...
[18:34:48]EMOTE: Tom (849)/ : <B>Tom (849)</B> squiks.
[18:35:50]SAY: kitten/ : Meow!
[18:35:56]EMOTE: cat/ : <B>The cat</B> meows.
[18:36:26]EMOTE: cat/ : <B>The cat</B> meows.
[18:37:10]EMOTE: kitten/ : <B>The kitten</B> mews.
[18:37:50]EMOTE: Ian/ : <B>Ian</B> dances around
[18:37:52]EMOTE: Ian/ : <B>Ian</B> chases their tail
[18:37:54]EMOTE: kitten/ : <B>The kitten</B> shakes their head.
[18:37:58]SAY: cat/ : Esp!
[18:38:07]SAY: kitten/ : HSSSSS
[18:38:55]EMOTE: Runtime/ : <B>Runtime</B> shivers.
[18:38:55]EMOTE: Ian/ : <B>Ian</B> chases their tail
[18:39:25]EMOTE: kitten/ : <B>The kitten</B> shakes their head.
[18:40:15]SAY: kitten/ : Meow!
[18:41:03]EMOTE: Tom (849)/ : <B>Tom (849)</B> runs in a circle.
[18:41:25]DEBUG: Next event of severity Mundane in 12.616 minutes.
[18:41:25]DEBUG: Starting event 'Brand Intelligence' of severity Mundane.
[18:41:42]EMOTE: kitten/ : <B>The kitten</B> mews.
[18:42:11]EMOTE: cat/ : <B>The cat</B> shakes their head.
[18:43:12]EMOTE: kitten/ : <B>The kitten</B> shivers.
[18:43:33]SAY: Runtime/ : Purr!
[18:43:51]SAY: cat/ : HSSSSS
[18:44:52]SAY: Experiment 97d/ : EHEHEHEHEH
[18:46:18]EMOTE: Runtime/ : <B>Runtime</B> shivers.
[18:46:27]EMOTE: Experiment 68a/ : <B>Experiment 68a</B> clacks.
[18:47:50]SAY: grey baby slime (500)/ : Blorble...
[18:47:50]EMOTE: Ian/ : <B>Ian</B> dances around
[18:48:12]EMOTE: kitten/ : <B>The kitten</B> mews.
[18:49:01]SAY: grey baby slime (500)/ : Rawr...
[18:49:48]SAY: kitten/ : Esp!
[18:50:20]SAY: Tom (849)/ : SQUEEK!
[18:51:03]SAY: Ian/ : Bark!
[18:51:28]SAY: Experiment 97d/ : EHEHEHEHEH
[18:51:30]EMOTE: cat/ : <B>The cat</B> shivers.
[18:52:12]SAY: kitten/ : HSSSSS
[18:52:23]EMOTE: crab/ : <B>The crab</B> clicks.
[18:52:28]SAY: Parrot/ : Hello!
[18:52:38]EMOTE: crab/ : <B>The crab</B> clicks.
[18:52:56]EMOTE: cat/ : <B>The cat</B> mews.
[18:54:04]EMOTE: cat/ : <B>The cat</B> shivers.
[18:54:08]EMOTE: crab/ : <B>The crab</B> clacks.
[18:54:38]EMOTE: crab/ : <B>The crab</B> clicks.
[18:55:20]EMOTE: kitten/ : <B>The kitten</B> shivers.
[18:55:31]EMOTE: Experiment 68a/ : <B>Experiment 68a</B> clacks.
[18:55:51]DEBUG: Next event of severity Mundane in 16.06 minutes.
[18:55:51]DEBUG: Starting event 'Trivial News' of severity Mundane.
[18:56:13]DEBUG: Event 'Trivial News' has completed at 12:31.
[18:56:18]EMOTE: crab/ : <B>The crab</B> clacks.
[18:56:31]EMOTE: kitten/ : <B>The kitten</B> meows.
[18:57:08]SAY: cat/ : HSSSSS
[18:57:08]SAY: kitten/ : HSSSSS
[18:57:26]EMOTE: kitten/ : <B>The kitten</B> shivers.
[18:57:30]ACCESS: Logout: *no key*/(Camile Crafter)
[18:57:30]ACCESS: Login: Cassy_jenelle/(Camile Crafter) from 127.0.0.1-1964287214 || BYOND v506
[18:57:39]EMOTE: cat/ : <B>The cat</B> shakes their head.
[18:58:46]EMOTE: crab/ : <B>The crab</B> clacks.
[18:59:28]EMOTE: kitten/ : <B>The kitten</B> shivers.
[18:59:44]EMOTE: Ian/ : <B>Ian</B> dances around
[18:59:46]EMOTE: Ian/ : <B>Ian</B> chases their tail
[19:00:00]EMOTE: Ian/ : <B>Ian</B> dances around
[19:01:06]EMOTE: Runtime/ : <B>Runtime</B> shakes their head.
[19:02:07]EMOTE: kitten/ : <B>The kitten</B> mews.
[19:02:44]EMOTE: cat/ : <B>The cat</B> shivers.
[19:02:50]EMOTE: Experiment 68a/ : <B>Experiment 68a</B> clacks.
[19:02:52]SAY: Experiment 97d/ : Eh?
[19:03:33]SAY: Parrot/ : Cracker?
[19:05:13]EMOTE: kitten/ : <B>The kitten</B> mews.
[19:05:41]EMOTE: kitten/ : <B>The kitten</B> shivers.
[19:05:46]SAY: grey baby slime (705)/ : I want to eat...
[19:05:52]EMOTE: Ian/ : <B>Ian</B> dances around
[19:06:19]SAY: cat/ : Meow!
[19:06:29]ADMIN: Cassy_jenelle/(Camile Crafter) modified conveyor belt's id to icerink
[19:06:37]DEBUG: Next event of severity Moderate in 37.104 minutes.
[19:06:37]DEBUG: Starting event 'Carp School' of severity Moderate.
[19:06:46]ADMIN: Cassy_jenelle/(Camile Crafter) teleported @Cassy_jenelle/(Camile Crafter)
[19:06:51]ACCESS: Logout: *no key*/(Camile Crafter)
[19:06:51]ACCESS: Login: Cassy_jenelle/(Camile Crafter) from 127.0.0.1-1964287214 || BYOND v506
[19:07:05]SAY: Ian/ : YAP
[19:07:17]SAY: Ian/ : Woof!
[19:07:51]SAY: kitten/ : HSSSSS
[19:07:51]SAY: cat/ : Purr!
[19:08:38]EMOTE: Ian/ : <B>Ian</B> dances around
[19:08:44]SAY: cat/ : Esp!
[19:09:00]EMOTE: Ian/ : <B>Ian</B> woofs.
[19:09:24]EMOTE: Parrot/ : <B>The Parrot</B> squawks.
[19:09:44]EMOTE: Ian/ : <B>Ian</B> dances around
[19:10:40]SAY: kitten/ : Esp!
[19:11:23]SAY: cat/ : Esp!
[19:12:33]EMOTE: Experiment 97d/ : <B>Experiment 97d</B> glares around.
[19:12:57]EMOTE: cat/ : <B>The cat</B> shakes their head.
[19:13:10]SAY: Parrot/ : Cracker?
[19:13:10]EMOTE: kitten/ : <B>The kitten</B> mews.
[19:13:14]EMOTE: Ian/ : <B>Ian</B> dances around
[19:13:44]EMOTE: crab/ : <B>The crab</B> clicks.
[19:14:02]DEBUG: Next event of severity Mundane in 14.89 minutes.
[19:14:02]DEBUG: Starting event 'Vermin Infestation' of severity Mundane.
[19:14:26]DEBUG: Event 'Vermin Infestation' has completed at 12:47.
[19:14:43]EMOTE: Experiment 97d/ : <B>Experiment 97d</B> brays.
[19:15:40]DEBUG: Event 'Brand Intelligence' has completed at 12:49.
[19:16:19]EMOTE: kitten/ : <B>The kitten</B> shivers.
[19:16:55]ACCESS: Logout: Cassy_jenelle/(Camile Crafter)
[19:18:11]ACCESS: Login: Cassy_jenelle/(Camile Crafter) from 127.0.0.1-1964287214 || BYOND v506
[19:18:31]ACCESS: Logout: *no key*/(Camile Crafter)
[19:18:31]ACCESS: Login: Cassy_jenelle/(Camile Crafter) from 127.0.0.1-1964287214 || BYOND v506
[19:18:33]EMOTE: Ian/ : <B>Ian</B> dances around
[19:18:41]ADMIN: Cassy_jenelle/(Camile Crafter) teleported @Cassy_jenelle/(Camile Crafter)
[19:18:44]ACCESS: Logout: *no key*/(Camile Crafter)
[19:18:44]ACCESS: Login: Cassy_jenelle/(Camile Crafter) from 127.0.0.1-1964287214 || BYOND v506
[19:19:00]EMOTE: Ian/ : <B>Ian</B> dances around
[19:19:14]SAY: cat/ : Meow!
[19:19:22]EMOTE: Parrot/ : <B>The Parrot</B> bawks.
[19:20:04]EMOTE: Ian/ : <B>Ian</B> shivers.
[19:20:48]SAY: kitten/ : Esp!
[19:21:50]SAY: grey baby slime (705)/ : Blorble...
[19:22:49]EMOTE: Experiment 68a/ : <B>Experiment 68a</B> clacks.
[19:22:55]EMOTE: Ian/ : <B>Ian</B> chases their tail
[19:23:22]EMOTE: cat/ : <B>The cat</B> shakes their head.
[19:23:49]SAY: kitten/ : Meow!
[19:23:53]EMOTE: space carp/ : <B>The space carp</B> nashes at the mouse (806)
[19:24:23]EMOTE: Ian/ : <B>Ian</B> dances around
[19:25:19]SAY: Ian/ : Bark!
[19:25:25]EMOTE: cat/ : <B>The cat</B> meows.
[19:25:37]SAY: kitten/ : Esp!
[19:25:49]SAY: grey baby slime (500)/ : Blorble...
[19:25:53]SAY: kitten/ : Meow!
[19:26:09]SAY: grey baby slime (705)/ : I want to eat...
[19:26:30]EMOTE: Experiment 97d/ : <B>Experiment 97d</B> glares around.
[19:27:35]EMOTE: Parrot/ : <B>The Parrot</B> squawks.
[19:27:43]EMOTE: Experiment 68a/ : <B>Experiment 68a</B> clacks.
[19:27:58]SAY: grey baby slime (705)/ : Blorble...
[19:27:58]SAY: Runtime/ : Esp!
[19:28:13]EMOTE: Experiment 97d/ : <B>Experiment 97d</B> shakes its head.
[19:28:33]SAY: grey baby slime (705)/ : Blop...
[19:28:39]SAY: Parrot/ : Cracker?
[19:28:53]SAY: Experiment 97d/ : Eh?
[19:28:55]EMOTE: Experiment 68a/ : <B>Experiment 68a</B> clicks.
[19:28:59]SAY: kitten/ : Esp!
[19:28:59]EMOTE: cat/ : <B>The cat</B> shakes their head.
[19:29:04]EMOTE: Experiment 68a/ : <B>Experiment 68a</B> clacks.
[19:29:45]EMOTE: Ian/ : <B>Ian</B> dances around
[19:29:49]SAY: grey baby slime (705)/ : I want to eat...
[19:29:49]EMOTE: crab/ : <B>The crab</B> clacks.
[19:30:01]SAY: kitten/ : HSSSSS
[19:32:09]DEBUG: Next event of severity Mundane in 15.172 minutes.
[19:32:09]DEBUG: Starting event 'Economic News' of severity Mundane.
[19:32:11]EMOTE: Ian/ : <B>Ian</B> dances around
[19:32:11]SAY: kitten/ : Purr!
[19:32:49]SAY: Runtime/ : HSSSSS
[19:33:06]SAY: Runtime/ : Meow!
[19:33:38]SAY: grey baby slime (500)/ : I want to eat...
[19:33:46]EMOTE: kitten/ : <B>The kitten</B> mews.
[19:34:09]EMOTE: space carp/ : <B>The space carp</B> nashes at the mouse (806)
[19:36:34]DEBUG: Event 'Economic News' has completed at 13:06.
[19:37:22]EMOTE: Ian/ : <B>Ian</B> dances around
[19:39:11]DEBUG: Event 'Carp School' has completed at 13:08.
[19:39:11]SAY: kitten/ : Esp!
[19:39:33]EMOTE: kitten/ : <B>The kitten</B> mews.
[19:39:33]EMOTE: cat/ : <B>The cat</B> shakes their head.
[19:39:41]EMOTE: kitten/ : <B>The kitten</B> shivers.
[19:40:03]SAY: Experiment 97d/ : EHEHEHEHEH
[19:40:17]SAY: cat/ : Meow!
[19:40:19]EMOTE: Experiment 68a/ : <B>Experiment 68a</B> clacks.
[19:40:29]SAY: grey baby slime (500)/ : Rawr...
[19:40:45]SAY: cat/ : HSSSSS
[19:40:55]ACCESS: Logout: *no key*/(Camile Crafter)
[19:40:55]ACCESS: Login: Cassy_jenelle/(Camile Crafter) from 127.0.0.1-1964287214 || BYOND v506
[19:41:35]EMOTE: Experiment 68a/ : <B>Experiment 68a</B> clacks.
[19:41:45]EMOTE: Ian/ : <B>Ian</B> dances around
[19:42:13]EMOTE: crab/ : <B>The crab</B> clacks.
[19:42:15]SAY: cat/ : Meow!
[19:42:35]EMOTE: kitten/ : <B>The kitten</B> shakes their head.
[19:42:43]EMOTE: Experiment 97d/ : <B>Experiment 97d</B> shakes its head.
[19:42:59]EMOTE: kitten/ : <B>The kitten</B> mews.
[19:43:16]EMOTE: cat/ : <B>The cat</B> shivers.
[19:43:22]EMOTE: cat/ : <B>The cat</B> shivers.
[19:44:08]SAY: Parrot/ : Cracker?
[19:44:30]EMOTE: Runtime/ : <B>Runtime</B> meows.
[19:44:40]SAY: kitten/ : Esp!
[19:45:22]EMOTE: Ian/ : <B>Ian</B> chases their tail
[19:45:54]EMOTE: crab/ : <B>The crab</B> clacks.
[19:46:07]SAY: Parrot/ : Cracker?
[19:46:21]SAY: Runtime/ : Esp!
[19:47:05]EMOTE: Ian/ : <B>Ian</B> dances around
[19:47:29]EMOTE: Experiment 97d/ : <B>Experiment 97d</B> brays.
[19:48:23]EMOTE: crab/ : <B>The crab</B> clacks.
[19:48:39]EMOTE: kitten/ : <B>The kitten</B> shakes their head.
[19:48:59]SAY: kitten/ : Meow!
[19:49:00]DEBUG: Next event of severity Mundane in 15.326 minutes.
[19:49:00]DEBUG: Starting event 'Nothing' of severity Mundane.
[19:49:03]DEBUG: Event 'Nothing' has completed at 13:17.
[19:49:11]EMOTE: Experiment 97d/ : <B>Experiment 97d</B> stamps a foot.
[19:49:21]SAY: Runtime/ : HSSSSS
[19:49:29]DEBUG: Next event of severity Moderate in 53.968 minutes.
[19:49:29]DEBUG: Starting event 'Communication Blackout' of severity Moderate.
[19:49:31]DEBUG: Event 'Communication Blackout' has completed at 13:18.
[19:49:53]EMOTE: Ian/ : <B>Ian</B> chases their tail
[19:50:01]EMOTE: cat/ : <B>The cat</B> mews.
[19:50:09]SAY: Experiment 97d/ : EHEHEHEHEH
[19:50:29]EMOTE: Ian/ : <B>Ian</B> dances around
[19:51:11]EMOTE: Parrot/ : <B>The Parrot</B> flutters its wings.
[19:51:56]SAY: kitten/ : Meow!
[19:52:02]SAY: Parrot/ : Cracker?
[19:52:09]SAY: grey baby slime (500)/ : Lonely...
[19:53:00]SAY: Parrot/ : Cracker?
[19:53:06]EMOTE: Ian/ : <B>Ian</B> chases their tail
[19:53:48]EMOTE: Ian/ : <B>Ian</B> chases their tail
[19:54:08]SAY: grey baby slime (500)/ : Blorble...
[19:54:10]SAY: grey baby slime (705)/ : Blorble...
[19:54:28]EMOTE: cat/ : <B>The cat</B> shakes their head.
[19:54:30]EMOTE: kitten/ : <B>The kitten</B> meows.
[19:54:34]EMOTE: crab/ : <B>The crab</B> clicks.
[19:55:13]SAY: cat/ : Purr!
[19:55:40]SAY: Runtime/ : Purr!
[19:55:53]EMOTE: Ian/ : <B>Ian</B> chases their tail
[19:57:45]SAY: Runtime/ : Meow!
[19:57:45]EMOTE: crab/ : <B>The crab</B> clacks.
[19:57:48]ACCESS: Logout: Cassy_jenelle/(Camile Crafter)


Starting up. 19:59.00
---------------------
[19:59:37]ADMIN: Loading jobban_rank
[19:59:37]ADMIN: jobban_keylist was empty
[19:59:37]ADMIN: Loading Banlist
[19:59:39]DEBUG: Rebuilding Master Controller
[20:00:56]ACCESS: Login: Cassy_jenelle/(Cassy_jenelle) from 127.0.0.1-1964287214 || BYOND v506
[20:01:33]ADMIN: Cassy_jenelle has started the game.
[20:01:34]ACCESS: Logout: *no key*/(Cassy_jenelle)
[20:01:34]ACCESS: Login: Cassy_jenelle/(Camile Crafter) from 127.0.0.1-1964287214 || BYOND v506
[20:01:40]DEBUG: Next event of severity Mundane in 14.206 minutes.
[20:01:40]DEBUG: Next event of severity Moderate in 42.552 minutes.
[20:01:40]DEBUG: Next event of severity Major in 89.6 minutes.
[20:01:44]ACCESS: Logout: *no key*/(Camile Crafter)
[20:01:44]ACCESS: Login: Cassy_jenelle/(Camile Crafter) from 127.0.0.1-1964287214 || BYOND v506
[20:01:59]EMOTE: Parrot/ : <B>The Parrot</B> turns and flies towards the deck of cards
[20:02:36]EMOTE: Runtime/ : <B>Runtime</B> meows.
[20:03:22]EMOTE: Experiment 68a/ : <B>Experiment 68a</B> clicks.
[20:03:43]ACCESS: Logout: *no key*/(Camile Crafter)
[20:03:43]ACCESS: Login: Cassy_jenelle/(Camile Crafter) from 127.0.0.1-1964287214 || BYOND v506
[20:04:10]SAY: Experiment 97d/ : Eh?
[20:04:12]SAY: mouse (500)/ : SQUEEK!
[20:04:52]EMOTE: crab/ : <B>The crab</B> clicks.
[20:05:42]EMOTE: Runtime/ : <B>Runtime</B> shivers.
[20:05:42]EMOTE: kitten/ : <B>The kitten</B> shivers.
[20:05:56]EMOTE: Ian/ : <B>Ian</B> dances around
[20:05:56]EMOTE: cat/ : <B>The cat</B> shakes their head.
[20:06:22]EMOTE: mouse (804)/ : <B>The mouse (804)</B> runs in a circle.
[20:06:44]ADMIN: Cassy_jenelle/(Camile Crafter) jumped to 146,111,7 in the Residential Area
[20:06:56]EMOTE: mouse (804)/ : <B>The mouse (804)</B> squeaks.
[20:07:00]EMOTE: Experiment 68a/ : <B>Experiment 68a</B> clacks.
[20:07:04]SAY: grey baby slime (916)/ : Blorble...
[20:07:46]SAY: Experiment 97d/ : Eh?
[20:07:52]EMOTE: kitten/ : <B>The kitten</B> shivers.
[20:07:56]EMOTE: Ian/ : <B>Ian</B> dances around
[20:08:04]SAY: cat/ : Purr!
[20:08:10]SAY: grey baby slime (916)/ : Rawr...
[20:08:10]SAY: Ian/ : AUUUUUU
[20:08:44]SAY: cat/ : HSSSSS
[20:08:54]EMOTE: Tom (8)/ : <B>Tom (8)</B> squeeks.
[20:09:32]EMOTE: mouse (804)/ : <B>The mouse (804)</B> scritches at something.
[20:09:49]EMOTE: mouse (804)/ : <B>The mouse (804)</B> scritches at something.
[20:10:27]SAY: Tom (8)/ : Squeek?
[20:10:29]EMOTE: Tom (8)/ : <B>Tom (8)</B> squiks.
[20:10:35]EMOTE: mouse (932)/ : <B>The mouse (932)</B> squeeks.
[20:10:35]EMOTE: kitten/ : <B>The kitten</B> mews.
[20:10:37]EMOTE: Tom (269)/ : <B>Tom (269)</B> squeeks.
[20:10:38]ACCESS: Logout: Cassy_jenelle/(Camile Crafter)
