

Starting up. 00:50.16
---------------------
[00:50:16]MISC: Saved mode is 'extended'
[00:50:17]ADMIN: Loading jobban_rank
[00:50:17]ADMIN: jobban_keylist was empty
[00:50:17]ADMIN: Loading Banlist
[00:50:19]DEBUG: Rebuilding Master Controller
[00:50:32]ACCESS: Login: Marinalightyears/(Marinalightyears) from 98.127.210.230-2261011010 || BYOND v506
[00:51:45]VOTE: Gamemode vote started by the server.
[00:51:45]DEBUG: The server has called a gamemode vote
[00:52:45]VOTE: <b>Vote Result: Inconclusive - No Votes!</b>
[00:54:08]DEBUG: Next event of severity Mundane in 14.456 minutes.
[00:54:08]DEBUG: Next event of severity Moderate in 43.134 minutes.
[00:54:08]DEBUG: Next event of severity Major in 95.4367 minutes.
[00:54:09]EMOTE: Coffee/ : <B>Coffee</B> clicks.
[00:54:17]SAY: kitten/ : Purr!
[00:54:39]EMOTE: Parrot/ : <B>The Parrot</B> turns and flies towards the deck of cards
[00:55:07]SAY: mouse (914)/ : SQUEEK!
[00:55:21]EMOTE: Runtime/ : <B>Runtime</B> meows.
[00:55:35]EMOTE: Ian/ : <B>Ian</B> dances around
[00:55:41]EMOTE: cat/ : <B>The cat</B> meows.
[00:55:43]SAY: cat/ : HSSSSS
[00:56:01]EMOTE: Coffee/ : <B>Coffee</B> clacks.
[00:56:07]EMOTE: cat/ : <B>The cat</B> shakes their head.
[00:56:11]EMOTE: Experiment 68a/ : <B>Experiment 68a</B> clacks.
[00:56:39]SAY: Tom (865)/ : Squeek?
[00:56:45]EMOTE: Experiment 97d/ : <B>Experiment 97d</B> glares around.
[00:57:07]SAY: cat/ : Esp!
[00:57:29]EMOTE: Coffee/ : <B>Coffee</B> clicks.
[00:57:31]ACCESS: Logout: *no key*/(Marinalightyears)
[00:57:31]ACCESS: Login: Marinalightyears/(Amira Cook) from 98.127.210.230-2261011010 || BYOND v506
[00:57:54]SAY: kitten/ : Meow!
[00:57:58]EMOTE: kitten/ : <B>The kitten</B> shakes their head.
[00:58:04]SAY: kitten/ : Meow!
[00:58:06]EMOTE: cat/ : <B>The cat</B> mews.
[01:01:06]SAY: kitten/ : Esp!
[01:01:26]EMOTE: Experiment 68a/ : <B>Experiment 68a</B> clacks.
[01:01:28]SAY: kitten/ : Meow!
[01:01:34]EMOTE: mouse (220)/ : <B>The mouse (220)</B> squeeks.
[01:01:40]SAY: Runtime/ : HSSSSS
[01:01:46]EMOTE: kitten/ : <B>The kitten</B> shivers.
[01:02:00]EMOTE: Coffee/ : <B>Coffee</B> clicks.
[01:02:10]EMOTE: Ian/ : <B>Ian</B> dances around
[01:02:24]EMOTE: Experiment 68a/ : <B>Experiment 68a</B> clacks.
[01:02:36]EMOTE: Ian/ : <B>Ian</B> dances around
[01:02:50]EMOTE: Coffee/ : <B>Coffee</B> clicks.
[01:03:32]SAY: grey baby slime (523)/ : Lonely...
[01:03:32]SAY: mouse (838)/ : Squeek!
[01:03:40]EMOTE: mouse (220)/ : <B>The mouse (220)</B> squiks.
[01:03:50]EMOTE: Ian/ : <B>Ian</B> chases their tail
[01:03:58]EMOTE: Ian/ : <B>Ian</B> dances around
[01:04:16]SAY: grey baby slime (753)/ : Lonely...
[01:04:40]EMOTE: Experiment 68a/ : <B>Experiment 68a</B> clicks.
[01:04:54]EMOTE: kitten/ : <B>The kitten</B> shakes their head.
[01:04:56]SAY: cat/ : Esp!
[01:05:04]SAY: Runtime/ : Meow!
[01:05:18]EMOTE: cat/ : <B>The cat</B> mews.
[01:05:29]ACCESS: Logout: Marinalightyears/(Amira Cook)
[17:24:14]EMOTE: Amira Cook/Marinalightyears : <B>Amira Cook</B> snores.
[17:24:21]SAY: grey baby slime (753)/ : Blop...
[17:24:38]EMOTE: Experiment 97d/ : <B>Experiment 97d</B> brays.
[17:24:59]EMOTE: crab/ : <B>The crab</B> clacks.
[17:25:03]EMOTE: Amira Cook/Marinalightyears : <B>Amira Cook</B> snores.
[17:25:06]ACCESS: Login: Moom241/(Moom241) from 172.2.114.177-1501114251 || BYOND v506
[17:25:08]SAY: Parrot/ : Cracker?
[17:25:10]EMOTE: Experiment 97d/ : <B>Experiment 97d</B> shakes its head.
[17:25:12]EMOTE: Ian/ : <B>Ian</B> dances around
[17:25:14]EMOTE: Ian/ : <B>Ian</B> barks.
[17:25:20]EMOTE: cat/ : <B>The cat</B> meows.
[17:25:42]SAY: Runtime/ : Meow!
[17:25:44]EMOTE: kitten/ : <B>The kitten</B> mews.
[17:26:06]ACCESS: Logout: Moom241/(Moom241)
[20:31:31]EMOTE: Ian/ : <B>Ian</B> dances around
[20:31:52]EMOTE: Coffee/ : <B>Coffee</B> clicks.
[20:32:02]SAY: grey baby slime (523)/ : Blorble...
[20:32:13]SAY: mouse (10)/ : Squeek!
[20:32:13]ACCESS: Login: Marinalightyears/(Amira Cook) from 98.127.210.230-2261011010 || BYOND v506
[20:32:33]OOC: Amira Cook/Marinalightyears : all allooone
[20:32:47]EMOTE: Experiment 68a/ : <B>Experiment 68a</B> clacks.
[20:33:19]EMOTE: kitten/ : <B>The kitten</B> meows.
[20:33:23]EMOTE: Ian/ : <B>Ian</B> shakes its head.
[20:33:48]EMOTE: Experiment 68a/ : <B>Experiment 68a</B> clicks.
[20:34:13]DEBUG: Next event of severity Mundane in 16.416 minutes.
[20:34:13]DEBUG: Starting event 'Nothing' of severity Mundane.
[20:34:15]DEBUG: Event 'Nothing' has completed at 12:17.
[20:34:28]EMOTE: crab/ : <B>The crab</B> clicks.
[20:34:56]EMOTE: kitten/ : <B>The kitten</B> shivers.
[20:35:14]SAY: kitten/ : Esp!
[20:35:25]EMOTE: Runtime/ : <B>Runtime</B> mews.
[20:35:49]EMOTE: Experiment 97d/ : <B>Experiment 97d</B> shakes its head.
[20:35:59]SAY: Ian/ : Woof!
[20:36:12]EMOTE: mouse (838)/ : <B>The mouse (838)</B> squeaks.
[20:36:14]EMOTE: Experiment 97d/ : <B>Experiment 97d</B> glares around.
[20:36:52]EMOTE: kitten/ : <B>The kitten</B> meows.
[20:37:11]EMOTE: Parrot/ : <B>The Parrot</B> squawks.
[20:37:20]EMOTE: Parrot/ : <B>The Parrot</B> squawks.
[20:37:37]SAY: cat/ : HSSSSS
[20:37:54]EMOTE: Ian/ : <B>Ian</B> chases their tail
[20:38:04]EMOTE: Ian/ : <B>Ian</B> shivers.
[20:38:28]SAY: kitten/ : Purr!
[20:39:23]EMOTE: Experiment 68a/ : <B>Experiment 68a</B> clacks.
[20:39:36]EMOTE: cat/ : <B>The cat</B> shakes their head.
[20:39:40]EMOTE: kitten/ : <B>The kitten</B> shakes their head.
[20:40:04]EMOTE: Experiment 97d/ : <B>Experiment 97d</B> stamps a foot.
[20:40:25]EMOTE: Ian/ : <B>Ian</B> woofs.
[20:41:37]EMOTE: cat/ : <B>The cat</B> meows.
[20:41:45]SAY: Runtime/ : Meow!
[20:42:02]EMOTE: Experiment 97d/ : <B>Experiment 97d</B> stamps a foot.
[20:42:15]EMOTE: Coffee/ : <B>Coffee</B> clacks.
[20:42:21]SAY: kitten/ : Purr!
[20:42:49]EMOTE: Experiment 68a/ : <B>Experiment 68a</B> clicks.
[20:43:06]EMOTE: Ian/ : <B>Ian</B> chases their tail
[20:43:06]SAY: kitten/ : Purr!
[20:43:08]EMOTE: Coffee/ : <B>Coffee</B> clicks.
[20:43:20]SAY: grey baby slime (753)/ : Blorble...
[20:43:54]EMOTE: kitten/ : <B>The kitten</B> shakes their head.
[20:44:13]SAY: Experiment 97d/ : EHEHEHEHEH
[20:44:32]EMOTE: kitten/ : <B>The kitten</B> shivers.
[20:44:55]EMOTE: Coffee/ : <B>Coffee</B> clicks.
[20:45:21]SAY: cat/ : Meow!
[20:46:57]EMOTE: Ian/ : <B>Ian</B> chases their tail
[20:48:07]SAY: kitten/ : Meow!
[20:48:14]EMOTE: Runtime/ : <B>Runtime</B> shivers.
[20:48:26]SAY: cat/ : Meow!
[20:48:35]SAY: cat/ : Esp!
[20:49:09]EMOTE: crab/ : <B>The crab</B> clacks.
[20:49:30]EMOTE: Experiment 68a/ : <B>Experiment 68a</B> clicks.
[20:49:57]EMOTE: Experiment 97d/ : <B>Experiment 97d</B> stamps a foot.
[20:49:59]SAY: cat/ : HSSSSS
[20:50:05]EMOTE: Runtime/ : <B>Runtime</B> shakes their head.
[20:50:52]EMOTE: Experiment 68a/ : <B>Experiment 68a</B> clicks.
[20:50:54]EMOTE: kitten/ : <B>The kitten</B> shivers.
[20:50:54]SAY: kitten/ : Purr!
[20:52:37]EMOTE: Ian/ : <B>Ian</B> chases their tail
[20:52:52]SAY: Ian/ : YAP
[20:53:07]EMOTE: Experiment 97d/ : <B>Experiment 97d</B> brays.
[20:53:24]EMOTE: Coffee/ : <B>Coffee</B> clicks.
[20:53:32]DEBUG: Next event of severity Mundane in 17.616 minutes.
[20:53:32]DEBUG: Starting event 'Mundane News' of severity Mundane.
[20:53:55]DEBUG: Event 'Mundane News' has completed at 12:34.
[20:54:44]EMOTE: kitten/ : <B>The kitten</B> shivers.
[20:56:23]EMOTE: cat/ : <B>The cat</B> mews.
[20:56:31]EMOTE: kitten/ : <B>The kitten</B> shakes their head.
[20:56:42]EMOTE: cat/ : <B>The cat</B> meows.
[20:57:11]EMOTE: Experiment 68a/ : <B>Experiment 68a</B> clacks.
[20:57:49]EMOTE: Ian/ : <B>Ian</B> chases their tail
[20:58:02]EMOTE: Ian/ : <B>Ian</B> chases their tail
[20:58:12]SAY: Parrot/ : Hi
[20:58:21]SAY: kitten/ : Purr!
[20:58:50]EMOTE: Coffee/ : <B>Coffee</B> clacks.
[20:59:05]EMOTE: Ian/ : <B>Ian</B> dances around
[21:00:29]EMOTE: Ian/ : <B>Ian</B> dances around
[21:02:33]EMOTE: Coffee/ : <B>Coffee</B> clacks.
[21:02:56]EMOTE: crab/ : <B>The crab</B> clicks.
[21:03:11]SAY: grey baby slime (753)/ : Blorble...
[21:04:31]EMOTE: Runtime/ : <B>Runtime</B> meows.
[21:04:31]EMOTE: Ian/ : <B>Ian</B> chases their tail
[21:04:31]EMOTE: Experiment 68a/ : <B>Experiment 68a</B> clacks.
[21:05:11]EMOTE: crab/ : <B>The crab</B> clicks.
[21:05:13]EMOTE: Runtime/ : <B>Runtime</B> mews.
[21:05:15]SAY: Experiment 97d/ : EHEHEHEHEH
[21:05:30]EMOTE: Ian/ : <B>Ian</B> barks.
[21:06:07]SAY: Ian/ : AUUUUUU
[21:06:14]EMOTE: Coffee/ : <B>Coffee</B> clicks.
[21:06:22]EMOTE: Ian/ : <B>Ian</B> chases their tail
[21:07:15]EMOTE: Ian/ : <B>Ian</B> chases their tail
[21:07:50]DEBUG: Next event of severity Moderate in 37.514 minutes.
[21:07:50]DEBUG: Starting event 'Electrical Storm' of severity Moderate.
[21:07:52]DEBUG: Event 'Electrical Storm' has completed at 12:46.
[21:08:10]SAY: grey baby slime (753)/ : Where is the food?
[21:08:27]EMOTE: crab/ : <B>The crab</B> clacks.
[21:08:33]EMOTE: crab/ : <B>The crab</B> clacks.
[21:08:41]EMOTE: kitten/ : <B>The kitten</B> meows.
[21:09:52]SAY: Parrot/ : BAWWWWK george mellons griffing me
[21:10:38]SAY: Runtime/ : Esp!
[21:10:59]EMOTE: Experiment 68a/ : <B>Experiment 68a</B> clacks.
[21:11:54]EMOTE: Parrot/ : <B>The Parrot</B> flutters its wings.
[21:12:08]EMOTE: Ian/ : <B>Ian</B> chases their tail
[21:12:17]EMOTE: kitten/ : <B>The kitten</B> mews.
[21:12:21]EMOTE: crab/ : <B>The crab</B> clacks.
[21:13:07]EMOTE: crab/ : <B>The crab</B> clacks.
[21:14:07]DEBUG: Next event of severity Mundane in 13.168 minutes.
[21:14:07]DEBUG: Starting event 'Economic News' of severity Mundane.
[21:15:35]SAY: kitten/ : Esp!
[21:16:04]SAY: Parrot/ : Cracker?
[21:16:10]SAY: cat/ : HSSSSS
[21:16:17]EMOTE: Ian/ : <B>Ian</B> shivers.
[21:16:17]EMOTE: Ian/ : <B>Ian</B> dances around
[21:16:25]SAY: Ian/ : YAP
[21:16:37]EMOTE: Ian/ : <B>Ian</B> shivers.
[21:16:50]EMOTE: Coffee/ : <B>Coffee</B> clacks.
[21:16:52]DEBUG: Event 'Economic News' has completed at 12:54.
[21:16:58]EMOTE: kitten/ : <B>The kitten</B> mews.
[21:17:09]EMOTE: Coffee/ : <B>Coffee</B> clicks.
[21:17:21]SAY: kitten/ : Esp!
[21:17:33]SAY: cat/ : Purr!
[21:18:30]SAY: grey baby slime (753)/ : Lonely...
[21:18:38]SAY: grey baby slime (753)/ : Lonely...
[21:19:18]SAY: cat/ : Purr!
[21:20:06]SAY: kitten/ : HSSSSS
[21:20:08]SAY: Experiment 97d/ : Eh?
[21:20:12]EMOTE: cat/ : <B>The cat</B> shakes their head.
[21:20:18]SAY: grey baby slime (753)/ : Where is the food?
[21:20:33]EMOTE: Ian/ : <B>Ian</B> chases their tail
[21:21:06]EMOTE: kitten/ : <B>The kitten</B> mews.
[21:21:19]EMOTE: Ian/ : <B>Ian</B> dances around
[21:21:23]EMOTE: Ian/ : <B>Ian</B> chases their tail
[21:21:38]EMOTE: Coffee/ : <B>Coffee</B> clicks.
[21:22:04]EMOTE: Experiment 97d/ : <B>Experiment 97d</B> shakes its head.
[21:22:07]SAY: kitten/ : Esp!
[21:22:09]EMOTE: Ian/ : <B>Ian</B> yaps.
[21:22:50]SAY: kitten/ : Esp!
[21:23:09]SAY: grey baby slime (753)/ : Blorble...
[21:23:59]EMOTE: kitten/ : <B>The kitten</B> meows.
[21:24:20]EMOTE: Experiment 97d/ : <B>Experiment 97d</B> stamps a foot.
[21:24:26]EMOTE: kitten/ : <B>The kitten</B> mews.
[21:24:44]SAY: cat/ : HSSSSS
[21:26:10]SAY: Parrot/ : Hi
[21:26:33]EMOTE: Coffee/ : <B>Coffee</B> clacks.
[21:26:58]EMOTE: Ian/ : <B>Ian</B> dances around
[21:27:22]EMOTE: Ian/ : <B>Ian</B> chases their tail
[21:27:28]EMOTE: cat/ : <B>The cat</B> mews.
[21:29:04]SAY: cat/ : Purr!
[21:29:18]SAY: cat/ : Esp!
[21:29:20]DEBUG: Next event of severity Mundane in 13.472 minutes.
[21:29:20]DEBUG: Starting event 'Trivial News' of severity Mundane.
[21:29:43]DEBUG: Event 'Trivial News' has completed at 13:05.
[21:30:25]SAY: kitten/ : Meow!
[21:31:02]SAY: kitten/ : Meow!
[21:31:35]EMOTE: kitten/ : <B>The kitten</B> shivers.
[21:31:39]SAY: Ian/ : Bark!
[21:32:02]SAY: Parrot/ : Hi
[21:32:23]EMOTE: Runtime/ : <B>Runtime</B> mews.
[21:33:23]EMOTE: Runtime/ : <B>Runtime</B> meows.
[21:33:35]EMOTE: Parrot/ : <B>The Parrot</B> squawks.
[21:33:37]EMOTE: Parrot/ : <B>The Parrot</B> bawks.
[21:34:09]EMOTE: cat/ : <B>The cat</B> shakes their head.
[21:34:15]EMOTE: cat/ : <B>The cat</B> shakes their head.
[21:34:58]EMOTE: Runtime/ : <B>Runtime</B> shivers.
[21:35:27]SAY: grey baby slime (753)/ : Blop...
[21:36:07]SAY: cat/ : Meow!
[21:36:15]SAY: cat/ : HSSSSS
[21:36:46]SAY: cat/ : Purr!
[21:37:11]SAY: grey baby slime (753)/ : Blop...
[21:37:59]SAY: kitten/ : HSSSSS
[21:38:05]EMOTE: Experiment 68a/ : <B>Experiment 68a</B> clacks.
[21:38:07]EMOTE: Ian/ : <B>Ian</B> chases their tail
[21:38:15]EMOTE: Parrot/ : <B>The Parrot</B> squawks.
[21:38:32]SAY: kitten/ : Esp!
[21:38:36]SAY: cat/ : Purr!
[21:39:38]EMOTE: crab/ : <B>The crab</B> clacks.
[21:39:54]SAY: grey baby slime (753)/ : Lonely...
[21:40:17]SAY: Experiment 97d/ : Eh?
[21:40:44]EMOTE: Experiment 97d/ : <B>Experiment 97d</B> stamps a foot.
[21:41:17]SAY: grey baby slime (523)/ : Blorble...
[21:41:26]EMOTE: Ian/ : <B>Ian</B> yaps.
[21:41:54]SAY: cat/ : Purr!
[21:42:07]SAY: cat/ : Esp!
[21:42:11]EMOTE: crab/ : <B>The crab</B> clacks.
[21:42:21]EMOTE: Ian/ : <B>Ian</B> barks.
[21:42:32]EMOTE: Experiment 68a/ : <B>Experiment 68a</B> clacks.
[21:43:11]EMOTE: Ian/ : <B>Ian</B> chases their tail
[21:43:17]EMOTE: Experiment 68a/ : <B>Experiment 68a</B> clicks.
[21:44:30]SAY: grey baby slime (753)/ : Lonely...
[21:44:38]EMOTE: crab/ : <B>The crab</B> clacks.
[21:44:40]SAY: kitten/ : Meow!
[21:44:50]DEBUG: Next event of severity Mundane in 17.496 minutes.
[21:44:50]DEBUG: Starting event 'Vermin Infestation' of severity Mundane.
[21:45:11]EMOTE: Ian/ : <B>Ian</B> chases their tail
[21:45:15]DEBUG: Event 'Vermin Infestation' has completed at 13:18.
[21:45:47]SAY: kitten/ : Purr!
[21:46:18]EMOTE: Experiment 68a/ : <B>Experiment 68a</B> clicks.
[21:46:32]SAY: kitten/ : Meow!
[21:46:51]EMOTE: cat/ : <B>The cat</B> shivers.
[21:47:03]EMOTE: cat/ : <B>The cat</B> mews.
[21:47:55]SAY: grey baby slime (523)/ : Blop...
[21:48:22]EMOTE: mouse (832)/ : <B>The mouse (832)</B> squeeks.
[21:48:26]EMOTE: mouse (52)/ : <B>The mouse (52)</B> shakes.
[21:48:49]EMOTE: kitten/ : <B>The kitten</B> shakes their head.
[21:48:55]ACCESS: Login: Moom241/(Moom241) from 172.2.114.177-1501114251 || BYOND v506
[21:49:06]SAY: Experiment 97d/ : EHEHEHEHEH
[21:49:12]SAY: kitten/ : Purr!
[21:49:16]EMOTE: mouse (679)/ : <B>The mouse (679)</B> squeeks.
[21:49:20]EMOTE: cat/ : <B>The cat</B> meows.
[21:49:45]SAY: grey baby slime (523)/ : Rawr...
[21:50:39]SAY: mouse (679)/ : Squeek?
[21:51:00]ACCESS: Logout: Moom241/(Moom241)
[21:51:07]DEBUG: Next event of severity Moderate in 37.568 minutes.
[21:51:07]DEBUG: Starting event 'Grid Check' of severity Moderate.
[21:51:17]EMOTE: Experiment 97d/ : <B>Experiment 97d</B> shakes its head.
[21:51:55]EMOTE: cat/ : <B>The cat</B> shivers.
[21:52:58]EMOTE: Ian/ : <B>Ian</B> yaps.
[21:53:49]EMOTE: Experiment 68a/ : <B>Experiment 68a</B> clacks.
[21:54:19]SAY: cat/ : Meow!
[21:54:27]DEBUG: Event 'Grid Check' has completed at 13:27.
[21:55:14]SAY: kitten/ : Purr!
[21:55:35]SAY: Runtime/ : Purr!
[21:56:45]EMOTE: kitten/ : <B>The kitten</B> mews.
[21:57:55]SAY: grey baby slime (523)/ : I want to eat...
[21:58:10]SAY: grey baby slime (753)/ : Where is the food?
[21:58:33]EMOTE: mouse (924)/ : <B>The mouse (924)</B> runs in a circle.
[21:58:39]EMOTE: Experiment 97d/ : <B>Experiment 97d</B> brays.
[21:58:48]SAY: grey baby slime (523)/ : Blorble...
[21:59:30]EMOTE: Ian/ : <B>Ian</B> dances around
[21:59:30]EMOTE: kitten/ : <B>The kitten</B> shakes their head.
[21:59:32]EMOTE: Ian/ : <B>Ian</B> chases their tail
[22:00:27]SAY: kitten/ : Meow!
[22:00:34]SAY: kitten/ : Meow!
[22:01:31]EMOTE: Ian/ : <B>Ian</B> chases their tail
[22:01:35]SAY: cat/ : Meow!
[22:01:50]EMOTE: Parrot/ : <B>The Parrot</B> squawks.
[22:01:57]EMOTE: Ian/ : <B>Ian</B> chases their tail
[22:02:39]EMOTE: Ian/ : <B>Ian</B> chases their tail
[22:02:39]EMOTE: Experiment 97d/ : <B>Experiment 97d</B> stamps a foot.
[22:02:45]EMOTE: mouse (52)/ : <B>The mouse (52)</B> scritches at something.
[22:03:34]EMOTE: Ian/ : <B>Ian</B> dances around
[22:04:16]SAY: Experiment 97d/ : Eh?
[22:04:29]SAY: cat/ : Esp!
[22:04:48]EMOTE: Experiment 97d/ : <B>Experiment 97d</B> shakes its head.
[22:05:15]DEBUG: Next event of severity Mundane in 16.858 minutes.
[22:05:15]DEBUG: Starting event 'Trivial News' of severity Mundane.
[22:05:16]SAY: grey baby slime (753)/ : Hungry...
[22:05:34]EMOTE: Ian/ : <B>Ian</B> chases their tail
[22:05:38]DEBUG: Event 'Trivial News' has completed at 13:36.
[22:05:58]EMOTE: Parrot/ : <B>The Parrot</B> flutters its wings.
[22:06:19]EMOTE: Experiment 68a/ : <B>Experiment 68a</B> clacks.
[22:06:38]SAY: Ian/ : Bark!
[22:06:38]SAY: kitten/ : Meow!
[22:07:03]EMOTE: kitten/ : <B>The kitten</B> mews.
[22:08:15]SAY: cat/ : HSSSSS
[22:08:29]DEBUG: Next event of severity Major in 82.046 minutes.
[22:08:29]DEBUG: Starting event 'Nothing' of severity Major.
[22:08:32]DEBUG: Event 'Nothing' has completed at 13:38.
[22:08:45]EMOTE: Ian/ : <B>Ian</B> chases their tail
[22:09:20]SAY: grey baby slime (523)/ : Blop...
[22:09:29]SAY: grey baby slime (753)/ : Blop...
[22:10:03]SAY: Runtime/ : Esp!
[22:10:17]EMOTE: Ian/ : <B>Ian</B> dances around
[22:10:43]SAY: grey baby slime (753)/ : Blorble...
[22:11:23]EMOTE: cat/ : <B>The cat</B> shakes their head.
[22:11:34]EMOTE: kitten/ : <B>The kitten</B> shakes their head.
[22:11:42]EMOTE: kitten/ : <B>The kitten</B> meows.
[22:12:37]EMOTE: Ian/ : <B>Ian</B> chases their tail
[22:12:58]EMOTE: Coffee/ : <B>Coffee</B> clacks.
[22:13:32]SAY: grey baby slime (753)/ : Blorble...
[22:14:33]EMOTE: cat/ : <B>The cat</B> shakes their head.
[22:15:38]SAY: kitten/ : HSSSSS
[22:16:58]ACCESS: Login: Kerbal22/(Kerbal22) from 24.181.70.89-3696110726 || BYOND v506
[22:17:02]SAY: kitten/ : Purr!
[22:17:12]SAY: grey baby slime (523)/ : I want to eat...
[22:18:47]SAY: Experiment 97d/ : EHEHEHEHEH
[22:19:29]SAY: kitten/ : HSSSSS
[22:19:54]SAY: grey baby slime (753)/ : Need... food...
[22:19:54]EMOTE: kitten/ : <B>The kitten</B> meows.
[22:19:59]EMOTE: cat/ : <B>The cat</B> shivers.
[22:20:37]SAY: kitten/ : HSSSSS
[22:20:39]SAY: kitten/ : Esp!
[22:20:45]SAY: Runtime/ : Meow!
[22:20:54]SAY: grey baby slime (523)/ : Blop...
[22:20:56]EMOTE: kitten/ : <B>The kitten</B> meows.
[22:20:58]SAY: grey baby slime (753)/ : Blorble...
[22:21:59]EMOTE: kitten/ : <B>The kitten</B> shakes their head.
[22:22:27]ACCESS: Logout: *no key*/(Kerbal22)
[22:22:27]ACCESS: Login: Kerbal22/(Arabella McClymonds) from 24.181.70.89-3696110726 || BYOND v506
[22:22:29]ADMIN: Kerbal22/(Arabella McClymonds) jumped to Marinalightyears/(Amira Cook)
[22:22:30]EMOTE: Experiment 97d/ : <B>Experiment 97d</B> shakes its head.
[22:22:37]OOC: (LOCAL) Arabella McClymonds/Kerbal22 : i am watching u
[22:22:49]EMOTE: Coffee/ : <B>Coffee</B> clacks.
[22:23:16]ADMIN: Kerbal22/(Arabella McClymonds) played sound booty.ogg
[22:23:57]EMOTE: Experiment 68a/ : <B>Experiment 68a</B> clicks.
[22:24:12]ACCESS: Logout: Kerbal22/(Arabella McClymonds)
[22:24:13]EMOTE: kitten/ : <B>The kitten</B> mews.
[22:24:18]EMOTE: Ian/ : <B>Ian</B> chases their tail
[22:24:39]SAY: Runtime/ : Esp!
[22:24:54]ACCESS: Login: Moom241/(Moom241) from 172.2.114.177-1501114251 || BYOND v506
[22:24:59]DEBUG: Next event of severity Mundane in 17.52 minutes.
[22:24:59]DEBUG: Starting event 'Mundane News' of severity Mundane.
[22:25:12]SAY: Experiment 97d/ : Eh?
[22:25:18]SAY: cat/ : Esp!
[22:25:22]DEBUG: Event 'Mundane News' has completed at 13:53.
[22:25:29]EMOTE: Experiment 68a/ : <B>Experiment 68a</B> clicks.
[22:26:05]ACCESS: Logout: Moom241/(Moom241)
[22:26:07]SAY: kitten/ : Purr!
[22:26:11]EMOTE: Experiment 68a/ : <B>Experiment 68a</B> clacks.
[22:26:40]EMOTE: crab/ : <B>The crab</B> clicks.
[22:27:03]EMOTE: crab/ : <B>The crab</B> clicks.
[22:27:10]EMOTE: cat/ : <B>The cat</B> shakes their head.
[22:27:14]EMOTE: Runtime/ : <B>Runtime</B> shakes their head.
[22:27:16]SAY: grey baby slime (753)/ : Must... eat...
[22:27:43]EMOTE: kitten/ : <B>The kitten</B> shivers.
[22:28:08]SAY: grey baby slime (753)/ : So... hungry...
[22:28:21]EMOTE: kitten/ : <B>The kitten</B> shakes their head.
[22:28:23]EMOTE: Experiment 68a/ : <B>Experiment 68a</B> clacks.
[22:28:27]EMOTE: kitten/ : <B>The kitten</B> mews.
[22:28:38]EMOTE: Experiment 68a/ : <B>Experiment 68a</B> clicks.
[22:28:42]EMOTE: Ian/ : <B>Ian</B> dances around
[22:28:54]EMOTE: Experiment 97d/ : <B>Experiment 97d</B> shakes its head.
[22:28:56]SAY: grey baby slime (753)/ : So... hungry...
[22:29:17]SAY: kitten/ : Meow!
[22:30:16]EMOTE: Coffee/ : <B>Coffee</B> clicks.
[22:31:25]EMOTE: crab/ : <B>The crab</B> clicks.
[22:31:48]SAY: grey baby slime (523)/ : Blorble...
[22:31:58]EMOTE: kitten/ : <B>The kitten</B> meows.
[22:32:51]SAY: grey baby slime (523)/ : Lonely...
[22:32:57]SAY: Parrot/ : BAWWWWK george mellons griffing me
[22:33:06]EMOTE: kitten/ : <B>The kitten</B> shivers.
[22:33:35]SAY: grey baby slime (753)/ : Blorble...
[22:33:39]EMOTE: Ian/ : <B>Ian</B> dances around
[22:34:52]SAY: Parrot/ : BAWWWWK george mellons griffing me
[22:35:03]EMOTE: kitten/ : <B>The kitten</B> shakes their head.
[22:35:04]DEBUG: Next event of severity Moderate in 53.75 minutes.
[22:35:04]DEBUG: Starting event 'Communication Blackout' of severity Moderate.
[22:35:06]DEBUG: Event 'Communication Blackout' has completed at 14:01.
[22:36:11]EMOTE: Experiment 68a/ : <B>Experiment 68a</B> clacks.
[22:36:16]EMOTE: cat/ : <B>The cat</B> shivers.
[22:36:47]EMOTE: Ian/ : <B>Ian</B> dances around
[22:37:10]SAY: grey baby slime (753)/ : Blorble...
[22:37:19]EMOTE: crab/ : <B>The crab</B> clicks.
[22:37:27]EMOTE: Experiment 68a/ : <B>Experiment 68a</B> clacks.
[22:37:29]SAY: cat/ : Meow!
[22:37:35]EMOTE: Coffee/ : <B>Coffee</B> clicks.
[22:37:48]EMOTE: Ian/ : <B>Ian</B> shakes its head.
[22:38:08]EMOTE: Experiment 68a/ : <B>Experiment 68a</B> clacks.
[22:38:11]EMOTE: Coffee/ : <B>Coffee</B> clacks.
[22:38:50]SAY: Parrot/ : Hello!
[22:39:22]SAY: Experiment 97d/ : EHEHEHEHEH
[22:39:32]EMOTE: Coffee/ : <B>Coffee</B> clicks.
[22:39:40]EMOTE: crab/ : <B>The crab</B> clacks.
[22:39:40]EMOTE: kitten/ : <B>The kitten</B> shivers.
[22:39:57]SAY: grey baby slime (523)/ : Rawr...
[22:39:59]EMOTE: Experiment 97d/ : <B>Experiment 97d</B> stamps a foot.
[22:40:24]EMOTE: Experiment 68a/ : <B>Experiment 68a</B> clicks.
[22:40:26]SAY: Ian/ : YAP
[22:40:37]SAY: grey baby slime (523)/ : Lonely...
[22:41:06]EMOTE: Coffee/ : <B>Coffee</B> clicks.
[22:41:10]EMOTE: crab/ : <B>The crab</B> clacks.
[22:41:21]EMOTE: Runtime/ : <B>Runtime</B> shivers.
[22:41:29]EMOTE: Ian/ : <B>Ian</B> chases their tail
[22:41:31]SAY: grey baby slime (753)/ : Blorble...
[22:41:35]ACCESS: Login: Cassy_jenelle/(Cassy_jenelle) from 81.104.88.62-1964287214 || BYOND v506
[22:41:52]EMOTE: kitten/ : <B>The kitten</B> shivers.
[22:43:36]SAY: Runtime/ : Esp!
[22:45:20]DEBUG: Next event of severity Mundane in 12.878 minutes.
[22:45:20]DEBUG: Starting event 'Brand Intelligence' of severity Mundane.
[22:45:37]EMOTE: kitten/ : <B>The kitten</B> mews.
[22:45:55]EMOTE: Experiment 97d/ : <B>Experiment 97d</B> glares around.
[22:46:04]EMOTE: Coffee/ : <B>Coffee</B> clacks.
[22:46:20]EMOTE: crab/ : <B>The crab</B> clacks.
[22:46:33]SAY: grey baby slime (523)/ : Must... eat...
[22:46:45]EMOTE: Experiment 97d/ : <B>Experiment 97d</B> stamps a foot.
[22:46:55]EMOTE: Ian/ : <B>Ian</B> dances around
[22:47:08]EMOTE: kitten/ : <B>The kitten</B> shakes their head.
[22:47:14]SAY: cat/ : Esp!
[22:47:20]EMOTE: Runtime/ : <B>Runtime</B> shivers.
[22:47:20]EMOTE: Ian/ : <B>Ian</B> chases their tail
[22:47:35]SAY: Experiment 97d/ : Eh?
[22:48:04]SAY: kitten/ : HSSSSS
[22:48:29]SAY: cat/ : Meow!
[22:48:35]SAY: Ian/ : AUUUUUU
[22:48:44]SAY: Ian/ : YAP
[22:48:58]EMOTE: Experiment 68a/ : <B>Experiment 68a</B> clicks.
[22:49:42]SAY: Runtime/ : Meow!
[22:50:28]EMOTE: Coffee/ : <B>Coffee</B> clacks.
[22:51:06]EMOTE: kitten/ : <B>The kitten</B> mews.
[22:51:12]SAY: Experiment 97d/ : Eh?
[22:51:22]SAY: grey baby slime (523)/ : Must... eat...
[22:52:02]EMOTE: cat/ : <B>The cat</B> meows.
[22:52:29]SAY: kitten/ : HSSSSS
[22:52:31]EMOTE: Runtime/ : <B>Runtime</B> meows.
[22:55:19]EMOTE: Coffee/ : <B>Coffee</B> clicks.
[22:55:29]EMOTE: Experiment 68a/ : <B>Experiment 68a</B> clicks.
[22:55:42]SAY: Parrot/ : BAWWWWK george mellons griffing me
[22:56:36]EMOTE: Ian/ : <B>Ian</B> chases their tail
[22:56:44]SAY: grey baby slime (523)/ : Very... hungry...
[22:56:46]EMOTE: Coffee/ : <B>Coffee</B> clicks.
[22:57:51]SAY: cat/ : HSSSSS
[22:58:18]SAY: Ian/ : YAP
[22:58:20]SAY: grey baby slime (523)/ : Must... eat...
[22:58:20]EMOTE: cat/ : <B>The cat</B> meows.
[22:58:28]SAY: kitten/ : HSSSSS
[22:58:53]SAY: Parrot/ : BAWWWWK george mellons griffing me
[22:59:12]EMOTE: Ian/ : <B>Ian</B> chases their tail
[22:59:47]EMOTE: crab/ : <B>The crab</B> clicks.
[23:00:12]EMOTE: Coffee/ : <B>Coffee</B> clicks.
[23:00:13]DEBUG: Next event of severity Mundane in 14.482 minutes.
[23:00:13]DEBUG: Starting event 'Mundane News' of severity Mundane.
[23:00:24]EMOTE: Runtime/ : <B>Runtime</B> shivers.
[23:00:32]SAY: grey baby slime (753)/ : Lonely...
[23:00:36]DEBUG: Event 'Mundane News' has completed at 14:23.
[23:00:39]EMOTE: Ian/ : <B>Ian</B> barks.
[23:01:39]EMOTE: Coffee/ : <B>Coffee</B> clicks.
[23:02:24]EMOTE: Coffee/ : <B>Coffee</B> clicks.
[23:02:26]EMOTE: Experiment 97d/ : <B>Experiment 97d</B> brays.
[23:03:33]SAY: grey baby slime (753)/ : Very... hungry...
[23:03:58]EMOTE: Experiment 97d/ : <B>Experiment 97d</B> stamps a foot.
[23:04:19]EMOTE: cat/ : <B>The cat</B> meows.
[23:05:09]OOC: Amira Cook/Marinalightyears : hi?
[23:05:54]SAY: Runtime/ : Purr!
[23:05:54]EMOTE: cat/ : <B>The cat</B> shakes their head.
[23:06:38]EMOTE: Ian/ : <B>Ian</B> chases their tail
[23:07:40]EMOTE: Experiment 97d/ : <B>Experiment 97d</B> brays.
[23:07:52]EMOTE: Experiment 68a/ : <B>Experiment 68a</B> clicks.
[23:08:21]SAY: Experiment 97d/ : EHEHEHEHEH
[23:08:55]EMOTE: Parrot/ : <B>The Parrot</B> squawks.
[23:08:59]SAY: grey baby slime (523)/ : Very... cold...
[23:10:22]SAY: kitten/ : HSSSSS
[23:11:31]EMOTE: cat/ : <B>The cat</B> shivers.
[23:12:14]EMOTE: Experiment 97d/ : <B>Experiment 97d</B> brays.
[23:12:49]EMOTE: Ian/ : <B>Ian</B> dances around
[23:12:53]EMOTE: kitten/ : <B>The kitten</B> mews.
[23:13:08]SAY: cat/ : Esp!
[23:13:20]SAY: Parrot/ : Hello!
[23:13:33]EMOTE: kitten/ : <B>The kitten</B> shivers.
[23:14:06]EMOTE: kitten/ : <B>The kitten</B> shivers.
[23:14:57]SAY: kitten/ : HSSSSS
[23:15:10]EMOTE: kitten/ : <B>The kitten</B> shakes their head.
[23:15:16]SAY: kitten/ : Purr!
[23:15:55]EMOTE: kitten/ : <B>The kitten</B> shivers.
[23:16:00]EMOTE: Experiment 68a/ : <B>Experiment 68a</B> clacks.
[23:16:10]EMOTE: Experiment 97d/ : <B>Experiment 97d</B> brays.
[23:16:14]EMOTE: Experiment 68a/ : <B>Experiment 68a</B> clicks.
[23:16:47]SAY: cat/ : Purr!
[23:16:55]DEBUG: Next event of severity Mundane in 17.874 minutes.
[23:16:55]DEBUG: Starting event 'Economic News' of severity Mundane.
[23:17:29]SAY: Runtime/ : Meow!
[23:17:55]EMOTE: Ian/ : <B>Ian</B> barks.
[23:18:47]EMOTE: Ian/ : <B>Ian</B> dances around
[23:18:59]EMOTE: Ian/ : <B>Ian</B> dances around
[23:19:24]EMOTE: cat/ : <B>The cat</B> mews.
[23:19:45]EMOTE: Ian/ : <B>Ian</B> barks.
[23:19:57]DEBUG: Event 'Brand Intelligence' has completed at 14:40.
[23:20:00]EMOTE: Ian/ : <B>Ian</B> shivers.
[23:20:12]EMOTE: crab/ : <B>The crab</B> clicks.
[23:20:57]SAY: Experiment 97d/ : Eh?
[23:21:37]SAY: kitten/ : Meow!
[23:21:47]SAY: Ian/ : Woof!
[23:21:49]EMOTE: Ian/ : <B>Ian</B> dances around
[23:22:39]EMOTE: kitten/ : <B>The kitten</B> mews.
[23:22:55]EMOTE: Parrot/ : <B>The Parrot</B> flutters its wings.
[23:22:59]EMOTE: Experiment 68a/ : <B>Experiment 68a</B> clacks.
[23:24:01]EMOTE: kitten/ : <B>The kitten</B> shakes their head.
[23:24:34]DEBUG: Event 'Economic News' has completed at 14:44.
[23:24:38]EMOTE: Ian/ : <B>Ian</B> dances around
[23:24:55]EMOTE: kitten/ : <B>The kitten</B> meows.
[23:25:15]EMOTE: Ian/ : <B>Ian</B> dances around
[23:25:30]EMOTE: Coffee/ : <B>Coffee</B> clacks.
[23:25:36]EMOTE: cat/ : <B>The cat</B> meows.
[23:26:34]EMOTE: Coffee/ : <B>Coffee</B> clicks.
[23:26:36]EMOTE: crab/ : <B>The crab</B> clacks.
[23:27:09]SAY: Experiment 97d/ : Eh?
[23:27:25]ACCESS: Login: Moom241/(Moom241) from 172.2.114.177-1501114251 || BYOND v506
[23:27:34]SAY: Parrot/ : Hello!
[23:28:03]EMOTE: Ian/ : <B>Ian</B> dances around
[23:28:28]OOC: Amira Cook/Marinalightyears : ohi
[23:29:21]EMOTE: Coffee/ : <B>Coffee</B> clicks.
[23:29:58]EMOTE: Experiment 97d/ : <B>Experiment 97d</B> stamps a foot.
[23:30:21]OOC: Moom241/Moom241 : hai
[23:30:27]EMOTE: Experiment 68a/ : <B>Experiment 68a</B> clicks.
[23:30:39]EMOTE: kitten/ : <B>The kitten</B> shakes their head.
[23:30:52]EMOTE: crab/ : <B>The crab</B> clicks.
[23:31:01]OOC: Amira Cook/Marinalightyears : how u?
[23:31:23]OOC: Moom241/Moom241 : cant complain. mostly cause they duck taped my mouth shut after I complained so much.
[23:31:37]EMOTE: kitten/ : <B>The kitten</B> meows.
[23:31:49]ACCESS: Logout: *no key*/(Moom241)
[23:31:49]ACCESS: Login: Moom241/(Igam Yute) from 172.2.114.177-1501114251 || BYOND v506
[23:31:55]OOC: Amira Cook/Marinalightyears : what was the saying?
[23:32:06]OOC: Amira Cook/Marinalightyears : silence is golden but ductape is silver.
[23:32:09]OOC: Amira Cook/Marinalightyears : I think
[23:32:10]OOC: Amira Cook/Marinalightyears : hue
[23:32:10]OOC: Igam Yute/Moom241 : silence is golden, duct tape is silver?
[23:32:14]SAY: Ian/ : Bark!
[23:32:22]OOC: Amira Cook/Marinalightyears : yes. that one. fuehue. so lame
[23:33:02]EMOTE: Experiment 97d/ : <B>Experiment 97d</B> brays.
[23:33:06]EMOTE: kitten/ : <B>The kitten</B> mews.
[23:33:23]OOC: Igam Yute/Moom241 : cass, u wanna come roleplay with us?
[23:33:29]EMOTE: kitten/ : <B>The kitten</B> mews.
[23:33:56]OOC: Amira Cook/Marinalightyears : cass hasnt been responding.
[23:34:06]OOC: Amira Cook/Marinalightyears : prolly was afk when I got here.
[23:34:10]OOC: Igam Yute/Moom241 : Okay. Cass is dealing with some OOC stuff, so it&#39;s understandable.
[23:36:06]OOC: Amira Cook/Marinalightyears : yeh
[23:36:13]OOC: Amira Cook/Marinalightyears : it haaappppeeenns
[23:36:45]EMOTE: crab/ : <B>The crab</B> clicks.
[23:36:59]DEBUG: Next event of severity Moderate in 42.464 minutes.
[23:36:59]DEBUG: Starting event 'Carp School' of severity Moderate.
[23:37:13]EMOTE: Amira Cook/Marinalightyears : <B>Amira Cook</B> walks up sipping on a cup of Hot Ramen. she barely glances over at Igam, giving a lethargic wave.. after all she suspected he would be here.
[23:37:22]EMOTE: Parrot/ : <B>The Parrot</B> bawks.
[23:37:24]EMOTE: kitten/ : <B>The kitten</B> meows.
[23:37:25]DEBUG: Next event of severity Mundane in 16.298 minutes.
[23:37:25]DEBUG: Starting event 'Economic News' of severity Mundane.
[23:37:39]EMOTE: Igam Yute/Moom241 : <B>Igam Yute</B> nods in response.
[23:37:41]SAY: Igam Yute/Moom241 : Hey Mira.
[23:37:49]SAY: Amira Cook/Marinalightyears : how are ya today?
[23:37:53]EMOTE: cat/ : <B>The cat</B> shivers.
[23:38:14]SAY: Igam Yute/Moom241 : I went on a date today.
[23:38:26]SAY: kitten/ : Esp!
[23:38:41]SAY: Amira Cook/Marinalightyears : oh?
[23:38:48]SAY: Amira Cook/Marinalightyears : How did that go?
[23:39:26]EMOTE: Amira Cook/Marinalightyears : <B>Amira Cook</B> finishes the cup, and with a slight look of dissapointment puts it into her bag.
[23:39:40]SAY: Igam Yute/Moom241 : We went a steak house. It was fun. We both got sloshed afterwards. Me on martinis, her on whiskey. Then we parted ways.
[23:39:48]SAY: kitten/ : Meow!
[23:40:07]OOC: (LOCAL) Igam Yute/Moom241 : afk
[23:40:22]OOC: (LOCAL) Amira Cook/Marinalightyears : aww ok
[23:40:33]SAY: Amira Cook/Marinalightyears : Nice. Nice.
[23:40:36]OOC: (LOCAL) Igam Yute/Moom241 : have to log out real quick, sorry.
[23:40:37]ACCESS: Logout: Moom241/(Igam Yute)
[23:40:43]EMOTE: Ian/ : <B>Ian</B> dances around
[23:40:54]SAY: Experiment 97d/ : Eh?
[23:41:04]EMOTE: Amira Cook/Marinalightyears : <B>Amira Cook</B> puts sand in IGams hair
[23:41:05]VOTE: Crew_transfer vote started by the server.
[23:41:05]DEBUG: The server has called a crew transfer vote
[23:41:51]EMOTE: Ian/ : <B>Ian</B> chases their tail
[23:42:08]ACCESS: Login: Moom241/(Igam Yute) from 172.2.114.177-1501114251 || BYOND v506
[23:42:13]VOTE: <b>Vote Result: Inconclusive - No Votes!</b>
[23:42:13]EMOTE: Parrot/ : <B>The Parrot</B> squawks.
[23:42:17]EMOTE: Igam Yute/Moom241 : <B>Igam Yute</B> shakes his head.
[23:42:19]SAY: Igam Yute/Moom241 : Awake!
[23:42:23]SAY: Igam Yute/Moom241 : Whoa, okay.
[23:42:26]SAY: Igam Yute/Moom241 : Where was I?
[23:42:44]EMOTE: Ian/ : <B>Ian</B> chases their tail
[23:42:46]SAY: Runtime/ : Esp!
[23:42:52]SAY: Igam Yute/Moom241 : Oh yeah! Sloshed on martinis and whiskey.
[23:43:13]EMOTE: kitten/ : <B>The kitten</B> meows.
[23:43:17]DEBUG: Next event of severity Major in 61.566 minutes.
[23:43:17]DEBUG: Starting event 'Nothing' of severity Major.
[23:43:19]DEBUG: Event 'Nothing' has completed at 15:00.
[23:43:25]SAY: Runtime/ : Meow!
[23:43:38]SAY: Igam Yute/Moom241 : Mira?
[23:43:46]EMOTE: Ian/ : <B>Ian</B> chases their tail
[23:43:52]OOC: (LOCAL) Amira Cook/Marinalightyears : ohey
[23:43:57]SAY: Amira Cook/Marinalightyears : ah. oh yeah.
[23:44:04]DEBUG: Event 'Economic News' has completed at 15:01.
[23:44:18]SAY: Amira Cook/Marinalightyears : Soudns like it was fun, or something. I dont think I have ever dated though.
[23:44:25]EMOTE: space carp/ : <B>The space carp</B> nashes at the mouse (838)
[23:44:28]SAY: Amira Cook/Marinalightyears : so.. I can only sort of guess.
[23:44:31]EMOTE: Igam Yute/Moom241 : <B>Igam Yute</B> shrugs.
[23:44:39]EMOTE: space carp/ : <B>The space carp</B> nashes at the mouse (838)
[23:44:46]SAY: Amira Cook/Marinalightyears : though I suppose I have been sloshed before. so if it was like that.. Just another day. hah.
[23:45:20]SAY: Igam Yute/Moom241 : Well, for me, it&#39;s usually a one time thing. I&#39;ll ask someone out, we&#39;ll have some fun, and part ways amicably. If they feel like doing more, it&#39;s up to them.
[23:46:14]SAY: Igam Yute/Moom241 : Well, the thing with dates is they can be a lot of different things.
[23:46:42]SAY: Amira Cook/Marinalightyears : Mmm. So you say its usually one time for you, and that its up to the other person? Im sorry you seem to garner so little intrest?
[23:46:43]SAY: Ian/ : AUUUUUU
[23:46:46]OOC: (LOCAL) Amira Cook/Marinalightyears : Amira logic.
[23:46:47]EMOTE: Ian/ : <B>Ian</B> chases their tail
[23:46:51]EMOTE: Igam Yute/Moom241 : <B>Igam Yute</B> shrugs.
[23:46:54]SAY: Amira Cook/Marinalightyears : oh! before I forget.
[23:46:55]SAY: cat/ : Meow!
[23:47:10]SAY: Amira Cook/Marinalightyears : Its a bit much but, well, consider it paymemnt for the booze I drank dry. hah.
[23:47:26]SAY: Amira Cook/Marinalightyears : tip or tab, Your choice.
[23:47:26]EMOTE: Igam Yute/Moom241 : <B>Igam Yute</B> picks up the card and looks it over.
[23:47:28]SAY: Igam Yute/Moom241 : Nope.
[23:47:29]EMOTE: Amira Cook/Marinalightyears : <B>Amira Cook</B> nods
[23:47:34]SAY: Runtime/ : Esp!
[23:47:37]SAY: Igam Yute/Moom241 : Not a chance Mira. Way too much.
[23:47:41]SAY: Amira Cook/Marinalightyears : I wont accept it baack.
[23:48:02]SAY: Igam Yute/Moom241 : Fine, I&#39;ll take it, but on one condition.
[23:48:19]SAY: Amira Cook/Marinalightyears : maybe Im used to being spoiled and not caring mucha bout the amount.
[23:48:26]SAY: Amira Cook/Marinalightyears : mmm? Whats the condition?
[23:48:39]SAY: Igam Yute/Moom241 : I can use this money to take /you/ on a date!
[23:48:44]EMOTE: Ian/ : <B>Ian</B> shivers.
[23:49:15]EMOTE: crab/ : <B>The crab</B> clacks.
[23:49:17]EMOTE: kitten/ : <B>The kitten</B> meows.
[23:49:21]SAY: Parrot/ : BAWWWWK george mellons griffing me
[23:49:52]EMOTE: crab/ : <B>The crab</B> clicks.
[23:49:54]SAY: Amira Cook/Marinalightyears : oh? I guess I didnt expect that condition.
[23:50:21]SAY: Runtime/ : HSSSSS
[23:50:33]EMOTE: Ian/ : <B>Ian</B> dances around
[23:50:35]SAY: Igam Yute/Moom241 : It&#39;s okay to say no if you don&#39;t want to.
[23:50:39]EMOTE: Amira Cook/Marinalightyears : <B>Amira Cook</B> tilts her head and thinks a little, before shrugging, and nodding in agreement.
[23:50:47]EMOTE: Parrot/ : <B>The Parrot</B> flutters its wings.
[23:51:06]EMOTE: cat/ : <B>The cat</B> shakes their head.
[23:51:09]SAY: Amira Cook/Marinalightyears : I dont mind. Your a pretty nice friend and stuff anyway.
[23:51:12]EMOTE: Igam Yute/Moom241 : <B>Igam Yute</B> grins brightly.
[23:51:26]EMOTE: Coffee/ : <B>Coffee</B> clicks.
[23:51:40]SAY: Igam Yute/Moom241 : Great! I hear the Mendell City Orchestra is playing Dvorak later this week. You wanna see an orchestra?
[23:52:26]SAY: Igam Yute/Moom241 : Ooh! Or there&#39;s the Brandenburg Concerto coming up...
[23:52:40]SAY: Amira Cook/Marinalightyears : say Concerto?
[23:52:43]OOC: (LOCAL) Amira Cook/Marinalightyears : lawl
[23:52:49]OOC: (LOCAL) Amira Cook/Marinalightyears : double Say. whee
[23:53:06]OOC: (LOCAL) Igam Yute/Moom241 : GG!
[23:53:24]EMOTE: Experiment 68a/ : <B>Experiment 68a</B> clacks.
[23:53:24]EMOTE: kitten/ : <B>The kitten</B> mews.
[23:53:24]SAY: Amira Cook/Marinalightyears : an Orchestra could be nice. Music in general, since Im trying to learn my tastes and all still.
[23:53:48]EMOTE: Ian/ : <B>Ian</B> dances around
[23:53:48]SAY: kitten/ : HSSSSS
[23:53:52]SAY: Igam Yute/Moom241 : Yeah! A concerto! It&#39;s this thing where it&#39;s a composition for just one or two instruments accompanied by an orchestra.
[23:53:56]EMOTE: Igam Yute/Moom241 : <B>Igam Yute</B> nods, smiling.
[23:53:58]EMOTE: space carp/ : <B>The space carp</B> nashes at the mouse (838)
[23:54:07]EMOTE: Experiment 68a/ : <B>Experiment 68a</B> clacks.
[23:54:20]SAY: Igam Yute/Moom241 : Great! It&#39;ll be lots of fun. And with this card, we can afford seats that won&#39;t give us nosebleeds.
[23:54:31]SAY: Amira Cook/Marinalightyears : .. which do you prefer?
[23:54:33]SAY: kitten/ : HSSSSS
[23:54:36]OOC: (LOCAL) Igam Yute/Moom241 : Kerbal shows up minutes later to mug us.
[23:54:45]SAY: Amira Cook/Marinalightyears : hah. I guess its money well spent then..
[23:54:49]OOC: (LOCAL) Amira Cook/Marinalightyears : Id laugh
[23:54:57]SAY: Igam Yute/Moom241 : Well, it&#39;s the same group, just performing different pieces.
[23:55:05]SAY: Amira Cook/Marinalightyears : oh. ok.
[23:55:31]EMOTE: Ian/ : <B>Ian</B> dances around
[23:55:58]EMOTE: Experiment 97d/ : <B>Experiment 97d</B> shakes its head.
[23:56:01]DEBUG: Next event of severity Mundane in 15.072 minutes.
[23:56:01]DEBUG: Starting event 'PDA Spam' of severity Mundane.
[23:56:04]SAY: Igam Yute/Moom241 : But yeah, I usually never get good seats when I see the MCO, but now we can see them from a relatively decent section.
[23:56:20]EMOTE: Ian/ : <B>Ian</B> chases their tail
[23:56:35]SAY: Igam Yute/Moom241 : Sorry, I sound more excited about the orchestra than the date itself.
[23:56:49]EMOTE: Experiment 68a/ : <B>Experiment 68a</B> clicks.
[23:56:53]SAY: Runtime/ : HSSSSS
[23:57:03]EMOTE: crab/ : <B>The crab</B> clicks.
[23:57:23]SAY: Igam Yute/Moom241 : So! You wanna drink?
[23:57:26]EMOTE: Parrot/ : <B>The Parrot</B> bawks.
[23:57:27]SAY: Amira Cook/Marinalightyears : sure.
[23:57:35]SAY: Amira Cook/Marinalightyears : I always like a drink, even when I shouldnt.
[23:57:36]SAY: Igam Yute/Moom241 : What&#39;ll ya have?
[23:57:39]SAY: Amira Cook/Marinalightyears : and
[23:57:54]SAY: Amira Cook/Marinalightyears : honestly, Im nto sure why you woudlnt be more excited abotu the orcestr
[23:57:56]SAY: Amira Cook/Marinalightyears : I mean
[23:58:10]SAY: Amira Cook/Marinalightyears : it is kind of what we are going to do, and all that.
[23:58:13]EMOTE: kitten/ : <B>The kitten</B> shakes their head.
[23:58:40]EMOTE: Experiment 68a/ : <B>Experiment 68a</B> clacks.
[23:58:43]SAY: Igam Yute/Moom241 : Well sure, I guess, but a date shouldn&#39;t just be what you&#39;re doing, but the company you keep.
[23:58:54]EMOTE: Ian/ : <B>Ian</B> dances around
[23:59:04]SAY: Amira Cook/Marinalightyears : the Date encompassing it, sort of, but Im not sure why the act of doing something with someone is more exciting then the activity itself.
[23:59:08]SAY: Amira Cook/Marinalightyears : .. sorry Im rambling
[23:59:12]SAY: Igam Yute/Moom241 : It&#39;s fine.
[23:59:16]SAY: Igam Yute/Moom241 : I like it when you talk.
[23:59:26]SAY: Amira Cook/Marinalightyears : Vermouth please.
[23:59:27]SAY: Igam Yute/Moom241 : So, what&#39;s your poison?
[00:00:00]SAY: cat/ : Purr!
[00:00:53]EMOTE: cat/ : <B>The cat</B> meows.
[00:00:53]SAY: kitten/ : Esp!
[00:01:28]SAY: Igam Yute/Moom241 : There it is, one vermouth.
[00:01:43]EMOTE: Experiment 97d/ : <B>Experiment 97d</B> stamps a foot.
[00:01:59]SAY: Amira Cook/Marinalightyears : thanks.
[00:01:59]EMOTE: Ian/ : <B>Ian</B> dances around
[00:02:35]EMOTE: Amira Cook/Marinalightyears : <B>Amira Cook</B> pushes her hair from her face to take a sip of her drink, smiling a bit.
[00:02:36]SAY: cat/ : HSSSSS
[00:02:43]SAY: Amira Cook/Marinalightyears : ah.. still like the Vermouth..
[00:02:45]DEBUG: Event 'Carp School' has completed at 15:18.
[00:03:05]EMOTE: Igam Yute/Moom241 : <B>Igam Yute</B> nods.
[00:03:11]SAY: Igam Yute/Moom241 : Just the right kind of bitter, eh?
[00:03:30]SAY: Amira Cook/Marinalightyears : yes.
[00:03:44]SAY: Amira Cook/Marinalightyears : Its almost like a wine, but diffrent in just enough ways..
[00:03:52]SAY: Amira Cook/Marinalightyears : but perhaps thats just my line of thought.
[00:04:02]SAY: Igam Yute/Moom241 : Whatever makes you happy, right?
[00:04:23]SAY: Amira Cook/Marinalightyears : that could be the slogan of everyone. though I guess some people hold higher ideals then that.
[00:04:40]EMOTE: Amira Cook/Marinalightyears : <B>Amira Cook</B> laughs a little, amused by what she said apparently.
[00:04:50]EMOTE: Igam Yute/Moom241 : <B>Igam Yute</B> chuckles along.
[00:04:56]EMOTE: Runtime/ : <B>Runtime</B> meows.
[00:05:05]EMOTE: Ian/ : <B>Ian</B> chases their tail
[00:05:13]EMOTE: Ian/ : <B>Ian</B> chases their tail
[00:05:21]SAY: kitten/ : HSSSSS
[00:05:31]EMOTE: cat/ : <B>The cat</B> shakes their head.
[00:05:34]SAY: Igam Yute/Moom241 : Well, I mean, it&#39;s held pretty true for me. As long as I have fun, and make sure everyone else is having fun along the way, it&#39;s usually not a problem.
[00:05:42]EMOTE: Runtime/ : <B>Runtime</B> shivers.
[00:06:23]SAY: cat/ : HSSSSS
[00:06:35]EMOTE: kitten/ : <B>The kitten</B> shakes their head.
[00:06:42]EMOTE: Coffee/ : <B>Coffee</B> clicks.
[00:07:06]EMOTE: Igam Yute/Moom241 : <B>Igam Yute</B> yawns.
[00:07:11]EMOTE: kitten/ : <B>The kitten</B> shakes their head.
[00:07:20]EMOTE: Igam Yute/Moom241 : <B>Igam Yute</B> takes a couple gulps of his vermouth.
[00:07:41]SAY: Amira Cook/Marinalightyears : Hmm.
[00:07:49]SAY: Amira Cook/Marinalightyears : I can agree witht he sentiment really.
[00:08:02]EMOTE: Igam Yute/Moom241 : <B>Igam Yute</B> shrugs.
[00:08:16]EMOTE: cat/ : <B>The cat</B> shakes their head.
[00:08:21]SAY: Amira Cook/Marinalightyears : Honestly, Some people get too caught up in.. stuff.
[00:08:37]EMOTE: Amira Cook/Marinalightyears : <B>Amira Cook</B> is perhaps a little tipsy.
[00:08:39]SAY: kitten/ : Esp!
[00:09:16]SAY: Igam Yute/Moom241 : Stuff?
[00:09:46]EMOTE: cat/ : <B>The cat</B> mews.
[00:09:53]EMOTE: Coffee/ : <B>Coffee</B> clicks.
[00:10:21]SAY: Amira Cook/Marinalightyears : yeah.
[00:10:30]SAY: Amira Cook/Marinalightyears : Politics. power, uh..
[00:10:33]SAY: Amira Cook/Marinalightyears : stuff.
[00:10:58]SAY: Amira Cook/Marinalightyears : .. then again, I may just be painfully passive.
[00:10:58]SAY: Runtime/ : HSSSSS
[00:11:03]SAY: Igam Yute/Moom241 : Dates?
[00:11:15]SAY: Igam Yute/Moom241 : It&#39;s okay. I understand what you mean.
[00:11:25]SAY: Amira Cook/Marinalightyears : hah. I dont know. Dates can be fun. Im not sure abotu the other stuff.
[00:11:49]SAY: Amira Cook/Marinalightyears : so many Beeps.
[00:11:52]SAY: Igam Yute/Moom241 : Man, these spam messages.
[00:12:02]SAY: Amira Cook/Marinalightyears : yeah. I get a lot too.
[00:12:03]SAY: Igam Yute/Moom241 : If I didn&#39;t need this thing I&#39;d huck it into the ocean.
[00:12:04]SAY: cat/ : Meow!
[00:13:01]SAY: Amira Cook/Marinalightyears : I can be forever comforted
[00:13:06]EMOTE: kitten/ : <B>The kitten</B> mews.
[00:13:10]SAY: Amira Cook/Marinalightyears : knowing the pda will beep forever.
[00:13:14]DEBUG: Next event of severity Mundane in 12.302 minutes.
[00:13:14]DEBUG: Starting event 'Trivial News' of severity Mundane.
[00:13:36]EMOTE: Igam Yute/Moom241 : <B>Igam Yute</B> chuckles, a little drunkenly.
[00:13:36]DEBUG: Event 'Trivial News' has completed at 15:27.
[00:13:51]SAY: Ian/ : Woof!
[00:14:03]EMOTE: crab/ : <B>The crab</B> clacks.
[00:14:04]SAY: Igam Yute/Moom241 : Okay, I&#39;m probably gonna hit the hay...
[00:14:19]SAY: kitten/ : HSSSSS
[00:14:24]SAY: Igam Yute/Moom241 : Help yourself to anything in the bar, just don&#39;t take too much.
[00:14:33]SAY: Igam Yute/Moom241 : I&#39;ll message you about the date, okay?
[00:14:46]EMOTE: Ian/ : <B>Ian</B> dances around
[00:14:53]SAY: Igam Yute/Moom241 : Catch ya later Mira.
[00:15:23]SAY: kitten/ : Esp!
[00:15:25]EMOTE: Coffee/ : <B>Coffee</B> clacks.
[00:15:27]EMOTE: kitten/ : <B>The kitten</B> mews.
[00:15:29]OOC: Igam Yute/Moom241 : oky, goodnight lightyears
[00:15:31]SAY: Runtime/ : Esp!
[00:15:37]EMOTE: Experiment 68a/ : <B>Experiment 68a</B> clacks.
[00:16:47]ACCESS: Logout: Moom241/(Igam Yute)
[00:16:47]EMOTE: Ian/ : <B>Ian</B> chases their tail
[00:17:38]EMOTE: Ian/ : <B>Ian</B> chases their tail
[00:17:42]EMOTE: Igam Yute/Moom241 : <B>Igam Yute</B> snores.
[00:17:44]EMOTE: Ian/ : <B>Ian</B> yaps.
[00:17:50]EMOTE: Coffee/ : <B>Coffee</B> clacks.
[00:17:57]EMOTE: Ian/ : <B>Ian</B> dances around
[00:18:27]SAY: Ian/ : AUUUUUU
[00:19:00]SAY: Runtime/ : Meow!
[00:20:47]EMOTE: Igam Yute/Moom241 : <B>Igam Yute</B> snores.
[00:20:57]SAY: Parrot/ : Hello!
[00:21:57]EMOTE: Igam Yute/Moom241 : <B>Igam Yute</B> snores.
[00:21:59]OOC: Amira Cook/Marinalightyears : sorry
[00:22:03]EMOTE: Experiment 97d/ : <B>Experiment 97d</B> brays.
[00:22:03]SAY: kitten/ : Esp!
[00:23:06]SAY: Experiment 97d/ : EHEHEHEHEH
[00:23:29]EMOTE: Igam Yute/Moom241 : <B>Igam Yute</B> snores.
[00:23:31]EMOTE: Igam Yute/Moom241 : <B>Igam Yute</B> snores.
[00:23:39]EMOTE: crab/ : <B>The crab</B> clicks.
[00:23:49]SAY: cat/ : HSSSSS
[00:23:58]SAY: kitten/ : HSSSSS
[00:23:58]EMOTE: Igam Yute/Moom241 : <B>Igam Yute</B> snores.
[00:24:16]EMOTE: kitten/ : <B>The kitten</B> mews.
[00:24:35]EMOTE: Igam Yute/Moom241 : <B>Igam Yute</B> snores.
[00:24:49]EMOTE: Experiment 97d/ : <B>Experiment 97d</B> brays.
[00:25:06]ACCESS: Logout: Cassy_jenelle/(Cassy_jenelle)
[00:25:23]DEBUG: Next event of severity Moderate in 46.42 minutes.
[00:25:23]DEBUG: Starting event 'Nothing' of severity Moderate.
[00:25:25]DEBUG: Event 'Nothing' has completed at 15:37.
[00:26:42]EMOTE: Igam Yute/Moom241 : <B>Igam Yute</B> snores.
[00:26:56]EMOTE: Experiment 97d/ : <B>Experiment 97d</B> stamps a foot.
[00:26:56]EMOTE: cat/ : <B>The cat</B> mews.
[00:27:04]EMOTE: Igam Yute/Moom241 : <B>Igam Yute</B> snores.
[00:27:14]DEBUG: Next event of severity Mundane in 12.502 minutes.
[00:27:14]DEBUG: Starting event 'Trivial News' of severity Mundane.
[00:27:33]EMOTE: cat/ : <B>The cat</B> shakes their head.
[00:27:35]EMOTE: Igam Yute/Moom241 : <B>Igam Yute</B> snores.
[00:27:37]DEBUG: Event 'Trivial News' has completed at 15:39.
[00:27:37]EMOTE: Ian/ : <B>Ian</B> chases their tail
[00:27:58]EMOTE: Experiment 97d/ : <B>Experiment 97d</B> stamps a foot.
[00:28:30]SAY: kitten/ : HSSSSS
[00:28:36]SAY: cat/ : HSSSSS
[00:28:45]SAY: Runtime/ : Purr!
[00:29:11]EMOTE: Ian/ : <B>Ian</B> dances around
[00:29:30]EMOTE: Igam Yute/Moom241 : <B>Igam Yute</B> snores.
[00:29:52]SAY: Runtime/ : HSSSSS
[00:30:03]EMOTE: Coffee/ : <B>Coffee</B> clicks.
[00:30:11]SAY: kitten/ : Esp!
[00:30:15]EMOTE: Ian/ : <B>Ian</B> shivers.
[00:30:54]EMOTE: Experiment 97d/ : <B>Experiment 97d</B> shakes its head.
[00:31:00]EMOTE: Coffee/ : <B>Coffee</B> clicks.
[00:31:06]EMOTE: Igam Yute/Moom241 : <B>Igam Yute</B> snores.
[00:31:45]SAY: cat/ : Purr!
[00:31:55]EMOTE: Igam Yute/Moom241 : <B>Igam Yute</B> snores.
[00:32:14]SAY: Experiment 97d/ : EHEHEHEHEH
[00:33:11]EMOTE: crab/ : <B>The crab</B> clicks.
[00:33:35]EMOTE: cat/ : <B>The cat</B> shakes their head.
[00:33:38]EMOTE: Igam Yute/Moom241 : <B>Igam Yute</B> snores.
[00:34:16]EMOTE: Experiment 68a/ : <B>Experiment 68a</B> clicks.
[00:34:16]EMOTE: Coffee/ : <B>Coffee</B> clacks.
[00:34:27]EMOTE: cat/ : <B>The cat</B> shivers.
[00:34:37]SAY: Experiment 97d/ : EHEHEHEHEH
[00:35:10]EMOTE: kitten/ : <B>The kitten</B> shivers.
[00:35:14]EMOTE: cat/ : <B>The cat</B> shivers.
[00:35:55]SAY: cat/ : HSSSSS
[00:36:07]SAY: Parrot/ : BAWWWWK george mellons griffing me
[00:36:46]EMOTE: kitten/ : <B>The kitten</B> mews.
[00:37:19]EMOTE: Ian/ : <B>Ian</B> chases their tail
[00:37:39]SAY: Parrot/ : Hello!
[00:37:45]EMOTE: kitten/ : <B>The kitten</B> shivers.
[00:39:34]EMOTE: Ian/ : <B>Ian</B> dances around
[00:40:10]EMOTE: Igam Yute/Moom241 : <B>Igam Yute</B> snores.
[00:40:19]EMOTE: crab/ : <B>The crab</B> clicks.
[00:40:33]EMOTE: Igam Yute/Moom241 : <B>Igam Yute</B> snores.
[00:40:39]EMOTE: Coffee/ : <B>Coffee</B> clicks.
[00:41:04]SAY: kitten/ : Meow!
[00:41:16]SAY: Ian/ : AUUUUUU
[00:41:28]DEBUG: Next event of severity Mundane in 13.73 minutes.
[00:41:28]DEBUG: Starting event 'Trivial News' of severity Mundane.
[00:41:28]EMOTE: Ian/ : <B>Ian</B> chases their tail
[00:41:50]DEBUG: Event 'Trivial News' has completed at 15:52.
[00:41:55]EMOTE: Coffee/ : <B>Coffee</B> clicks.
[00:41:57]SAY: Runtime/ : HSSSSS
[00:42:21]EMOTE: cat/ : <B>The cat</B> mews.
[00:42:28]EMOTE: Coffee/ : <B>Coffee</B> clacks.
[00:42:44]EMOTE: crab/ : <B>The crab</B> clicks.
[00:42:46]EMOTE: kitten/ : <B>The kitten</B> mews.
[00:42:52]EMOTE: Igam Yute/Moom241 : <B>Igam Yute</B> snores.
[00:42:56]EMOTE: Igam Yute/Moom241 : <B>Igam Yute</B> snores.
[00:43:07]SAY: cat/ : Esp!
[00:43:17]EMOTE: Igam Yute/Moom241 : <B>Igam Yute</B> snores.
[00:43:29]SAY: kitten/ : HSSSSS
[00:43:42]EMOTE: Experiment 68a/ : <B>Experiment 68a</B> clacks.
[00:45:45]EMOTE: kitten/ : <B>The kitten</B> meows.
[00:46:05]SAY: cat/ : Esp!
[00:46:07]EMOTE: Ian/ : <B>Ian</B> dances around
[00:46:13]EMOTE: Runtime/ : <B>Runtime</B> meows.
[00:46:34]EMOTE: Coffee/ : <B>Coffee</B> clicks.
[00:46:56]EMOTE: Ian/ : <B>Ian</B> dances around
[00:47:11]EMOTE: Igam Yute/Moom241 : <B>Igam Yute</B> snores.
[00:47:21]EMOTE: crab/ : <B>The crab</B> clacks.
[00:48:06]EMOTE: cat/ : <B>The cat</B> meows.
[00:48:37]EMOTE: Experiment 97d/ : <B>Experiment 97d</B> stamps a foot.
[00:48:51]EMOTE: Igam Yute/Moom241 : <B>Igam Yute</B> snores.
[00:49:24]VOTE: Crew_transfer vote started by the server.
[00:49:24]DEBUG: The server has called a crew transfer vote
[00:50:31]EMOTE: Ian/ : <B>Ian</B> pants.
[00:50:33]VOTE: <b>Vote Result: Inconclusive - No Votes!</b>
[00:52:12]SAY: Runtime/ : Esp!
[00:52:22]EMOTE: Experiment 68a/ : <B>Experiment 68a</B> clicks.
[00:52:50]SAY: kitten/ : Meow!
[00:53:25]DEBUG: Next event of severity Major in 64.146 minutes.
[00:53:25]DEBUG: Starting event 'Nothing' of severity Major.
[00:53:27]DEBUG: Event 'Nothing' has completed at 16:02.
[00:53:49]EMOTE: Igam Yute/Moom241 : <B>Igam Yute</B> snores.
[00:53:58]EMOTE: cat/ : <B>The cat</B> meows.
[00:54:30]SAY: Runtime/ : HSSSSS
[00:54:35]EMOTE: Runtime/ : <B>Runtime</B> meows.
[00:55:11]EMOTE: Coffee/ : <B>Coffee</B> clicks.
[00:55:58]SAY: Experiment 97d/ : EHEHEHEHEH
[00:56:02]EMOTE: Ian/ : <B>Ian</B> shivers.
[00:56:15]EMOTE: Igam Yute/Moom241 : <B>Igam Yute</B> snores.
[00:56:51]EMOTE: Parrot/ : <B>The Parrot</B> squawks.
[00:57:05]DEBUG: Next event of severity Mundane in 13.244 minutes.
[00:57:05]DEBUG: Starting event 'Mundane News' of severity Mundane.
[00:57:18]EMOTE: Runtime/ : <B>Runtime</B> shivers.
[00:57:28]DEBUG: Event 'Mundane News' has completed at 16:06.
[00:58:03]EMOTE: Igam Yute/Moom241 : <B>Igam Yute</B> snores.
[00:58:26]SAY: Parrot/ : BAWWWWK george mellons griffing me
[00:59:07]EMOTE: Igam Yute/Moom241 : <B>Igam Yute</B> snores.
[00:59:25]EMOTE: Igam Yute/Moom241 : <B>Igam Yute</B> snores.
[00:59:31]EMOTE: Experiment 97d/ : <B>Experiment 97d</B> brays.
[00:59:39]SAY: Runtime/ : Purr!
[00:59:39]SAY: cat/ : Meow!
[01:00:32]SAY: cat/ : Esp!
[01:00:39]EMOTE: Igam Yute/Moom241 : <B>Igam Yute</B> snores.
[01:00:43]EMOTE: crab/ : <B>The crab</B> clacks.
[01:01:09]EMOTE: kitten/ : <B>The kitten</B> meows.
[01:01:38]EMOTE: Experiment 97d/ : <B>Experiment 97d</B> brays.
[01:01:38]EMOTE: Coffee/ : <B>Coffee</B> clacks.
[01:02:31]SAY: kitten/ : Esp!
[01:02:35]EMOTE: kitten/ : <B>The kitten</B> mews.
[01:03:49]EMOTE: kitten/ : <B>The kitten</B> shivers.
[01:03:51]EMOTE: Parrot/ : <B>The Parrot</B> squawks.
[01:04:07]EMOTE: Igam Yute/Moom241 : <B>Igam Yute</B> snores.
[01:04:17]EMOTE: Igam Yute/Moom241 : <B>Igam Yute</B> snores.
[01:04:31]EMOTE: Ian/ : <B>Ian</B> chases their tail
[01:04:34]EMOTE: Igam Yute/Moom241 : <B>Igam Yute</B> snores.
[01:04:36]SAY: kitten/ : Meow!
[01:04:48]EMOTE: Igam Yute/Moom241 : <B>Igam Yute</B> snores.
[01:05:12]SAY: Ian/ : Bark!
[01:06:00]ACCESS: Logout: Marinalightyears/(Amira Cook)
[15:33:02]EMOTE: kitten/ : <B>The kitten</B> shivers.
[15:33:19]SAY: kitten/ : Esp!
[15:33:19]ACCESS: Login: Serveris6/(Serveris6) from 50.149.194.166-3113392487 || BYOND v506
[15:33:45]EMOTE: Ian/ : <B>Ian</B> dances around
[15:33:56]EMOTE: Amira Cook/Marinalightyears : <B>Amira Cook</B> snores.
[15:34:24]EMOTE: Amira Cook/Marinalightyears : <B>Amira Cook</B> snores.
[15:34:43]EMOTE: Amira Cook/Marinalightyears : <B>Amira Cook</B> snores.
[15:35:01]EMOTE: Igam Yute/Moom241 : <B>Igam Yute</B> snores.
[15:35:38]SAY: cat/ : HSSSSS
[15:36:17]EMOTE: cat/ : <B>The cat</B> meows.
[15:36:23]SAY: cat/ : Purr!
[15:36:25]EMOTE: kitten/ : <B>The kitten</B> meows.
[15:36:31]EMOTE: Amira Cook/Marinalightyears : <B>Amira Cook</B> snores.
[15:36:33]EMOTE: Ian/ : <B>Ian</B> dances around
[15:36:54]EMOTE: Amira Cook/Marinalightyears : <B>Amira Cook</B> snores.
[15:37:10]EMOTE: Amira Cook/Marinalightyears : <B>Amira Cook</B> snores.
[15:37:15]EMOTE: Amira Cook/Marinalightyears : <B>Amira Cook</B> snores.
[15:37:27]EMOTE: Amira Cook/Marinalightyears : <B>Amira Cook</B> snores.
[15:38:39]ACCESS: Logout: *no key*/(Serveris6)
[15:38:39]ACCESS: Login: Serveris6/(Syrus Seto) from 50.149.194.166-3113392487 || BYOND v506
[15:38:45]EMOTE: Parrot/ : <B>The Parrot</B> flutters its wings.
[15:38:47]EMOTE: Amira Cook/Marinalightyears : <B>Amira Cook</B> snores.
[15:38:53]DEBUG: Next event of severity Mundane in 13.536 minutes.
[15:38:53]DEBUG: Starting event 'Lost Carp' of severity Mundane.
[15:38:57]SAY: kitten/ : Purr!
[15:39:12]SAY: Experiment 97d/ : Eh?
[15:39:26]EMOTE: Igam Yute/Moom241 : <B>Igam Yute</B> snores.
[15:39:28]EMOTE: Runtime/ : <B>Runtime</B> mews.
[15:39:34]EMOTE: Ian/ : <B>Ian</B> dances around
[15:39:40]SAY: Ian/ : Bark!
[15:39:44]EMOTE: cat/ : <B>The cat</B> shakes their head.
[15:41:00]SAY: cat/ : HSSSSS
[15:41:04]EMOTE: Experiment 97d/ : <B>Experiment 97d</B> brays.
[15:41:16]EMOTE: Amira Cook/Marinalightyears : <B>Amira Cook</B> snores.
[15:41:20]EMOTE: Amira Cook/Marinalightyears : <B>Amira Cook</B> snores.
[15:41:41]EMOTE: Igam Yute/Moom241 : <B>Igam Yute</B> snores.
[15:42:18]EMOTE: Parrot/ : <B>The Parrot</B> squawks.
[15:42:28]ACCESS: Login: Bokaza/(Bokaza) from 93.141.134.2-2112710424 || BYOND v506
[15:42:35]EMOTE: Igam Yute/Moom241 : <B>Igam Yute</B> snores.
[15:43:35]SAY: cat/ : Meow!
[15:44:26]SAY: Runtime/ : HSSSSS
[15:44:54]DEBUG: Next event of severity Moderate in 52.432 minutes.
[15:44:54]DEBUG: Starting event 'Communication Blackout' of severity Moderate.
[15:44:56]DEBUG: Event 'Communication Blackout' has completed at 16:24.
[15:45:13]EMOTE: Igam Yute/Moom241 : <B>Igam Yute</B> snores.
[15:45:23]EMOTE: crab/ : <B>The crab</B> clacks.
[15:45:23]EMOTE: Amira Cook/Marinalightyears : <B>Amira Cook</B> snores.
[15:46:19]EMOTE: Igam Yute/Moom241 : <B>Igam Yute</B> snores.
[15:46:25]EMOTE: Ian/ : <B>Ian</B> dances around
[15:46:25]SAY: kitten/ : Meow!
[15:46:53]SAY: cat/ : HSSSSS
[15:47:04]EMOTE: Ian/ : <B>Ian</B> shivers.
[15:47:08]SAY: cat/ : HSSSSS
[15:47:08]EMOTE: Igam Yute/Moom241 : <B>Igam Yute</B> snores.
[15:47:14]EMOTE: Parrot/ : <B>The Parrot</B> flutters its wings.
[15:47:36]EMOTE: Amira Cook/Marinalightyears : <B>Amira Cook</B> snores.
[15:48:15]EMOTE: kitten/ : <B>The kitten</B> shakes their head.
[15:48:17]EMOTE: Coffee/ : <B>Coffee</B> clacks.
[15:48:35]EMOTE: Amira Cook/Marinalightyears : <B>Amira Cook</B> snores.
[15:48:52]EMOTE: Experiment 97d/ : <B>Experiment 97d</B> stamps a foot.
[15:48:52]EMOTE: Coffee/ : <B>Coffee</B> clicks.
[15:48:58]EMOTE: Igam Yute/Moom241 : <B>Igam Yute</B> snores.
[15:49:06]EMOTE: Amira Cook/Marinalightyears : <B>Amira Cook</B> snores.
[15:49:08]EMOTE: Ian/ : <B>Ian</B> chases their tail
[15:50:05]SAY: kitten/ : Meow!
[15:50:59]EMOTE: Amira Cook/Marinalightyears : <B>Amira Cook</B> snores.
[15:51:40]EMOTE: Experiment 68a/ : <B>Experiment 68a</B> clicks.
[15:52:08]EMOTE: Amira Cook/Marinalightyears : <B>Amira Cook</B> snores.
[15:52:31]EMOTE: Ian/ : <B>Ian</B> woofs.
[15:52:43]EMOTE: Igam Yute/Moom241 : <B>Igam Yute</B> snores.
[15:52:52]EMOTE: Ian/ : <B>Ian</B> chases their tail
[15:52:58]EMOTE: Coffee/ : <B>Coffee</B> clicks.
[15:53:12]DEBUG: Event 'PDA Spam' has completed at 16:31.
[15:53:32]EMOTE: Igam Yute/Moom241 : <B>Igam Yute</B> snores.
[15:53:49]SAY: kitten/ : HSSSSS
[15:53:57]EMOTE: Runtime/ : <B>Runtime</B> shakes their head.
[15:54:17]DEBUG: Next event of severity Mundane in 13.858 minutes.
[15:54:17]DEBUG: Starting event 'Economic News' of severity Mundane.
[15:54:32]EMOTE: crab/ : <B>The crab</B> clacks.
[15:54:47]SAY: Runtime/ : Purr!
[15:55:21]EMOTE: Experiment 97d/ : <B>Experiment 97d</B> stamps a foot.
[15:55:22]ACCESS: Logout: *no key*/(Bokaza)
[15:55:22]ACCESS: Login: Bokaza/(Elena Raschnikova) from 93.141.134.2-2112710424 || BYOND v506
[15:55:38]SAY: Ian/ : AUUUUUU
[15:57:02]EMOTE: Amira Cook/Marinalightyears : <B>Amira Cook</B> snores.
[15:58:21]EMOTE: Ian/ : <B>Ian</B> dances around
[15:58:36]EMOTE: Igam Yute/Moom241 : <B>Igam Yute</B> snores.
[15:59:25]EMOTE: Igam Yute/Moom241 : <B>Igam Yute</B> snores.
[15:59:33]EMOTE: Igam Yute/Moom241 : <B>Igam Yute</B> snores.
[15:59:41]EMOTE: Amira Cook/Marinalightyears : <B>Amira Cook</B> snores.
[16:00:00]EMOTE: cat/ : <B>The cat</B> shakes their head.
[16:00:02]EMOTE: Igam Yute/Moom241 : <B>Igam Yute</B> snores.
[16:00:14]EMOTE: kitten/ : <B>The kitten</B> shivers.
[16:00:33]EMOTE: crab/ : <B>The crab</B> clicks.
[16:00:45]EMOTE: cat/ : <B>The cat</B> shakes their head.
[16:00:45]SAY: kitten/ : HSSSSS
[16:00:49]EMOTE: Ian/ : <B>Ian</B> chases their tail
[16:00:49]EMOTE: Igam Yute/Moom241 : <B>Igam Yute</B> snores.
[16:01:03]EMOTE: Igam Yute/Moom241 : <B>Igam Yute</B> snores.
[16:01:07]SAY: Parrot/ : Hello!
[16:01:13]EMOTE: Ian/ : <B>Ian</B> dances around
[16:01:46]EMOTE: Experiment 97d/ : <B>Experiment 97d</B> shakes its head.
[16:01:46]SAY: kitten/ : Meow!
[16:01:52]EMOTE: Experiment 97d/ : <B>Experiment 97d</B> shakes its head.
[16:01:52]EMOTE: Coffee/ : <B>Coffee</B> clicks.
[16:02:00]EMOTE: Igam Yute/Moom241 : <B>Igam Yute</B> snores.
[16:02:02]EMOTE: Igam Yute/Moom241 : <B>Igam Yute</B> snores.
[16:02:27]SAY: Syrus Seto/Serveris6 : Hey.
[16:02:36]EMOTE: Syrus Seto/Serveris6 : <B>Syrus Seto</B> is watching TV.
[16:02:37]EMOTE: Elena Raschnikova/Bokaza : <B>Elena Raschnikova</B> knocks on the doorway.
[16:02:44]SAY: Elena Raschnikova/Bokaza : Hey.
[16:02:45]EMOTE: crab/ : <B>The crab</B> clicks.
[16:03:03]SAY: Elena Raschnikova/Bokaza : I see you haven&#39;t moved at all.
[16:03:05]EMOTE: Elena Raschnikova/Bokaza : <B>Elena Raschnikova</B> smiles.
[16:03:10]DEBUG: Event 'Economic News' has completed at 16:40.
[16:03:11]SAY: Syrus Seto/Serveris6 : &#39;course not.
[16:03:14]SAY: Syrus Seto/Serveris6 : Why would I?
[16:03:27]SAY: Elena Raschnikova/Bokaza : Good question.
[16:03:42]SAY: Elena Raschnikova/Bokaza : There are many reasons.
[16:03:47]SAY: Syrus Seto/Serveris6 : I was off today.
[16:03:50]SAY: Elena Raschnikova/Bokaza : Muscle athrophy is one of them.
[16:03:55]EMOTE: Amira Cook/Marinalightyears : <B>Amira Cook</B> snores.
[16:03:59]EMOTE: Amira Cook/Marinalightyears : <B>Amira Cook</B> snores.
[16:04:01]EMOTE: Experiment 97d/ : <B>Experiment 97d</B> brays.
[16:04:22]EMOTE: Amira Cook/Marinalightyears : <B>Amira Cook</B> snores.
[16:04:23]EMOTE: Syrus Seto/Serveris6 : <B>Syrus Seto</B> retrieves a remote from the nearby desk, and mutes the telescreen.
[16:04:30]SAY: Ian/ : Woof!
[16:05:27]EMOTE: Experiment 68a/ : <B>Experiment 68a</B> clacks.
[16:05:41]EMOTE: crab/ : <B>The crab</B> clicks.
[16:05:48]EMOTE: Amira Cook/Marinalightyears : <B>Amira Cook</B> snores.
[16:05:50]DEBUG: Event 'Lost Carp' has completed at 16:42.
[16:05:58]SAY: Syrus Seto/Serveris6 : There are plenty of health benefits to rest too, you know.
[16:06:09]EMOTE: Runtime/ : <B>Runtime</B> shakes their head.
[16:06:11]EMOTE: Coffee/ : <B>Coffee</B> clicks.
[16:06:17]EMOTE: Ian/ : <B>Ian</B> dances around
[16:06:36]SAY: Elena Raschnikova/Bokaza : Well... I was thinking of going out to eat, but if you don&#39;t want to... I can go without you.
[16:06:48]EMOTE: Igam Yute/Moom241 : <B>Igam Yute</B> snores.
[16:06:52]SAY: Syrus Seto/Serveris6 : Where to?
[16:06:54]SAY: Parrot/ : Hello!
[16:07:06]SAY: Parrot/ : Hello!
[16:07:10]EMOTE: Amira Cook/Marinalightyears : <B>Amira Cook</B> snores.
[16:07:35]SAY: Elena Raschnikova/Bokaza : Well, not many restourants work this time of the day, so I was thinking we eat at the first place we came across.
[16:07:48]SAY: Syrus Seto/Serveris6 : Sounds fine with me.
[16:08:21]EMOTE: Syrus Seto/Serveris6 : <B>Syrus Seto</B> clicks the telescreen off, and tosses the sheets off of himself, and rolls onto the edge of the bed, stretching.
[16:08:33]SAY: Syrus Seto/Serveris6 : What, uh.
[16:08:35]SAY: Syrus Seto/Serveris6 : What time is it?
[16:08:36]SAY: kitten/ : Esp!
[16:08:52]EMOTE: Syrus Seto/Serveris6 : <B>Syrus Seto</B> glances over his PDA screen for a moment, and nods, standing.
[16:09:02]SAY: Elena Raschnikova/Bokaza : fifteen to five.
[16:09:03]SAY: Runtime/ : Esp!
[16:09:05]EMOTE: Ian/ : <B>Ian</B> dances around
[16:09:16]SAY: Elena Raschnikova/Bokaza : Dress, I&#39;ll wait for you.
[16:09:19]EMOTE: Elena Raschnikova/Bokaza : <B>Elena Raschnikova</B> smiles.
[16:09:50]EMOTE: cat/ : <B>The cat</B> mews.
[16:09:57]SAY: Parrot/ : Hello!
[16:10:04]DEBUG: Next event of severity Mundane in 17.418 minutes.
[16:10:04]DEBUG: Starting event 'Economic News' of severity Mundane.
[16:10:09]EMOTE: Amira Cook/Marinalightyears : <B>Amira Cook</B> snores.
[16:10:52]EMOTE: Igam Yute/Moom241 : <B>Igam Yute</B> snores.
[16:11:05]EMOTE: Syrus Seto/Serveris6 : <B>Syrus Seto</B> leans against the kitchen counter, and straps a pair of boots onto his feet.
[16:11:16]EMOTE: kitten/ : <B>The kitten</B> shakes their head.
[16:11:55]EMOTE: Amira Cook/Marinalightyears : <B>Amira Cook</B> snores.
[16:11:59]SAY: kitten/ : Meow!
[16:12:05]SAY: Runtime/ : Purr!
[16:12:24]EMOTE: Syrus Seto/Serveris6 : <B>Syrus Seto</B> wraps his arms around Elena&#39;s shoulders, and rests his chin on the top of her head.
[16:12:26]EMOTE: Ian/ : <B>Ian</B> chases their tail
[16:12:40]EMOTE: Ian/ : <B>Ian</B> dances around
[16:13:00]DEBUG: Event 'Economic News' has completed at 16:49.
[16:13:05]EMOTE: Amira Cook/Marinalightyears : <B>Amira Cook</B> snores.
[16:13:44]EMOTE: cat/ : <B>The cat</B> shakes their head.
[16:14:13]EMOTE: Experiment 97d/ : <B>Experiment 97d</B> stamps a foot.
[16:14:46]SAY: kitten/ : Purr!
[16:14:54]EMOTE: Experiment 68a/ : <B>Experiment 68a</B> clacks.
[16:15:14]EMOTE: kitten/ : <B>The kitten</B> shivers.
[16:15:18]EMOTE: Amira Cook/Marinalightyears : <B>Amira Cook</B> snores.
[16:15:39]EMOTE: Ian/ : <B>Ian</B> dances around
[16:15:43]EMOTE: Ian/ : <B>Ian</B> chases their tail
[16:15:57]EMOTE: Ian/ : <B>Ian</B> chases their tail
[16:16:05]EMOTE: Igam Yute/Moom241 : <B>Igam Yute</B> snores.
[16:16:20]EMOTE: Igam Yute/Moom241 : <B>Igam Yute</B> snores.
[16:16:25]EMOTE: Elena Raschnikova/Bokaza : <B>Elena Raschnikova</B> looks up, &#34;Done?&#34;
[16:16:44]EMOTE: Experiment 97d/ : <B>Experiment 97d</B> stamps a foot.
[16:16:50]EMOTE: Amira Cook/Marinalightyears : <B>Amira Cook</B> snores.
[16:16:56]EMOTE: crab/ : <B>The crab</B> clicks.
[16:16:58]EMOTE: Syrus Seto/Serveris6 : <B>Syrus Seto</B> gives Elena a quick kiss on the neck, and pulls back, &#34;Yep. Ready when you are.&#34;
[16:17:07]EMOTE: Experiment 97d/ : <B>Experiment 97d</B> shakes its head.
[16:17:31]EMOTE: cat/ : <B>The cat</B> shakes their head.
[16:18:02]EMOTE: Igam Yute/Moom241 : <B>Igam Yute</B> snores.
[16:18:54]EMOTE: Amira Cook/Marinalightyears : <B>Amira Cook</B> snores.
[16:19:01]EMOTE: Amira Cook/Marinalightyears : <B>Amira Cook</B> snores.
[16:19:02]SAY: Syrus Seto/Serveris6 : How&#39;s your day been?
[16:19:11]EMOTE: Parrot/ : <B>The Parrot</B> flutters its wings.
[16:19:19]SAY: Elena Raschnikova/Bokaza : Good.
[16:19:21]SAY: kitten/ : Purr!
[16:19:25]EMOTE: kitten/ : <B>The kitten</B> shivers.
[16:19:29]EMOTE: kitten/ : <B>The kitten</B> shakes their head.
[16:19:33]EMOTE: kitten/ : <B>The kitten</B> mews.
[16:19:36]SAY: Elena Raschnikova/Bokaza : Doing my overdue admnistrative duties on odin.
[16:19:44]EMOTE: crab/ : <B>The crab</B> clicks.
[16:19:52]EMOTE: Experiment 68a/ : <B>Experiment 68a</B> clacks.
[16:20:10]SAY: Ian/ : YAP
[16:20:11]EMOTE: Elena Raschnikova/Bokaza : <B>Elena Raschnikova</B> looks arounda bit.
[16:20:16]EMOTE: Syrus Seto/Serveris6 : <B>Syrus Seto</B> pets at the kitten for a moment.
[16:20:24]SAY: Elena Raschnikova/Bokaza : I love this park.
[16:20:32]EMOTE: Syrus Seto/Serveris6 : <B>Syrus Seto</B> nods slightly.
[16:20:45]EMOTE: Syrus Seto/Serveris6 : <B>Syrus Seto</B> sets the kitten aside.
[16:20:50]OOC: (LOCAL) Elena Raschnikova/Bokaza : lol
[16:20:55]SAY: Runtime/ : Meow!
[16:20:58]OOC: (LOCAL) Syrus Seto/Serveris6 : you don&#39;t even know, man.
[16:21:01]EMOTE: Runtime/ : <B>Runtime</B> mews.
[16:21:04]OOC: (LOCAL) Syrus Seto/Serveris6 : he possesses runtime, like.
[16:21:07]OOC: (LOCAL) Syrus Seto/Serveris6 : every round.
[16:21:14]SAY: Elena Raschnikova/Bokaza : They don&#39;t make them like this anymore.
[16:21:15]OOC: (LOCAL) Syrus Seto/Serveris6 : and we break the forth wall of RP.
[16:21:15]EMOTE: kitten/ : <B>The kitten</B> shakes their head.
[16:21:21]SAY: Syrus Seto/Serveris6 : Shame, isn&#39;t it?
[16:21:31]OOC: (LOCAL) Syrus Seto/Serveris6 : He gives me coding instructions through runtime.
[16:21:31]EMOTE: Elena Raschnikova/Bokaza : <B>Elena Raschnikova</B> nods.
[16:21:36]EMOTE: crab/ : <B>The crab</B> clacks.
[16:21:40]EMOTE: kitten/ : <B>The kitten</B> shakes their head.
[16:21:50]EMOTE: Experiment 97d/ : <B>Experiment 97d</B> glares around.
[16:21:50]EMOTE: Amira Cook/Marinalightyears : <B>Amira Cook</B> snores.
[16:21:51]SAY: Syrus Seto/Serveris6 : ..Hm.
[16:21:52]EMOTE: Igam Yute/Moom241 : <B>Igam Yute</B> snores.
[16:21:55]SAY: Syrus Seto/Serveris6 : ..Okay.
[16:22:00]EMOTE: Experiment 97d/ : <B>Experiment 97d</B> stamps a foot.
[16:22:03]SAY: Syrus Seto/Serveris6 : You&#39;re just going to.
[16:22:05]SAY: Syrus Seto/Serveris6 : ..Hm.
[16:22:10]SAY: Syrus Seto/Serveris6 : ..Hm.
[16:22:11]OOC: (LOCAL) Elena Raschnikova/Bokaza : ignore this
[16:22:21]SAY: Experiment 97d/ : EHEHEHEHEH
[16:22:42]SAY: Elena Raschnikova/Bokaza : Ohh, self service.
[16:22:50]SAY: Syrus Seto/Serveris6 : I love this part of town.
[16:23:02]SAY: Elena Raschnikova/Bokaza : What will you have?
[16:23:14]EMOTE: Igam Yute/Moom241 : <B>Igam Yute</B> snores.
[16:23:16]SAY: Syrus Seto/Serveris6 : Hm.
[16:23:21]SAY: Syrus Seto/Serveris6 : A... hotdog.
[16:23:27]SAY: Syrus Seto/Serveris6 : Fries. But not too many.
[16:23:28]SAY: kitten/ : Meow!
[16:23:28]EMOTE: Amira Cook/Marinalightyears : <B>Amira Cook</B> snores.
[16:23:34]SAY: Syrus Seto/Serveris6 : Does that machine have cola in it?
[16:23:55]EMOTE: Igam Yute/Moom241 : <B>Igam Yute</B> snores.
[16:23:59]EMOTE: Parrot/ : <B>The Parrot</B> squawks.
[16:24:07]EMOTE: Amira Cook/Marinalightyears : <B>Amira Cook</B> snores.
[16:24:07]EMOTE: Igam Yute/Moom241 : <B>Igam Yute</B> snores.
[16:24:18]EMOTE: Syrus Seto/Serveris6 : <B>Syrus Seto</B> smiles.
[16:24:19]VOTE: Crew_transfer vote started by the server.
[16:24:19]DEBUG: The server has called a crew transfer vote
[16:24:23]EMOTE: kitten/ : <B>The kitten</B> meows.
[16:24:26]EMOTE: Elena Raschnikova/Bokaza : <B>Elena Raschnikova</B> smiles.
[16:24:42]SAY: Syrus Seto/Serveris6 : Doing anything tonight?
[16:24:42]EMOTE: Elena Raschnikova/Bokaza : <B>Elena Raschnikova</B> takes one of the hotdogs from the platter.
[16:24:57]SAY: Elena Raschnikova/Bokaza : As usual.
[16:25:08]EMOTE: Ian/ : <B>Ian</B> woofs.
[16:25:14]SAY: Elena Raschnikova/Bokaza : Let&#39;s sit here.
[16:25:17]SAY: Syrus Seto/Serveris6 : I&#39;m not complaining.
[16:25:19]EMOTE: Syrus Seto/Serveris6 : <B>Syrus Seto</B> nods.
[16:25:24]EMOTE: Igam Yute/Moom241 : <B>Igam Yute</B> snores.
[16:25:28]VOTE: <b>Vote Result: Initiate Crew Transfer</b>
[16:25:28]GAME: Autotransfer has called the shuttle.
[16:25:34]EMOTE: kitten/ : <B>The kitten</B> mews.
[16:25:36]OOC: (LOCAL) Syrus Seto/Serveris6 : wat.
[16:25:39]OOC: (LOCAL) Elena Raschnikova/Bokaza : what
[16:25:42]OOC: (LOCAL) Syrus Seto/Serveris6 : how.
[16:26:05]EMOTE: Experiment 97d/ : <B>Experiment 97d</B> stamps a foot.
[16:26:06]OOC: (LOCAL) Elena Raschnikova/Bokaza : it&#39;s possible I voted for transfer by accident.
[16:26:12]OOC: (LOCAL) Elena Raschnikova/Bokaza : maybe
[16:26:18]SAY: Syrus Seto/Serveris6 : Want to go see a show before, though?
[16:26:19]EMOTE: Experiment 97d/ : <B>Experiment 97d</B> stamps a foot.
[16:26:40]EMOTE: Amira Cook/Marinalightyears : <B>Amira Cook</B> snores.
[16:26:51]SAY: Elena Raschnikova/Bokaza : Snow?
[16:27:05]SAY: Syrus Seto/Serveris6 : No, no, a show.
[16:27:06]SAY: kitten/ : Esp!
[16:27:10]SAY: Syrus Seto/Serveris6 : Theater.
[16:27:11]SAY: Elena Raschnikova/Bokaza : Ohh.
[16:27:14]EMOTE: Elena Raschnikova/Bokaza : <B>Elena Raschnikova</B> giggles.
[16:27:21]EMOTE: Amira Cook/Marinalightyears : <B>Amira Cook</B> snores.
[16:27:23]SAY: Elena Raschnikova/Bokaza : I&#39;m a bit tired, I think I&#39;ll pass.
[16:27:25]EMOTE: Syrus Seto/Serveris6 : <B>Syrus Seto</B> playfully pokes Elena in the stomach.
[16:28:40]SAY: cat/ : Purr!
[16:28:43]SAY: Elena Raschnikova/Bokaza : Hmm.
[16:28:51]SAY: Syrus Seto/Serveris6 : Just going to bundle you home, then?
[16:28:54]SAY: kitten/ : Meow!
[16:29:09]SAY: Elena Raschnikova/Bokaza : I would like that.
[16:29:12]EMOTE: Elena Raschnikova/Bokaza : <B>Elena Raschnikova</B> smiles.
[16:29:21]EMOTE: Ian/ : <B>Ian</B> chases their tail
[16:29:37]EMOTE: Igam Yute/Moom241 : <B>Igam Yute</B> snores.
[16:29:49]DEBUG: Next event of severity Mundane in 16.644 minutes.
[16:29:49]DEBUG: Starting event 'Mundane News' of severity Mundane.
[16:29:57]EMOTE: Amira Cook/Marinalightyears : <B>Amira Cook</B> snores.
[16:30:11]DEBUG: Event 'Mundane News' has completed at 17:04.
[16:30:28]SAY: kitten/ : HSSSSS
[16:30:36]SAY: Elena Raschnikova/Bokaza : We need to start planning our wedding, Syrus.
[16:30:46]EMOTE: crab/ : <B>The crab</B> clacks.
[16:31:04]SAY: Runtime/ : HSSSSS
[16:31:13]SAY: cat/ : Purr!
[16:31:29]SAY: Syrus Seto/Serveris6 : What do you think I&#39;ve been doing?
[16:31:37]EMOTE: Amira Cook/Marinalightyears : <B>Amira Cook</B> snores.
[16:31:39]SAY: Elena Raschnikova/Bokaza : Sitting your ass?
[16:31:49]EMOTE: Elena Raschnikova/Bokaza : <B>Elena Raschnikova</B> giggles.
[16:32:20]EMOTE: Ian/ : <B>Ian</B> shakes its head.
[16:32:22]SAY: cat/ : Purr!
[16:32:58]OOC: (LOCAL) Elena Raschnikova/Bokaza : on your ass*
[16:33:07]SAY: Syrus Seto/Serveris6 : Among other fine things.
[16:33:31]EMOTE: Igam Yute/Moom241 : <B>Igam Yute</B> snores.
[16:34:00]EMOTE: Elena Raschnikova/Bokaza : <B>Elena Raschnikova</B> smiles.
[16:34:17]SAY: Elena Raschnikova/Bokaza : I see near death experience didn&#39;t rob you of your sense of humour.
[16:34:25]SAY: Syrus Seto/Serveris6 : Nothing can.
[16:34:30]SAY: kitten/ : Meow!
[16:34:34]EMOTE: Ian/ : <B>Ian</B> chases their tail
[16:34:42]EMOTE: Amira Cook/Marinalightyears : <B>Amira Cook</B> snores.
[16:34:42]EMOTE: Igam Yute/Moom241 : <B>Igam Yute</B> snores.
[16:34:44]SAY: Syrus Seto/Serveris6 : Was thinking of the chapel near my apartment.
[16:34:50]SAY: Syrus Seto/Serveris6 : We passed it on the way here?
[16:34:51]SAY: Elena Raschnikova/Bokaza : I believe you, altight I have to admit, your family robbed me of mine.
[16:35:00]OOC: (LOCAL) Elena Raschnikova/Bokaza : alright*
[16:35:07]OOC: (LOCAL) Elena Raschnikova/Bokaza : ugh
[16:35:16]SAY: Elena Raschnikova/Bokaza : Although*
[16:35:26]SAY: Syrus Seto/Serveris6 : Which one?
[16:35:27]SAY: kitten/ : Esp!
[16:35:34]SAY: Elena Raschnikova/Bokaza : Your father.
[16:35:46]SAY: Parrot/ : BAWWWWK george mellons griffing me
[16:35:51]SAY: Elena Raschnikova/Bokaza : I&#39;m sure he&#39;ll make a scene at the wedding.
[16:36:02]SAY: Syrus Seto/Serveris6 : He&#39;s not invited.
[16:36:30]EMOTE: Ian/ : <B>Ian</B> chases their tail
[16:36:55]EMOTE: crab/ : <B>The crab</B> clicks.
[16:37:03]SAY: kitten/ : Meow!
[16:37:14]SAY: Elena Raschnikova/Bokaza : Good.
[16:37:42]SAY: Elena Raschnikova/Bokaza : While I feel ashmed for saying so, I&#39;m relieved.
[16:37:56]EMOTE: Igam Yute/Moom241 : <B>Igam Yute</B> snores.
[16:38:00]SAY: Parrot/ : Hello!
[16:38:24]EMOTE: Igam Yute/Moom241 : <B>Igam Yute</B> snores.
[16:38:29]SAY: Syrus Seto/Serveris6 : Did he bother you?
[16:39:00]SAY: Elena Raschnikova/Bokaza : Yeah... not gonna go into it.
[16:39:06]SAY: Syrus Seto/Serveris6 : Please?
[16:39:25]EMOTE: Amira Cook/Marinalightyears : <B>Amira Cook</B> snores.
[16:39:44]SAY: kitten/ : Meow!
[16:39:58]SAY: Parrot/ : Hello!
[16:40:02]EMOTE: Ian/ : <B>Ian</B> chases their tail
[16:40:04]SAY: Elena Raschnikova/Bokaza : No.
[16:40:20]EMOTE: Runtime/ : <B>Runtime</B> shivers.
[16:40:31]EMOTE: cat/ : <B>The cat</B> shakes their head.
[16:40:33]SAY: Syrus Seto/Serveris6 : Was Janus there?
[16:40:37]EMOTE: Amira Cook/Marinalightyears : <B>Amira Cook</B> snores.
[16:41:05]EMOTE: Amira Cook/Marinalightyears : <B>Amira Cook</B> snores.
[16:41:21]SAY: Elena Raschnikova/Bokaza : Yes.
[16:41:30]SAY: Elena Raschnikova/Bokaza : He seemed nice.
[16:41:32]EMOTE: Amira Cook/Marinalightyears : <B>Amira Cook</B> snores.
[16:41:36]EMOTE: Amira Cook/Marinalightyears : <B>Amira Cook</B> snores.
[16:41:42]SAY: Elena Raschnikova/Bokaza : A bit quiet, even shy.
[16:41:42]SAY: Ian/ : Woof!
[16:41:48]EMOTE: Igam Yute/Moom241 : <B>Igam Yute</B> snores.
[16:41:54]SAY: kitten/ : Purr!
[16:42:29]EMOTE: Amira Cook/Marinalightyears : <B>Amira Cook</B> snores.
[16:42:49]EMOTE: Ian/ : <B>Ian</B> woofs.
[16:42:53]EMOTE: Syrus Seto/Serveris6 : <B>Syrus Seto</B> nods.
[16:42:55]SAY: Syrus Seto/Serveris6 : I&#39;ll ask him.
[16:43:02]SAY: Elena Raschnikova/Bokaza : I&#39;m guessing-
[16:43:05]GAME: Antagonists at round end were...
[16:43:05]SAY: Syrus Seto/Serveris6 : And appropriate beatings based on his testimony of the ordeal.
[16:43:07]EMOTE: Experiment 97d/ : <B>Experiment 97d</B> glares around.
[16:43:17]EMOTE: Syrus Seto/Serveris6 : <B>Syrus Seto</B> nods decisively.
[16:43:30]SAY: Syrus Seto/Serveris6 : Ready to head back?
[16:43:31]SAY: Elena Raschnikova/Bokaza : Ohh well.
[16:43:42]EMOTE: Igam Yute/Moom241 : <B>Igam Yute</B> snores.
[16:43:42]SAY: Elena Raschnikova/Bokaza : He hit on me, and followed it by catcalling.
[16:43:49]EMOTE: Elena Raschnikova/Bokaza : <B>Elena Raschnikova</B> grins.
[16:43:49]SAY: Syrus Seto/Serveris6 : Typical.
[16:43:54]SAY: Runtime/ : HSSSSS
[16:43:56]SAY: Syrus Seto/Serveris6 : Can&#39;t say I blame him.
[16:44:16]EMOTE: Experiment 68a/ : <B>Experiment 68a</B> clacks.
[16:44:18]ACCESS: Logout: Serveris6/(Syrus Seto)
[16:44:18]ACCESS: Logout: Bokaza/(Elena Raschnikova)
