

Starting up. 20:20.33
---------------------
[20:20:37]ADMIN: Loading jobban_rank
[20:20:37]ADMIN: jobban_keylist was empty
[20:20:37]ADMIN: Loading Banlist
[20:20:39]DEBUG: Rebuilding Master Controller


Starting up. 20:26.29
---------------------
[20:27:27]ADMIN: Loading jobban_rank
[20:27:27]ADMIN: jobban_keylist was empty
[20:27:27]ADMIN: Loading Banlist
[20:27:29]DEBUG: Rebuilding Master Controller


Starting up. 20:58.59
---------------------
[20:59:49]ADMIN: Loading jobban_rank
[20:59:49]ADMIN: jobban_keylist was empty
[20:59:49]ADMIN: Loading Banlist
[20:59:51]DEBUG: Rebuilding Master Controller


Starting up. 21:08.38
---------------------
[21:09:25]ADMIN: Loading jobban_rank
[21:09:25]ADMIN: jobban_keylist was empty
[21:09:25]ADMIN: Loading Banlist
[21:09:27]DEBUG: Rebuilding Master Controller


Starting up. 21:18.41
---------------------
[21:18:46]ADMIN: Loading jobban_rank
[21:18:46]ADMIN: jobban_keylist was empty
[21:18:46]ADMIN: Loading Banlist
[21:18:48]DEBUG: Rebuilding Master Controller


Starting up. 21:26.46
---------------------
[21:27:13]ADMIN: Loading jobban_rank
[21:27:13]ADMIN: jobban_keylist was empty
[21:27:13]ADMIN: Loading Banlist
[21:27:15]DEBUG: Rebuilding Master Controller


Starting up. 21:39.20
---------------------
[21:39:49]ADMIN: Loading jobban_rank
[21:39:49]ADMIN: jobban_keylist was empty
[21:39:49]ADMIN: Loading Banlist
[21:39:51]DEBUG: Rebuilding Master Controller
