

Starting up. 05:44.24
---------------------
[05:45:30]ADMIN: Loading jobban_rank
[05:45:30]ADMIN: jobban_keylist was empty
[05:45:30]ADMIN: Loading Banlist
[05:45:32]DEBUG: Rebuilding Master Controller


Starting up. 06:18.39
---------------------
[06:19:30]ADMIN: Loading jobban_rank
[06:19:30]ADMIN: jobban_keylist was empty
[06:19:30]ADMIN: Loading Banlist
[06:19:33]DEBUG: Rebuilding Master Controller


Starting up. 07:39.23
---------------------
[07:40:23]ADMIN: Loading jobban_rank
[07:40:23]ADMIN: jobban_keylist was empty
[07:40:23]ADMIN: Loading Banlist
[07:40:25]DEBUG: Rebuilding Master Controller


Starting up. 08:40.30
---------------------
[08:41:38]ADMIN: Loading jobban_rank
[08:41:38]ADMIN: jobban_keylist was empty
[08:41:38]ADMIN: Loading Banlist
[08:41:41]DEBUG: Rebuilding Master Controller
[11:37:41]VOTE: Gamemode vote started by the server.
[11:37:42]DEBUG: The server has called a gamemode vote
[11:38:41]DEBUG: The server has called a gamemode vote
[11:38:42]VOTE: <b>Vote Result: Inconclusive - No Votes!</b>
[11:40:07]DEBUG: Next event of severity Mundane in 16.294 minutes.
[11:40:07]DEBUG: Next event of severity Moderate in 41.66 minutes.
[11:40:07]DEBUG: Next event of severity Major in 97.17 minutes.
[11:40:08]EMOTE: Parrot/ : <B>The Parrot</B> turns and flies towards the deck of cards
[11:40:12]EMOTE: Tom (2)/ : <B>Tom (2)</B> runs in a circle.
[11:40:30]EMOTE: Experiment 68a/ : <B>Experiment 68a</B> clicks.
[11:40:42]EMOTE: cat/ : <B>The cat</B> meows.
[11:40:46]EMOTE: mouse (752)/ : <B>The mouse (752)</B> squeaks.
[11:40:48]EMOTE: Tom (553)/ : <B>Tom (553)</B> shakes.
[11:40:50]EMOTE: mouse (752)/ : <B>The mouse (752)</B> squeaks.
[11:41:02]EMOTE: Experiment 68a/ : <B>Experiment 68a</B> clacks.
[11:41:10]EMOTE: mouse (579)/ : <B>The mouse (579)</B> runs in a circle.
[11:41:22]EMOTE: Coffee/ : <B>Coffee</B> clicks.
[11:41:22]SAY: cat/ : Esp!
[11:42:08]EMOTE: Ian/ : <B>Ian</B> chases their tail
[11:42:20]EMOTE: crab/ : <B>The crab</B> clicks.
[11:43:24]SAY: kitten/ : Esp!
[11:43:54]SAY: mouse (752)/ : Squeek!
[11:44:00]SAY: mouse (126)/ : Squeek?
[11:44:24]SAY: Experiment 97d/ : EHEHEHEHEH


Starting up. 20:47.43
---------------------
[20:48:28]ADMIN: Loading jobban_rank
[20:48:28]ADMIN: jobban_keylist was empty
[20:48:28]ADMIN: Loading Banlist
[20:48:29]DEBUG: Rebuilding Master Controller


Starting up. 22:33.31
---------------------
[22:34:11]ADMIN: Loading jobban_rank
[22:34:11]ADMIN: jobban_keylist was empty
[22:34:11]ADMIN: Loading Banlist
[22:34:13]DEBUG: Rebuilding Master Controller


Starting up. 22:42.16
---------------------
[22:43:09]ADMIN: Loading jobban_rank
[22:43:09]ADMIN: jobban_keylist was empty
[22:43:09]ADMIN: Loading Banlist
[22:43:10]DEBUG: Rebuilding Master Controller


Starting up. 22:51.34
---------------------
[22:52:33]ADMIN: Loading jobban_rank
[22:52:33]ADMIN: jobban_keylist was empty
[22:52:33]ADMIN: Loading Banlist
[22:52:35]DEBUG: Rebuilding Master Controller


Starting up. 23:17.05
---------------------
[23:17:58]ADMIN: Loading jobban_rank
[23:17:58]ADMIN: jobban_keylist was empty
[23:17:58]ADMIN: Loading Banlist
[23:18:01]DEBUG: Rebuilding Master Controller


Starting up. 23:24.49
---------------------
[23:25:43]ADMIN: Loading jobban_rank
[23:25:43]ADMIN: jobban_keylist was empty
[23:25:43]ADMIN: Loading Banlist
[23:25:46]DEBUG: Rebuilding Master Controller


Starting up. 23:34.38
---------------------
[23:34:45]ADMIN: Loading jobban_rank
[23:34:45]ADMIN: jobban_keylist was empty
[23:34:45]ADMIN: Loading Banlist
[23:34:47]DEBUG: Rebuilding Master Controller


Starting up. 23:39.26
---------------------
[23:40:11]ADMIN: Loading jobban_rank
[23:40:11]ADMIN: jobban_keylist was empty
[23:40:11]ADMIN: Loading Banlist
[23:40:13]DEBUG: Rebuilding Master Controller
