

Starting up. 17:12.57
---------------------
[17:12:57]MISC: Saved mode is 'extended'
[17:12:59]ADMIN: Loading jobban_rank
[17:12:59]ADMIN: jobban_keylist was empty
[17:12:59]ADMIN: Loading Banlist
[17:13:02]DEBUG: Rebuilding Master Controller
[17:14:22]ACCESS: Login: Jakers457/(Jakers457) from 86.180.117.241-345797424 || BYOND v504
[17:15:01]VOTE: Gamemode vote started by the server.
[17:15:01]DEBUG: The server has called a gamemode vote
[17:16:01]DEBUG: The server has called a gamemode vote
[17:16:02]VOTE: <b>Vote Result: extended</b>
[17:17:28]DEBUG: Next event of severity Mundane in 14.83 minutes.
[17:17:28]DEBUG: Next event of severity Moderate in 52.702 minutes.
[17:17:28]DEBUG: Next event of severity Major in 95.56 minutes.
[17:17:31]EMOTE: Iqui/ : <B>Iqui</B> turns and flies towards Hasna Rishat's home keys
[17:17:32]ACCESS: Logout: *no key*/(Jakers457)
[17:17:32]ACCESS: Login: Jakers457/(Revvy Black) from 86.180.117.241-345797424 || BYOND v504
[17:17:34]EMOTE: mouse (635)/ : <B>The mouse (635)</B> scritches at something.
[17:17:43]EMOTE: cat/ : <B>The cat</B> toys with the mouse (2).
[17:17:52]EMOTE: Ginger/ : <B>Ginger</B> chases its tail.
[17:18:09]EMOTE: Tom (379)/ : <B>Tom (379)</B> squiks.
[17:18:15]EMOTE: mouse (340)/ : <B>The mouse (340)</B> scritches at something.
[17:18:15]EMOTE: mouse (424)/ : <B>The mouse (424)</B> runs in a circle.
[17:18:43]EMOTE: fox/ : <B>The fox</B> howls.
[17:18:50]EMOTE: Experiment 68a/ : <B>Experiment 68a</B> clacks.
[17:19:03]EMOTE: Ginger/ : <B>Ginger</B> chases its tail.
[17:19:03]EMOTE: Koira/ : <B>Koira</B> shivers..
[17:19:19]SAY: Dr. NibbleFluff/ : Esp!
[17:19:53]SAY: Squeaky (990)/ : Squeek!
[17:19:58]EMOTE: Ian/ : <B>Ian</B> yaps.
[17:20:00]EMOTE: Dr. NibbleFluff/ : <B>Dr. NibbleFluff</B> shivers.
[17:20:09]EMOTE: mouse (278)/ : <B>The mouse (278)</B> shakes.
[17:20:19]EMOTE: crab/ : <B>The crab</B> clacks.
[17:20:21]EMOTE: Koira/ : <B>Koira</B> chases its tail.
[17:20:26]EMOTE: Experiment 68a/ : <B>Experiment 68a</B> clacks.
[17:20:26]EMOTE: mouse (200)/ : <B>The mouse (200)</B> shakes.
[17:20:32]SAY: mouse (144)/ : Squeek!
[17:20:53]SAY: Experiment 97d/ : Eh?
[17:20:55]EMOTE: mouse (278)/ : <B>The mouse (278)</B> squeeks.
[17:20:55]EMOTE: crab/ : <B>The crab</B> clacks.
[17:21:04]EMOTE: Ginger/ : <B>Ginger</B> chases its tail.
[17:21:11]EMOTE: Experiment 97d/ : <B>Experiment 97d</B> brays.
[17:21:25]SAY: Experiment 97d/ : EHEHEHEHEH
[17:21:38]SAY: Squeaky (990)/ : SQUEEK!
[17:22:01]SAY: kitten/ : Esp!
[17:22:04]EMOTE: crab/ : <B>The crab</B> clacks.
[17:22:47]SAY: Iqui/ : Cracker?
[17:23:15]ACCESS: Logout: Jakers457/(Revvy Black)
[17:23:15]EMOTE: Ginger/ : <B>Ginger</B> pants..
[17:25:52]SAY: mouse (635)/ : Squeek?
[17:26:07]ACCESS: Login: Meowykins/(Meowykins) from 24.2.8.63-2409010686 || BYOND v506
[17:26:08]EMOTE: Revvy Black/Jakers457 : <B>Revvy Black</B> snores.
[17:26:25]ACCESS: Logout: Meowykins/(Meowykins)
[17:26:51]EMOTE: Ginger/ : <B>Ginger</B> chases its tail.
[17:27:00]EMOTE: Revvy Black/Jakers457 : <B>Revvy Black</B> snores.
[17:27:09]EMOTE: Runtime/ : <B>Runtime</B> shivers.
[17:27:23]SAY: mouse (200)/ : SQUEEK!
[17:27:41]SAY: Wittley/ : Meow!
[17:28:02]SAY: kitten/ : HSSSSS
[17:28:09]SAY: Dr. NibbleFluff/ : Esp!
[17:28:11]SAY: Experiment 97d/ : EHEHEHEHEH
[17:28:29]SAY: Koira/ : Woof!
[17:28:32]EMOTE: Milka/ : <B>Milka</B> meows.
[17:28:32]EMOTE: Revvy Black/Jakers457 : <B>Revvy Black</B> snores.
[17:28:34]SAY: kitten/ : HSSSSS
[17:30:27]SAY: Koira/ : AUUUUUU
[17:30:39]SAY: Experiment 97d/ : EHEHEHEHEH
[17:30:43]SAY: Ian/ : YAP
[17:30:50]SAY: fox/ : Ack-Ack-Ack-Ackawoooo
[17:30:52]EMOTE: Ian/ : <B>Ian</B> chases their tail
[17:31:42]ACCESS: Login: Bakagaijin/(Bakagaijin) from 74.76.32.41-458459969 || BYOND v506
[17:31:47]ACCESS: Login: Jakers457/(Revvy Black) from 86.180.117.241-345797424 || BYOND v504
[17:31:47]EMOTE: Revvy Black/Jakers457 : <B>Revvy Black</B> snores.
[17:31:56]SAY: kitten/ : Purr!
[17:32:05]OOC: Revvy Black/Jakers457 : Sup
[17:32:51]OOC: Bakagaijin/Bakagaijin : nothing
[17:32:57]OOC: Revvy Black/Jakers457 : i C
[17:32:59]OOC: Bakagaijin/Bakagaijin : you?
[17:33:02]EMOTE: Ginger/ : <B>Ginger</B> shakes its head..
[17:33:06]ACCESS: Logout: *no key*/(Bakagaijin)
[17:33:06]ACCESS: Login: Bakagaijin/(Samantha Mason) from 74.76.32.41-458459969 || BYOND v506
[17:33:09]EMOTE: Koira/ : <B>Koira</B> chases its tail.
[17:33:14]SAY: kitten/ : HSSSSS
[17:33:15]OOC: Revvy Black/Jakers457 : Nothing much, just cleansed myself of brick dust
[17:33:23]EMOTE: kitten/ : <B>The kitten</B> shivers.
[17:33:25]SAY: kitten/ : Purr!
[17:33:30]SAY: Tiger/ : Esp!
[17:33:46]EMOTE: Ginger/ : <B>Ginger</B> chases its tail.
[17:33:52]OOC: Revvy Black/Jakers457 : Did yer grab mer keys?
[17:33:58]OOC: Samantha Mason/Bakagaijin : yes hold on
[17:34:13]EMOTE: Ian/ : <B>Ian</B> dances around
[17:34:15]SAY: Squeaky (990)/ : Squeek!
[17:34:22]EMOTE: Tiger/ : <B>Tiger</B> meows.
[17:34:29]SAY: Wittley/ : Meow!
[17:34:42]OOC: Revvy Black/Jakers457 : Alrighty
[17:35:14]OOC: Revvy Black/Jakers457 : You&#39;re layering yourself in bad clothing aren&#39;t you
[17:35:19]EMOTE: Koira/ : <B>Koira</B> chases its tail.
[17:35:28]SAY: mouse (200)/ : SQUEEK!
[17:35:37]SAY: Tiger/ : Purr!
[17:35:44]SAY: Wittley/ : Meow!
[17:35:44]SAY: Cat/ : Purr!
[17:35:57]SAY: Ian/ : Woof!
[17:36:09]OOC: Revvy Black/Jakers457 : Sam&#39;s place looks pretty tidy
[17:36:18]EMOTE: Ian/ : <B>Ian</B> dances around
[17:36:22]EMOTE: crab/ : <B>The crab</B> clacks.
[17:36:52]OOC: Samantha Mason/Bakagaijin : i was getting stuff.  I need to drop your stuff, go to my house, and leave, im modding
[17:36:58]EMOTE: Ginger/ : <B>Ginger</B> chases its tail.
[17:37:01]EMOTE: Ian/ : <B>Ian</B> chases their tail
[17:37:03]SAY: fox/ : Ack-Ack
[17:37:03]EMOTE: Squeaky (990)/ : <B>Squeaky (990)</B> squeeks.
[17:37:19]EMOTE: Samantha Mason/Bakagaijin : <B>Samantha Mason</B> nods
[17:37:23]EMOTE: Revvy Black/Jakers457 : <B>Revvy Black</B> nods.
[17:37:24]EMOTE: Ginger/ : <B>Ginger</B> chases its tail.
[17:37:26]OOC: Samantha Mason/Bakagaijin : where is it
[17:37:36]SAY: Experiment 97d/ : Eh?
[17:37:37]OOC: Revvy Black/Jakers457 : Your place?
[17:37:42]EMOTE: Koira/ : <B>Koira</B> pants..
[17:37:44]OOC: Samantha Mason/Bakagaijin : yes
[17:37:56]OOC: Revvy Black/Jakers457 : Over here
[17:38:00]EMOTE: Experiment 97d/ : <B>Experiment 97d</B> stamps a foot.
[17:38:19]SAY: kitten/ : Meow!
[17:38:19]EMOTE: Dr. NibbleFluff/ : <B>Dr. NibbleFluff</B> shakes their head.
[17:38:29]OOC: Revvy Black/Jakers457 : Up
[17:38:37]EMOTE: Ginger/ : <B>Ginger</B> chases its tail.
[17:38:48]EMOTE: Ian/ : <B>Ian</B> shivers.
[17:38:57]EMOTE: Ian/ : <B>Ian</B> dances around
[17:39:07]SAY: grey baby slime (988)/ : Rawr...
[17:39:09]EMOTE: Koira/ : <B>Koira</B> chases its tail.
[17:39:25]EMOTE: Squeaky (990)/ : <B>Squeaky (990)</B> shakes.
[17:39:27]EMOTE: Ian/ : <B>Ian</B> shakes its head.
[17:39:50]OOC: Revvy Black/Jakers457 : Behind the hospital
[17:39:52]SAY: grey baby slime (250)/ : Blorble...
[17:39:54]EMOTE: fox/ : <B>The fox</B> barks.
[17:39:56]OOC: Samantha Mason/Bakagaijin : awesome
[17:40:15]EMOTE: Wittley/ : <B>Wittley</B> shakes their head.
[17:40:24]OOC: Revvy Black/Jakers457 : So past the hospital and the two mansions
[17:40:24]EMOTE: Iqui/ : <B>Iqui</B> squawks.
[17:40:27]SAY: cat/ : Purr!
[17:40:29]OOC: Revvy Black/Jakers457 : Then go up and around
[17:40:31]EMOTE: Koira/ : <B>Koira</B> chases its tail.
[17:40:41]SAY: Tiger/ : Purr!
[17:40:45]EMOTE: Ginger/ : <B>Ginger</B> yaps..
[17:40:53]OOC: Revvy Black/Jakers457 : Took me ages to find mine
[17:41:29]EMOTE: Runtime/ : <B>Runtime</B> mews.
[17:41:29]EMOTE: Experiment 97d/ : <B>Experiment 97d</B> shakes its head.
[17:41:44]EMOTE: Ian/ : <B>Ian</B> dances around
[17:41:44]EMOTE: Squeaky (990)/ : <B>Squeaky (990)</B> squeaks.
[17:41:49]OOC: (LOCAL) Samantha Mason/Bakagaijin : niiiiiiiiice
[17:41:50]OOC: Revvy Black/Jakers457 : I think Squeeky is somewhere
[17:41:57]EMOTE: Experiment 68a/ : <B>Experiment 68a</B> clicks.
[17:42:00]EMOTE: cat/ : <B>The cat</B> meows.
[17:42:09]OOC: Samantha Mason/Bakagaijin : aweeeesome
[17:42:12]EMOTE: kitten/ : <B>The kitten</B> mews.
[17:42:14]OOC: Revvy Black/Jakers457 : Oh yeah on the bed
[17:42:39]OOC: Revvy Black/Jakers457 : Where&#39;s the methlab?
[17:42:56]OOC: Samantha Mason/Bakagaijin : the toliets
[17:43:02]EMOTE: cat/ : <B>The cat</B> shakes their head.
[17:43:02]OOC: Samantha Mason/Bakagaijin : in all seriousness i gotta roll
[17:43:07]EMOTE: kitten/ : <B>The kitten</B> meows.
[17:43:16]ACCESS: Logout: Bakagaijin/(Samantha Mason)
[17:43:18]OOC: Revvy Black/Jakers457 : Chat tomorrow
[17:43:24]SAY: kitten/ : Purr!
[17:43:30]SAY: cat/ : Meow!
[17:43:39]EMOTE: Experiment 68a/ : <B>Experiment 68a</B> clacks.
[17:43:44]SAY: Cat/ : HSSSSS
[17:43:55]EMOTE: Ginger/ : <B>Ginger</B> yaps..
[17:43:57]EMOTE: Samantha Mason/Bakagaijin : <B>Samantha Mason</B> snores.
[17:44:02]EMOTE: kitten/ : <B>The kitten</B> shakes their head.
[17:44:06]SAY: cat/ : Esp!
[17:44:34]EMOTE: Milka/ : <B>Milka</B> shivers.
[17:44:57]EMOTE: Experiment 97d/ : <B>Experiment 97d</B> brays.
[17:45:00]EMOTE: fox/ : <B>The fox</B> barks.
[17:45:33]EMOTE: Ginger/ : <B>Ginger</B> shivers..
[17:45:33]EMOTE: Wittley/ : <B>Wittley</B> mews.
[17:45:55]EMOTE: Ian/ : <B>Ian</B> chases their tail
[17:46:01]EMOTE: Ginger/ : <B>Ginger</B> yaps..
[17:46:01]EMOTE: Samantha Mason/Bakagaijin : <B>Samantha Mason</B> snores.
[17:46:03]EMOTE: fox/ : <B>The fox</B> shivers.
[17:46:18]SAY: cat/ : HSSSSS
[17:47:27]SAY: Tiger/ : Purr!
[17:47:43]SAY: Tiger/ : Esp!
[17:47:59]EMOTE: Ginger/ : <B>Ginger</B> chases its tail.
[17:48:09]SAY: grey baby slime (250)/ : Blop...
[17:48:47]SAY: Koira/ : YAP
[17:49:16]SAY: Tiger/ : HSSSSS
[17:49:39]EMOTE: Ginger/ : <B>Ginger</B> yaps..
[17:49:42]SAY: cat/ : Purr!
[17:49:48]EMOTE: Experiment 97d/ : <B>Experiment 97d</B> brays.
[17:49:53]EMOTE: Samantha Mason/Bakagaijin : <B>Samantha Mason</B> snores.
[17:50:02]EMOTE: Samantha Mason/Bakagaijin : <B>Samantha Mason</B> snores.
[17:50:09]SAY: Iqui/ : Cracker?
[17:50:11]SAY: grey baby slime (988)/ : Blop...
[17:50:19]ACCESS: Logout: Jakers457/(Revvy Black)
[19:07:47]ACCESS: Login: Focks in a Bocks/(Focks in a Bocks) from 69.178.118.16-2966020935 || BYOND v506
[19:07:51]EMOTE: kitten/ : <B>The kitten</B> mews.
[19:07:53]EMOTE: Ian/ : <B>Ian</B> chases their tail
[19:08:16]ACCESS: Logout: Focks in a Bocks/(Focks in a Bocks)
[19:25:53]EMOTE: Revvy Black/Jakers457 : <B>Revvy Black</B> snores.
[19:26:00]EMOTE: Koira/ : <B>Koira</B> chases its tail.
[19:26:02]ACCESS: Login: Meowykins/(Meowykins) from 24.2.8.63-2409010686 || BYOND v506
[19:26:04]SAY: Ian/ : YAP
[19:26:13]EMOTE: Ginger/ : <B>Ginger</B> chases its tail.
[19:26:20]ACCESS: Logout: Meowykins/(Meowykins)
[20:09:27]EMOTE: Koira/ : <B>Koira</B> pants..
[20:09:29]EMOTE: Experiment 97d/ : <B>Experiment 97d</B> glares around.
[20:09:40]ACCESS: Login: Meowykins/(Meowykins) from 24.2.8.63-2409010686 || BYOND v506
[20:09:57]ACCESS: Logout: Meowykins/(Meowykins)
[21:53:36]EMOTE: Dr. NibbleFluff/ : <B>Dr. NibbleFluff</B> meows.
[21:53:52]EMOTE: Samantha Mason/Bakagaijin : <B>Samantha Mason</B> snores.
[21:53:58]EMOTE: Revvy Black/Jakers457 : <B>Revvy Black</B> snores.
[21:54:10]EMOTE: Experiment 97d/ : <B>Experiment 97d</B> glares around.
[21:54:27]ACCESS: Login: Nanotoxin/(Nanotoxin) from 69.168.128.106-2486078103 || BYOND v506
[21:54:28]EMOTE: Ginger/ : <B>Ginger</B> chases its tail.
[21:54:44]EMOTE: kitten/ : <B>The kitten</B> meows.
[21:54:53]EMOTE: fox/ : <B>The fox</B> shivers.
[21:55:07]EMOTE: Experiment 68a/ : <B>Experiment 68a</B> clicks.
[21:55:32]SAY: grey baby slime (250)/ : Blorble...
[21:55:32]EMOTE: cat/ : <B>The cat</B> meows.
[21:55:36]EMOTE: Koira/ : <B>Koira</B> chases its tail.
[21:55:37]ACCESS: Logout: Nanotoxin/(Nanotoxin)
[22:02:31]EMOTE: Experiment 68a/ : <B>Experiment 68a</B> clicks.
[22:02:36]EMOTE: Experiment 68a/ : <B>Experiment 68a</B> clacks.
[22:02:36]ACCESS: Login: Bakagaijin/(Samantha Mason) from 74.76.32.41-458459969 || BYOND v506
[22:02:43]EMOTE: Ginger/ : <B>Ginger</B> chases its tail.
[22:02:45]EMOTE: Wittley/ : <B>Wittley</B> mews.
[22:03:13]EMOTE: Koira/ : <B>Koira</B> chases its tail.
[22:03:30]EMOTE: Koira/ : <B>Koira</B> barks!.
[22:03:32]EMOTE: Runtime/ : <B>Runtime</B> shakes their head.
[22:03:34]SAY: Cat/ : Meow!
[22:03:39]EMOTE: cat/ : <B>The cat</B> mews.
[22:03:47]SAY: cat/ : Purr!
[22:03:47]SAY: Wittley/ : Purr!
[22:04:10]EMOTE: kitten/ : <B>The kitten</B> shakes their head.
[22:04:14]EMOTE: Wittley/ : <B>Wittley</B> shivers.
[22:04:17]EMOTE: Koira/ : <B>Koira</B> chases its tail.
[22:04:40]EMOTE: kitten/ : <B>The kitten</B> shakes their head.
[22:04:49]SAY: Cat/ : HSSSSS
[22:05:14]SAY: Cat/ : Esp!
[22:05:32]SAY: Iqui/ : Cracker?
[22:05:35]SAY: Runtime/ : Esp!
[22:05:43]EMOTE: Ian/ : <B>Ian</B> shakes its head.
[22:05:47]SAY: kitten/ : Meow!
[22:05:52]EMOTE: Milka/ : <B>Milka</B> shivers.
[22:05:57]SAY: cat/ : Esp!
[22:06:09]SAY: Iqui/ : Cracker?
[22:06:26]ACCESS: Logout: Bakagaijin/(Samantha Mason)
[23:31:50]EMOTE: kitten/ : <B>The kitten</B> shivers.
[23:31:51]ACCESS: Login: Focks in a Bocks/(Focks in a Bocks) from 69.178.118.16-2966020935 || BYOND v506
[23:32:06]EMOTE: crab/ : <B>The crab</B> clacks.
[23:32:25]ACCESS: Logout: Focks in a Bocks/(Focks in a Bocks)
[00:23:35]EMOTE: Iqui/ : <B>Iqui</B> flutters its wings.
[00:23:53]EMOTE: Samantha Mason/Bakagaijin : <B>Samantha Mason</B> snores.
[00:23:59]ACCESS: Login: Bakagaijin/(Samantha Mason) from 74.76.32.41-458459969 || BYOND v506
[00:24:07]EMOTE: kitten/ : <B>The kitten</B> meows.
[00:24:12]SAY: Tiger/ : Esp!
[00:24:23]EMOTE: Experiment 68a/ : <B>Experiment 68a</B> clicks.
[00:24:31]SAY: Iqui/ : Hello!
[00:25:23]EMOTE: Koira/ : <B>Koira</B> chases its tail.
[00:25:26]SAY: Wittley/ : Meow!
[00:25:26]EMOTE: fox/ : <B>The fox</B> howls.
[00:25:59]SAY: kitten/ : Esp!
[00:26:11]SAY: cat/ : Purr!
[00:26:20]SAY: Tiger/ : Purr!
[00:26:20]SAY: Iqui/ : Hi
[00:26:35]EMOTE: Revvy Black/Jakers457 : <B>Revvy Black</B> snores.
[00:26:37]EMOTE: kitten/ : <B>The kitten</B> shakes their head.
[00:26:37]SAY: kitten/ : HSSSSS
[00:26:57]EMOTE: cat/ : <B>The cat</B> shakes their head.
[00:27:21]EMOTE: Koira/ : <B>Koira</B> chases its tail.
[00:27:36]EMOTE: Revvy Black/Jakers457 : <B>Revvy Black</B> snores.
[00:27:41]SAY: Milka/ : Purr!
[00:27:46]EMOTE: Revvy Black/Jakers457 : <B>Revvy Black</B> snores.
[00:27:50]EMOTE: kitten/ : <B>The kitten</B> shivers.
[00:27:57]EMOTE: Ginger/ : <B>Ginger</B> chases its tail.
[00:28:04]SAY: Ian/ : AUUUUUU
[00:29:06]EMOTE: crab/ : <B>The crab</B> clicks.
[00:29:09]EMOTE: Experiment 97d/ : <B>Experiment 97d</B> shakes its head.
[00:29:13]SAY: cat/ : HSSSSS
[00:29:16]EMOTE: Revvy Black/Jakers457 : <B>Revvy Black</B> snores.
[00:29:48]EMOTE: Experiment 68a/ : <B>Experiment 68a</B> clacks.
[00:30:32]EMOTE: cat/ : <B>The cat</B> shakes their head.
[00:30:37]EMOTE: Ian/ : <B>Ian</B> chases their tail
[00:30:37]EMOTE: Iqui/ : <B>Iqui</B> flutters its wings.
[00:30:42]EMOTE: Ginger/ : <B>Ginger</B> chases its tail.
[00:30:56]EMOTE: Koira/ : <B>Koira</B> chases its tail.
[00:31:43]EMOTE: Revvy Black/Jakers457 : <B>Revvy Black</B> snores.
[00:31:48]SAY: Ginger/ : AUUUUUU
[00:31:48]EMOTE: cat/ : <B>The cat</B> shakes their head.
[00:32:04]EMOTE: Revvy Black/Jakers457 : <B>Revvy Black</B> snores.
[00:32:11]SAY: Ian/ : Woof!
[00:32:27]EMOTE: Ian/ : <B>Ian</B> chases their tail
[00:33:07]EMOTE: Wittley/ : <B>Wittley</B> shivers.
[00:33:12]EMOTE: Koira/ : <B>Koira</B> woofs!.
[00:33:17]EMOTE: Koira/ : <B>Koira</B> yaps..
[00:33:29]EMOTE: Tiger/ : <B>Tiger</B> shivers.
[00:33:36]EMOTE: Revvy Black/Jakers457 : <B>Revvy Black</B> snores.
[00:33:38]EMOTE: cat/ : <B>The cat</B> shivers.
[00:33:54]EMOTE: Revvy Black/Jakers457 : <B>Revvy Black</B> snores.
[00:34:17]EMOTE: cat/ : <B>The cat</B> shivers.
[00:34:24]EMOTE: crab/ : <B>The crab</B> clicks.
[00:34:28]ATTACK: Samantha Mason (bakagaijin) attacked Samantha Mason (bakagaijin) with a bottle. (INTENT: HURT) (<A HREF='?_src_=holder;adminplayerobservecoodjump=1;X=233;Y=137;Z=9'>JMP</a>)
[00:34:35]EMOTE: Dr. NibbleFluff/ : <B>Dr. NibbleFluff</B> nibbles on something.
[00:34:40]SAY: fox/ : Awoo
[00:34:54]SAY: kitten/ : Esp!
[00:35:00]SAY: Koira/ : Bark!
[00:35:07]SAY: cat/ : Esp!
[00:35:26]EMOTE: Ian/ : <B>Ian</B> chases their tail
[00:35:31]EMOTE: Wittley/ : <B>Wittley</B> shivers.
[00:35:48]EMOTE: Revvy Black/Jakers457 : <B>Revvy Black</B> snores.
[00:35:58]EMOTE: Experiment 97d/ : <B>Experiment 97d</B> glares around.
[00:35:58]EMOTE: Revvy Black/Jakers457 : <B>Revvy Black</B> snores.
[00:36:06]EMOTE: Koira/ : <B>Koira</B> chases its tail.
[00:36:47]EMOTE: Experiment 68a/ : <B>Experiment 68a</B> clacks.
[00:36:49]EMOTE: cat/ : <B>The cat</B> shivers.
[00:36:54]SAY: Cat/ : HSSSSS
[00:37:03]EMOTE: Ian/ : <B>Ian</B> chases their tail
[00:37:16]SAY: fox/ : Ack-Ack
[00:37:23]SAY: Dr. NibbleFluff/ : HSSSSS
[00:37:39]EMOTE: Koira/ : <B>Koira</B> chases its tail.
[00:37:46]EMOTE: Ginger/ : <B>Ginger</B> chases its tail.
[00:38:01]EMOTE: Iqui/ : <B>Iqui</B> squawks.
[00:38:27]SAY: cat/ : HSSSSS
[00:38:37]EMOTE: crab/ : <B>The crab</B> clicks.
[00:38:42]EMOTE: Iqui/ : <B>Iqui</B> bawks.
[00:39:05]EMOTE: Experiment 68a/ : <B>Experiment 68a</B> clacks.
[00:39:05]EMOTE: Iqui/ : <B>Iqui</B> flutters its wings.
[00:39:14]SAY: Tiger/ : Meow!
[00:39:16]EMOTE: Ginger/ : <B>Ginger</B> pants..
[00:39:21]SAY: Experiment 97d/ : EHEHEHEHEH
[00:39:55]EMOTE: Revvy Black/Jakers457 : <B>Revvy Black</B> snores.
[00:40:13]EMOTE: Tiger/ : <B>Tiger</B> mews.
[00:40:22]SAY: Milka/ : Meow!
[00:41:08]SAY: Cat/ : HSSSSS
[00:41:13]EMOTE: Koira/ : <B>Koira</B> chases its tail.
[00:41:14]ACCESS: Logout: Bakagaijin/(Samantha Mason)
[06:56:21]SAY: Cat/ : Esp!
[06:56:27]ACCESS: Login: Cassy_jenelle/(Cassy_jenelle) from 81.104.88.62-1964287214 || BYOND v506
[06:56:28]SAY: Tiger/ : HSSSSS
[06:56:32]EMOTE: Ginger/ : <B>Ginger</B> chases its tail.
[06:56:34]EMOTE: Koira/ : <B>Koira</B> chases its tail.
[06:56:57]SAY: fox/ : Ack-Ack
[06:57:40]SAY: kitten/ : Purr!
[06:57:45]EMOTE: Ian/ : <B>Ian</B> dances around
[06:57:59]EMOTE: Experiment 97d/ : <B>Experiment 97d</B> stamps a foot.
[06:58:16]SAY: Experiment 97d/ : EHEHEHEHEH
[06:58:19]SAY: Ginger/ : AUUUUUU
[06:58:37]EMOTE: Samantha Mason/Bakagaijin : <B>Samantha Mason</B> snores.
[06:59:04]EMOTE: Revvy Black/Jakers457 : <B>Revvy Black</B> snores.
[06:59:26]SAY: fox/ : Tchoff
[06:59:28]EMOTE: Experiment 68a/ : <B>Experiment 68a</B> clacks.
[06:59:54]EMOTE: Revvy Black/Jakers457 : <B>Revvy Black</B> snores.
[06:59:56]EMOTE: Ian/ : <B>Ian</B> chases their tail
[07:00:18]EMOTE: Ginger/ : <B>Ginger</B> chases its tail.
[07:00:32]EMOTE: Samantha Mason/Bakagaijin : <B>Samantha Mason</B> snores.
[07:00:57]SAY: Iqui/ : Cracker?
[07:01:02]SAY: Ginger/ : AUUUUUU
[07:01:11]EMOTE: Runtime/ : <B>Runtime</B> mews.
[07:01:15]SAY: grey baby slime (250)/ : Hungry...
[07:01:18]EMOTE: Samantha Mason/Bakagaijin : <B>Samantha Mason</B> snores.
[07:01:38]SAY: Iqui/ : Hi
[07:01:43]SAY: Koira/ : Bark!
[07:01:51]EMOTE: crab/ : <B>The crab</B> clacks.
[07:02:00]SAY: Ginger/ : AUUUUUU
[07:02:23]EMOTE: Koira/ : <B>Koira</B> chases its tail.
[07:02:30]SAY: kitten/ : Esp!
[07:02:37]EMOTE: Ginger/ : <B>Ginger</B> shakes its head..
[07:02:37]SAY: Iqui/ : Hi
[07:02:48]EMOTE: Revvy Black/Jakers457 : <B>Revvy Black</B> snores.
[07:03:04]EMOTE: Revvy Black/Jakers457 : <B>Revvy Black</B> snores.
[07:03:24]EMOTE: Revvy Black/Jakers457 : <B>Revvy Black</B> snores.
[07:03:26]EMOTE: Samantha Mason/Bakagaijin : <B>Samantha Mason</B> snores.
[07:03:31]EMOTE: Runtime/ : <B>Runtime</B> shivers.
[07:03:42]SAY: cat/ : Esp!
[07:03:42]EMOTE: Koira/ : <B>Koira</B> chases its tail.
[07:03:47]EMOTE: Revvy Black/Jakers457 : <B>Revvy Black</B> snores.
[07:04:07]EMOTE: Samantha Mason/Bakagaijin : <B>Samantha Mason</B> snores.
[07:04:09]EMOTE: Ian/ : <B>Ian</B> dances around
[07:04:11]SAY: grey baby slime (250)/ : Blop...
[07:04:16]SAY: kitten/ : Meow!
[07:04:34]EMOTE: Cat/ : <B>Cat</B> meows.
[07:04:38]EMOTE: Tiger/ : <B>Tiger</B> shivers.
[07:05:03]EMOTE: Ginger/ : <B>Ginger</B> chases its tail.
[07:05:07]SAY: Iqui/ : Cracker?
[07:05:16]SAY: grey baby slime (988)/ : Rawr...
[07:05:50]EMOTE: kitten/ : <B>The kitten</B> meows.
[07:05:59]EMOTE: kitten/ : <B>The kitten</B> mews.
[07:06:27]EMOTE: Milka/ : <B>Milka</B> meows.
[07:06:33]SAY: Wittley/ : Meow!
[07:07:03]EMOTE: Koira/ : <B>Koira</B> chases its tail.
[07:07:12]EMOTE: fox/ : <B>The fox</B> howls.
[07:07:21]SAY: Runtime/ : HSSSSS
[07:07:55]SAY: Iqui/ : Hi
[07:08:17]EMOTE: Ian/ : <B>Ian</B> dances around
[07:08:20]SAY: Ginger/ : YAP
[07:08:43]EMOTE: cat/ : <B>The cat</B> shivers.
[07:08:56]EMOTE: Experiment 68a/ : <B>Experiment 68a</B> clacks.
[07:09:19]EMOTE: kitten/ : <B>The kitten</B> mews.
[07:09:30]SAY: fox/ : Tchoff
[07:10:31]EMOTE: Samantha Mason/Bakagaijin : <B>Samantha Mason</B> snores.
[07:10:40]SAY: fox/ : Ack-Ack-Ack-Ackawoooo
[07:10:42]EMOTE: Revvy Black/Jakers457 : <B>Revvy Black</B> snores.
[07:10:44]EMOTE: Dr. NibbleFluff/ : <B>Dr. NibbleFluff</B> nibbles on something.
[07:10:47]EMOTE: Samantha Mason/Bakagaijin : <B>Samantha Mason</B> snores.
[07:10:56]EMOTE: Ginger/ : <B>Ginger</B> chases its tail.
[07:11:05]EMOTE: Ian/ : <B>Ian</B> woofs.
[07:11:05]EMOTE: Koira/ : <B>Koira</B> chases its tail.
[07:11:50]EMOTE: Ginger/ : <B>Ginger</B> chases its tail.
[07:12:10]EMOTE: Revvy Black/Jakers457 : <B>Revvy Black</B> snores.
[07:12:19]EMOTE: Wittley/ : <B>Wittley</B> shivers.
[07:12:37]SAY: Experiment 97d/ : Eh?
[07:13:02]SAY: Runtime/ : HSSSSS
[07:13:02]SAY: kitten/ : Purr!
[07:13:18]SAY: Tiger/ : HSSSSS
[07:13:20]EMOTE: Revvy Black/Jakers457 : <B>Revvy Black</B> snores.
[07:13:45]SAY: Dr. NibbleFluff/ : Esp!
[07:13:56]EMOTE: Samantha Mason/Bakagaijin : <B>Samantha Mason</B> snores.
[07:14:01]EMOTE: Revvy Black/Jakers457 : <B>Revvy Black</B> snores.
[07:14:03]EMOTE: Ginger/ : <B>Ginger</B> chases its tail.
[07:14:08]EMOTE: Revvy Black/Jakers457 : <B>Revvy Black</B> snores.
[07:14:33]EMOTE: Samantha Mason/Bakagaijin : <B>Samantha Mason</B> snores.
[07:14:40]EMOTE: Ian/ : <B>Ian</B> dances around
[07:14:44]EMOTE: Revvy Black/Jakers457 : <B>Revvy Black</B> snores.
[07:14:49]EMOTE: Revvy Black/Jakers457 : <B>Revvy Black</B> snores.
[07:14:55]EMOTE: kitten/ : <B>The kitten</B> meows.
[07:15:00]EMOTE: Koira/ : <B>Koira</B> chases its tail.
[07:15:13]EMOTE: Experiment 97d/ : <B>Experiment 97d</B> glares around.
[07:15:38]SAY: cat/ : HSSSSS
[07:15:45]SAY: Tiger/ : Esp!
[07:15:47]EMOTE: crab/ : <B>The crab</B> clacks.
[07:15:49]SAY: Ginger/ : YAP
[07:15:54]EMOTE: Ginger/ : <B>Ginger</B> chases its tail.
[07:16:49]EMOTE: Samantha Mason/Bakagaijin : <B>Samantha Mason</B> snores.
[07:17:23]SAY: kitten/ : Purr!
[07:18:04]EMOTE: Ginger/ : <B>Ginger</B> pants..
[07:18:04]SAY: kitten/ : Esp!
[07:18:15]EMOTE: Revvy Black/Jakers457 : <B>Revvy Black</B> snores.
[07:18:22]EMOTE: Ginger/ : <B>Ginger</B> chases its tail.
[07:18:33]EMOTE: kitten/ : <B>The kitten</B> shakes their head.
[07:18:58]SAY: grey baby slime (988)/ : Where is the food?
[07:18:58]SAY: cat/ : HSSSSS
[07:19:16]SAY: cat/ : Meow!
[07:19:18]EMOTE: kitten/ : <B>The kitten</B> shakes their head.
[07:19:27]SAY: Milka/ : Esp!
[07:19:43]EMOTE: cat/ : <B>The cat</B> shivers.
[07:19:47]SAY: Wittley/ : HSSSSS
[07:19:59]EMOTE: crab/ : <B>The crab</B> clicks.
[07:20:01]EMOTE: Ian/ : <B>Ian</B> dances around
[07:20:05]EMOTE: kitten/ : <B>The kitten</B> shakes their head.
[07:20:12]EMOTE: Koira/ : <B>Koira</B> chases its tail.
[07:20:23]EMOTE: Ginger/ : <B>Ginger</B> yaps..
[07:20:23]EMOTE: Samantha Mason/Bakagaijin : <B>Samantha Mason</B> snores.
[07:20:39]SAY: Runtime/ : Esp!
[07:20:50]EMOTE: Ian/ : <B>Ian</B> chases their tail
[07:20:59]SAY: grey baby slime (988)/ : I want to eat...
[07:21:08]EMOTE: Koira/ : <B>Koira</B> chases its tail.
[07:21:13]SAY: fox/ : Tchoff
[07:21:15]EMOTE: Ian/ : <B>Ian</B> dances around
[07:21:19]EMOTE: kitten/ : <B>The kitten</B> mews.
[07:21:19]EMOTE: Koira/ : <B>Koira</B> pants..
[07:21:32]EMOTE: Revvy Black/Jakers457 : <B>Revvy Black</B> snores.
[07:21:44]EMOTE: cat/ : <B>The cat</B> meows.
[07:21:51]SAY: Ian/ : AUUUUUU
[07:22:33]EMOTE: Experiment 97d/ : <B>Experiment 97d</B> brays.
[07:22:38]SAY: Runtime/ : HSSSSS
[07:23:14]EMOTE: Experiment 97d/ : <B>Experiment 97d</B> stamps a foot.
[07:23:18]EMOTE: Iqui/ : <B>Iqui</B> flutters its wings.
[07:23:23]EMOTE: Koira/ : <B>Koira</B> chases its tail.
[07:23:36]EMOTE: Ginger/ : <B>Ginger</B> chases its tail.
[07:23:54]EMOTE: Samantha Mason/Bakagaijin : <B>Samantha Mason</B> snores.
[07:24:26]EMOTE: Revvy Black/Jakers457 : <B>Revvy Black</B> snores.
[07:24:28]EMOTE: Samantha Mason/Bakagaijin : <B>Samantha Mason</B> snores.
[07:24:39]SAY: cat/ : Purr!
[07:24:39]SAY: Dr. NibbleFluff/ : Esp!
[07:24:46]EMOTE: crab/ : <B>The crab</B> clacks.
[07:24:55]EMOTE: Ian/ : <B>Ian</B> yaps.
[07:25:20]EMOTE: Wittley/ : <B>Wittley</B> shivers.
[07:25:27]EMOTE: crab/ : <B>The crab</B> clicks.
[07:25:38]EMOTE: Revvy Black/Jakers457 : <B>Revvy Black</B> snores.
[07:25:47]EMOTE: Experiment 68a/ : <B>Experiment 68a</B> clicks.
[07:25:49]EMOTE: Samantha Mason/Bakagaijin : <B>Samantha Mason</B> snores.
[07:26:03]SAY: grey baby slime (988)/ : Where is the food?
[07:26:21]EMOTE: Ian/ : <B>Ian</B> shivers.
[07:26:59]EMOTE: crab/ : <B>The crab</B> clicks.
[07:27:10]EMOTE: Revvy Black/Jakers457 : <B>Revvy Black</B> snores.
[07:27:24]EMOTE: kitten/ : <B>The kitten</B> mews.
[07:27:37]SAY: Cat/ : HSSSSS
[07:27:44]EMOTE: Koira/ : <B>Koira</B> chases its tail.
[07:28:13]SAY: Wittley/ : Purr!
[07:28:18]EMOTE: Samantha Mason/Bakagaijin : <B>Samantha Mason</B> snores.
[07:28:33]SAY: Milka/ : Meow!
[07:28:36]EMOTE: kitten/ : <B>The kitten</B> shivers.
[07:28:45]EMOTE: Experiment 68a/ : <B>Experiment 68a</B> clicks.
[07:28:47]EMOTE: cat/ : <B>The cat</B> shivers.
[07:29:32]SAY: grey baby slime (250)/ : Rawr...
[07:29:35]EMOTE: Revvy Black/Jakers457 : <B>Revvy Black</B> snores.
[07:29:39]SAY: fox/ : Tchoff
[07:29:41]EMOTE: Revvy Black/Jakers457 : <B>Revvy Black</B> snores.
[07:30:11]EMOTE: Revvy Black/Jakers457 : <B>Revvy Black</B> snores.
[07:30:38]SAY: kitten/ : Purr!
[07:30:40]EMOTE: Samantha Mason/Bakagaijin : <B>Samantha Mason</B> snores.
[07:30:44]SAY: kitten/ : Purr!
[07:30:54]EMOTE: crab/ : <B>The crab</B> clacks.
[07:30:58]SAY: cat/ : Meow!
[07:31:23]EMOTE: Ian/ : <B>Ian</B> chases their tail
[07:31:32]SAY: Wittley/ : Meow!
[07:31:50]EMOTE: Koira/ : <B>Koira</B> chases its tail.
[07:33:04]EMOTE: Samantha Mason/Bakagaijin : <B>Samantha Mason</B> snores.
[07:33:06]EMOTE: Tiger/ : <B>Tiger</B> mews.
[07:33:35]SAY: grey baby slime (250)/ : I want to eat...
[07:33:35]EMOTE: fox/ : <B>The fox</B> shakes its head.
[07:33:53]SAY: Tiger/ : Purr!
[07:33:58]SAY: Ginger/ : Bark!
[07:34:13]SAY: Wittley/ : Esp!
[07:34:23]EMOTE: crab/ : <B>The crab</B> clacks.
[07:34:29]EMOTE: Samantha Mason/Bakagaijin : <B>Samantha Mason</B> snores.
[07:34:38]SAY: cat/ : Meow!
[07:35:26]EMOTE: Cat/ : <B>Cat</B> shivers.
[07:35:48]EMOTE: Tiger/ : <B>Tiger</B> shivers.
[07:36:11]EMOTE: Ian/ : <B>Ian</B> dances around
[07:36:43]EMOTE: Ian/ : <B>Ian</B> chases their tail
[07:36:45]EMOTE: Ginger/ : <B>Ginger</B> chases its tail.
[07:36:54]SAY: Wittley/ : HSSSSS
[07:37:03]SAY: cat/ : HSSSSS
[07:37:14]SAY: cat/ : Meow!
[07:37:30]EMOTE: Tiger/ : <B>Tiger</B> shakes their head.
[07:37:41]EMOTE: Ian/ : <B>Ian</B> dances around
[07:37:48]EMOTE: Ian/ : <B>Ian</B> dances around
[07:37:48]SAY: fox/ : Ack-Ack-Ack-Ackawoooo
[07:37:50]SAY: kitten/ : HSSSSS
[07:38:03]EMOTE: crab/ : <B>The crab</B> clicks.
[07:38:19]SAY: Experiment 97d/ : Eh?
[07:38:24]EMOTE: Revvy Black/Jakers457 : <B>Revvy Black</B> snores.
[07:38:30]SAY: Runtime/ : Esp!
[07:38:39]EMOTE: Revvy Black/Jakers457 : <B>Revvy Black</B> snores.
[07:38:41]SAY: Dr. NibbleFluff/ : Purr!
[07:38:52]EMOTE: crab/ : <B>The crab</B> clacks.
[07:38:57]EMOTE: Koira/ : <B>Koira</B> barks!.
[07:39:28]SAY: Wittley/ : Purr!
[07:39:30]SAY: Iqui/ : Hi
[07:39:39]EMOTE: kitten/ : <B>The kitten</B> meows.
[07:39:44]EMOTE: Samantha Mason/Bakagaijin : <B>Samantha Mason</B> snores.
[07:39:48]EMOTE: Tiger/ : <B>Tiger</B> meows.
[07:39:58]SAY: Koira/ : Woof!
[07:40:07]EMOTE: Experiment 68a/ : <B>Experiment 68a</B> clacks.
[07:40:07]EMOTE: kitten/ : <B>The kitten</B> shivers.
[07:40:11]SAY: Ginger/ : Woof!
[07:40:25]SAY: Ginger/ : YAP
[07:40:29]EMOTE: Ian/ : <B>Ian</B> dances around
[07:40:29]EMOTE: Koira/ : <B>Koira</B> chases its tail.
[07:40:43]EMOTE: Samantha Mason/Bakagaijin : <B>Samantha Mason</B> snores.
[07:40:47]SAY: fox/ : Ack-Ack-Ack-Ackawoooo
[07:40:52]EMOTE: Tiger/ : <B>Tiger</B> meows.
[07:40:54]EMOTE: Milka/ : <B>Milka</B> mews.
[07:41:48]SAY: Iqui/ : Hi
[07:42:10]EMOTE: Revvy Black/Jakers457 : <B>Revvy Black</B> snores.
[07:42:31]EMOTE: Ian/ : <B>Ian</B> dances around
[07:43:24]EMOTE: Ginger/ : <B>Ginger</B> chases its tail..
[07:43:44]EMOTE: Milka/ : <B>Milka</B> shakes their head.
[07:43:51]EMOTE: Revvy Black/Jakers457 : <B>Revvy Black</B> snores.
[07:43:53]SAY: grey baby slime (988)/ : Blorble...
[07:43:53]EMOTE: Experiment 97d/ : <B>Experiment 97d</B> brays.
[07:43:58]SAY: Tiger/ : HSSSSS
[07:44:11]SAY: cat/ : Purr!
[07:44:16]EMOTE: Ginger/ : <B>Ginger</B> chases its tail.
[07:44:16]EMOTE: Revvy Black/Jakers457 : <B>Revvy Black</B> snores.
[07:44:38]EMOTE: Experiment 97d/ : <B>Experiment 97d</B> stamps a foot.
[07:44:38]EMOTE: Koira/ : <B>Koira</B> chases its tail.
[07:44:43]EMOTE: Revvy Black/Jakers457 : <B>Revvy Black</B> snores.
[07:44:59]EMOTE: Revvy Black/Jakers457 : <B>Revvy Black</B> snores.
[07:45:13]EMOTE: Ian/ : <B>Ian</B> shivers.
[07:45:22]SAY: Dr. NibbleFluff/ : Meow!
[07:45:22]EMOTE: Samantha Mason/Bakagaijin : <B>Samantha Mason</B> snores.
[07:45:24]EMOTE: Ginger/ : <B>Ginger</B> chases its tail.
[07:45:28]EMOTE: kitten/ : <B>The kitten</B> mews.
[07:46:07]EMOTE: Runtime/ : <B>Runtime</B> mews.
[07:46:25]EMOTE: Experiment 68a/ : <B>Experiment 68a</B> clicks.
[07:46:43]EMOTE: Iqui/ : <B>Iqui</B> flutters its wings.
[07:47:07]EMOTE: Revvy Black/Jakers457 : <B>Revvy Black</B> snores.
[07:47:23]SAY: Milka/ : Meow!
[07:47:30]EMOTE: Runtime/ : <B>Runtime</B> shakes their head.
[07:47:46]EMOTE: Revvy Black/Jakers457 : <B>Revvy Black</B> snores.
[07:47:48]EMOTE: kitten/ : <B>The kitten</B> meows.
[07:48:06]EMOTE: Koira/ : <B>Koira</B> chases its tail.
[07:48:33]EMOTE: cat/ : <B>The cat</B> shivers.
[07:48:33]EMOTE: Revvy Black/Jakers457 : <B>Revvy Black</B> snores.
[07:48:42]EMOTE: Samantha Mason/Bakagaijin : <B>Samantha Mason</B> snores.
[07:48:49]EMOTE: Ginger/ : <B>Ginger</B> chases its tail.
[07:48:55]SAY: Iqui/ : Hello!
[07:49:04]EMOTE: cat/ : <B>The cat</B> shakes their head.
[07:49:16]EMOTE: Ian/ : <B>Ian</B> chases their tail
[07:49:18]EMOTE: Samantha Mason/Bakagaijin : <B>Samantha Mason</B> snores.
[07:49:29]EMOTE: Revvy Black/Jakers457 : <B>Revvy Black</B> snores.
[07:49:31]EMOTE: Tiger/ : <B>Tiger</B> meows.
[07:49:45]EMOTE: Milka/ : <B>Milka</B> shivers.
[07:49:47]EMOTE: kitten/ : <B>The kitten</B> meows.
[07:50:28]SAY: Ginger/ : Woof!
[07:50:52]EMOTE: Revvy Black/Jakers457 : <B>Revvy Black</B> snores.
[07:51:06]SAY: grey baby slime (988)/ : Blop...
[07:51:30]EMOTE: Revvy Black/Jakers457 : <B>Revvy Black</B> snores.
[07:51:34]SAY: grey baby slime (250)/ : Blop...
[07:51:46]EMOTE: Koira/ : <B>Koira</B> barks!.
[07:51:50]SAY: fox/ : Ack-Ack
[07:51:50]EMOTE: Samantha Mason/Bakagaijin : <B>Samantha Mason</B> snores.
[07:52:03]EMOTE: Samantha Mason/Bakagaijin : <B>Samantha Mason</B> snores.
[07:52:12]EMOTE: Iqui/ : <B>Iqui</B> bawks.
[07:52:12]EMOTE: Revvy Black/Jakers457 : <B>Revvy Black</B> snores.
[07:52:14]SAY: Dr. NibbleFluff/ : Esp!
[07:52:39]SAY: fox/ : Tchoff
[07:53:04]SAY: Iqui/ : Hi
[07:53:18]SAY: Iqui/ : Hello!
[07:53:40]EMOTE: Runtime/ : <B>Runtime</B> meows.
[07:53:58]EMOTE: Ian/ : <B>Ian</B> dances around
[07:54:12]EMOTE: Samantha Mason/Bakagaijin : <B>Samantha Mason</B> snores.
[07:54:14]EMOTE: cat/ : <B>The cat</B> shivers.
[07:54:21]EMOTE: Ginger/ : <B>Ginger</B> chases its tail.
[07:54:25]SAY: Cat/ : Purr!
[07:54:30]EMOTE: Milka/ : <B>Milka</B> shivers.
[07:54:41]EMOTE: Ian/ : <B>Ian</B> chases their tail
[07:54:52]EMOTE: Koira/ : <B>Koira</B> chases its tail.
[07:55:08]SAY: grey baby slime (988)/ : Where is the food?
[07:55:24]EMOTE: Revvy Black/Jakers457 : <B>Revvy Black</B> snores.
[07:55:33]EMOTE: Ian/ : <B>Ian</B> chases their tail
[07:55:33]EMOTE: Ginger/ : <B>Ginger</B> chases its tail.
[07:55:41]SAY: Runtime/ : Purr!
[07:56:17]SAY: Wittley/ : Esp!
[07:56:28]EMOTE: Ginger/ : <B>Ginger</B> pants..
[07:56:37]EMOTE: kitten/ : <B>The kitten</B> shakes their head.
[07:56:42]EMOTE: kitten/ : <B>The kitten</B> shivers.
[07:56:51]EMOTE: Samantha Mason/Bakagaijin : <B>Samantha Mason</B> snores.
[07:57:00]SAY: cat/ : HSSSSS
[07:57:16]EMOTE: Samantha Mason/Bakagaijin : <B>Samantha Mason</B> snores.
[07:57:27]SAY: Iqui/ : Hello!
[07:57:34]EMOTE: cat/ : <B>The cat</B> meows.
[07:57:58]SAY: Milka/ : Esp!
[07:58:14]EMOTE: Koira/ : <B>Koira</B> chases its tail.
[07:58:21]EMOTE: Revvy Black/Jakers457 : <B>Revvy Black</B> snores.
[07:58:27]EMOTE: Samantha Mason/Bakagaijin : <B>Samantha Mason</B> snores.
[07:58:29]SAY: Experiment 97d/ : EHEHEHEHEH
[07:58:36]EMOTE: Samantha Mason/Bakagaijin : <B>Samantha Mason</B> snores.
[07:58:47]EMOTE: Ian/ : <B>Ian</B> shakes its head.
[07:58:54]SAY: Wittley/ : Esp!
[07:59:01]EMOTE: Wittley/ : <B>Wittley</B> shakes their head.
[07:59:32]SAY: cat/ : Meow!
[07:59:32]EMOTE: Revvy Black/Jakers457 : <B>Revvy Black</B> snores.
[08:00:03]EMOTE: Samantha Mason/Bakagaijin : <B>Samantha Mason</B> snores.
[08:00:14]EMOTE: kitten/ : <B>The kitten</B> mews.
[08:00:48]EMOTE: Ginger/ : <B>Ginger</B> chases its tail.
[08:00:48]EMOTE: Cat/ : <B>Cat</B> shakes their head.
[08:00:52]SAY: kitten/ : Meow!
[08:01:08]EMOTE: Koira/ : <B>Koira</B> chases its tail.
[08:01:26]EMOTE: Wittley/ : <B>Wittley</B> meows.
[08:01:40]EMOTE: cat/ : <B>The cat</B> mews.
[08:01:49]EMOTE: Revvy Black/Jakers457 : <B>Revvy Black</B> snores.
[08:02:34]SAY: fox/ : Geckers
[08:02:38]EMOTE: kitten/ : <B>The kitten</B> meows.
[08:02:40]SAY: Milka/ : Meow!
[08:02:58]SAY: Cat/ : HSSSSS
[08:03:05]SAY: kitten/ : Purr!
[08:03:07]EMOTE: Revvy Black/Jakers457 : <B>Revvy Black</B> snores.
[08:03:20]EMOTE: Experiment 97d/ : <B>Experiment 97d</B> glares around.
[08:03:20]EMOTE: Samantha Mason/Bakagaijin : <B>Samantha Mason</B> snores.
[08:03:38]EMOTE: Samantha Mason/Bakagaijin : <B>Samantha Mason</B> snores.
[08:03:42]EMOTE: Revvy Black/Jakers457 : <B>Revvy Black</B> snores.
[08:03:58]SAY: Ian/ : Bark!
[08:04:06]SAY: Wittley/ : Purr!
[08:04:18]SAY: Experiment 97d/ : EHEHEHEHEH
[08:04:36]EMOTE: Wittley/ : <B>Wittley</B> mews.
[08:04:40]EMOTE: Dr. NibbleFluff/ : <B>Dr. NibbleFluff</B> shakes their head.
[08:04:40]EMOTE: Milka/ : <B>Milka</B> mews.
[08:04:54]SAY: Experiment 97d/ : EHEHEHEHEH
[08:05:05]SAY: Cat/ : HSSSSS
[08:05:14]EMOTE: kitten/ : <B>The kitten</B> shakes their head.
[08:05:18]EMOTE: Wittley/ : <B>Wittley</B> mews.
[08:05:29]EMOTE: Wittley/ : <B>Wittley</B> meows.
[08:05:40]EMOTE: Koira/ : <B>Koira</B> chases its tail.
[08:05:49]SAY: Iqui/ : Cracker?
[08:05:52]EMOTE: Ginger/ : <B>Ginger</B> chases its tail.
[08:05:58]EMOTE: Samantha Mason/Bakagaijin : <B>Samantha Mason</B> snores.
[08:06:03]SAY: fox/ : Geckers
[08:06:18]EMOTE: Ian/ : <B>Ian</B> chases their tail
[08:06:45]EMOTE: kitten/ : <B>The kitten</B> meows.
[08:06:45]EMOTE: Samantha Mason/Bakagaijin : <B>Samantha Mason</B> snores.
[08:06:52]EMOTE: Tiger/ : <B>Tiger</B> mews.
[08:06:59]EMOTE: kitten/ : <B>The kitten</B> meows.
[08:07:08]EMOTE: Ian/ : <B>Ian</B> dances around
[08:07:08]SAY: cat/ : HSSSSS
[08:07:10]EMOTE: Experiment 68a/ : <B>Experiment 68a</B> clicks.
[08:07:44]EMOTE: Ginger/ : <B>Ginger</B> chases its tail.
[08:07:46]EMOTE: Ian/ : <B>Ian</B> chases their tail
[08:07:46]EMOTE: Samantha Mason/Bakagaijin : <B>Samantha Mason</B> snores.
[08:08:01]EMOTE: crab/ : <B>The crab</B> clacks.
[08:08:10]EMOTE: Revvy Black/Jakers457 : <B>Revvy Black</B> snores.
[08:08:33]EMOTE: Revvy Black/Jakers457 : <B>Revvy Black</B> snores.
[08:09:00]EMOTE: Cat/ : <B>Cat</B> shivers.
[08:09:31]EMOTE: Cat/ : <B>Cat</B> meows.
[08:09:35]EMOTE: Revvy Black/Jakers457 : <B>Revvy Black</B> snores.
[08:09:51]EMOTE: Ginger/ : <B>Ginger</B> chases its tail.
[08:09:58]EMOTE: kitten/ : <B>The kitten</B> shakes their head.
[08:10:11]EMOTE: kitten/ : <B>The kitten</B> mews.
[08:10:29]ACCESS: Logout: *no key*/(Cassy_jenelle)
[08:10:29]ACCESS: Login: Cassy_jenelle/(Elliot Islington) from 81.104.88.62-1964287214 || BYOND v506
[08:10:29]EMOTE: Ginger/ : <B>Ginger</B> chases its tail.
[08:10:34]EMOTE: kitten/ : <B>The kitten</B> meows.
[08:11:39]EMOTE: Koira/ : <B>Koira</B> chases its tail.
[08:11:59]EMOTE: Ginger/ : <B>Ginger</B> chases its tail.
[08:12:24]SAY: kitten/ : Esp!
[08:12:31]SAY: cat/ : HSSSSS
[08:12:42]EMOTE: Ian/ : <B>Ian</B> chases their tail
[08:13:36]EMOTE: Revvy Black/Jakers457 : <B>Revvy Black</B> snores.
[08:13:43]EMOTE: Samantha Mason/Bakagaijin : <B>Samantha Mason</B> snores.
[08:13:47]EMOTE: crab/ : <B>The crab</B> clicks.
[08:14:00]EMOTE: cat/ : <B>The cat</B> shivers.
[08:14:09]EMOTE: Experiment 68a/ : <B>Experiment 68a</B> clicks.
[08:14:25]EMOTE: Experiment 68a/ : <B>Experiment 68a</B> clicks.
[08:14:43]SAY: grey baby slime (250)/ : Blorble...
[08:15:12]SAY: cat/ : Esp!
[08:15:18]EMOTE: Samantha Mason/Bakagaijin : <B>Samantha Mason</B> snores.
[08:15:21]EMOTE: Revvy Black/Jakers457 : <B>Revvy Black</B> snores.
[08:15:25]EMOTE: cat/ : <B>The cat</B> shakes their head.
[08:16:10]EMOTE: Revvy Black/Jakers457 : <B>Revvy Black</B> snores.
[08:16:14]EMOTE: Milka/ : <B>Milka</B> meows.
[08:16:25]EMOTE: Koira/ : <B>Koira</B> chases its tail.
[08:16:27]EMOTE: Tiger/ : <B>Tiger</B> shivers.
[08:16:32]EMOTE: Ginger/ : <B>Ginger</B> barks!.
[08:16:34]EMOTE: Dr. NibbleFluff/ : <B>Dr. NibbleFluff</B> nibbles on something.
[08:16:48]EMOTE: kitten/ : <B>The kitten</B> meows.
[08:17:03]SAY: Koira/ : YAP
[08:17:07]EMOTE: crab/ : <B>The crab</B> clicks.
[08:17:07]SAY: Tiger/ : HSSSSS
[08:17:14]EMOTE: Wittley/ : <B>Wittley</B> mews.
[08:17:25]EMOTE: Ginger/ : <B>Ginger</B> chases its tail.
[08:17:30]EMOTE: Koira/ : <B>Koira</B> chases its tail.
[08:17:57]EMOTE: Cat/ : <B>Cat</B> mews.
[08:18:15]EMOTE: Revvy Black/Jakers457 : <B>Revvy Black</B> snores.
[08:18:41]SAY: Experiment 97d/ : EHEHEHEHEH
[08:18:44]EMOTE: Tiger/ : <B>Tiger</B> shivers.
[08:18:52]SAY: Ian/ : YAP
[08:19:15]SAY: kitten/ : HSSSSS
[08:19:39]SAY: Tiger/ : Esp!
[08:20:08]SAY: cat/ : Purr!
[08:20:24]SAY: grey baby slime (250)/ : Lonely...
[08:20:35]SAY: cat/ : Esp!
[08:21:02]SAY: Milka/ : HSSSSS
[08:21:02]EMOTE: Samantha Mason/Bakagaijin : <B>Samantha Mason</B> snores.
[08:21:06]SAY: Wittley/ : Purr!
[08:21:11]EMOTE: Revvy Black/Jakers457 : <B>Revvy Black</B> snores.
[08:21:33]EMOTE: Tiger/ : <B>Tiger</B> shakes their head.
[08:21:38]EMOTE: Milka/ : <B>Milka</B> mews.
[08:21:40]SAY: Tiger/ : Purr!
[08:21:51]EMOTE: cat/ : <B>The cat</B> shakes their head.
[08:22:00]EMOTE: fox/ : <B>The fox</B> shakes its head.
[08:22:02]SAY: fox/ : Tchoff
[08:22:14]SAY: Ginger/ : Woof!
[08:22:20]EMOTE: Koira/ : <B>Koira</B> shakes its head..
[08:22:27]SAY: Runtime/ : HSSSSS
[08:22:43]EMOTE: Revvy Black/Jakers457 : <B>Revvy Black</B> snores.
[08:22:58]EMOTE: cat/ : <B>The cat</B> meows.
[08:23:05]EMOTE: crab/ : <B>The crab</B> clicks.
[08:23:20]EMOTE: Runtime/ : <B>Runtime</B> shakes their head.
[08:23:25]EMOTE: Runtime/ : <B>Runtime</B> meows.
[08:23:36]SAY: fox/ : Ack-Ack
[08:23:47]SAY: Milka/ : HSSSSS
[08:24:20]SAY: Koira/ : YAP
[08:24:31]EMOTE: Koira/ : <B>Koira</B> pants..
[08:25:09]SAY: grey baby slime (250)/ : Need... food...
[08:25:36]EMOTE: Ginger/ : <B>Ginger</B> chases its tail.
[08:25:45]SAY: cat/ : Meow!
[08:25:59]EMOTE: Koira/ : <B>Koira</B> chases its tail.
[08:26:05]EMOTE: Samantha Mason/Bakagaijin : <B>Samantha Mason</B> snores.
[08:26:17]EMOTE: cat/ : <B>The cat</B> shivers.
[08:26:48]EMOTE: kitten/ : <B>The kitten</B> shakes their head.
[08:27:17]EMOTE: Experiment 68a/ : <B>Experiment 68a</B> clicks.
[08:27:26]SAY: grey baby slime (250)/ : Lonely...
[08:27:51]SAY: Runtime/ : Meow!
[08:28:00]EMOTE: fox/ : <B>The fox</B> howls.
[08:28:11]SAY: fox/ : Tchoff
[08:28:20]EMOTE: Koira/ : <B>Koira</B> chases its tail.
[08:28:40]EMOTE: Ian/ : <B>Ian</B> dances around
[08:28:44]SAY: fox/ : Geckers
[08:28:48]EMOTE: Dr. NibbleFluff/ : <B>Dr. NibbleFluff</B> shivers.
[08:29:09]EMOTE: Koira/ : <B>Koira</B> chases its tail.
[08:29:15]EMOTE: Samantha Mason/Bakagaijin : <B>Samantha Mason</B> snores.
[08:29:20]SAY: Runtime/ : HSSSSS
[08:29:20]EMOTE: Samantha Mason/Bakagaijin : <B>Samantha Mason</B> snores.
[08:29:28]EMOTE: Samantha Mason/Bakagaijin : <B>Samantha Mason</B> snores.
[08:29:44]EMOTE: Koira/ : <B>Koira</B> chases its tail.
[08:30:04]EMOTE: Dr. NibbleFluff/ : <B>Dr. NibbleFluff</B> meows.
[08:30:15]EMOTE: Koira/ : <B>Koira</B> chases its tail.
[08:30:42]SAY: grey baby slime (988)/ : Lonely...
[08:30:48]SAY: kitten/ : Meow!
[08:31:19]EMOTE: Ginger/ : <B>Ginger</B> barks!.
[08:31:19]EMOTE: Koira/ : <B>Koira</B> shivers..
[08:31:22]EMOTE: fox/ : <B>The fox</B> shakes its head.
[08:31:33]EMOTE: Ginger/ : <B>Ginger</B> chases its tail.
[08:31:44]EMOTE: Revvy Black/Jakers457 : <B>Revvy Black</B> snores.
[08:31:50]EMOTE: Revvy Black/Jakers457 : <B>Revvy Black</B> snores.
[08:31:59]EMOTE: Samantha Mason/Bakagaijin : <B>Samantha Mason</B> snores.
[08:32:22]EMOTE: crab/ : <B>The crab</B> clicks.
[08:32:51]SAY: cat/ : Meow!
[08:32:55]EMOTE: kitten/ : <B>The kitten</B> shivers.
[08:33:07]SAY: Ian/ : YAP
[08:33:25]SAY: grey baby slime (988)/ : Very... hungry...
[08:33:27]EMOTE: Samantha Mason/Bakagaijin : <B>Samantha Mason</B> snores.
[08:33:40]EMOTE: Dr. NibbleFluff/ : <B>Dr. NibbleFluff</B> shivers.
[08:34:00]EMOTE: Ginger/ : <B>Ginger</B> chases its tail..
[08:34:29]EMOTE: Experiment 68a/ : <B>Experiment 68a</B> clicks.
[08:34:43]SAY: Runtime/ : Esp!
[08:34:47]EMOTE: Ian/ : <B>Ian</B> chases their tail
[08:34:56]SAY: Runtime/ : HSSSSS
[08:35:01]EMOTE: Iqui/ : <B>Iqui</B> bawks.
[08:35:12]EMOTE: cat/ : <B>The cat</B> shakes their head.
[08:35:16]EMOTE: crab/ : <B>The crab</B> clacks.
[08:35:21]EMOTE: Revvy Black/Jakers457 : <B>Revvy Black</B> snores.
[08:35:39]EMOTE: fox/ : <B>The fox</B> shivers.
[08:35:59]SAY: cat/ : HSSSSS
[08:36:19]EMOTE: Koira/ : <B>Koira</B> pants..
[08:36:28]EMOTE: cat/ : <B>The cat</B> meows.
[08:36:33]SAY: fox/ : Tchoff
[08:36:48]EMOTE: Runtime/ : <B>Runtime</B> meows.
[08:36:59]SAY: grey baby slime (250)/ : So... hungry...
[08:36:59]EMOTE: Samantha Mason/Bakagaijin : <B>Samantha Mason</B> snores.
[08:37:08]EMOTE: Revvy Black/Jakers457 : <B>Revvy Black</B> snores.
[08:37:12]SAY: grey baby slime (250)/ : Blop...
[08:37:17]EMOTE: fox/ : <B>The fox</B> barks.
[08:37:32]SAY: grey baby slime (988)/ : Must... eat...
[08:37:37]SAY: grey baby slime (988)/ : Very... hungry...
[08:37:41]SAY: kitten/ : Meow!
[08:37:53]SAY: Tiger/ : HSSSSS
[08:38:06]EMOTE: Ginger/ : <B>Ginger</B> shivers..
[08:38:15]SAY: Ian/ : YAP
[08:38:48]SAY: fox/ : Geckers
[08:38:57]EMOTE: Tiger/ : <B>Tiger</B> mews.
[08:38:59]SAY: Runtime/ : HSSSSS
[08:38:59]EMOTE: Ian/ : <B>Ian</B> dances around
[08:39:04]EMOTE: fox/ : <B>The fox</B> howls.
[08:39:52]SAY: cat/ : HSSSSS
[08:40:03]EMOTE: Koira/ : <B>Koira</B> chases its tail.
[08:40:06]EMOTE: Samantha Mason/Bakagaijin : <B>Samantha Mason</B> snores.
[08:40:17]EMOTE: Ginger/ : <B>Ginger</B> chases its tail.
[08:40:19]EMOTE: Revvy Black/Jakers457 : <B>Revvy Black</B> snores.
[08:40:30]EMOTE: cat/ : <B>The cat</B> shakes their head.
[08:40:50]EMOTE: Samantha Mason/Bakagaijin : <B>Samantha Mason</B> snores.
[08:40:59]EMOTE: Koira/ : <B>Koira</B> chases its tail.
[08:41:15]SAY: Ginger/ : Woof!
[08:41:19]SAY: cat/ : HSSSSS
[08:41:39]EMOTE: Ian/ : <B>Ian</B> chases their tail
[08:41:50]SAY: Wittley/ : Esp!
[08:41:53]EMOTE: Samantha Mason/Bakagaijin : <B>Samantha Mason</B> snores.
[08:42:02]SAY: cat/ : Esp!
[08:42:49]EMOTE: Experiment 68a/ : <B>Experiment 68a</B> clacks.
[08:42:57]EMOTE: Iqui/ : <B>Iqui</B> squawks.
[08:43:00]EMOTE: Ginger/ : <B>Ginger</B> chases its tail.
[08:43:13]EMOTE: Samantha Mason/Bakagaijin : <B>Samantha Mason</B> snores.
[08:43:31]EMOTE: cat/ : <B>The cat</B> shakes their head.
[08:43:33]EMOTE: cat/ : <B>The cat</B> shakes their head.
[08:43:45]EMOTE: kitten/ : <B>The kitten</B> shivers.
[08:43:53]SAY: fox/ : Awoo
[08:44:02]EMOTE: Revvy Black/Jakers457 : <B>Revvy Black</B> snores.
[08:44:18]EMOTE: Tiger/ : <B>Tiger</B> shakes their head.
[08:44:23]EMOTE: Koira/ : <B>Koira</B> chases its tail..
[08:44:25]EMOTE: Koira/ : <B>Koira</B> shakes its head..
[08:44:40]EMOTE: Samantha Mason/Bakagaijin : <B>Samantha Mason</B> snores.
[08:44:56]SAY: kitten/ : HSSSSS
[08:45:41]EMOTE: Ginger/ : <B>Ginger</B> chases its tail.
[08:46:10]EMOTE: Koira/ : <B>Koira</B> chases its tail.
[08:46:21]EMOTE: Milka/ : <B>Milka</B> shivers.
[08:46:27]EMOTE: Samantha Mason/Bakagaijin : <B>Samantha Mason</B> snores.
[08:46:52]EMOTE: Samantha Mason/Bakagaijin : <B>Samantha Mason</B> snores.
[08:46:56]SAY: grey baby slime (988)/ : Very... hungry...
[08:47:05]EMOTE: Ginger/ : <B>Ginger</B> chases its tail.
[08:47:25]EMOTE: Ginger/ : <B>Ginger</B> chases its tail.
[08:47:45]EMOTE: Ian/ : <B>Ian</B> chases their tail
[08:47:54]EMOTE: Wittley/ : <B>Wittley</B> meows.
[08:47:54]EMOTE: cat/ : <B>The cat</B> shivers.
[08:47:59]EMOTE: Revvy Black/Jakers457 : <B>Revvy Black</B> snores.
[08:48:37]EMOTE: Ginger/ : <B>Ginger</B> chases its tail.
[08:48:37]EMOTE: cat/ : <B>The cat</B> mews.
[08:48:37]EMOTE: Samantha Mason/Bakagaijin : <B>Samantha Mason</B> snores.
[08:48:50]EMOTE: Runtime/ : <B>Runtime</B> mews.
[08:48:57]EMOTE: Ginger/ : <B>Ginger</B> shakes its head..
[08:49:13]EMOTE: Ian/ : <B>Ian</B> chases their tail
[08:49:15]SAY: cat/ : Purr!
[08:49:16]ADMIN: Cassy_jenelle/(Elliot Islington) spawned /mob/living/carbon/human at (218,118,9)
[08:49:17]EMOTE: Revvy Black/Jakers457 : <B>Revvy Black</B> snores.
[08:49:30]ADMIN: Cassy_jenelle/(Elliot Islington) assumed direct control of the unknown.
[08:49:30]ACCESS: Logout: *no key*/(Elliot Islington)
[08:49:30]ACCESS: Login: cassyjenelle/(unknown) from 81.104.88.62-1964287214 || BYOND v506
[08:49:53]SAY: cat/ : Meow!
[08:49:53]EMOTE: Samantha Mason/Bakagaijin : <B>Samantha Mason</B> snores.
[08:49:56]EMOTE: crab/ : <B>The crab</B> clicks.
[08:50:25]SAY: kitten/ : HSSSSS
[08:50:25]ADMIN: cassyjenelle/(unknown) spawned /obj/machinery/computer/security/wooden_tv at (218,117,9)
[08:50:27]SAY: grey baby slime (250)/ : Need... food...
[08:50:49]EMOTE: Samantha Mason/Bakagaijin : <B>Samantha Mason</B> snores.
[08:51:22]EMOTE: Revvy Black/Jakers457 : <B>Revvy Black</B> snores.
[08:51:22]EMOTE: Samantha Mason/Bakagaijin : <B>Samantha Mason</B> snores.
[08:51:25]SAY: grey baby slime (250)/ : Must... eat...
[08:51:29]EMOTE: Revvy Black/Jakers457 : <B>Revvy Black</B> snores.
[08:51:33]EMOTE: Revvy Black/Jakers457 : <B>Revvy Black</B> snores.
[08:51:51]SAY: grey baby slime (988)/ : So... hungry...
[08:52:03]EMOTE: Samantha Mason/Bakagaijin : <B>Samantha Mason</B> snores.
[08:52:20]EMOTE: Ginger/ : <B>Ginger</B> chases its tail.
[08:52:25]SAY: Ian/ : YAP
[08:52:41]EMOTE: Ginger/ : <B>Ginger</B> pants..
[08:53:01]EMOTE: Koira/ : <B>Koira</B> barks!.
[08:53:03]EMOTE: Ginger/ : <B>Ginger</B> pants..
[08:53:21]EMOTE: Koira/ : <B>Koira</B> chases its tail.
[08:53:34]EMOTE: Revvy Black/Jakers457 : <B>Revvy Black</B> snores.
[08:54:34]SAY: Cat/ : Purr!
[08:54:43]EMOTE: kitten/ : <B>The kitten</B> meows.
[08:55:03]EMOTE: crab/ : <B>The crab</B> clacks.
[08:55:07]SAY: Milka/ : HSSSSS
[08:55:07]EMOTE: Koira/ : <B>Koira</B> chases its tail.
[08:55:21]EMOTE: Samantha Mason/Bakagaijin : <B>Samantha Mason</B> snores.
[08:55:23]EMOTE: Revvy Black/Jakers457 : <B>Revvy Black</B> snores.
[08:55:38]EMOTE: Koira/ : <B>Koira</B> chases its tail.
[08:56:01]EMOTE: Tiger/ : <B>Tiger</B> meows.
[08:56:05]EMOTE: Ian/ : <B>Ian</B> chases their tail
[08:56:12]EMOTE: Ginger/ : <B>Ginger</B> chases its tail.
[08:56:23]SAY: grey baby slime (250)/ : ...
[08:56:34]SAY: Ian/ : Woof!
[08:56:41]EMOTE: Revvy Black/Jakers457 : <B>Revvy Black</B> snores.
[08:56:54]EMOTE: cat/ : <B>The cat</B> shakes their head.
[08:57:05]EMOTE: Koira/ : <B>Koira</B> chases its tail.
[08:57:34]EMOTE: kitten/ : <B>The kitten</B> shakes their head.
[08:57:41]EMOTE: kitten/ : <B>The kitten</B> shakes their head.
[08:57:41]EMOTE: Revvy Black/Jakers457 : <B>Revvy Black</B> snores.
[08:57:48]EMOTE: Samantha Mason/Bakagaijin : <B>Samantha Mason</B> snores.
[08:57:56]EMOTE: Experiment 68a/ : <B>Experiment 68a</B> clacks.
[08:58:30]EMOTE: Samantha Mason/Bakagaijin : <B>Samantha Mason</B> snores.
[08:58:36]EMOTE: Samantha Mason/Bakagaijin : <B>Samantha Mason</B> snores.
[08:58:52]EMOTE: crab/ : <B>The crab</B> clacks.
[08:59:27]EMOTE: kitten/ : <B>The kitten</B> mews.
[08:59:41]EMOTE: Experiment 68a/ : <B>Experiment 68a</B> clacks.
[08:59:41]EMOTE: Cat/ : <B>Cat</B> shivers.
[08:59:58]EMOTE: Samantha Mason/Bakagaijin : <B>Samantha Mason</B> snores.
[09:00:27]SAY: Ian/ : AUUUUUU
[09:00:29]EMOTE: Iqui/ : <B>Iqui</B> squawks.
[09:00:29]EMOTE: Revvy Black/Jakers457 : <B>Revvy Black</B> snores.
[09:00:56]EMOTE: cat/ : <B>The cat</B> meows.
[09:01:03]EMOTE: fox/ : <B>The fox</B> shakes its head.
[09:01:16]EMOTE: Samantha Mason/Bakagaijin : <B>Samantha Mason</B> snores.
[09:01:30]EMOTE: kitten/ : <B>The kitten</B> shivers.
[09:01:46]SAY: Runtime/ : Esp!
[09:01:50]EMOTE: Runtime/ : <B>Runtime</B> meows.
[09:02:03]SAY: grey baby slime (988)/ : Cold...
[09:02:06]EMOTE: Samantha Mason/Bakagaijin : <B>Samantha Mason</B> snores.
[09:02:08]EMOTE: Koira/ : <B>Koira</B> chases its tail.
[09:03:19]EMOTE: Ginger/ : <B>Ginger</B> chases its tail.
[09:03:35]EMOTE: Revvy Black/Jakers457 : <B>Revvy Black</B> snores.
[09:03:51]ADMIN: cassyjenelle/(unknown) deleted the security camera monitor at (218,117,9)
[09:04:02]EMOTE: Cat/ : <B>Cat</B> mews.
[09:04:13]EMOTE: kitten/ : <B>The kitten</B> shivers.
[09:04:22]EMOTE: Ian/ : <B>Ian</B> dances around
[09:04:27]EMOTE: Experiment 68a/ : <B>Experiment 68a</B> clacks.
[09:04:31]SAY: Ginger/ : YAP
[09:04:36]SAY: Koira/ : YAP
[09:04:42]EMOTE: cat/ : <B>The cat</B> shakes their head.
[09:04:42]ADMIN: cassyjenelle/(unknown) spawned /obj/machinery/atm at (215,117,9)
[09:04:58]ADMIN: cassyjenelle/(unknown) spawned /obj/item/weapon/card/id/captains_spare at (215,118,9)
[09:05:03]EMOTE: Ian/ : <B>Ian</B> chases their tail
[09:05:18]ADMIN: cassyjenelle/(unknown) deleted NanoTrasen Automatic Teller Machine at (215,117,9)
[09:05:18]EMOTE: crab/ : <B>The crab</B> clicks.
[09:05:25]SAY: cat/ : HSSSSS
[09:06:05]EMOTE: Revvy Black/Jakers457 : <B>Revvy Black</B> snores.
[09:06:16]EMOTE: Revvy Black/Jakers457 : <B>Revvy Black</B> snores.
[09:06:23]SAY: Runtime/ : Esp!
[09:06:52]EMOTE: Runtime/ : <B>Runtime</B> shivers.
[09:06:54]EMOTE: cat/ : <B>The cat</B> shivers.
[09:06:56]EMOTE: Ginger/ : <B>Ginger</B> chases its tail.
[09:06:59]EMOTE: Experiment 97d/ : <B>Experiment 97d</B> stamps a foot.
[09:06:59]EMOTE: Milka/ : <B>Milka</B> mews.
[09:07:35]EMOTE: Koira/ : <B>Koira</B> chases its tail.
[09:07:44]EMOTE: cat/ : <B>The cat</B> meows.
[09:07:53]SAY: kitten/ : Purr!
[09:08:04]EMOTE: Ian/ : <B>Ian</B> pants.
[09:08:15]EMOTE: Ginger/ : <B>Ginger</B> chases its tail.
[09:08:33]EMOTE: Ian/ : <B>Ian</B> dances around
[09:08:44]SAY: kitten/ : Meow!
[09:09:02]SAY: Wittley/ : Meow!
[09:09:11]EMOTE: Samantha Mason/Bakagaijin : <B>Samantha Mason</B> snores.
[09:09:55]SAY: Ian/ : AUUUUUU
[09:10:00]EMOTE: Revvy Black/Jakers457 : <B>Revvy Black</B> snores.
[09:10:02]SAY: kitten/ : HSSSSS
[09:10:11]EMOTE: Samantha Mason/Bakagaijin : <B>Samantha Mason</B> snores.
[09:10:22]EMOTE: cat/ : <B>The cat</B> meows.
[09:10:31]EMOTE: Runtime/ : <B>Runtime</B> meows.
[09:11:01]EMOTE: Revvy Black/Jakers457 : <B>Revvy Black</B> snores.
[09:11:04]EMOTE: Revvy Black/Jakers457 : <B>Revvy Black</B> snores.
[09:11:10]SAY: Runtime/ : Esp!
[09:11:10]EMOTE: Ian/ : <B>Ian</B> pants.
[09:11:14]SAY: fox/ : Ack-Ack-Ack-Ackawoooo
[09:11:21]EMOTE: Ian/ : <B>Ian</B> dances around
[09:11:23]EMOTE: Revvy Black/Jakers457 : <B>Revvy Black</B> snores.
[09:11:25]EMOTE: Koira/ : <B>Koira</B> shivers..
[09:11:30]EMOTE: Revvy Black/Jakers457 : <B>Revvy Black</B> snores.
[09:11:36]EMOTE: kitten/ : <B>The kitten</B> mews.
[09:12:26]SAY: Ian/ : Bark!
[09:12:26]EMOTE: Koira/ : <B>Koira</B> chases its tail.
[09:12:32]EMOTE: Ian/ : <B>Ian</B> dances around
[09:12:41]EMOTE: Koira/ : <B>Koira</B> woofs!.
[09:12:43]EMOTE: Runtime/ : <B>Runtime</B> meows.
[09:12:57]EMOTE: Koira/ : <B>Koira</B> chases its tail.
[09:12:57]EMOTE: Revvy Black/Jakers457 : <B>Revvy Black</B> snores.
[09:13:12]EMOTE: Koira/ : <B>Koira</B> chases its tail.
[09:13:15]EMOTE: Samantha Mason/Bakagaijin : <B>Samantha Mason</B> snores.
[09:13:19]EMOTE: Samantha Mason/Bakagaijin : <B>Samantha Mason</B> snores.
[09:13:21]EMOTE: Iqui/ : <B>Iqui</B> flutters its wings.
[09:13:30]EMOTE: Samantha Mason/Bakagaijin : <B>Samantha Mason</B> snores.
[09:13:32]EMOTE: Cat/ : <B>Cat</B> shakes their head.
[09:13:37]EMOTE: Wittley/ : <B>Wittley</B> meows.
[09:13:48]EMOTE: Milka/ : <B>Milka</B> mews.
[09:13:50]GAME: <a href='?priv_msg=[0x5000000]'>cassyjenelle</a>/(unknown) has ghosted.
[09:13:50]ACCESS: Logout: *no key*/(unknown)
[09:13:50]ACCESS: Login: cassyjenelle/(unknown) from 81.104.88.62-1964287214 || BYOND v506
[09:13:57]SAY: Cat/ : Purr!
[09:14:06]EMOTE: Revvy Black/Jakers457 : <B>Revvy Black</B> snores.
[09:14:08]ADMIN: cassyjenelle/(unknown) deleted the unknown at (215,118,9)
[09:14:35]EMOTE: Ginger/ : <B>Ginger</B> chases its tail.
[09:14:53]EMOTE: Ian/ : <B>Ian</B> dances around
[09:14:55]EMOTE: Revvy Black/Jakers457 : <B>Revvy Black</B> snores.
[09:15:35]EMOTE: Ginger/ : <B>Ginger</B> chases its tail.
[09:16:04]EMOTE: Revvy Black/Jakers457 : <B>Revvy Black</B> snores.
[09:16:15]EMOTE: fox/ : <B>The fox</B> barks.
[09:16:15]EMOTE: Koira/ : <B>Koira</B> chases its tail.
[09:16:48]EMOTE: Ian/ : <B>Ian</B> dances around
[09:16:53]EMOTE: Ginger/ : <B>Ginger</B> chases its tail.
[09:17:15]EMOTE: kitten/ : <B>The kitten</B> shivers.
[09:17:24]EMOTE: Samantha Mason/Bakagaijin : <B>Samantha Mason</B> snores.
[09:17:28]EMOTE: Ian/ : <B>Ian</B> dances around
[09:17:35]EMOTE: Samantha Mason/Bakagaijin : <B>Samantha Mason</B> snores.
[09:17:39]EMOTE: Ginger/ : <B>Ginger</B> pants..
[09:17:39]EMOTE: Cat/ : <B>Cat</B> shakes their head.
[09:17:46]EMOTE: Ian/ : <B>Ian</B> dances around
[09:18:17]EMOTE: Experiment 97d/ : <B>Experiment 97d</B> stamps a foot.
[09:18:22]EMOTE: crab/ : <B>The crab</B> clacks.
[09:18:28]EMOTE: Revvy Black/Jakers457 : <B>Revvy Black</B> snores.
[09:18:48]EMOTE: Ginger/ : <B>Ginger</B> chases its tail..
[09:19:02]EMOTE: Experiment 68a/ : <B>Experiment 68a</B> clicks.
[09:19:06]EMOTE: Revvy Black/Jakers457 : <B>Revvy Black</B> snores.
[09:19:11]EMOTE: Experiment 68a/ : <B>Experiment 68a</B> clacks.
[09:19:19]SAY: fox/ : Ack-Ack
[09:19:26]SAY: kitten/ : Meow!
[09:19:46]SAY: fox/ : Ack-Ack
[09:20:01]EMOTE: Samantha Mason/Bakagaijin : <B>Samantha Mason</B> snores.
[09:20:08]EMOTE: Revvy Black/Jakers457 : <B>Revvy Black</B> snores.
[09:20:14]EMOTE: Samantha Mason/Bakagaijin : <B>Samantha Mason</B> snores.
[09:20:17]EMOTE: Koira/ : <B>Koira</B> barks!.
[09:20:28]SAY: Iqui/ : Cracker?
[09:20:38]EMOTE: Dr. NibbleFluff/ : <B>Dr. NibbleFluff</B> shakes their head.
[09:21:27]SAY: cat/ : Meow!
[09:21:36]EMOTE: Revvy Black/Jakers457 : <B>Revvy Black</B> snores.
[09:22:05]SAY: Ian/ : Bark!
[09:22:05]EMOTE: cat/ : <B>The cat</B> shakes their head.
[09:22:32]EMOTE: Koira/ : <B>Koira</B> chases its tail.
[09:22:34]SAY: fox/ : Ack-Ack-Ack-Ackawoooo
[09:22:34]EMOTE: kitten/ : <B>The kitten</B> mews.
[09:22:39]SAY: cat/ : Esp!
[09:22:40]ACCESS: Login: Hunterkiller71/(Hunterkiller71) from 175.140.42.141-653359640 || BYOND v506
[09:22:57]EMOTE: Ian/ : <B>Ian</B> chases their tail
[09:23:01]EMOTE: Ian/ : <B>Ian</B> dances around
[09:23:34]SAY: kitten/ : Purr!
[09:23:45]EMOTE: Dr. NibbleFluff/ : <B>Dr. NibbleFluff</B> mews.
[09:23:52]EMOTE: Ginger/ : <B>Ginger</B> chases its tail.
[09:23:56]EMOTE: Experiment 97d/ : <B>Experiment 97d</B> shakes its head.
[09:24:09]EMOTE: Wittley/ : <B>Wittley</B> shivers.
[09:24:14]EMOTE: Cat/ : <B>Cat</B> meows.
[09:24:16]SAY: kitten/ : Purr!
[09:24:20]EMOTE: Koira/ : <B>Koira</B> chases its tail.
[09:24:38]EMOTE: Ginger/ : <B>Ginger</B> barks!.
[09:24:47]SAY: Tiger/ : Esp!
[09:25:00]EMOTE: crab/ : <B>The crab</B> clicks.
[09:25:02]EMOTE: Samantha Mason/Bakagaijin : <B>Samantha Mason</B> snores.
[09:25:04]EMOTE: cat/ : <B>The cat</B> shivers.
[09:25:13]EMOTE: Koira/ : <B>Koira</B> chases its tail.
[09:25:33]EMOTE: Runtime/ : <B>Runtime</B> meows.
[09:25:38]EMOTE: Revvy Black/Jakers457 : <B>Revvy Black</B> snores.
[09:25:40]EMOTE: Cat/ : <B>Cat</B> meows.
[09:25:49]EMOTE: Experiment 97d/ : <B>Experiment 97d</B> stamps a foot.
[09:25:53]EMOTE: kitten/ : <B>The kitten</B> shivers.
[09:26:02]EMOTE: Experiment 97d/ : <B>Experiment 97d</B> shakes its head.
