

Starting up. 03:45.27
---------------------
[03:45:36]ADMIN: Loading jobban_rank
[03:45:36]ADMIN: jobban_keylist was empty
[03:45:36]ADMIN: Loading Banlist
[03:45:39]DEBUG: Rebuilding Master Controller
[03:47:00]ACCESS: Login: Cassy_jenelle/(Cassy_jenelle) from 127.0.0.1-1964287214 || BYOND v506
[03:48:19]VOTE: Gamemode vote started by the server.
[03:48:19]DEBUG: The server has called a gamemode vote
[03:48:40]ADMIN: Cassy_jenelle has started the game.
[03:48:41]ACCESS: Logout: *no key*/(Cassy_jenelle)
[03:48:41]ACCESS: Login: Cassy_jenelle/(Camile Crafter) from 127.0.0.1-1964287214 || BYOND v506
[03:48:50]DEBUG: Next event of severity Mundane in 15.128 minutes.
[03:48:50]DEBUG: Next event of severity Moderate in 40.444 minutes.
[03:48:50]DEBUG: Next event of severity Major in 94.4733 minutes.
[03:48:55]EMOTE: Tom (504)/ : <B>Tom (504)</B> runs in a circle.
[03:48:57]EMOTE: crab/ : <B>The crab</B> clicks.
[03:49:02]EMOTE: kitten/ : <B>The kitten</B> meows.
[03:49:09]SAY: grey baby slime (279)/ : Lonely...
[03:49:09]EMOTE: Parrot/ : <B>The Parrot</B> turns and flies towards the deck of cards
[03:49:30]ADMIN: Cassy_jenelle/(Camile Crafter) jumped to 111,93,9 in the Residential Area
[03:49:41]SAY: Ginger/ : YAP
[03:49:48]EMOTE: Milka/ : <B>Milka</B> shakes their head.
[03:49:54]ADMIN: Cassy_jenelle/(Camile Crafter) modified Residential Area's luminosity to 0
[03:49:54]EMOTE: Experiment 68a/ : <B>Experiment 68a</B> clicks.
[03:49:56]EMOTE: Tiger/ : <B>Tiger</B> mews.
[03:50:13]ADMIN: Cassy_jenelle/(Camile Crafter) modified Residential Area's lighting_use_dynamic to 1
[03:50:13]EMOTE: kitten/ : <B>The kitten</B> shivers.
[03:50:13]EMOTE: Koira/ : <B>Koira</B> chases its tail.
[03:50:22]SAY: Milka/ : HSSSSS
[03:50:23]ADMIN: Cassy_jenelle/(Camile Crafter) jumped to 103,98,9 in the Residential Area
[03:50:34]EMOTE: Ginger/ : <B>Ginger</B> chases its tail.
[03:50:36]EMOTE: fox/ : <B>The fox</B> shakes its head.
[03:50:38]SAY: Runtime/ : HSSSSS
[03:50:38]EMOTE: mouse (842)/ : <B>The mouse (842)</B> shakes.
[03:50:41]EMOTE: mouse (643)/ : <B>The mouse (643)</B> squiks.
[03:50:53]SAY: grey baby slime (279)/ : Blop...
[03:50:53]SAY: Cat/ : Purr!
[03:50:55]EMOTE: mouse (842)/ : <B>The mouse (842)</B> scritches at something.
[03:51:02]ADMIN: Cassy_jenelle/(Camile Crafter) modified Residential Area's power_light to 1
[03:51:07]EMOTE: crab/ : <B>The crab</B> clicks.
[03:51:37]ACCESS: Logout: Cassy_jenelle/(Camile Crafter)


Starting up. 04:06.47
---------------------
[04:06:56]ADMIN: Loading jobban_rank
[04:06:56]ADMIN: jobban_keylist was empty
[04:06:56]ADMIN: Loading Banlist
[04:06:58]DEBUG: Rebuilding Master Controller
[04:08:07]ACCESS: Login: Cassy_jenelle/(Cassy_jenelle) from 127.0.0.1-1964287214 || BYOND v506
[04:08:55]ADMIN: Cassy_jenelle has started the game.
[04:08:55]ACCESS: Logout: *no key*/(Cassy_jenelle)
[04:08:55]ACCESS: Login: Cassy_jenelle/(Camile Crafter) from 127.0.0.1-1964287214 || BYOND v506
[04:09:02]DEBUG: Next event of severity Mundane in 16.92 minutes.
[04:09:02]DEBUG: Next event of severity Moderate in 45.078 minutes.
[04:09:02]DEBUG: Next event of severity Major in 84.5517 minutes.
[04:09:05]EMOTE: Wittley/ : <B>Wittley</B> shivers.
[04:09:09]EMOTE: cat/ : <B>The cat</B> mews.
[04:09:17]EMOTE: Ginger/ : <B>Ginger</B> yaps..
[04:09:18]EMOTE: Koira/ : <B>Koira</B> barks!.
[04:09:24]EMOTE: cat/ : <B>The cat</B> shivers.
[04:09:28]EMOTE: Ginger/ : <B>Ginger</B> chases its tail.
[04:09:30]SAY: kitten/ : Esp!
[04:09:31]ADMIN: Cassy_jenelle/(Camile Crafter) modified Residential Area's luminosity to 0
[04:09:38]ADMIN: Cassy_jenelle/(Camile Crafter) modified Residential Area's lighting_use_dynamic to 1
[04:09:46]ADMIN: Cassy_jenelle/(Camile Crafter) modified Residential Area's luminosity to 1
[04:09:49]ADMIN: Cassy_jenelle/(Camile Crafter) modified Residential Area's luminosity to 0
[04:09:57]EMOTE: mouse (480)/ : <B>The mouse (480)</B> scritches at something.
[04:09:57]EMOTE: Parrot/ : <B>The Parrot</B> turns and flies towards the deck of cards
[04:10:03]EMOTE: mouse (436)/ : <B>The mouse (436)</B> squeeks.
[04:10:12]SAY: Koira/ : Bark!
[04:10:17]ADMIN: Cassy_jenelle/(Camile Crafter) modified Residential Area's power_light to 1
[04:10:21]EMOTE: Koira/ : <B>Koira</B> chases its tail.
[04:10:44]ACCESS: Logout: Cassy_jenelle/(Camile Crafter)


Starting up. 04:56.42
---------------------
[04:56:55]ADMIN: Loading jobban_rank
[04:56:55]ADMIN: jobban_keylist was empty
[04:56:55]ADMIN: Loading Banlist
[04:57:01]DEBUG: Rebuilding Master Controller
[04:58:09]ACCESS: Login: Cassy_jenelle/(Cassy_jenelle) from 127.0.0.1-1964287214 || BYOND v506
[04:59:21]VOTE: Gamemode vote started by the server.
[04:59:21]DEBUG: The server has called a gamemode vote
[04:59:36]ADMIN: Cassy_jenelle has started the game.
[04:59:36]ACCESS: Logout: *no key*/(Cassy_jenelle)
[04:59:36]ACCESS: Login: Cassy_jenelle/(Camile Crafter) from 127.0.0.1-1964287214 || BYOND v506
[04:59:45]DEBUG: Next event of severity Mundane in 15.264 minutes.
[04:59:45]DEBUG: Next event of severity Moderate in 48.528 minutes.
[04:59:45]DEBUG: Next event of severity Major in 99.175 minutes.
[04:59:49]EMOTE: Ian/ : <B>Ian</B> dances around
[04:59:58]EMOTE: Dr. NibbleFluff/ : <B>Dr. NibbleFluff</B> mews.
[05:00:01]ADMIN: Cassy_jenelle/(Camile Crafter) jumped to 129,164,9 in the Biezel
[05:00:07]ADMIN: Cassy_jenelle/(Camile Crafter) jumped to 130,164,9 in the Biezel
[05:00:26]EMOTE: Dr. NibbleFluff/ : <B>Dr. NibbleFluff</B> shakes their head.
[05:00:28]EMOTE: Koira/ : <B>Koira</B> chases its tail.
[05:00:45]EMOTE: Parrot/ : <B>The Parrot</B> turns and flies towards the deck of cards
[05:00:49]SAY: kitten/ : Purr!
[05:01:05]EMOTE: Ginger/ : <B>Ginger</B> chases its tail.
[05:01:07]EMOTE: Parrot/ : <B>The Parrot</B> flutters its wings.
[05:01:20]EMOTE: kitten/ : <B>The kitten</B> meows.
[05:01:24]EMOTE: mouse (447)/ : <B>The mouse (447)</B> scritches at something.
[05:01:26]SAY: Ginger/ : AUUUUUU
[05:01:41]EMOTE: kitten/ : <B>The kitten</B> meows.
[05:01:47]EMOTE: Experiment 97d/ : <B>Experiment 97d</B> shakes its head.
[05:01:49]SAY: cat/ : HSSSSS
[05:01:51]SAY: kitten/ : Purr!
[05:01:55]SAY: Experiment 97d/ : Eh?
[05:02:00]SAY: mouse (33)/ : Squeek!
[05:02:02]SAY: Koira/ : YAP
[05:02:10]EMOTE: mouse (447)/ : <B>The mouse (447)</B> runs in a circle.
[05:02:12]EMOTE: Ginger/ : <B>Ginger</B> chases its tail.
[05:02:14]EMOTE: Wittley/ : <B>Wittley</B> mews.
[05:02:18]EMOTE: Ginger/ : <B>Ginger</B> pants..
[05:02:39]SAY: grey baby slime (152)/ : Lonely...
[05:02:41]EMOTE: cat/ : <B>The cat</B> shakes their head.
[05:02:46]SAY: Parrot/ : Cracker?
[05:02:46]EMOTE: kitten/ : <B>The kitten</B> meows.
[05:02:54]EMOTE: mouse (8)/ : <B>The mouse (8)</B> squeaks.
[05:03:01]SAY: kitten/ : HSSSSS
[05:03:03]EMOTE: Wittley/ : <B>Wittley</B> shivers.
[05:03:03]SAY: Milka/ : Esp!
[05:03:16]EMOTE: Cat/ : <B>Cat</B> meows.
[05:03:29]EMOTE: Ginger/ : <B>Ginger</B> chases its tail.
[05:03:31]EMOTE: Koira/ : <B>Koira</B> shakes its head..
[05:03:52]EMOTE: Dr. NibbleFluff/ : <B>Dr. NibbleFluff</B> meows.
[05:04:03]EMOTE: crab/ : <B>The crab</B> clacks.
[05:04:03]SAY: Cat/ : Meow!
[05:04:07]SAY: kitten/ : Meow!
[05:04:07]EMOTE: cat/ : <B>The cat</B> shakes their head.
[05:04:19]SAY: grey baby slime (496)/ : Blorble...
[05:04:24]EMOTE: Ginger/ : <B>Ginger</B> chases its tail.
[05:04:32]EMOTE: Koira/ : <B>Koira</B> pants..
[05:04:42]EMOTE: Ian/ : <B>Ian</B> shivers.
[05:04:50]EMOTE: Ian/ : <B>Ian</B> yaps.
[05:04:59]EMOTE: Ginger/ : <B>Ginger</B> chases its tail.
[05:05:05]SAY: Ian/ : YAP
[05:05:28]EMOTE: kitten/ : <B>The kitten</B> shivers.
[05:05:41]EMOTE: Coffee/ : <B>Coffee</B> clicks.
[05:05:48]EMOTE: fox/ : <B>The fox</B> shakes its head.
[05:05:48]SAY: kitten/ : Esp!
[05:05:57]EMOTE: Experiment 97d/ : <B>Experiment 97d</B> stamps a foot.
[05:06:03]SAY: cat/ : Meow!
[05:06:12]EMOTE: kitten/ : <B>The kitten</B> shakes their head.
[05:06:14]EMOTE: Ian/ : <B>Ian</B> dances around
[05:06:18]EMOTE: cat/ : <B>The cat</B> shivers.
[05:06:45]EMOTE: crab/ : <B>The crab</B> clacks.
[05:07:03]ACCESS: Logout: Cassy_jenelle/(Camile Crafter)


Starting up. 05:11.58
---------------------
[05:12:07]ADMIN: Loading jobban_rank
[05:12:07]ADMIN: jobban_keylist was empty
[05:12:07]ADMIN: Loading Banlist
[05:12:09]DEBUG: Rebuilding Master Controller
[05:12:37]ACCESS: Login: Cassy_jenelle/(Cassy_jenelle) from 127.0.0.1-1964287214 || BYOND v506
[05:13:06]ADMIN: Cassy_jenelle has started the game.
[05:13:28]DEBUG: Next event of severity Mundane in 15.85 minutes.
[05:13:28]DEBUG: Next event of severity Moderate in 49.57 minutes.
[05:13:28]DEBUG: Next event of severity Major in 82.1083 minutes.
[05:13:35]ACCESS: Logout: *no key*/(Cassy_jenelle)
[05:13:35]ACCESS: Login: Cassy_jenelle/(Camile Crafter) from 127.0.0.1-1964287214 || BYOND v506
[05:13:45]SAY: kitten/ : HSSSSS
[05:13:51]SAY: Tiger/ : Purr!
[05:13:59]SAY: Experiment 97d/ : EHEHEHEHEH
[05:14:02]ADMIN: Cassy_jenelle/(Camile Crafter) jumped to 129,160,9 in the Biezel
[05:14:04]SAY: fox/ : Awoo
[05:14:09]EMOTE: Ginger/ : <B>Ginger</B> shakes its head..
[05:14:13]SAY: Cat/ : HSSSSS
[05:14:18]EMOTE: Parrot/ : <B>The Parrot</B> turns and flies towards the deck of cards
[05:14:30]ADMIN: Cassy_jenelle/(Camile Crafter) modified Biezel's luminosity to 0
[05:14:31]EMOTE: fox/ : <B>The fox</B> barks.
[05:14:38]ADMIN: Cassy_jenelle/(Camile Crafter) modified Biezel's lighting_use_dynamic to 1
[05:14:48]ADMIN: Cassy_jenelle/(Camile Crafter) modified Biezel's power_light to 1
[05:14:59]EMOTE: mouse (609)/ : <B>The mouse (609)</B> scritches at something.
[05:14:59]EMOTE: Ginger/ : <B>Ginger</B> chases its tail.
[05:16:01]EMOTE: Runtime/ : <B>Runtime</B> shakes their head.
[05:16:01]EMOTE: Tiger/ : <B>Tiger</B> meows.
[05:16:18]SAY: fox/ : Geckers
[05:16:23]EMOTE: Koira/ : <B>Koira</B> chases its tail.
[05:16:31]EMOTE: Ian/ : <B>Ian</B> shivers.
[05:16:35]SAY: cat/ : HSSSSS
[05:16:37]ADMIN: Cassy_jenelle/(Camile Crafter) spawned /obj/machinery/light_switch at (152,162,9)
[05:16:44]EMOTE: Ian/ : <B>Ian</B> dances around
[05:16:57]EMOTE: kitten/ : <B>The kitten</B> meows.
[05:17:03]EMOTE: Ginger/ : <B>Ginger</B> chases its tail.
[05:17:05]SAY: Ian/ : AUUUUUU
[05:17:05]SAY: Dr. NibbleFluff/ : Meow!
[05:17:14]EMOTE: mouse (968)/ : <B>The mouse (968)</B> squeaks.
[05:17:29]EMOTE: Cat/ : <B>Cat</B> shakes their head.
[05:17:31]EMOTE: Ian/ : <B>Ian</B> chases their tail
[05:17:39]SAY: cat/ : Esp!
[05:17:44]EMOTE: Ginger/ : <B>Ginger</B> chases its tail.
[05:18:01]EMOTE: Ian/ : <B>Ian</B> dances around
[05:18:01]SAY: Wittley/ : Purr!
[05:18:03]ADMIN: Cassy_jenelle/(Camile Crafter) modified home wall-mounted fireplace's luminosity to 9
[05:18:03]SAY: cat/ : HSSSSS
[05:18:06]ADMIN: Cassy_jenelle/(Camile Crafter) modified home wall-mounted fireplace's luminosity to 7
[05:18:11]ADMIN: Cassy_jenelle/(Camile Crafter) modified home wall-mounted fireplace's luminosity to 5
[05:18:14]ADMIN: Cassy_jenelle/(Camile Crafter) modified home wall-mounted fireplace's luminosity to 6
[05:18:16]SAY: fox/ : Geckers
[05:18:17]ADMIN: Cassy_jenelle/(Camile Crafter) modified home wall-mounted fireplace's luminosity to 7
[05:18:29]EMOTE: Experiment 68a/ : <B>Experiment 68a</B> clacks.
[05:18:33]EMOTE: Tiger/ : <B>Tiger</B> meows.
[05:18:39]SAY: grey baby slime (708)/ : Blop...
[05:18:50]SAY: Ginger/ : Woof!
[05:19:14]EMOTE: Cat/ : <B>Cat</B> shivers.
[05:19:27]EMOTE: Coffee/ : <B>Coffee</B> clacks.
[05:19:44]EMOTE: Ginger/ : <B>Ginger</B> chases its tail..
[05:19:48]EMOTE: Tiger/ : <B>Tiger</B> shivers.
[05:20:18]SAY: grey baby slime (906)/ : Lonely...
[05:20:25]EMOTE: Ian/ : <B>Ian</B> dances around
[05:20:29]SAY: Tom (713)/ : SQUEEK!
[05:20:31]EMOTE: Ian/ : <B>Ian</B> pants.
[05:20:31]EMOTE: cat/ : <B>The cat</B> mews.
[05:20:44]EMOTE: cat/ : <B>The cat</B> meows.
[05:20:44]EMOTE: cat/ : <B>The cat</B> meows.
[05:21:09]SAY: grey baby slime (906)/ : Rawr...
[05:22:09]EMOTE: Ian/ : <B>Ian</B> chases their tail
[05:22:17]EMOTE: fox/ : <B>The fox</B> shivers.
[05:22:54]SAY: kitten/ : HSSSSS
[05:22:54]SAY: Cat/ : HSSSSS
[05:22:54]EMOTE: kitten/ : <B>The kitten</B> shivers.
[05:23:01]EMOTE: Experiment 68a/ : <B>Experiment 68a</B> clacks.
[05:23:13]SAY: fox/ : Awoo
[05:23:34]SAY: grey baby slime (906)/ : Lonely...
[05:24:02]SAY: Ian/ : Bark!
[05:24:17]SAY: kitten/ : Purr!
[05:24:19]EMOTE: Ginger/ : <B>Ginger</B> chases its tail.
[05:24:26]EMOTE: cat/ : <B>The cat</B> shakes their head.
[05:24:48]EMOTE: kitten/ : <B>The kitten</B> meows.
[05:24:48]EMOTE: Koira/ : <B>Koira</B> chases its tail..
[05:24:56]EMOTE: Coffee/ : <B>Coffee</B> clicks.
[05:25:05]EMOTE: Coffee/ : <B>Coffee</B> clacks.
[05:25:11]EMOTE: Ginger/ : <B>Ginger</B> chases its tail.
[05:25:18]SAY: kitten/ : Meow!
[05:25:24]EMOTE: Experiment 97d/ : <B>Experiment 97d</B> stamps a foot.
[05:26:14]EMOTE: Experiment 97d/ : <B>Experiment 97d</B> shakes its head.
[05:26:20]EMOTE: mouse (609)/ : <B>The mouse (609)</B> squiks.
[05:26:20]EMOTE: Koira/ : <B>Koira</B> chases its tail.
[05:26:39]EMOTE: crab/ : <B>The crab</B> clicks.
[05:26:45]SAY: Tiger/ : Meow!
[05:26:48]EMOTE: Cat/ : <B>Cat</B> shivers.
[05:26:54]EMOTE: Tiger/ : <B>Tiger</B> meows.
[05:27:13]SAY: Koira/ : Woof!
[05:27:30]EMOTE: fox/ : <B>The fox</B> shivers.
[05:28:09]EMOTE: kitten/ : <B>The kitten</B> meows.
[05:28:12]EMOTE: kitten/ : <B>The kitten</B> shivers.
[05:28:18]SAY: Koira/ : Woof!
[05:28:27]EMOTE: kitten/ : <B>The kitten</B> shivers.
[05:28:36]SAY: Tiger/ : Purr!
[05:28:36]EMOTE: Cat/ : <B>Cat</B> mews.
[05:29:51]EMOTE: Wittley/ : <B>Wittley</B> shivers.
[05:29:59]EMOTE: Tiger/ : <B>Tiger</B> mews.
[05:30:05]EMOTE: crab/ : <B>The crab</B> clicks.
[05:30:10]EMOTE: Wittley/ : <B>Wittley</B> mews.
[05:30:14]EMOTE: Koira/ : <B>Koira</B> chases its tail.
[05:30:16]EMOTE: cat/ : <B>The cat</B> mews.
[05:30:24]SAY: Koira/ : YAP
[05:30:42]EMOTE: Koira/ : <B>Koira</B> chases its tail.
[05:31:10]EMOTE: Ginger/ : <B>Ginger</B> barks!.
[05:31:20]EMOTE: Experiment 68a/ : <B>Experiment 68a</B> clacks.
[05:31:25]EMOTE: Koira/ : <B>Koira</B> chases its tail.
[05:31:35]EMOTE: kitten/ : <B>The kitten</B> mews.
[05:32:05]SAY: Ian/ : YAP
[05:32:14]EMOTE: cat/ : <B>The cat</B> meows.
[05:32:45]SAY: Ginger/ : Bark!
[05:33:19]EMOTE: Ginger/ : <B>Ginger</B> chases its tail..
[05:33:19]EMOTE: Tiger/ : <B>Tiger</B> shivers.
[05:33:25]EMOTE: Ginger/ : <B>Ginger</B> chases its tail.
[05:33:47]EMOTE: Dr. NibbleFluff/ : <B>Dr. NibbleFluff</B> mews.
[05:34:17]EMOTE: Koira/ : <B>Koira</B> chases its tail.
[05:34:19]SAY: fox/ : Ack-Ack
[05:34:36]SAY: kitten/ : Esp!
[05:35:06]EMOTE: Koira/ : <B>Koira</B> chases its tail.
[05:35:38]EMOTE: Koira/ : <B>Koira</B> chases its tail.
[05:35:58]EMOTE: Experiment 68a/ : <B>Experiment 68a</B> clicks.
[05:36:00]EMOTE: Ginger/ : <B>Ginger</B> chases its tail.
[05:36:30]EMOTE: Koira/ : <B>Koira</B> chases its tail.
[05:36:38]SAY: Milka/ : Meow!
[05:36:48]EMOTE: Runtime/ : <B>Runtime</B> mews.
[05:37:12]SAY: kitten/ : Meow!
[05:37:16]EMOTE: Experiment 97d/ : <B>Experiment 97d</B> shakes its head.
[05:37:48]SAY: Koira/ : Woof!
[05:38:16]EMOTE: Ginger/ : <B>Ginger</B> chases its tail.
[05:38:29]EMOTE: Koira/ : <B>Koira</B> chases its tail.
[05:38:44]EMOTE: Tiger/ : <B>Tiger</B> meows.
[05:39:14]SAY: Parrot/ : BAWWWWK george mellons griffing me
[05:39:22]EMOTE: Ian/ : <B>Ian</B> dances around
[05:39:26]EMOTE: Ian/ : <B>Ian</B> chases their tail
[05:39:39]SAY: kitten/ : Meow!
[05:39:43]EMOTE: cat/ : <B>The cat</B> mews.
[05:39:47]EMOTE: kitten/ : <B>The kitten</B> meows.
[05:40:34]EMOTE: Koira/ : <B>Koira</B> chases its tail.
[05:40:53]SAY: Experiment 97d/ : Eh?
[05:41:27]EMOTE: Koira/ : <B>Koira</B> yaps..
[05:41:29]SAY: Runtime/ : Purr!
[05:41:36]SAY: Dr. NibbleFluff/ : Meow!
[05:41:46]EMOTE: Koira/ : <B>Koira</B> chases its tail.
[05:42:59]SAY: kitten/ : Esp!
[05:43:01]ACCESS: Logout: Cassy_jenelle/(Camile Crafter)
