

Starting up. 18:24.38
---------------------
[18:24:53]ADMIN: Loading jobban_rank
[18:24:53]ADMIN: jobban_keylist was empty
[18:24:53]ADMIN: Loading Banlist
[18:24:56]DEBUG: Rebuilding Master Controller
[18:35:24]ACCESS: Login: Cassy_jenelle/(Cassy_jenelle) from 127.0.0.1-1964287214 || BYOND v506
[18:36:53]VOTE: Gamemode vote started by the server.
[18:36:53]DEBUG: The server has called a gamemode vote
[18:37:53]DEBUG: The server has called a gamemode vote
[18:37:53]VOTE: <b>Vote Result: Inconclusive - No Votes!</b>
[18:39:19]EMOTE: bear/ : <B>The bear</B> stares alertly at the samak
[18:39:19]EMOTE: bear/ : <B>The bear</B> stares angrily at the samak
[18:39:19]EMOTE: bear/ : <B>The bear</B> stares alertly at the diyaab
[18:39:19]EMOTE: bear/ : <B>The bear</B> stares angrily at the diyaab
[18:39:19]EMOTE: bear/ : <B>The bear</B> stares alertly at the shantak
[18:39:19]EMOTE: bear/ : <B>The bear</B> stares angrily at the shantak
[18:39:21]DEBUG: Next event of severity Mundane in 17.242 minutes.
[18:39:21]DEBUG: Next event of severity Moderate in 53.846 minutes.
[18:39:21]DEBUG: Next event of severity Major in 96.9117 minutes.
[18:39:22]EMOTE: samak/ : <B>The samak</B> shakes its mane.
[18:39:25]SAY: shantak/ : Shrunnph?
[18:39:27]SAY: mouse (272)/ : SQUEEK!
[18:39:27]EMOTE: bear/ : <B>The bear</B> stares angrily at the samak
[18:39:27]EMOTE: bear/ : <B>The bear</B> prepares to attack the diyaab
[18:39:27]EMOTE: bear/ : <B>The bear</B> growls at the shantak
[18:39:33]EMOTE: bear/ : <B>The bear</B> stares angrily at the samak
[18:39:33]EMOTE: bear/ : <B>The bear</B> prepares to attack the diyaab
[18:39:37]EMOTE: bear/ : <B>The bear</B> slashes at the diyaab
[18:39:40]EMOTE: Tom (705)/ : <B>Tom (705)</B> squiks.
[18:39:48]EMOTE: samak/ : <B>The samak</B> shakes its mane.
[18:39:57]EMOTE: Parrot/ : <B>The Parrot</B> turns and flies towards the deck of cards
[18:39:57]SAY: shantak/ : Shunpf
[18:40:04]SAY: diyaab/ : Worrl
[18:40:06]EMOTE: diyaab/ : <B>The diyaab</B> looks around.
[18:40:06]EMOTE: samak/ : <B>The samak</B> shakes its mane.
[18:40:16]SAY: samak/ : Hrunnph
[18:40:19]EMOTE: samak/ : <B>The samak</B> shakes its mane.
[18:40:25]EMOTE: samak/ : <B>The samak</B> snuffles.
[18:40:25]EMOTE: samak/ : <B>The samak</B> stomps.
[18:40:27]EMOTE: samak/ : <B>The samak</B> paws the ground.
[18:40:32]EMOTE: crab/ : <B>The crab</B> clicks.
[18:40:34]EMOTE: shantak/ : <B>The shantak</B> tinkles gently.
[18:40:40]SAY: samak/ : Hrunnph
[18:40:42]EMOTE: kitten/ : <B>The kitten</B> meows.
[18:40:44]SAY: shantak/ : Shuhn
[18:40:51]SAY: Experiment 97d/ : Eh?
[18:40:57]ACCESS: Logout: *no key*/(Cassy_jenelle)
[18:40:57]ACCESS: Login: Cassy_jenelle/(Camile Crafter) from 127.0.0.1-1964287214 || BYOND v506
[18:41:02]EMOTE: diyaab/ : <B>The diyaab</B> looks around.
[18:41:02]EMOTE: samak/ : <B>The samak</B> paws the ground.
[18:41:09]EMOTE: samak/ : <B>The samak</B> stomps.
[18:41:11]EMOTE: samak/ : <B>The samak</B> paws the ground.
[18:41:14]EMOTE: samak/ : <B>The samak</B> snuffles.
[18:41:19]EMOTE: shantak/ : <B>The shantak</B> tinkles gently.
[18:41:21]SAY: shantak/ : Shunpf
[18:41:34]EMOTE: shantak/ : <B>The shantak</B> tinkles gently.
[18:41:34]EMOTE: shantak/ : <B>The shantak</B> shakes out it's mane.
[18:41:40]EMOTE: Ian/ : <B>Ian</B> chases their tail
[18:41:40]EMOTE: samak/ : <B>The samak</B> stomps.
[18:41:44]SAY: samak/ : Hrunnph
[18:41:45]ADMIN: Cassy_jenelle/(Camile Crafter) jumped to the Elite Mercenary Squad
[18:41:48]EMOTE: shantak/ : <B>The shantak</B> shakes out it's mane.
[18:41:50]EMOTE: Coffee/ : <B>Coffee</B> clacks.
[18:41:50]SAY: Tiger/ : Esp!
[18:41:50]EMOTE: samak/ : <B>The samak</B> shakes its mane.
[18:41:56]EMOTE: samak/ : <B>The samak</B> shakes its mane.
[18:42:01]ADMIN: Cassy_jenelle/(Camile Crafter) initiated an immediate reboot.
[18:42:01]ACCESS: Logout: Cassy_jenelle/(Camile Crafter)


Starting up. 18:44.14
---------------------
[18:44:34]ADMIN: Loading jobban_rank
[18:44:34]ADMIN: jobban_keylist was empty
[18:44:34]ADMIN: Loading Banlist
[18:44:37]DEBUG: Rebuilding Master Controller
