

Starting up. 07:16.27
---------------------
[07:16:40]ADMIN: Loading jobban_rank
[07:16:40]ADMIN: jobban_keylist was empty
[07:16:40]ADMIN: Loading Banlist
[07:16:42]DEBUG: Rebuilding Master Controller
[07:18:28]ACCESS: Login: Cassy_jenelle/(Cassy_jenelle) from 127.0.0.1-1964287214 || BYOND v506
[07:19:37]VOTE: Gamemode vote started by the server.
[07:19:37]DEBUG: The server has called a gamemode vote
[07:20:37]DEBUG: The server has called a gamemode vote
[07:20:37]VOTE: <b>Vote Result: Inconclusive - No Votes!</b>
[07:21:24]ADMIN: Cassy_jenelle has started the game.
[07:21:25]ACCESS: Logout: *no key*/(Cassy_jenelle)
[07:21:25]ACCESS: Login: Cassy_jenelle/(Camile Crafter) from 127.0.0.1-1964287214 || BYOND v506
[07:21:30]EMOTE: diyaab/ : <B>The diyaab</B> snuffles.
[07:21:30]EMOTE: bear/ : <B>The bear</B> stares alertly at the samak
[07:21:30]EMOTE: bear/ : <B>The bear</B> stares angrily at the samak
[07:21:30]EMOTE: bear/ : <B>The bear</B> stares alertly at the diyaab
[07:21:30]EMOTE: bear/ : <B>The bear</B> closely watches the diyaab
[07:21:30]EMOTE: bear/ : <B>The bear</B> stares alertly at the shantak
[07:21:30]EMOTE: bear/ : <B>The bear</B> growls at the shantak
[07:21:32]DEBUG: Next event of severity Mundane in 15.656 minutes.
[07:21:32]DEBUG: Next event of severity Moderate in 39.32 minutes.
[07:21:32]DEBUG: Next event of severity Major in 98.0767 minutes.
[07:21:33]SAY: kitten/ : Esp!
[07:21:33]SAY: samak/ : Hrunnph
[07:21:35]EMOTE: crab/ : <B>The crab</B> clacks.
[07:21:36]ACCESS: Logout: Cassy_jenelle/(Camile Crafter)


Starting up. 07:29.10
---------------------
[07:29:22]ADMIN: Loading jobban_rank
[07:29:22]ADMIN: jobban_keylist was empty
[07:29:22]ADMIN: Loading Banlist
[07:29:24]DEBUG: Rebuilding Master Controller
[07:30:21]ACCESS: Login: Cassy_jenelle/(Cassy_jenelle) from 127.0.0.1-1964287214 || BYOND v506
[07:30:44]ADMIN: Cassy_jenelle has started the game.
[07:30:44]ACCESS: Logout: *no key*/(Cassy_jenelle)
[07:30:44]ACCESS: Login: Cassy_jenelle/(Camile Crafter) from 127.0.0.1-1964287214 || BYOND v506
[07:30:50]EMOTE: Ian/ : <B>Ian</B> chases their tail
[07:30:52]DEBUG: Next event of severity Mundane in 14.27 minutes.
[07:30:52]DEBUG: Next event of severity Moderate in 40.254 minutes.
[07:30:52]DEBUG: Next event of severity Major in 88.5183 minutes.
[07:31:03]EMOTE: Parrot/ : <B>The Parrot</B> turns and flies towards the deck of cards
[07:31:07]SAY: Camile Crafter/Cassy_jenelle : Test.
[07:31:10]ACCESS: Logout: *no key*/(Camile Crafter)
[07:31:10]ACCESS: Login: Cassy_jenelle/(Camile Crafter) from 127.0.0.1-1964287214 || BYOND v506
[07:31:22]ADMIN: Cassy_jenelle/(Camile Crafter) spawned /mob/living/carbon/human/skrell at (103,161,9)
[07:31:30]EMOTE: mouse (732)/ : <B>The mouse (732)</B> runs in a circle.
[07:31:32]ADMIN: Cassy_jenelle/(Camile Crafter) assumed direct control of the unknown.
[07:31:32]ACCESS: Logout: *no key*/(Camile Crafter)
[07:31:32]ACCESS: Login: cassyjenelle/(unknown) from 127.0.0.1-1964287214 || BYOND v506
[07:31:39]EMOTE: Experiment 97d/ : <B>Experiment 97d</B> glares around.
[07:31:58]SAY: Camile Crafter/@Cassy_jenelle : Hey babe.
[07:31:58]ADMIN: cassyjenelle/(unknown) forced @Cassy_jenelle/(Camile Crafter) to say: :8 Hey babe.
[07:32:11]SAY: Camile Crafter/@Cassy_jenelle : I get lonely. I admit.
[07:32:11]ADMIN: cassyjenelle/(unknown) forced @Cassy_jenelle/(Camile Crafter) to say: :8 I get lonely. I admit.
[07:32:20]EMOTE: mouse (512)/ : <B>The mouse (512)</B> runs in a circle.
[07:32:20]EMOTE: kitten/ : <B>The kitten</B> shivers.
[07:32:20]SAY: Camile Crafter/@Cassy_jenelle : Don&#39;t look at me like that!
[07:32:20]ADMIN: cassyjenelle/(unknown) forced @Cassy_jenelle/(Camile Crafter) to say: :8 Don&#39;t look at me like that!
[07:32:30]SAY: Camile Crafter/@Cassy_jenelle : Oh my... how weird?
[07:32:30]ADMIN: cassyjenelle/(unknown) forced @Cassy_jenelle/(Camile Crafter) to say: Oh my... how weird?
[07:32:41]SAY: Camile Crafter/@Cassy_jenelle : Oh my... how weird?
[07:32:41]ADMIN: cassyjenelle/(unknown) forced @Cassy_jenelle/(Camile Crafter) to say: :8 Oh my... how weird?
[07:32:43]EMOTE: Coffee/ : <B>Coffee</B> clicks.
[07:32:47]EMOTE: Wittley/ : <B>Wittley</B> mews.
[07:32:57]EMOTE: Ian/ : <B>Ian</B> woofs.
[07:33:02]ADMIN: cassyjenelle/(unknown) assumed direct control of Camile Crafter.
[07:33:02]ACCESS: Logout: *no key*/(unknown)
[07:33:02]ACCESS: Login: cassyjenelle/(Camile Crafter) from 127.0.0.1-1964287214 || BYOND v506
[07:33:04]SAY: Dr. NibbleFluff/ : Esp!
[07:33:16]EMOTE: Ian/ : <B>Ian</B> pants.
[07:33:20]EMOTE: Tiger/ : <B>Tiger</B> mews.
[07:33:26]EMOTE: kitten/ : <B>The kitten</B> shivers.
[07:33:51]EMOTE: Ian/ : <B>Ian</B> chases their tail
[07:34:18]ACCESS: Logout: *no key*/(Camile Crafter)
[07:34:18]ACCESS: Login: cassyjenelle/(Camile Crafter) from 127.0.0.1-1964287214 || BYOND v506
[07:34:25]ACCESS: Logout: *no key*/(Camile Crafter)
[07:34:25]ACCESS: Login: cassyjenelle/(Camile Crafter) from 127.0.0.1-1964287214 || BYOND v506
[07:34:31]SAY: mouse (769)/ : Squeek?
[07:34:32]ADMIN: cassyjenelle/(Camile Crafter) jumped to *no key*/(Tiger)
[07:34:35]EMOTE: kitten/ : <B>The kitten</B> mews.
[07:34:35]SAY: Dr. NibbleFluff/ : Purr!
[07:34:42]EMOTE: kitten/ : <B>The kitten</B> mews.
[07:35:04]EMOTE: Coffee/ : <B>Coffee</B> clacks.
[07:35:10]EMOTE: Ian/ : <B>Ian</B> chases their tail
[07:35:43]SAY: cat/ : HSSSSS
[07:35:45]EMOTE: Dr. NibbleFluff/ : <B>Dr. NibbleFluff</B> nibbles on something.
[07:35:55]EMOTE: crab/ : <B>The crab</B> clicks.
[07:35:57]SAY: mouse (769)/ : Squeek?
[07:36:01]EMOTE: Ian/ : <B>Ian</B> dances around
[07:36:03]EMOTE: Dr. NibbleFluff/ : <B>Dr. NibbleFluff</B> nibbles on something.
[07:36:24]SAY: mouse (642)/ : Squeek?
[07:36:28]EMOTE: mouse (769)/ : <B>The mouse (769)</B> squeeks.
[07:36:56]EMOTE: Parrot/ : <B>The Parrot</B> squawks.
[07:37:06]EMOTE: Dr. NibbleFluff/ : <B>Dr. NibbleFluff</B> meows.
[07:37:48]EMOTE: Dr. NibbleFluff/ : <B>Dr. NibbleFluff</B> meows.
[07:38:33]EMOTE: Tiger/ : <B>Tiger</B> shakes their head.
[07:38:43]EMOTE: Ian/ : <B>Ian</B> dances around
[07:38:58]EMOTE: Experiment 68a/ : <B>Experiment 68a</B> clicks.
[07:40:00]EMOTE: Experiment 68a/ : <B>Experiment 68a</B> clicks.
[07:41:56]EMOTE: Wittley/ : <B>Wittley</B> meows.
[07:42:14]EMOTE: Experiment 97d/ : <B>Experiment 97d</B> shakes its head.
[07:42:16]EMOTE: Experiment 68a/ : <B>Experiment 68a</B> clacks.
[07:42:22]ADMIN: cassyjenelle/(Camile Crafter) jumped to 142,139,7 in the Residential Area
[07:42:27]ADMIN: cassyjenelle/(Camile Crafter) jumped to the Residential Area
[07:42:34]ACCESS: Logout: *no key*/(Camile Crafter)
[07:42:34]ACCESS: Login: cassyjenelle/(Camile Crafter) from 127.0.0.1-1964287214 || BYOND v506
[07:42:37]SAY: kitten/ : Meow!
[07:42:39]SAY: Parrot/ : BAWWWWK george mellons griffing me
[07:42:43]EMOTE: Tiger/ : <B>Tiger</B> mews.
[07:42:47]EMOTE: Parrot/ : <B>The Parrot</B> flutters its wings.
[07:43:15]SAY: kitten/ : Meow!
[07:43:31]SAY: Wittley/ : Purr!
[07:43:36]ADMIN: cassyjenelle/(Camile Crafter) teleported @Cassy_jenelle/(Camile Crafter)
[07:43:38]ACCESS: Logout: *no key*/(Camile Crafter)
[07:43:38]ACCESS: Login: cassyjenelle/(Camile Crafter) from 127.0.0.1-1964287214 || BYOND v506
[07:44:26]EMOTE: kitten/ : <B>The kitten</B> mews.
[07:44:32]SAY: cat/ : HSSSSS
[07:44:32]EMOTE: Wittley/ : <B>Wittley</B> shakes their head.
[07:45:11]EMOTE: Parrot/ : <B>The Parrot</B> squawks.
[07:45:19]SAY: Parrot/ : Hello!
[07:45:29]EMOTE: Ian/ : <B>Ian</B> dances around
[07:45:55]EMOTE: cat/ : <B>The cat</B> meows.
[07:46:20]SAY: Dr. NibbleFluff/ : Purr!
[07:46:52]EMOTE: Parrot/ : <B>The Parrot</B> squawks.
[07:46:54]EMOTE: kitten/ : <B>The kitten</B> shivers.
[07:47:00]EMOTE: kitten/ : <B>The kitten</B> mews.
[07:47:12]EMOTE: kitten/ : <B>The kitten</B> meows.
[07:47:38]SAY: Runtime/ : Esp!
[07:48:09]EMOTE: Ian/ : <B>Ian</B> chases their tail
[07:48:35]EMOTE: cat/ : <B>The cat</B> shakes their head.
[07:48:37]EMOTE: crab/ : <B>The crab</B> clicks.
[07:49:15]SAY: Dr. NibbleFluff/ : Esp!
[07:49:43]EMOTE: Wittley/ : <B>Wittley</B> meows.
[07:50:07]SAY: kitten/ : HSSSSS
[07:50:14]SAY: cat/ : Purr!
[07:50:18]SAY: Ian/ : YAP
[07:50:32]EMOTE: Experiment 68a/ : <B>Experiment 68a</B> clacks.
[07:50:37]EMOTE: kitten/ : <B>The kitten</B> shakes their head.
[07:50:43]EMOTE: Ian/ : <B>Ian</B> chases their tail
[07:51:31]EMOTE: Ian/ : <B>Ian</B> chases their tail
[07:51:35]EMOTE: Experiment 68a/ : <B>Experiment 68a</B> clacks.
[07:51:41]SAY: kitten/ : Meow!
[07:51:58]SAY: Dr. NibbleFluff/ : Meow!
[07:52:02]EMOTE: Experiment 68a/ : <B>Experiment 68a</B> clacks.
[07:52:24]EMOTE: kitten/ : <B>The kitten</B> meows.
[07:52:57]EMOTE: Dr. NibbleFluff/ : <B>Dr. NibbleFluff</B> meows.
[07:55:17]EMOTE: Experiment 68a/ : <B>Experiment 68a</B> clacks.
[07:55:51]SAY: Wittley/ : HSSSSS
[07:55:57]EMOTE: cat/ : <B>The cat</B> mews.
[07:56:08]EMOTE: cat/ : <B>The cat</B> shivers.
[07:56:14]EMOTE: Experiment 68a/ : <B>Experiment 68a</B> clicks.
[07:56:22]EMOTE: kitten/ : <B>The kitten</B> mews.
[07:56:45]SAY: kitten/ : HSSSSS
[07:56:49]EMOTE: crab/ : <B>The crab</B> clacks.
[07:56:55]EMOTE: Wittley/ : <B>Wittley</B> meows.
[07:57:51]SAY: Tiger/ : Purr!
[07:58:14]ACCESS: Logout: cassyjenelle/(Camile Crafter)
